NG-PocketMine-MP Crash Dump Sun Oct 26 09:56:05 PDT 2025

NG-PocketMine-MP version: 5.36.1+dev [Protocol 844]
Git commit: 6f9669d96cfa6befa22a4ebeae5ed99716adea09
PHP version: 8.4.13
OS: WINNT, win

THIS CRASH WAS CAUSED BY A PLUGIN
BAD PLUGIN: Spectrum

Thread: Main
Error: Declaration of cooldogedev\Spectrum\client\packet\DisconnectPacket::decodePayload(pocketmine\network\mcpe\protocol\serializer\PacketSerializer $in): void must be compatible with pocketmine\network\mcpe\protocol\DataPacket::decodePayload(pmmp\encoding\ByteBufferReader $in, int $protocolId): void
File: plugins/MyPlugin.phar/src/client/packet/DisconnectPacket
Line: 44
Type: E_COMPILE_ERROR
Backtrace:

Code:
[35] final class DisconnectPacket extends ProxyPacket
[36] {
[37]     public const NETWORK_ID = ProxyPacketIds::DISCONNECT;
[38] 
[39]     public static function create(): DisconnectPacket
[40]     {
[41]         return new DisconnectPacket();
[42]     }
[43] 
[44]     protected function decodePayload(PacketSerializer $in): void {}
[45]     protected function encodePayload(PacketSerializer $out): void {}
[46] }

Loaded plugins:
AdvancedBans 1.2.2 by iRxDuZ for API(s) 5.0.0
AltsFinder 1.0.0 by  for API(s) 5.0.0
BuilderTools 2.0.0-beta1 by CzechPMDevs, VixikHD, dadodasyra for API(s) 5.0.0
DEVirion 1.3.0 by poggit, SOFe for API(s) 5.0.0
DevTools 1.17.1 by PocketMine Team for API(s) 5.0.0
GlazeCosmetics 1.0.0 by GlazeNet for API(s) 5.0.0
MultiWorld 2.1.1 by CzechPMDevs, VixikCZ, fuyutsuki, kaliiks for API(s) 5.3.0
Spectrum 0.0.19 by cooldogedev for API(s) 5.0.0
StaffMode 2.0.1 by ysnl for API(s) 5.0.0

uname -a: Windows NT DESKTOP-V0P6FOJ 10.0 build 26100 (Windows 11) AMD64
Zend version: 4.4.13
Composer libraries: 
- cooldogedev/spectral-php dev-main@847ee7f8be58a14bc296f0ae9edd820c473ecd2e
- cooldogedev/spectrum 0.0.19@unknown
- symfony/filesystem 7.4.x-dev@633c6fdfb2eac90041c2de30ad1ccff95a671f66
- symfony/polyfill-ctype 1.x-dev@a3cc8b044a6ea513310cbd48ef7333b384945638
- symfony/polyfill-mbstring 1.x-dev@6d857f4d76bd4b343eac26d6b539585d2bc56493
- adhocore/json-comment 1.2.1@651023f9fe52e9efa2198cbaf6e481d1968e2377
- brick/math 0.13.1@fc7ed316430118cc7836bf45faff18d5dfc8de04
- daverandom/callback-validator unknown@unknown
- nethergamesmc/bedrock-data dev-master@36546eca1b88e1a450dfa474e688f5cf2fcf71a2
- nethergamesmc/bedrock-protocol dev-master@2c822a8632776cacd359a44cbf61dd6885163c68
- nethergamesmc/pocketmine-mp dev-stable@6f9669d96cfa6befa22a4ebeae5ed99716adea09
- netresearch/jsonmapper v5.0.0@8c64d8d444a5d764c641ebe97e0e3bc72b25bf6c
- pocketmine/bedrock-block-upgrade-schema 5.2.0@5d7889c9a1cdf9e3cd814d2a104ad69b75116ec7
- pocketmine/bedrock-item-upgrade-schema 1.16.0@8c48ceaa72d390e89c4dbff9542aa4dfa734057d
- pocketmine/binaryutils 0.2.6@ccfc1899b859d45814ea3592e20ebec4cb731c84
- pocketmine/callback-validator 1.0.3@64787469766bcaa7e5885242e85c23c25e8c55a2
- pocketmine/color 0.3.1@a0421f1e9e0b0c619300fb92d593283378f6a5e1
- pocketmine/errorhandler 0.7.0@cae94884368a74ece5294b9ff7fef18732dcd921
- pocketmine/log 0.4.0@e6c912c0f9055c81d23108ec2d179b96f404c043
- pocketmine/math 1.0.0@dc132d93595b32e9f210d78b3c8d43c662a5edbf
- pocketmine/nbt 1.2.0@51b8d6a97065fb93e0b4f660b65164b6e1ed2fff
- pocketmine/pocketmine-mp unknown@unknown
- pocketmine/raklib 1.2.0@a28d05216d34dbd00e8aed827a58df6b4c11510b
- pocketmine/raklib-ipc 1.0.1@ce632ef2c6743e71eddb5dc329c49af6555f90bc
- pocketmine/snooze 0.5.0@a86d9ee60ce44755d166d3c7ba4b8b8be8360915
- ramsey/collection 2.1.1@344572933ad0181accbf4ba763e85a0306a8c5e2
- ramsey/uuid 4.9.1@81f941f6f729b1e3ceea61d9d014f8b6c6800440
- rhumsaa/uuid unknown@unknown

----------------------REPORT THE DATA BELOW THIS LINE-----------------------

===BEGIN CRASH DUMP===
eNrNW3lz20aW/yo9sqti7YoULoLHlLbsSPJEO7alteQ4O2HKaQANEhGu4JBEp/Ld9/deN0CQUpyZ
Gv+xTlUENLpfv/vq5m8HcVFlsvl0p6o6KfKDhXd00CSZOljYU9/25tOpPxlPptbcOTpoS/1lOp45
jj/1LNe3HN+y7KODVNbNeVUV1cHix5+ODpR+/O2g2ZRYcHD+6fTy7dXFm/NP5+/fX74/ODrIVF3L
FX07U2EqK9lgd1HEIiyKNCpWKlJ3y+V1qcKmarPlMkwTlTfLZSnDW4W/Z0kdFnmOz1c8slhEKiwi
dSU3aSGjF2VBo1mSq+UyV819Ud0ul1lY4rWsiqYIi3S5rFWVyDT5rKrlUoO57kfE8yQ/XIi7IolE
1taNCBRwy0ogGqRK3CfNWvxTm5zJRv4BjllWLpcqx1iSr5bLbzeN+raNY1W9VzLSKByJJG/E8w7c
RWRwAgvjJCX+lWm7SvL6+O3mip/G5VpWx3UVHmueHWuWHe9zDBBSYA6Jk8jXFbYEtLcyyQ9+3x84
Mrt8SvK7Ir1TGeDiW5RUANd/xUgnMIwRpaQC7gTjcZLLVEDQdS32ERHqoVF5VIurqnjY9Mi5Ptb9
Rg9TPAj8K9sgTUJIIYc43p3ffLx8//dPF2fiZLjyIqoXi7OL69PLd+/OT2/+SgBmAEB/57uA6gbC
DEXc5iFrXwiSG/UCHH6CV55lFhNKnm1e6F+lmrbKRa7uH617cUj7e46Z/Tu9uBoZz+uQgWixQEVb
RHbV5Eua+RuDnPwxKNauL4Aq2mYXFnH9d9aASoZKm7NRMZLmq+hO5qGKvpX6PZfkEXaHjw56b3Jg
j52xgxHZNuuiwpIfD5L3D2ftPw4AV5YJDUzG1tiid5VL2Ba0Diqkjg4iVZJeaBzqIm7OhgOZZI2r
HqL283IZyHy5NLpKpOLL1eU1qcibMwzdq6BOGsKUSHuVNvXrJIeJDUnYDu4SQMgNCfhKiNclrGG9
XErsG/O+y+UODn9KxrdtkmLqDTzmUBY7w0NSHEJ3FKhG2rsSOf2swvXV2zN1Rwu+Tx6S2+9ou0hG
RSTrTSW/lrRC2qnM4NxryEwj2hCi8H67aH+R+nXTlPXi+HgFL9wGY/jl4wENxzugwKiz8++TinnQ
M6kf2pW1uyfrg7JYYROMXV++Vl+LCxrocnnHKCyXYId5GqBlGHB98+r9zYerR8IHofuC74d2abKn
4z15X3HcegvvL26UzL4WWd3+IGOLyRfIeEKKW8yOexgg9m+p/KxOizpTcNhDkvc+fNlw9ex3cOf/
FsEImwGMIv81BfTXSJ9eXV0cbLnQbbJc7iK3XA7x/BPpvm3TJvlYVGk0IHYwuGvW9vjPDfr0H5Qy
tJu2qdvbBM+3CAHJbb3DC/crWXZGmN4TpnDKQ6z/HaseAAKH+kxjy59B8rHlDsQ7tue77BnkmF/N
sT2dtg5Q+tcMYQDvuDZARmXGlDcyjt+a7KojvR/bd/h7mrGp8/Rr0Uywlss3hfyn4hUwL5HnwwLU
vhcavb3irJURoWSQ8GczPy0qWj0be2PbBcAgRLGyHo6EMgViWDscK7JPUdEgJd8ZNcXIdqCt0uF7
JJud7w8Pa0Ro1iGHXcnr1xfD76usHL6ayf17glTwbjjwS81S6d+zArFP66jNSVIZ7lK7kVnKYnTG
E7x+rptIz57w9ErmUZENF7xXcao48RuO1rksy42hgweY8/XOnEYSF6Ph2PXVm50pKFPane2a4lbl
lEcOBz/DPQ7f8fqQ7fKZkXYsy7Vth0wzC+qmQgk0nITqptkFnG3qX9OcMDRPov90dXY5nFlGxSee
sz+IoWRXxgXUuq53Jl4nWZmqH97uEL9HAl4rrtH2Bu+rZA/rz0mp02Bn7BMWqPn62so3enW13tPf
dZvftk2S1g5LzWXxJ6sAVVRFgnSx0CZwqbpTaRSYWQQrrDZlU5gBR/M/glpo3SYNII/QFZ2DOEnl
ZJLHxY6G7+jDqipDXjCZshpxURq0sUbIZcAoA5I0RWWfK9T01ATg+DQldY1uZXwrmW5r3Es02dEx
FpA7HEKJ2bJDW7VaP8laCOF/wO7F5VUow/VApHAzvyTNp4z9owUk16WhiihgtNKB43z3t9GOHyIf
I2u17YdQVPSZNE5XGWZSf6LQYXxlV5sfLGZUSlO6CBLjue/Po7kfxtIPVCwdR3oqUFJNVDSfT20f
2iMt0v7WoPIRiX9xX4t3N+Ls/PrvN5dXo++tK//15X8LGyISvL9wfNuyxItusm0fildvz3zvgEnd
0TzFxuL1BrAuPxVk9B8v3r27Id2nl3sumaizUdSq+gRtqWSVKPa+j4OQTEd6FwyNKAy8nHlTpabx
LFCTmbS9IHTmfmxJNVdRNHOs0Ju6KowcxZs8jml9hH4Jlc+Le0Km3mRxkW+OSSPrTd0omjUFGQ8j
LH3pu27ox1EcOEqGc8vy7NCJlGvJyA7DOJ5PpD+1Y98fQCqLdANo6aiLAbaBJd0wnAWW50lfyYnt
urYVBpE3U/HUdd3AnXlzb+K7s6dgDbxWB86PZpNp7EVTH0AC13OBoeNHfjBx55PZJHKCcOJ7c5KG
jNZQmkodU1QYgf+mp0IFs/3Sn9iW48bzWE0csBLqY89nYSBjX3kzO7Ln/kw57pTMKqiS8PbYhEVw
Enb4Mg6nKnJt33Mt256F4XTm+kHsTWJkCfYsmkRxOIuU5XHQg6pzIDlGKE0DGd6O7pAaRsZ6jVgG
4kFYXatqBaWts/A4UFEFAxphvuz1AjKrXrr+xPNVKO1gNlO29CZWFEtv6il/NosnYezEYTy1pfOH
ILeGNQTrhDPY0sx3nenUh/FH7mQuPS8MYt+OIsCe2D4UZPYI7LZbN8o6FUbYQ9rz8l+wVsCsVK1k
Fa5ZdBliK3v8O86lXs5C34tmkQeVmkAPPLzagDSfKku5QTh1AmcCVEMyyB6hnuQgpf+35arChqMa
ni2T7IMQKF4C3mw2D+fSDqN4rtwwmtle5Ejb8mTkz4PpxLbB8OnToOFXs8eQUTr4jLU3C5WUUydy
55bCLl4UkC15jpQe5DZ1PWsyjfZAczziQGVii/8SJhjas/k8mE3mkTcBhkpCQo5yLLAhhJymrh3O
vF1IT6oeRSb3pe9NZ1PPn099PwiBIfzMbOJ4jppNQscNnYmahZMJq9EQYJEyDIqC9ktpeY4d27Ak
K7BC3567lhUHcyeazF1n5rrTWezLibJ3YXAXew3bSJUGNQWnQrg2bzbzXH8mocshDHTuBfM4nsYK
tjV1nSiM5s4eqLRYMQQPEJQfzm0ntOK5NZmEsGYHXmem4MTs6TyA9/QsL7Q8dxeCMXCO1i+j0MY+
c/B1ErhwELFjW1COwIVZe1B+3wE1EOAuiDzoHAx0CVYZ+XI+tfwJOOGCMR58phXA8/he4CtbRU4c
70HYN6HHzmEwuZK3OhXUO0pnFlkTx/YjF7oVWdAyqRAipnIyi2I/8ELbhtcLngIySkzmAf/2MlSw
fRU7oT+Fg50C0SiYRKHrQGnn8JCTyQSsDfYsrM6L4rNOgSaEzcyP5kr5Vqg8bzqZRLYPxMJpIL1g
hv8UPKY1tyecZme12pBGbXNrrrlfup43mTpz15WRZc9sGcIJeYGc+i6UU1qu5UvopnK2QNo20TF5
juUzO557iFQxYAQ27FkpCR82BzAPAdWHE0N08yjXqdZtVkvZrd/nOxdXPa3jDSerzwT1Q6ldHier
1pywUEwVcVGJnaxnmT8TN2u4NVGrpkFMq4WslID3FEWuajzIRoQyzws+B0nyMG0jFeEBCyoEkDF8
Ndxgg8SBYF0XmaLDnOYxzFrG6kgU5JhrAikCJMO3YlO0lYElklggfUvihHdAkKRThnRDgN+p+x7c
MdJa2aZNLe6L/JtGkCOWlUCxW2TU2IdL2RCGzTqpNd33a5UL7QIBYLzMl3kHbLHMhXj2cc0RQzQF
dkF2CRBCB3nwAFGypjQ60p8ZVbhr1J8C/ExVw/yiXl6ohHYbNJIRZHA8VKNUUhK7UgsRy7RW9KFe
tw0SuXxkDsQWYnlwrWGHKTKyaHnAmL1K0+JepElN2ArTkBd3iRT/06pqQ3N+pYeR+bQQlJzy0nMu
7c0aAbwE5R10WACmELRgIwwrab7uBIz6zwNkn31E3gONAF9lFAnEQc1+YisYfisyJeu24uMhAaYH
ipAGc9SvrUyJbavkDnPh5FslXphNhWMdEnS9oxpVqkRhPALbVytVLfCZ937XZgG4Aq16VW/y8EbW
t4JO3KBHY57woaaDD+zWUUrT1lWRFy2kh+n1keCelDDVCezhiM/0QAgl+8ybexXQWNbm0CCaooFf
s3hBE7SsKh4SaJgCG0ASa27eI0e8NQhdxKSrNId08kgkzTdgX1PxskjRUQ2rzN5i8QI0tLAbh9nC
ZIwMpQsGta+rkpWjavOcxBlRTViULASuGeqxOFN35llkyWoNY65kvT4aGp9RHOJIVbVlo0c1w4gx
GXAzdLFwYZSctEbaICSfIbX10xiQjpDOFWA0tGs8UDRKw/SkTmeXeaaw20bb5N/SIoDyUBNK6HGY
QZY0ZNqZWslg04Dh4lpz2mLeJjWB5uU3JLT7hBnPCgWbvR9pQJ2O1UxgnABDOCQgnzOsuFKq21Lr
OITVkpWKVQE5FWSlpBS00YrRHDFqC2ERFdidPbCu9//fU0Dl3JfwX6P8/vfwr5uiZBSM9+xRMuBq
Ae9RyprcXocQ7dphhZrIM4ixD/jIRmHwq7/5ChiyWTBK5DBE2CL25Ig9Qj2osGXfW2iUtUFSrOpn
qwdE8KjeUqT91uXN+ULcfHdxLd5cvL24Ea+urt5cnF+Lq/P3go6wz98fCUwSN5eYdS4+fnf55lxc
vb88Pb++Hu97gB1+OBPfsONKVUnB8Zj8cE0EIsNnj8zc6H2tDd4jI4jYtfCUETyh0l6WQZ0WOeiE
f4Y2Eb1/pGxaye7XFFjBE/JAehpD1kDgebd+vDNu7HFJIYTCPC8YP55NumBa0hBbqULKBjRnCV0t
V722pwHqpcp6S6prGVrrw6dRMpS7hvKVrAJYxmib6LEDepq7bGqEjlklzCq47kzmLeceQ0yQl7XQ
wcOjLiTsK2Gnhjq6xjFgaXqzrQmOxaV2+VrhkTwUbRr1uCSIIfe52OJfa8Alow9CfcsytGK31+ws
HsVIVh0Noactroqsi7V6tZkxGqrmUMJEjZHkI90QT6jUjnZcd/kiiazCTqSGRpGjNit1cqUzOGE+
jOhDJ68zmmQWMO6MZkcB3hDlYezyCQYjZiPuYYc7KFldt6rWV31qteqSTXJatNsWq6NOkDpFMDnl
WGNDU/+QT5l8GHG3t+5wP5UljSZZmyHE0lUAAt7Q7QoSJMK03HSuc8tXshfDSraYxzqGXLs0GPGG
I0qCW8Rcr5fYWaE/7es038zKO/h6cmdCGpaZOKSME4cRN2d72s6ACqcqyB6Je8BO5xcair6oJPQa
TeGWOiwz/NT0dDvT5G2ySwxMqQowcL8M6kt6uMzNja6FCRHIzNZFqjPMQDbhmhNxRrmmW1rCBBn2
bbrwMV91aDH3xyjX1OHt2VBK3Sdyq9WmIeBHYmQPBMjC441HTYeMCQHstbdpLB8KUAYZacqplOE8
nxZj0KA1Ft8hFYQunXBuJ06vPhxhLXAIYF/3SQS151xBe88e/ojhL4TfZd3bhLxm7gxT6qjlINLb
GTXjgBB/hLXldOcKr4IKqzyEJQUtkiS5ge5HbbhjnIIOGLfxcLDLsETZFZQ2/MHUR5LqZJTKasWu
VZqK8bHQdrxlyr4MrkaRjHg1p1NrwnRYpBw9RgJKSAUrtAssThpOHJBwE8IakEHqSWKH0rct9uhU
5D2Ql6eMW6ZjQUL5cJVfdbXHth6m0oo2ukcaQQvbMi9H5n2v2HtrvFCdfFY914i0jmU1JQAmhUQV
o81lkGp4c0cvOhyLqz9hM+8YV3JFJIDVYEVdppzBUbWdAXlyfrIivT3li426fVChtlR1I97efGBM
a5BEZJMeUbuCVXu7na61xp3vzZp2RKsWjO2wXIY20kmauZVKfRLkhkjgOzIbvMVJOBYctdeSkiKR
ZOBNQ84S0uCbtXDbWqchvjtGek2cQBTiwISURXJ4MyahUyvMbYzNEiVKt0uM6zfF5dklJ41nF9ev
vkW+yPllm7P5UgBrKXLwoa5OmhIyTnN7MxqWX1s6t74vUkG7WnQ17H8Jm2pXk8Kv4b75uzAdi1r3
WBTfyyx0MmM8hE3ANNYa2um6KGruw3Slq+qaExzV6BBB1PKui554VCP9jQ8YBl0NIMbHbzqJNS2q
X4ok1/0R5tQ34oegeCBPWImLM/Hihw8XZ4eQO9wgcMD8e4iNBJOwQXNJW0WGPzodgzUUW9nlML8f
vn3TwTfl7mDkG96MDvQ4kWLxmtSMaSu6hplJKx6A34iuZ5wUcczb4lsSb0YPbRJtBcL8HO32qm64
2aRNTV/i1jzgyGfsqq1N00tfbWWLN2tGes1CmCNk2kaHVBMuzC6UE8h81ddsOS1L91OTo27WXaLu
R33C8lR/UDP3VVa05D1iHfuNMwHLOtZSrkPZNneGIH56Rrjjxe85dRksZsJzpTsRgdLAAhWT7del
vM+7GKShs2rRcJ8EWVvyaaOe/Ec7yQp4IxJ0Gov9Oizpbw/Q3utZ8cEOmUqdREqYPaghKqEzdRsM
CVlRXoAZKtLZAL/00ZqbZ0a+MgxVqrj40RrKu6bJLbag0p+dSSrBjFVV3Ddr7YqwhRRrDW3gp2DA
daOzDEZ2RGzvUBttZaADzsVZPaCLPC0JT0MT+kCxJ9M00brMTR9yDfkMeCOgiMq/f0tC1T9TgbMV
0LZ7t+ji1FjIfX0yTuleJly1I0joSB1QF6ps084czAsFVp5jwoHr0IZc7hHpvBNFUvJISH1MIUUj
pl+5MCkdtVe5iaCHdUYE7Q/JweerreeNts6MLG5E97T3hnqD3x02VxoGsRp2PtKXyPqZawhzoVEZ
06WTcVIwxnBhm4yKYL79XtN1xC3qFH7Md7H9ziSw+5KrVaVWpnNq2qy6nUS3xW/36WP84EMuzy4X
4MfIOHsd98kt3StdaUm+PU871oz4lgAeGw/ONhB/e863JV3Z0sJ5xFQIVH83GoYMh87ZOUYN4sgp
HUGoYcsSCVtariVsRZHHroQ+JB7rHrWKVYXcdET+Lqcgp792MUlHBLnTAjV3SQZBtEWtgZyFfWbn
mgxAlrL+3u3xSKqarqFYmyTbRgYTZQkozSetp0BAUiT3TBtyb9cs6vr44+0G5stwh45zj3rPIeeu
1AuWpEB0JDHIBriiNoYfgbO5rm0E3cOIul6amdun3MkKUaYLw8hl45YPD8j2CFngHlImmgtKtjnl
6YMqt5mHMCnnIy+q66EXarwaM5F40YuOxBlpF/6qJhwfDlKjJC/bZqgqf5S9mNCo9Vfb/aBT2GHS
JI3Roq4nuDaD2ttXPf0dvwQZW6UpTOIeEJ1tt5U+TiPH2zXKdBACPOOou+wBGSbVWFp0Oq2pTVnP
5bjOGEmWEURUoSC+4yMtPMmyk6wwUDQBz14JUnQgw8OciVOBQceFtJSzbp219ppBxxoGyGEHRb9S
TgLbjgRLj7lAZUVFoRIas48C/T4GdQTmB5v+KGz/SBPGVqs0HpueEiUyhjKZa0C6FZewffz4E0pf
CpvI9l6Ap0pHYjL35EFtd+Y5y8FZ64J62ssDjTQxrDtik6jw9M6BMjtHh1oEtGSBLTvUTjsOdQI1
0490M1Cnjx37xf9CVsRuuGbeMjZ22HNJu6CEQk+LGS86Ig71bpScHnG6QDpFMqOpHYGEAvGeLjKi
BhmzkjIcWkfW1Na6u1kXmdK2/JgpBhVaAt4Uld55aX5IRMO7U7Q6yIDiqPhxj7s/DURIx45b+dFx
qDExBvaiPtRySxrWRqPyVLNglnHD2MA8/aS/wqsYiXC5gXVHYn9fqpxuSXV2dFrn8KhoW/LzQIjc
7HNu2tApBqOG3AVIdnOOxHOHHbE+BaHuNLkdjScdjsoIdAOVogSgn7C5+LkfBtnq4Wcx+i/xMz7z
C6+7hSIQ9m0SwmKAvNxAHBfUo9MZMU0AuOWBBsivW1hm3c/iP/H85FKauzz4uUdSp3fYkl6I4OdO
tyud/JMPoIL4F/rZJGoqhVmUMj93/tKhsIXCwOHxkMDlkUaIoe4O96h9Cb6Z/RdGtRddJklwnYyo
O8/3izbiBWydtWWgQUhZkrQ2pzqb3iCRv92BRdGhEfFzGBAFkufPURo/f+5o+dFOQ/l1AuzHnxDg
0eDzz1qf8mKA7ongW0gDeoxmoQ5ZQfco1V7xXYuBGpaU5IuReLHelEizDoWMG9OloR+XPWh0m5LN
CMg2pGwjjawZpcaimFr0RyOMOTtDOovjw7p6gK/dnQ2ZJqbZWntZQgCAfu64PaDKlI90ePlgLjns
eH19BE2iBKioGHgf5EeqI2hrBWy8uhTuy+XhVZTdIMMHOd2VZR0WnqhchcaGIyb1IvkAgH6UUqbK
lN2mFyfpBrnel8f1IyBSgupZnn7td1yI129e3ehBavMpOtv7q7m4dzSZP8Ad5erIfYiSqjniOumv
preiL3sMj020YIjbCP/mVFO2Jh9MkVCEG7rT0oZNW3UVUdcrrvprIpzuk4BTGfI1nLrj06i7YgJ7
0420Z685z+eteP4OEO5EmZFPg5ERd3QGrZZCd9tY/rVps4e31Jis+19eJ2nSbLSZ9HoCVBpIhasS
nZ5oKhn+CEj2hRLd4t0XKl2UutqK+JRvS/F1oWX+7CNIP1OhsG1hzxe2v3BscXV9Ixw+iM6KJjr5
XvHvx3MNeES534k9t10X6rdOGjWiIHViUeWVo0QN+36WDNeJ0j+lrk8KuorEHQnzG17QQouoR2k6
IicTAkLaN4pTusNBLaNulcyTDDQOh7Ii0HCp5U7X4QmevofUj/B0OlGmiyf6rbwreVWUUHsT2r05
QSncq2pfk550XSmK4Cf6t159n0pF/WdK9E/Ozl+/+vAGGm4ya76qdKLzUzNUIRZqDOhpTI4FQKOT
/+B/puCjAM3Y7bSZTibLfNBIy3thJOUJXS7Hf8uctxz34nF2JHbndzLrUv8SQwSpu7J1oqi2Pfj9
/wA3FvqB
===END CRASH DUMP===
