NG-PocketMine-MP Crash Dump Sun Oct 26 09:52:05 PDT 2025

NG-PocketMine-MP version: 5.36.1+dev [Protocol 844]
Git commit: 6f9669d96cfa6befa22a4ebeae5ed99716adea09
PHP version: 8.4.13
OS: WINNT, win

THIS CRASH WAS CAUSED BY A PLUGIN
BAD PLUGIN: Spectrum

Thread: Main
Error: Declaration of cooldogedev\Spectrum\client\packet\FlushPacket::decodePayload(pocketmine\network\mcpe\protocol\serializer\PacketSerializer $in): void must be compatible with pocketmine\network\mcpe\protocol\DataPacket::decodePayload(pmmp\encoding\ByteBufferReader $in, int $protocolId): void
File: plugins/MyPlugin.phar/src/client/packet/FlushPacket
Line: 44
Type: E_COMPILE_ERROR
Backtrace:

Code:
[35] final class FlushPacket extends ProxyPacket
[36] {
[37]     public const NETWORK_ID = ProxyPacketIds::FLUSH;
[38] 
[39]     public static function create(): FlushPacket
[40]     {
[41]         return new FlushPacket();
[42]     }
[43] 
[44]     protected function decodePayload(PacketSerializer $in): void {}
[45] 
[46]     protected function encodePayload(PacketSerializer $out): void {}
[47] }

Loaded plugins:
AdvancedBans 1.2.2 by iRxDuZ for API(s) 5.0.0
AltsFinder 1.0.0 by  for API(s) 5.0.0
BuilderTools 2.0.0-beta1 by CzechPMDevs, VixikHD, dadodasyra for API(s) 5.0.0
DEVirion 1.3.0 by poggit, SOFe for API(s) 5.0.0
DevTools 1.17.1 by PocketMine Team for API(s) 5.0.0
GlazeCosmetics 1.0.0 by GlazeNet for API(s) 5.0.0
MultiWorld 2.1.1 by CzechPMDevs, VixikCZ, fuyutsuki, kaliiks for API(s) 5.3.0
Spectrum 0.0.19 by cooldogedev for API(s) 5.0.0
StaffMode 2.0.1 by ysnl for API(s) 5.0.0

uname -a: Windows NT DESKTOP-V0P6FOJ 10.0 build 26100 (Windows 11) AMD64
Zend version: 4.4.13
Composer libraries: 
- cooldogedev/spectral-php dev-main@847ee7f8be58a14bc296f0ae9edd820c473ecd2e
- cooldogedev/spectrum 0.0.19@unknown
- symfony/filesystem 7.4.x-dev@633c6fdfb2eac90041c2de30ad1ccff95a671f66
- symfony/polyfill-ctype 1.x-dev@a3cc8b044a6ea513310cbd48ef7333b384945638
- symfony/polyfill-mbstring 1.x-dev@6d857f4d76bd4b343eac26d6b539585d2bc56493
- adhocore/json-comment 1.2.1@651023f9fe52e9efa2198cbaf6e481d1968e2377
- brick/math 0.13.1@fc7ed316430118cc7836bf45faff18d5dfc8de04
- daverandom/callback-validator unknown@unknown
- nethergamesmc/bedrock-data dev-master@36546eca1b88e1a450dfa474e688f5cf2fcf71a2
- nethergamesmc/bedrock-protocol dev-master@2c822a8632776cacd359a44cbf61dd6885163c68
- nethergamesmc/pocketmine-mp dev-stable@6f9669d96cfa6befa22a4ebeae5ed99716adea09
- netresearch/jsonmapper v5.0.0@8c64d8d444a5d764c641ebe97e0e3bc72b25bf6c
- pocketmine/bedrock-block-upgrade-schema 5.2.0@5d7889c9a1cdf9e3cd814d2a104ad69b75116ec7
- pocketmine/bedrock-item-upgrade-schema 1.16.0@8c48ceaa72d390e89c4dbff9542aa4dfa734057d
- pocketmine/binaryutils 0.2.6@ccfc1899b859d45814ea3592e20ebec4cb731c84
- pocketmine/callback-validator 1.0.3@64787469766bcaa7e5885242e85c23c25e8c55a2
- pocketmine/color 0.3.1@a0421f1e9e0b0c619300fb92d593283378f6a5e1
- pocketmine/errorhandler 0.7.0@cae94884368a74ece5294b9ff7fef18732dcd921
- pocketmine/log 0.4.0@e6c912c0f9055c81d23108ec2d179b96f404c043
- pocketmine/math 1.0.0@dc132d93595b32e9f210d78b3c8d43c662a5edbf
- pocketmine/nbt 1.2.0@51b8d6a97065fb93e0b4f660b65164b6e1ed2fff
- pocketmine/pocketmine-mp unknown@unknown
- pocketmine/raklib 1.2.0@a28d05216d34dbd00e8aed827a58df6b4c11510b
- pocketmine/raklib-ipc 1.0.1@ce632ef2c6743e71eddb5dc329c49af6555f90bc
- pocketmine/snooze 0.5.0@a86d9ee60ce44755d166d3c7ba4b8b8be8360915
- ramsey/collection 2.1.1@344572933ad0181accbf4ba763e85a0306a8c5e2
- ramsey/uuid 4.9.1@81f941f6f729b1e3ceea61d9d014f8b6c6800440
- rhumsaa/uuid unknown@unknown

----------------------REPORT THE DATA BELOW THIS LINE-----------------------

===BEGIN CRASH DUMP===
eNrNW3lz20aW/yo9sqti7YoUcfKY0pYcS55ox7a0lhxnJ0w5DaBBIsIVHJLoVL77/t7rBghSijNT
4z/WqYqARvfrd1/d/O0gLqpMNp/uVFUnRX6wcI8OmiRTBwtr6lvufOrZ3tie+94UH9pSf5qOZ77t
2v7EtT3Pn/rO0UEq6+a8qorqYPHjT0cHSj/+dtBsSiw4OP/06vLt1cWb80/n799fvj84OshUXcsV
fTtTYSor2WB7UcQiLIo0KlYqUnfL5XWpwqZqs+UyTBOVN8tlKcNbhb+v07ZeX/HLYhGpsIjUldyk
hYxelAWNZkmulstcNfdFdbtcZmGJ17IqmiIs0uWyVlUi0+SzqpZLDea6HxHPk/xwIe6KJBJZWzci
UEArK4FjkCpxnzRr8U9tciYb+Qc4Zlm5XKocY0m+Wi6/3TTq2zaOVfVeyUijcCSSvBHPO3AXkcEJ
3IuTlFhXpu0qyevjt5srfhqXa1kd11V4rNl1rLl1PGAWFqdAGoImSa8r7AZAb2WSH/y+P3BkNviU
5HdFeqcygMS3KKkglf4rRjoxYYyIJME7HsbjJJepgHjrWgxwEOqhUXlUi6uqeNj0eDk+lvxGD1M8
CPwr2yBNQvA+hxDend98vHz/908XZ+JkuPIiqheL128+XH/3V1o7w1r6O9+FUTeQXijiNg9Z00IQ
2qgXYOkuc9yJWUeIuJZ5oX+VatoqF7m6Hy55cUi7uraZ+Du9OBoF1+1QgATBIBVtt9/Vhi8p4G8M
0jMg/T8Gycr0BZBF2+zCJC7/zlKvZKi04RqNIgm+jO5kHqroW6nfc0m2vzt8dNA7jgNrbI9tjMi2
WRcVlvx4kLx/OGv/cQC4skxowBtPxhN6V7mEKUHToDbq6CBSJSmExqEu4uZsOJBJ1rLqIWo/L5eB
zJdLo59EKr5cXV6Tbrw5w9C9CuqkIUyJtJdpU79OcljUkITt4C4BhNyQgK+EeF3CAtbLpcS+Me+7
XO7g8KdkfNsmKabewDcOZbEzPCTFJnRHgWqktSuRV59VuL56e6buaMH3yUNy+x1tF8moiGS9qeTX
klZIO5UZ3HgNmWlEG0IUzm4X7S9Sv26asl4cH6/gdNtgDDd8PKDheAcUGHV2/n1SMQ96JvVDu7J2
9mR9UBYrbIKx68vX6mtxQQNdLu8YheUS7DBPA7QMA65vXr6/+XD1SPggdF/w/dAuTdZ0vCfvKw5T
b+HxxY2S2dciq9sfZGwx+QIZT0hxi9lxDwPE/i2Vn9Wros4U3PWQ5L0PXzZcPfsdPPq/RTBCZQCj
yH9NAf01MqWXVxcHWy50myyXu8gtl0M8/0S6b9u0ST4WVRoNiB0M7pq1Nf5zg371D8oQ2k3b1O1t
gudbhIDktt7hhfOVLDsjTO8JUzjlIdb/jlUPAIFDfXax5c8g4dhyB+IdW/Nd9gyyya/m2J5OUAco
/WuGMIB3XBsgozJjyhsZx29NRtWR3o/tO/w9zdjUefq1aCZYy+WbQv5T8QqYl8joYQFq3wuN3l5x
ksqIUBZI+LOZvyoqWj0bu2PLAcAgRF2yHo6EMgViWDscK7JPUdEgA98ZNWXHdqCt0uF7JJud7w8P
a0Ro1iGbXcnr1xfD76usHL6ayf17ggz1bjjwS81S6d+zArFP66jFSVIZ7lK7kVnKYrTHHl4/102k
Z3s8vZJ5VGTDBe9VnCpO/IajdS7LcmPo4AHmfL0zp5HExWg4dn31ZmcKqpJ2Z7umuFU55ZHDwc9w
j8N3vD5ku3xmpO3JxLEsm0wzC+qmQsUznIRiptkFnG3qX9OcMDRPov90dXY5nFlGxSeesz+IoWRX
xgXUuq53Jl4nWZmqH97uEL9HAl4rLsn2Bu+rZA/rz0mp02B77BMWKPH6eso3enW13tPfdZvftk2S
1jZLzWHxJ6sAlVNFgnSw0CJwqbpTaRSYWQQrrDZlU5gBW/M/glpo3SYNII/Q1ZiDOEnVY5LHxY6G
7+jDqipDXuBNWY24Bg3aWCPkMGCUAUmaoobPFap3Kvc5Pk1JXaNbGd9Kpnsy7iWa7OgYC8gZDqGs
bNmhrVqtn2QthPA/YPfi8iqU4XogUriZX5LmU8b+cQIk16WhiihgtNKB43z3t9GOHyIfI2u1bX1Q
VPSZNE5XGWZSf6LQYXxlV4ofLGZUPlO6CBLjue/Po7kfxtIPVCxtW7oqUFJ5KprPp5YP7ZET0v7W
oPIRiX9xX4t3N+Ls/PrvN5dXo+8nV/7ry/8WFkQkeH9h+9ZkIl50ky3rULx8e+a7B0zqjuYpNha3
N4B1+akgo/948e7dDek+vdxzyUSNjKJW1SdoSyWrRLH3fRyEZDrSu2BoRGHgdOZOlZrGs0B5M2m5
QWjP/Xgi1VxF0cyehO7UUWFkK97kcUzrI/QpVD4v7gmZepPFRb45Jo2sN3WjaNYUZDyMsPTUd5zQ
j6M4sJUM55OJa4V2pJyJjKwwjOO5J/2pFfv+AFJZpBtAS0ddDLAMLOmE4SyYuK70lfQsx7EmYRC5
MxVPHccJnJk7dz3fmT0Fa+C1OnB+NPOmsRtNfQAJHNcBhrYf+YHnzL2ZF9lB6PnunKQhozWUplLH
FBVG4L/po1DBbJ36njWxnXgeK88GK6E+1nwWBjL2lTuzImvuz5TtTMmsgioJb49NWAQnYYencThV
kWP5rjOxrFkYTmeOH8SuFyNLsGaRF8XhLFITl4MeVJ0DyTFCaRrI8HZ0h9QwMtZrxDIQD8LqWlUr
KG2dhceBiioY0AjzZa8XkFl16vie66tQWsFspizpepMolu7UVf5sFnthbMdhPLWk/Ycgt4Y1BGuH
M9jSzHfs6dSH8UeON5euGwaxb0URYHuWDwWZPQK7bc6Nsk6FEfaQ9pz+C9YKmJWqlazCNYsuQ2xl
j3/HudTpLPTdaBa5UCkPeuDi1QKk+VRNlBOEUzuwPaAakkH2CPUkByn9vy1XFTYc1fBsmWQfhEBx
Cniz2TycSyuM4rlywmhmuZEtrYkrI38eTD3LAsOnT4OGX80eQ0bp4DPW7ixUUk7tyJlPFHZxo4Bs
ybWldCG3qeNOvGm0B5rjEQcqE1v8U5hgaM3m82DmzSPXA4ZKQkK2sidgQwg5TR0rnLm7kJ5UPYpM
zqnvTmdT159PfT8IgSH8zMyzXVvNvNB2QttTs9DzWI2GAIuUYVAUtE7lxLWt2IIlTYJJ6FtzZzKJ
g7kdeXPHnjnOdBb70lPWLgzuV69hG6nSoKbgVAjX5s5mruPPJHQ5hIHO3WAex9NYwbamjh2F0dze
A5UWK4bgAoLyw7llh5N4PvG8ENZsw+vMFJyYNZ0H8J7uxA0nrrMLwRg4R+vTKLSwzxx89QIHDiK2
rQmUI3Bg1i6U37dBDQS4CyIPOgcDXYJVRr6cTye+B044YIwLnzkJ4Hl8N/CVpSI7jvcg7JvQY+cw
mFzJW50K6h2lPYsmnm35kQPdiibQMqkQIqbSm0WxH7ihZcHrBU8BGSUm84B/Ow0VbF/FduhP4WCn
QDQKvCh0bCjtHB7S8zywNtizsDovis86BfIIm5kfzZXyJ6Fy3annRZYPxMJpIN1ghv8UPOZkbnmc
Zme12pBGbXNrrrlPHdf1pvbccWQ0sWaWDOGE3EBOfQfKKSfOxJfQTWVvgbRtomPyHMtnVjx3Eali
wAgs2LNSEj5sDmAuAqoPJ4bo5lKuU63brJayW7/Pdy6uelrHG05Wnwnqh1KfPE5WrTlLoZgq4qIS
O1nPMn8mbtZwa6JWTYOYVgtZKQHvKYpc1XiQjQhlnhd87JHkYdpGKsIDFlQIIGP4arjBBokDwbou
MkXHNs1jmLWM1ZEoyDHXBFIESIZvxaZoKwNLJLFA+pbECe+AIEknC+mGAL9T9z24Y6S1sk2bWtwX
+TeNIEcsK4Fit8iorQ+XsiEMm3VSa7rv1yoX2gUCwHiZL/MO2GKZC/Hs45ojhmgK7ILsEiCEDvLg
AaJkTWl0pD8zqnDXqD8F+JmqhvlFvbxQCe02aCQjyOB4qEappCR2pRYilmmt6EO9bhskcvnIHH0t
xPLgWsMOU2Rk0fKAMXuZpsW9SJOasBWmIS/uEin+p1XVhub8Sg8j82khKDnlpedc2ps1AngJyjvo
sABMIWjBRhhW0nzdCRj1nwfIPvuIvAcaAb7KKBKIg5r9xFYw/FZkStZtxUdCAkwPFCEN5qhfW5kS
21bJHebCybdKvDCbCntySND1jmpUqRKF8QhsX61UtcBn3vtdmwXgCrTqZb3JwxtZ3wo6YIMejXnC
h5oOPrBbRylNW1dFXrSQHqbXR4J7UsJUJ7CHIz7CAyGU7DNv7lVAY1mbQ4NoigZ+zeIFTdCyqnhI
oGEKbABJrLl5jxzx1iB0EZOu0hzSySORNN+AfU3FyyJFRzWsMnuLxQvQ0MJubGYLkzEylC4Y1L6u
SlaOqs1zEmdENWFRshC4ZqjH4kzdmWeRJas1jLmS9fpoaHxGcYgjVdWWjR7VDCPGZMDN0MXChVFy
0hppg5B8htTWT2NAOkI6V4DR0K7xQNEoDdOTOp1d5pnCbhttk39LiwDKQ00oocdhBlnSkGlnaiWD
TQOGi2vN6QnzNqkJNC+/IaHdJ8x4VijY7P1IA+p0rGYC4wQYwiEB+ZxhxZVS3ZZaxyGslqxUrArI
qSArJaWgjVaM5ohRW4gJUYHd2QPrev//PQVUzn0J/zXK738P/7opSkbBeM8eJQOuFvAepazJ7XUI
0a4dVqiJXIMY+4CPbBQGv/qbr4AhmwWjRA5DhC1iT47YI9SDClv2vYVGWRskxap+tnpABI/qLUXa
b13enC/EzXcX1+LNxduLG/Hy6urNxfm1uDp/L+js+vz9kcAkcXOJWefi43eXb87F1fvLV+fX1+N9
D7DDD9vzDTuuVJUUHI/JD9dEIDJ89sjMjd7XWuA9MoKIXQtPGcETKu1lGdSrIged8M/QJqL3j5RN
K9n9mgIreEIeSE9jyBoIPO/Wj3fGjT0uKYRQmOcF48ezSRdMSxpiK1VI2YDmLKGr5arX9jRAvVRZ
b0l1JobW+vBplAzljqF8JasAljHaJnrsgJ7mLpsaoWNWCbMKrjuTecu5xxAT5GUtdPDwqAsJ+0rY
qaGOrnEMWJrebGuCY3GpXb5WeCQPRZtGPS4JYsh9Lrb41xpwyeiDUH8yMbRit9fsLB7FSFYdDaGn
La6KrIu1erWZMRqq5lDCRI2R5CPdEE+o1I52XHf5Iomswk6khkaRozYrdXKlMzhhPozoQyevM5pk
FjDujGZHAd4Q5WHs8gkGI2Yj7mGHOyhZXbeq1jd7arXqkk1yWrTbFqujTpA6RTA55VhjQ1P/kE+Z
fBhxt7fucH8lSxpNsjZDiKWrAAS8odsVJEiEabnpXOeWr2QvhpVsMY91DLl2aTDiDUeUBLeIuW4v
sbNCf9rXab6DlXfw9eTOhDQsM3FIGScOI27O9rSdARVOVZA9EveAnc4vNBR9L0noNZrCLXVYZvip
6el2psnbZJcYmFIVYOB+GdSX9HCZmwtcCxMikJmti1RnmIFswjUn4oxyTZeyhAky7Nt04WO+6tBi
rotRrqnD27OhlLpP5FarTUPAj8TIGgiQhccbj5oOGRMC2Gtv01g+FKAMMtKUUynDeT4txqBBayy+
QyoIXTrh3E68uvpwhLXAIYB93ScR1J5zBe09e/gjhr8Qfpd1bxPymrkzTKmjloNIb2fUjANC/BHW
ltONK7wKKqzyEJYUtEiS5Aa6H7XhjnEKOmDcxsPBLsMSZVdQ2vAHUx9JqpNRKqsVu1ZpKsbHQtvx
lin7MrgaRTLi1ZxOrQnTYZFy9BgJKCEVrNAusDhpOHFAwk0Ia0AGqSeJHUrfmrBHpyLvgbw8Zdwy
HQsSyoer/KqrPbb1MJVWtNE90gha2JZ5OTLve8XeW+OF6uSz6rlGpHUsqykBMCkkqhhtLoNUw53b
etHhWFz9CZt5x7iSKyIBrAYr6jLlDI6q7QzIk/OTFentK77HqNsHFWpLVTfi7c0HxrQGSUQ26RG1
K1i1t9vpWmvc+d6saUe0asHYDstlaCOdpJn7p9QnQW6IBL4js8FbnIRjwVF7LSkpEkkG3jTkLCEN
vkQLt611GuK7Y6TXxAlEIQ5MSFkkhzdjEjq1wtzG2CxRonS7xLh+U1yeXXLSeHZx/fJb5IucX7Y5
my8FsJYiBx/q6qQpIeM0NzajYfm1pXPr+yIVtKtFV8P+l7CodjUp/Brum78L07GodY9F8YXMQicz
xkNYBExjraG9WhdFzX2YrnRVXXOCoxodIoha3nXRE49qpL/xAcOgqwHE+PhNJ7GmRfVLkeS6P8Kc
+kb8EBQP5AkrcXEmXvzw4eLsEHKHGwQOmH8PsZFgEjZoLmmryPBHp2OwhmIruxzm98O3bzr4ptwd
jHzDm9GBHidSLF6TmjFtRdcwM2nFA/Ab0fWMkyKOeVt8S+LN6KFNoq1AmJ+j3V7VDTebtKnp+9qa
Bxz5jF21tWl66YutbPFmzUivWQhzhEzb6JBqwoXZhXICma/6mi2nZel+anLUzbpL1P2oT1ie6g9q
5r7Mipa8R6xjv3EmYFnHWsp1KNvmzhDET88Id7z4Pacug8VMeK50JyJQGligYrL9upT3eReDNHRW
LRruk6DJlnzaqCf/0U6yAt6IBJ3GYr8OS/rbA7T2elZ8sEOmUieREmYPaohK6EzdBkNCVpQXYIaK
dDbAL3205uaZka8MQ5UqLn60hvKuaXKLLaj0Z2eSSjBjVRX3zVq7ImwhxVpDG/gpGHDd6CyDkR0R
2zvURlsZ6IBzcVYP6CJPS8LT0IQ+UOzJNE20LnPTh1xDPgPeCCii8u/fklD1z1TgbAW07d4tujg1
FnJfn4xTupcJV+0IEjpSB9SFKtu0MwfzQoGV55hw4Ni0IZd7RDrvRJGUPBJSH1NI0YjpVy5MSkft
VW4i6GGdEUH7Q3Lw+WrreaOtMyOLG9E97b2h3uB3h82VhkGshp2P9CWyfuYawlxoVMZ06WScFIwx
XNgmoyKY777XdB1xizqFH/NdbL8zCey+5GpVqZXpnJo2q24n0W3x2336GD/4kMuzywX4MTLOXsd9
ckv3Sldaki/Q0441I74lgMfGg7MNxN+e821JV7a0cB4xFQLV342GIcOhc3aOUYM48oqOINSwZYmE
LS3XEraiyGNXQh8Sj3WPWsWqQm46In+XU5DTX7uYpCOC3GmBmrskgyDaotZAzsI+s3NNBiBLWX/v
9ngkVU3XUKxNkm0jg4myBJTmk9ZTICApknumDbm3axZ1ffzxdgPzZbhDx7lHveeQc1fqBUtSIDqS
GGQDXFEbw4/A2VzXNoLuYURdL83M7VPuZIUo04Vh5LJxy4cHZHuELHAPKRPNBSXbnPL0QZXbzEOY
lPORF9X10As1Xo2ZSLzoRUfijLQLf1UTjg8HqVGSl20zVJU/yl5MaNT6q+1+0CnsMGmSxmhR1xNc
m0Ht7aue/o5fgoyt0hQmcQ+IzrbbSh+nkePtGmU6CAGecdRd9oAMk2osLTqd1tSmrOdyXGeMJMsI
IqpQEN/xkRaeZNlJVhgomoBnLwUpOpDhYc7EqcCg40Jaylm3zlp7zaBjDQPksIOiXykngW1HgqXH
XKCyoqJQCY3ZR4F+J4M6AvODTX8Utn+kCWOrVRqPTU+JEhlDmcw1IN2KS9g+fvwJpS+FTWR7L8BT
pSMxmXvyoLY785zl4Kx1QT3t5YFGmhjWHbFJVHh650CZnaNDLQJassCWHWqvOg51AjXTj3QzUKeP
HfvF/0JWxG64Zt4yNnbYc0m7oIRCT4sZLzoiDvVulJwecbpAOkUyo6kdgYQC8Z4uMqIGGbOSMhxa
R9bU1rq7WReZ0rb8mCkGFVoC3hSV3nlpfkhEw7tTtDrIgOKo+HGPuz8NREjHjlv50XGoMTEG9qI+
1HJLGtZGo/JUs2CWccPYwDz9pL/CqxiJcLmBdUdif1+qnG5JdXZ0WufwqGhb8vNAiNzsc27a0CkG
o4bcBUh2c47Ec5sdsT4Foe40uR2NJx2Oygh0A5WiBKCfsLn4uR8G2erhZzH6L/EzPvMLr7uFIhD2
bRLCYoC83EAcF9Sj0xkxTQC45YEGyK9bWGbdz+I/8fzkUpq7PPi5R1Knd9iSXojg53a3K538kw+g
gvgX+pUkaiqFWZQyP7f/0qGwhcLA4fGQwOWRRoih7g73qH0Jvpn9F0a1F10mSXCdjKg7z/eLNuIF
bJ21ZaBBSFmStDanOpveIJG/3YFF0aER8XMYEAWS589RGj9/bmv50U5D+XUC7MefEODR4PPPWp/y
YoDuieBbSAN6jGahDllB9yjVXvFdi4EalpTki5F4sd6USLMOhYwb06WhH5c9aHSbks0IyDakbCON
rBmlxqKYTuiPRhhzdoZ0FseHdfUAX6s7GzJNTLO19rKEAAD93HF7QJUpH+nw8sFcctjx+voImkQJ
UFEx8D7Ij1RH0NYK2Hh1KdyXy8OrKLtBhg9yuivLOiw8UbkKjQ1HTOpF8gEA/SilTJUpu00vTtIN
cr0vj+tHQKQE1Z24+rXfcSFev3l5owepzafobO+v5uLekTd/gDvK1ZHzECVVc8R10l9Nb0Vf9hge
m2jBELcR/s2ppmxNPpgioQg3dKelDZu26iqirldc9ddEON0nAacy5Gs4dcenUXfFBPamG2nPXnOe
z1vx/B0g3IkyI58GIyPu6AxaLYXutrH8a9NmD2+pMVn3P7RO0qTZaDPp9QSoNJAKVyU6PdFUMvwR
kOwLJbrFuy9Uuih1tRXxK74txdeFlvmzjyD9TIXCsoQ1X1j+wrbE1fWNsPkgOiua6OR7xT8XzzXg
EeV+J9bcchyo3zpp1IiC1MmEKq8cJWrY97NkuE6U/vl0fVLQVSTuSJjf8IIWWkQ9StMROfEICGnf
KE7pDge1jLpVMk8y0DgcyopAw6WWO12HJ3j6HlI/wtPpRJkunui38q7kVVFC7U1o9+YEpXCvqn1N
etJ1pSiCn+jfevV9KhX1nynRPzk7f/3ywxtouMms+arSic5PzVCFWKgxoKcxORYAjU7+g/+Zgo8C
NGO302Y68Zb5oJGW98JIyhO6XI7/ljlvOe7FY+9I7M7vZNal/iWGCFJ3ZetEUW178Pv/ASA48JE=
===END CRASH DUMP===
