PocketMine-MP Crash Dump Sun Oct 26 03:41:59 UTC 2025

PocketMine-MP version: 5.35.0 [Protocol 844]
Git commit: bc17ee74890763ee12c159180ae70f6084b201a7
PHP version: 8.4.13
OS: WINNT, win

THIS CRASH WAS CAUSED BY A PLUGIN

Thread: Main
Error: strict_types declaration must be the very first statement in the script
File: plugins/MyPlugin.phar/src/Spectrum
Line: 30
Type: E_COMPILE_ERROR
Backtrace:

Code:
[21]  * FITNESS FOR A PARTICULAR PURPOSE AND NONINFRINGEMENT. IN NO EVENT SHALL THE
[22]  * AUTHORS OR COPYRIGHT HOLDERS BE LIABLE FOR ANY CLAIM, DAMAGES OR OTHER
[23]  * LIABILITY, WHETHER IN AN ACTION OF CONTRACT, TORT OR OTHERWISE, ARISING FROM,
[24]  * OUT OF OR IN CONNECTION WITH THE SOFTWARE OR THE USE OR OTHER DEALINGS IN THE
[25]  * SOFTWARE.
[26]  *
[27]  * @auto-license
[28]  */
[29] 
[30] declare(strict_types=1);
[31] 
[32] namespace cooldogedev\Spectrum;
[33] 
[34] use Closure;
[35] use cooldogedev\Spectrum\api\APIThread;
[36] use cooldogedev\Spectrum\client\packet\ProxyPacketIds;
[37] use cooldogedev\Spectrum\network\ProxyInterface;
[38] use cooldogedev\Spectrum\util\ComposerRegisterAsyncTask;
[39] use pocketmine\event\EventPriority;
[40] use pocketmine\event\server\NetworkInterfaceRegisterEvent;

Loaded plugins:
BuilderTools 2.0.0-beta1 by CzechPMDevs, VixikHD, dadodasyra for API(s) 5.0.0
DEVirion 1.3.0 by poggit, SOFe for API(s) 5.0.0
DevTools 1.17.1 by PocketMine Team for API(s) 5.0.0
MultiWorld 2.1.1 by CzechPMDevs, VixikCZ, fuyutsuki, kaliiks for API(s) 5.3.0

uname -a: Windows NT DESKTOP-V0P6FOJ 10.0 build 26100 (Windows 11) AMD64
Zend version: 4.4.13
Composer libraries: 
- adhocore/json-comment 1.2.1@651023f9fe52e9efa2198cbaf6e481d1968e2377
- brick/math 0.13.1@fc7ed316430118cc7836bf45faff18d5dfc8de04
- daverandom/callback-validator unknown@unknown
- netresearch/jsonmapper v5.0.0@8c64d8d444a5d764c641ebe97e0e3bc72b25bf6c
- pocketmine/bedrock-block-upgrade-schema 5.2.0@5d7889c9a1cdf9e3cd814d2a104ad69b75116ec7
- pocketmine/bedrock-data 6.1.0+bedrock-1.21.111@7484fe3c3d7949fd48cc520add4f7eeebc4ba4af
- pocketmine/bedrock-item-upgrade-schema 1.16.0@8c48ceaa72d390e89c4dbff9542aa4dfa734057d
- pocketmine/bedrock-protocol 51.1.0+bedrock-1.21.111@e380be227766ea58a874eb7d93de76f21c8ec04b
- pocketmine/binaryutils 0.2.6@ccfc1899b859d45814ea3592e20ebec4cb731c84
- pocketmine/callback-validator 1.0.3@64787469766bcaa7e5885242e85c23c25e8c55a2
- pocketmine/color 0.3.1@a0421f1e9e0b0c619300fb92d593283378f6a5e1
- pocketmine/errorhandler 0.7.0@cae94884368a74ece5294b9ff7fef18732dcd921
- pocketmine/locale-data 2.25.1@8e6514f5a9638e69cdc2219c775fc7d3bb4c9fdd
- pocketmine/log 0.4.0@e6c912c0f9055c81d23108ec2d179b96f404c043
- pocketmine/math 1.0.0@dc132d93595b32e9f210d78b3c8d43c662a5edbf
- pocketmine/nbt 1.2.0@51b8d6a97065fb93e0b4f660b65164b6e1ed2fff
- pocketmine/pocketmine-mp dev-stable@bc17ee74890763ee12c159180ae70f6084b201a7
- pocketmine/raklib 1.2.0@a28d05216d34dbd00e8aed827a58df6b4c11510b
- pocketmine/raklib-ipc 1.0.1@ce632ef2c6743e71eddb5dc329c49af6555f90bc
- pocketmine/snooze 0.5.0@a86d9ee60ce44755d166d3c7ba4b8b8be8360915
- ramsey/collection 2.1.1@344572933ad0181accbf4ba763e85a0306a8c5e2
- ramsey/uuid 4.9.1@81f941f6f729b1e3ceea61d9d014f8b6c6800440
- rhumsaa/uuid unknown@unknown
- symfony/filesystem v6.4.24@75ae2edb7cdcc0c53766c30b0a2512b8df574bd8
- symfony/polyfill-ctype unknown@unknown
- symfony/polyfill-mbstring unknown@unknown

----------------------REPORT THE DATA BELOW THIS LINE-----------------------

===BEGIN CRASH DUMP===
eNrNW3tz2za2/ypYJzNNdiWZpChKcsd34rWVRndtS9dWmnarTgqSoMSaIrV82FZ39rvf3zkAKUpx
s3Nn+8dtOzUJAgfn/QL0z5Moyzey/Pyo8iLO0pMzt3NSxht1cmYPPdsdWLY97o08Z9zvnFRb/cXq
ucO+Y7l2fzAau8PhAGsSWZSTPM/yk7Offu6cKP34z5Nyt8WKk8nny9nNfHo9+Ty5u5vdnXRONqoo
5Iq+FWUeB+VnmlmIUAWJzGUJXMSmKkrhK1GulQB+OxHFOUaKUpZqo9JSxCl/K4I83paAGcUJAdwm
1SpOi9Ob3Zyfetu1zE+LPDi936qgzKsN5iZxirl9C+SucyVDrLuRcXryr+OBjoH3OU4fs+SRd8a3
MM4Bq/mKETwHWaiIasfGu/izeD9d3E7u78X72Z24EPOLu8X08uP1xZ2Yf7ybz+4n4uL2StzObqe3
7++mt99Nbia3i56Y3mJMTL7Hi7j/cHF9LRYfJoDuOBrqxcfFh9ndvQDQy9n8x7vpdx8W4sPs+mqC
wb9OxPX04q/XE73p7Y/i8vpietMRVxc3F99NeNUM8EgGTl8DpAXT6+nix4749GFCHwmHC/x3uZjO
bsXsPTa6XdzhtSMWs7tFA+TT9H7SERd303ugL97fzW46BNfVcGcfF7R2xuAA4Xai4X2aLj4QTeJ+
9n7x6eJuQlPo/eP9pAEtriYX14B6T4sNAwYabr2sR2Mej9HTUH99J6sy6yZxoNJC0fiIx0/pcazl
1LdIgqxq6k1b/87tt9/Sd9vMI46nErq6lYESQZYlYbZSoXpcLmtd4vl9M58IrwolLpOsqHLF3wZm
7MXVy6XcxsvlxXy6YK3jFd7XVwRJDB1cLoHTg8LfeZ497+b8Mg0LhjD8OoRUlU9Z/mCWTtNS5REI
5KWjry+tyjhZLi+zzTYrVH6nVnGB1RfFLg0WsnhgEGMDYpsRThtY2nKpHhnnCf2Z53GWx+WOJrvW
70/GBrD75fJWo9vgWe/KwL5lk80xrF2PsX4yw79WcRKqfAFK+J0kid0Ohjsnjes7cXpWz+r6qpQ2
xqFG6yzHwp9OLn9TwXp+c6UeacH38XP88OEKT6EMs1AWu1yeYGdIkiYPCAq9q1T6iYIjiWRSKMxW
W5WGhUazyKLyqj2wkexFAtpquwHXi+XS15iWhOlyeYR3krGTgh9ZfJrdXRM+T8ov4pJoXJfltjg7
PV3F5brye0G2OW0RcXoACvy7mnwf58yEhkvNUJtDdq8P2g54s81W2ARjsEr1h7FBQ10uHxmH5RL8
ME8tvAwH7hdwrB/nB/QzUerxWPTN0CFR9rB3JPE5a+MNtFEslNz8YXTVCICOPSpfoeMFOe5RO21g
gNqbKinjT1mehC16W4OHim73/r2KX/6dYmq1q8qieojx/CCTOH4oDpjR/6N0fUOoPhGqy+UB2v+J
nrcA/Qs82iK12Ch4jiMZd2/mnCQwJc8lAgf4xHpzmeW0zajn9uw+dvYDZEvr9kggExCGte2xbPM5
zEq42YNRkwztB6o8ab+Hsjz4/vy8lgVtZvUcNrv376ft76vNtv1qJjfvcZClj+2BXwuWfvO+yeBa
UoZv9xzKZYJDandyk7C6OL0BXn8rylDPHvD0XKZhtmkvuFNRgkgRH+5TpHK73Rk6eIA5XxzMKSVx
MWyP3c+vD6ZkYVwdbFdmDyqNf1MHzP8tif32O16fN4d8ZqQdy+rbNlICMMKnJCBdtSchmSwPAW92
xT+SlDA0T6L5NL+atWduw+wzzzkexFB8KOMMZlEUBxPv4802UT/cHBB/RAJeKV04RBCDT4irR+yI
t+zjHKfnERabzbZJcD2jV/P1kf6uq/SBIn3hsNT6LP545cepzEmQfSy0CVyCUJ2EvplFsIJ8ty0z
M+Bo/odQC63bpAHkeVSKXFlz3GaHqrP3OI2yAw0/0IdVvg14wWDIarTNszLzq0gj1GfAjzKNkwSV
RapQRlARwt5uSOoaPsjoQTLdVq+RaHygYyygfnsIeX7FjnNVaf0kayGE/w67F7N5IIN1S6RwM7/G
5ecNlwIoL7brraGKKGC0kpaHPnBC5GBkofbVGDnYAW/GqcDJmTPwRpBE8RlOs3G2zIcgA9iRi1qM
wvEZPJU9VGrojsbW0OsrZTuBPRjbI0uqoRV51sj1HcuWxJjK4PIphj0/FQJ1x9Xk/m+L2bz7vTX3
3s/+W9iQkWAchOPZliXe1JNt+624uLny3BOm9UD1FFuL21jAevs5I6v/NL29XZDy08sTF1mBySg/
Q11ymceK3a8M1yAsV6fkurqYY6ovm9TonTewLacfjSM1cNRYRdKxx6PAl5Gn3JEd2mNvpJz+kEj0
keM/nBrfDQFCWd5FwVCFfdtz+6hyR0EwHPU9P3IHkYwiexQOwigYhcpy2TNDJOztTuHvEx/JdvcR
0TA0KgZzSbOn9J35ixXw/bkqlMyDNSO/gQtkw3zkBOLdKPDccBS6risH4dBz8WorX42HylJ9Pxg6
vjPwIy8gtjWZ8amvwhxvXT+h/1fbVQ4f0C2ggBvJ2gJ7fgd4o9E4GEs7CKOx6gfhyHZDR9qWK0Nv
7A8Htu2pYPgyaJCkTQRK/pd6EPxGxmDb76BPbgSQ/XA4dsdR6IJvA8eSYehGUDflB64vXRm9DBum
tfkSa0D2mCMApqQcOmF/bClQ4IZ+FI0HriOlG0Zy2HetwTB8GfTeBk4G9su4q/7I8pXjDIeep+Rg
JEdDV/nDcNwP1dCLHDsYqcBy/aMN2OexMzT+y3sXBFFgj8ZjfzQYh+4A7FWyPxg7yrEgw8AN/GEf
0NxDSC9qDnm//jvPHQIZbwzM/AAsUIPRaOC4jhoNAqcfOAM1CgYD6RwBzBKGQZ7Wfict17EjG4Zg
+Vbg2eO+ZUX+2AkH474z6veHo8iTA2UfwuBOzRqqnSgNaghRBFKN3dHI7XsjCR4FsK+x64+jaBgp
mMaw74RBOHaOQEEnkQvVCoSkYQCsRgpW6kYDOfb6eB4HYeDATIPhcAD7C/u+7wbQo/AY1IqRcYGM
8oIxnJcVja3BIIBdO33bgqSc0B6O/bEXuZYLsfUPIRhT5+DyLgxsoDyGiAZ+H64CsrZgJH4fBu72
A89zwBgo2yGI1K9dDWzK9kehJ8dDyxuAqX3w2I08z/JBnef6nrJV6ETREYT9Y5dTNTjtLhIdZMrv
/g/uuQUwlw86u9FYSWcUWgPH9sI+bCW0YDVShSNnCO0OIw+stW34SP8lIN3YBFN4w3eB8sCXyAm8
odtXQxAT+oMw6DswwjH86WAwAPv9I29UpFn2m47qA8Jm5IVjpTwrUK47HAxC2wNiwRAOwR/hXwX/
ao3tAWeOm0LtSIH36SIXJe/6rjsYOuN+X4aWPbJlEMAl+5J4NBpIq295EqagnD2Qqop1lBmTutnR
2LUjLwIM34ajUkp6djgGMDca+V7gjSzLdSmi5utqU0hZr//ShRe7TZSlu1NKTIpdAd9F7tuDUjru
u+FAKgc6M4RCB1Yw6MN0gz4sTzoD24GyRIOh64ejFpxtluwAK+nWhcDvb9lMbWWmx7O5oGmE0dtx
gvhKUNNSIPOP4lVlGqlEgIiyXBwkG8v0lVisEaNEocoSexRC5rrbmqWqwIMsRSDTNOMubJwGSRWq
kLquujHTg89FTCsRqwnWfbbByogAHMMsZKQ6IsOXvCCQwkcC+iB2WZUbWCKOBFKmOIp5B8R8aq8m
OwJ8q54acKdIJSWKukI8Zek3paCoKnNBLT9YfEwudqf7wnGh6X5aq1TomAMAvWW6TGtgZ8tUiFef
1ooQE2WGXZDRAYTQTAcPEPQLSl1D/ZlR1X5OgJ+JKplf1J0IlNBulEY2BBkcD1Q3kZQ4rtSZ4GyN
PhTrqkTulHZNE/xMLE/uNewgQRIULk8Ys4skyZ5EEheErTCNLfEYS/E/lcp3NOcf9NA1n86Ab8U7
vJpwPW7WCOAlKI0SkBiYQtD8nTCspPm6fO82n1vIvvoEPYRGgK+I8gJJjWY/sRUMfxAbJanXqTvy
BVSFkAZz1D8qmRDbVvEj5iLoVUq8MZsKx3pL0PWOqpurLYrRLti+Wqn8DJ9579tq44Mr0Kqmwyio
FQg96vGEj+AWq3ZNKU1b51maVZAephcdwU0FYSoC2ENHULIJQijHZt48KZ/GNlUKDaIpGvg9ixc0
Qcvy7DmGhimwASSx5qYNcsRbg9A0Il2lOaSTHRGX34B9Zc7LQlVCq1lljhaLN6CB2qAOs4XJ6BpK
zxjUsa5KVo68SlMSZ0h1WLZlIXCaXvTElXo0z2ITr9Yw5lwW607b+IziEEfyvNqWelQzjBizAW6G
LhYujJJz8FAbhHzM4hBov4wB6QjpXAZGQ7t6LUWjQKgn1Tq7TDcKu+20TX6XZD6UhxpHQo/DDDYx
H/ls1Er6uxIMF/ea0xbzNi4INC9fkNCeYmY8KxRs9qmrAdU6VjCBUQwM4ZC440xgolypekut4xBW
RVYqVhnklJGVklLQRitGs8uonQmLqMDu7IF1jf3/ngLqxH0N/zVK3v8M/6LMtvqYTnu4BiUDrhDw
HltZkNurEaJda6xQ4rkGMfYBn9goDH7FN38AhmwWjBI5DIFqPwcrYejqGaU/+95Mo6wNkmJVM1s9
I8UIiz1F2m/NFpMzsfgwvRfX05vpQlzM59fTyb2YT+7Ep9nd3yZ3HYFJYjHjg69PH2bXEzG/m11O
7u97xx7ggB/OwDPsmKs8zjgekx8uiECUVOyRmRuNr7XBe2QEIbsWntKFJ1TayzKoyywFnfDP0Cai
9/eUTSvZ05oCK3hCHkhPY8gaCDzv3o/Xxo09ZhRCKMzzgt6Xs0kXTB8ZYtuqgLIBzVlCV8tVr21o
gHqpbbEntW8ZWou3L6NkKO8bylcy92EZ3X0myg7oZe6yqRE6ZpUwq+C6NzKtOPdoY4K8rIIOvu3U
IeFYCWs11NE1igBL07vZm2BPzLTL1wqP5CGrkrDBJUYMeUrFHv9CA94y+iDUsyxDK3Z7z87iixjJ
qqMhNLRFebapY61ebWZ026rZljBRYyT5hW6IF1TqQDvu63yRRJZjJ1JDo8hhtdnq5EpncMJ86NKH
Wl5XNMksYNwZzZoCvCHKw9jlCwxGzEbcww6PULKiqBQ5hnINqa3qZJOcFu22x6pTC1KnCCan7Gls
aOrv8mkjn7vcYS1q3C/llkbjTbVBiEV0zQl4KVMklRAkwrTc1a5zz1eyF8NKtpgvdQy59tZgxBt2
KQmuEHPdRmJXmf50rNOUGpHX0/D15NqENCwzsU0ZJw5dbog2tF0BFU5VkD0S94Cdzi80FH2ILfQa
TeGeOiwz/NT01DvT5H2ySwxMqAowcL8O6mt6uEzNyfiZCRHIzNZZojNMX5bBmhNxRhlJE1TIBBn2
bbrwMV91aPFVk2vq8PaqLaX6E7nVfFcS8I7o2i0BsvB4425ZI2NCAHvtfRrLjXjKIENNOZUynOfT
YgwatHriA1JB6NI553bicv6xg7XAwYd9PcUh1J5zBe09G/hdhn8mvDrr3ifkBXOnnVKHFQeRxs5W
ckPhnz/C2tIAZodXQYVVGsCS/ApJktxB98MqODBOQad/+3jY2qVdohwKSht+a+oXkqpllMh8xa5V
morxS6EdeMuEfRlcjSIZ8WpOp9aEabtI6XyJBJSQClZoF1iMLIUSByTchLAGZJB6kdi29G2LPToV
ec/k5SnjlklPkFA+ztN5XXvs62EqrWijJ6QRtLDaptuueT8q9m6MFyri31TDNSKtZllBCYBJIVHF
aHNppRru2NGL3vbE/N+wmXeMcrkiEsBqsKLYJpzBUbW9AfLk/GROenvJt150+yBHbamKUtwsPjKm
BUgiskmPqF3Bqr3fTtdavdr3bsqqS6vOGNt2uQxtpNMr9n2RoD4JckMk8DWZJd6iOOgJjtprSUmR
iDfgTUnOEtLg63Rw21qnIb5HRnpNnEAU4sCElEVyeDMmoVMrzC2NzRIlSrdLjOs3xeXVjJPGq+k9
3/Di/LJK2XwpgFUUOfggVSdNMRmnubYWtsuvPZ173xcqv1qd1TXsfwmbaleTwq/hvvm7MB2Lor57
h2hdZDqZMR7CJmAaaw3tcp1lBfdh6tJV1c0JjmrULxaFfKyjJx5VV3/jXnKrqwHE6Lmjk1jTovo1
i1PdH2FOfSN+8LNn8oS5mF6JNz98nF69hdzhBoED5j9BbCSYmA2aS9o8NPzR6RisIdvLLoX5/fDX
6xq+KXdbI9/wZnxNjLtEJF6TmjFtWd0wM2nFM/Dr0tWL8yyKeFt8i6Nd97mKw71AmJ/dw17VgptN
2tT0zU3NA458xq6qwjS9yM2WOuyYNV295kyYY1vaRodUEy7MLpQTyHTV1GwpLUuOU5NOPesxVk/d
JmF5qT+omXuxySryHpGO/caZgGU1aynXoWybO0MQPz0j3PHiO05dWouZ8FTpToSvNDBfRWT7xVY+
pXUM0tBZtWi4SYKsPfm0UUP+FzvJHHgjEtQai/1qLOlvA9A+6lnxKR2ZShGHSpg9qCEqoTNF5bcJ
WVFegBkq1NkAvzTRmptnRr4yCFSiuPjRGsq7JvEDtqDSn51JIsGMVZ49lWvtirCFFGsNreWnYMBF
qbMMRrZLbK9R6+5loAPO9Kpo0UWeloSnoQl9PtqQaZpodeamTyzbfAa8LlBE5d+8xYFqnqnA2Qto
3707q+NUT8hjfTJO6UnGXLUjSOhI7VMXalsltTmYFwqsPMeEg75DG3K5R6TzThRJySMh9TGFFF8v
1f3KM5PSUXuVmwh6WGdE0P6AHHy62nvecO/MyOK6dGH4aKgx+MNhc42gFath5119/amZuYYwzzQq
Pbro0YszxhgubLehIpjuTlM7OSj2qFP4Md/F/juTwO5Lrla5WpnOqWmz6nYS3bp8OKaP8YMPmV3N
zsCPrnH2Ou6TW3pSutKSMN4n3rFgxPcE8FivdbaB+NtwvtrSNSktnC+YCoHq70bDkOHQtQGOUa04
cklHEKrdskTClmzXEraiyGPnQh/T9XSPWkUqR27aJX+XUpDTX+uYpCOCPGiBmiscrSBaodZAzsI+
s3ZNBiBLWX+v9/hCqpqutljLeLOPDCbKElCaT1pPgYCkSO6ZNuTerllU9/F7+w3Ml/YONee+6D0H
nLtSL1iSAtGRRCsb4IraGH4Izqa6thF07BXWvTQzt0m54xWiTB2GkctGFR8ekO0RssA9oEw0FZRs
c8rTBFVuM7dhUs5HXlTXQ29Ub9VjIvGiF3XEFWkX/qoy6L1tpUZxuq3Ktqr8XvZiQqPWX233rU5h
jUkZl0aL6p7g2gxqb5839Nf8EmRsuaYwjhpAdNZf5fo4jRxv3SjTQQjwjKOuswdkmFRjadHptKYw
ZT2X4zpjJFmGEFGOgviRj7TwJLe1ZIWBogl4dSFI0YEMD3MmTgUGHRfSUs66ddbaaAYdaxggb2so
+pVyEth2KFh6zAUqK3IKldCYYxTML0Mw3981R2HHR5owtkIlUc/0lCiRMZTJVAPSrbiY7eOnn1H6
UthEtvcGPFU6EpO5x89qvzPPWbbOWs+op7080UgTw+ojNokKT+/sK7Nz+FaLgJacYcsatcuaQ7VA
zfSObgbq9LFmv/gRsiJ2wzXzlpGxw4ZL2gXFFHoqzHhTE/FW70bJaYfTBdIpkhlNrQkkFIj3dHkQ
NUiPlZTh0DqypqrQ3c0i2yhty18yxaBCS8CbLNc7L82FfBo+nKLVQfoUR8VPR9z9uSVCOnbcy4+O
Q42JMbA3xVstt7hkbTQqTzULZhk3jA3M08/6K7yKkQiXG1jXEcf7UuX0QKpzoNM6h0dFW5GfB0Lk
Zl9z04ZOMRg1/UOlek5HvHbYEetTEOpOk9vReNLhqAxBN1DJtgD0MzYXvzTDIFs9/yK6/yV+wWd+
4XUPUATCvooDWAyQlzuIY0o9Op0R0wSAW55ogPy6h2XW/SL+gucXl9Lc5ckvDZI6vcOW9EIEv3bq
Xenkn3wAFcS/0o+2UFMpzKKU+bXzpxqFPRQGDo+HBC4NNUIM9XC4Qe1r8M3sPzGqjeg2kgRXy4i6
83zfaifewNZZW1oahJQlTgpzqrNrDBL52yNYFL41In4NA6JA8vo1SuPXrx0tP9qpLb9agM34CwLs
tD7/ovUpzVrongu+ldWix2gW6pAVdI9S7RXftWip4ZaSfNEVb9a7LdKst0JGpenSxCjbnjW65ZbN
CMiWpGxdjawZpcaiGFr0RyOMOQdDOovjw7qiha9dnw2ZJqbZWntZQgCAfqm53aLKlI90ePlsLjkc
eH19BE2iBKgwa3kf5EeqJmhvBWy8uhRuyuX2VZTDIMMHOfU1YR0WXqhchcaGIyb1IvkAgH5VsE2U
KbtNL07SrW29L4/rR0CkBNW1XP3a7Hgm3l9fLPQgtfkUne19ay4tdgbjZ7ijVHX6z2Gclx2uk741
vRV92aN9bKIFQ9xG+DenmrIy+WCChCLY0Z2WKiirvK6I6l5x3lwT4XSfBJzIgK/hFDWfuvUVE9ib
bqS9es95Pm/F8w+AcCfKjHxujXS5o9NqtWS628byL0ybPXigxmTBzVOUHX6cxOVOm0mjJ0ClhFS4
KtHpiaaS4XeBZFMo0a2qY6HSRan5XsSXfFuKrwst01efQPqVCoRtC3t8Zntnji3m9wvh8EH0JivD
8+8V/eiALhIR4C7lfuf22O73oX7ruFRdClLnFlVeKUrUoOlnyWAdK/0b0uI8o6tI3JGgy6s6OaNF
1KM0HZHzAQEh7etGCd3hoJZRvUqm8QY0toc2ma/hUsudrqATPH0PqRnh6XSiTBdP9Nv2ccurwpja
m9Du3TlK4UZVm5r0vO5KUQQ/1z/WafpUKmw+U6J/fjV5f/HxGhpuMmu+qnSu81MzlCMWagzoqUeO
BUDD8z/zP6bgowDN2B20mc4Hy7TVSEsbYcTbc6vH/y5T3rLXiMc5kNijV8usTv23GCJI9ZWtc0W1
7cm//heZ74gW
===END CRASH DUMP===
