PocketMine-MP Crash Dump Fri Dec 13 13:10:37 PST 2024

PocketMine-MP version: 5.22.1+dev [Protocol 766]
Git commit: 41d9f438ed462b8e375b5f8437291b6e91cb851b
PHP version: 8.2.25
OS: Linux, linux

A PLUGIN WAS INVOLVED IN THIS CRASH
BAD PLUGIN: Practice

Thread: Main
Error: No such registry member: juqn\practice\kit\classes\KitClass::ROGUE
File: pmsrc/src/utils/RegistryTrait
Line: 127
Type: Error
Backtrace:
#0 plugins/Practice-main/src/juqn/practice/handler/PartyHandler(440): juqn\practice\kit\classes\KitClass::__callStatic(string[5] ROGUE, array[0])
#1 pmsrc/src/event/RegisteredListener(61): juqn\practice\handler\PartyHandler->handleItemUse(object pocketmine\event\player\PlayerItemUseEvent#70776)
#2 pmsrc/src/event/Event(63): pocketmine\event\RegisteredListener->callEvent(object pocketmine\event\player\PlayerItemUseEvent#70776)
#3 pmsrc/src/player/Player(1616): pocketmine\event\Event->call()
#4 pmsrc/src/network/mcpe/handler/InGamePacketHandler(524): pocketmine\player\Player->useHeldItem()
#5 pmsrc/src/network/mcpe/handler/InGamePacketHandler(349): pocketmine\network\mcpe\handler\InGamePacketHandler->handleUseItemTransaction(object pocketmine\network\mcpe\protocol\types\inventory\UseItemTransactionData#195360)
#6 pmsrc/vendor/nethergamesmc/bedrock-protocol/src/InventoryTransactionPacket(94): pocketmine\network\mcpe\handler\InGamePacketHandler->handleInventoryTransaction(object pocketmine\network\mcpe\protocol\InventoryTransactionPacket#92085)
#7 pmsrc/src/network/mcpe/NetworkSession(534): pocketmine\network\mcpe\protocol\InventoryTransactionPacket->handle(object pocketmine\network\mcpe\handler\InGamePacketHandler#114975)
#8 pmsrc/src/network/mcpe/NetworkSession(472): pocketmine\network\mcpe\NetworkSession->handleDataPacket(object pocketmine\network\mcpe\protocol\InventoryTransactionPacket#92085, string[96] .............. ....2.........display...Name....r..l..9Veizer..........V..C|..B.+)
#9 pmsrc/src/network/mcpe/raklib/RakLibInterface(214): pocketmine\network\mcpe\NetworkSession->handleEncoded(string[79] .K.c`b`d....l.X.@,..........R2..r.+9X...sS...-/:.<..r......".8..kq....t[.......)
#10 pmsrc/vendor/pocketmine/raklib-ipc/src/RakLibToUserThreadMessageReceiver(40): pocketmine\network\mcpe\raklib\RakLibInterface->onPacketReceive(int 0, string[88] ....9>'p.].W.S..Fn.H...W...u*x.....?.ei...1.\......^...s.p.DT..|w.e...;.........)
#11 pmsrc/src/network/mcpe/raklib/RakLibInterface(107): raklib\server\ipc\RakLibToUserThreadMessageReceiver->handle(object pocketmine\network\mcpe\raklib\RakLibInterface#191942)
#12 pmsrc/src/TimeTrackingSleeperHandler(58): pocketmine\network\mcpe\raklib\RakLibInterface->pocketmine\network\mcpe\raklib\{closure}()
#13 pmsrc/vendor/pocketmine/snooze/src/SleeperHandler(120): pocketmine\TimeTrackingSleeperHandler->pocketmine\{closure}()
#14 pmsrc/src/TimeTrackingSleeperHandler(77): pocketmine\snooze\SleeperHandler->processNotifications()
#15 pmsrc/vendor/pocketmine/snooze/src/SleeperHandler(79): pocketmine\TimeTrackingSleeperHandler->processNotifications()
#16 pmsrc/src/Server(1750): pocketmine\snooze\SleeperHandler->sleepUntil(float 1734124237.3125)
#17 pmsrc/src/Server(1113): pocketmine\Server->tickProcessor()
#18 pmsrc/src/PocketMine(355): pocketmine\Server->__construct(object pocketmine\thread\ThreadSafeClassLoader#6, object pocketmine\utils\MainLogger#2, string[16] /home/container/, string[24] /home/container/plugins/)
#19 pmsrc/src/PocketMine(378): pocketmine\server()
#20 /home/container/PocketMine-MP.phar(168): require(string[72] phar:///tmp/PocketMine-MP-phar-cache.0/PMMPLURyei.tar/src/PocketMine.php)

Code:
[118] 		//fast path
[119] 		if(self::$members !== null && isset(self::$members[$name])){
[120] 			return self::preprocessMember(self::$members[$name]);
[121] 		}
[122] 
[123] 		//fallback
[124] 		try{
[125] 			return self::_registryFromString($name);
[126] 		}catch(\InvalidArgumentException $e){
[127] 			throw new \Error($e->getMessage(), 0, $e);
[128] 		}
[129] 	}
[130] 
[131] 	/**
[132] 	 * @return object[]
[133] 	 * @phpstan-return array<string, object>
[134] 	 */
[135] 	private static function _registryGetAll() : array{
[136] 		self::checkInit();
[137] 		return array_map(self::preprocessMember(...), self::$members ?? throw new AssumptionFailedError(self::class . "::checkInit() did not initialize self::\$members correctly"));

Loaded plugins:
AdvancedBans 1.2.2 by iRxDuZ for API(s) 5.0.0
AltsFinder 1.0.0 by  for API(s) 5.0.0
BuilderTools 2.0.0-beta1 by CzechPMDevs, VixikHD, dadodasyra for API(s) 5.0.0
DEVirion 1.3.0 by poggit, SOFe for API(s) 5.0.0
DevTools 1.17.1 by PocketMine Team for API(s) 5.0.0
GlazeCosmetics 1.0.0 by GlazeNet for API(s) 5.0.0
MultiWorld 2.1.1 by CzechPMDevs, VixikCZ, fuyutsuki, kaliiks for API(s) 5.3.0
Practice 2.0.0 by JuqnGOOD for API(s) 5.0.0
RankSystem 1.1.3 by IvanCraft623 for API(s) 5.3.0
StaffMode 2.0.1 by ysnl for API(s) 5.0.0

uname -a: Linux 52bca970-e13a-44bb-a6b2-24200d9cb907 5.15.0-125-generic #135-Ubuntu SMP Fri Sep 27 13:53:58 UTC 2024 x86_64
Zend version: 4.2.25
Composer libraries: 
- adhocore/json-comment 1.2.1@651023f9fe52e9efa2198cbaf6e481d1968e2377
- brick/math 0.12.1@f510c0a40911935b77b86859eb5223d58d660df1
- daverandom/callback-validator unknown@unknown
- nethergamesmc/bedrock-data dev-master@c362136334a90b85a0a429ea1c558feab62e39d0
- nethergamesmc/bedrock-protocol dev-master@42d92d093a91ce70d3dd7aa161990d08cfba9bf7
- nethergamesmc/pocketmine-mp dev-stable@41d9f438ed462b8e375b5f8437291b6e91cb851b
- netresearch/jsonmapper unknown@unknown
- pocketmine/bedrock-block-upgrade-schema 5.0.0@20dd5c11e9915bacea4fe2cf649e1d23697a6e52
- pocketmine/bedrock-item-upgrade-schema 1.14.0@9fc7c9bbb558a017395c1cb7dd819c033ee971bb
- pocketmine/binaryutils 0.2.6@ccfc1899b859d45814ea3592e20ebec4cb731c84
- pocketmine/callback-validator 1.0.3@64787469766bcaa7e5885242e85c23c25e8c55a2
- pocketmine/color 0.3.1@a0421f1e9e0b0c619300fb92d593283378f6a5e1
- pocketmine/errorhandler 0.7.0@cae94884368a74ece5294b9ff7fef18732dcd921
- pocketmine/locale-data 2.19.6@93e473e20e7f4515ecf45c5ef0f9155b9247a86e
- pocketmine/log 0.4.0@e6c912c0f9055c81d23108ec2d179b96f404c043
- pocketmine/math 1.0.0@dc132d93595b32e9f210d78b3c8d43c662a5edbf
- pocketmine/nbt 1.0.0@20540271cb59e04672cb163dca73366f207974f1
- pocketmine/netresearch-jsonmapper v4.4.999@9a6610033d56e358e86a3e4fd5f87063c7318833
- pocketmine/raklib 1.1.1@be2783be516bf6e2872ff5c81fb9048596617b97
- pocketmine/raklib-ipc 1.0.1@ce632ef2c6743e71eddb5dc329c49af6555f90bc
- pocketmine/snooze 0.5.0@a86d9ee60ce44755d166d3c7ba4b8b8be8360915
- ramsey/collection 2.0.0@a4b48764bfbb8f3a6a4d1aeb1a35bb5e9ecac4a5
- ramsey/uuid 4.7.6@91039bc1faa45ba123c4328958e620d382ec7088
- rhumsaa/uuid unknown@unknown
- symfony/filesystem v6.4.12@f810e3cbdf7fdc35983968523d09f349fa9ada12
- symfony/polyfill-ctype v1.31.0@a3cc8b044a6ea513310cbd48ef7333b384945638
- symfony/polyfill-mbstring v1.31.0@85181ba99b2345b0ef10ce42ecac37612d9fd341

----------------------REPORT THE DATA BELOW THIS LINE-----------------------

===BEGIN CRASH DUMP===
eNrtPIl220aSv9JD+02kDAHhIkAwI48cyY61Y0daS46zE3jtBtAgEeEyDklMJv++VdUNEKRk5/Lb
t++t7cQiGt3VdV/d1M+TpKxz3r69FnWTlsVk4UwnbZqLycL0bMe0HMv2dMv35pY7nXSVeuV4+tyb
z/2Z788NwzSnk4w37ZO6LuvJ4udJu65g1kQ+Tye5aBq+xJFvS9Z00YrVYpk2bb1muchDUS/Yj937
IgiqmkdtGokguErbIIgAaCOaIPhn2h7j58Xi5dk3r54AyKTLsqdphjCrFa8XBwcHbV4dnJfRlWhf
pIXQXpxr+EaLeLQSunFw/uLF+fNXL9ci1VteHzR1dNC1adYcvFS4XNY8bfVqVSF4BTrHaR+YCtMy
2Ai4YXnAM0AdPv8weWCwKuuWadEcnCtytJynBYFBMg96Kg9WvIgzUR+c87pdP5MPe45j7P92frx9
G/Esu2g5TNsD1NJi+cPsDSM2TRmva77+wXizD7g+MNmGHHEtilaRI2oRP8efBezumvdsrvAMgjGi
2iM5fNqK/FUj9srwRxG1rCIJ5MCYIKBdAFDG17Safqr5T/DdA8/wPJews+5gRzP2XBsQugfoXdy1
R8gKuepPImOPkJELDuT8PdM13fsRIhgShz0C4oyAFKK9KeurgzyqNmI/Lb7huTjnCKqX/sxydsBv
I6w96hrxTGQxYi73mf2RfWzH39lHLQ0CXDuS+T2re9ED5xANsIaiQV0pi/sYvwO4qsu2jMosCNBL
gDKnBXKurNdBcBfgCW/5A9Of2a5BxLqKWFgSlzXSuxL1EhBs8uggFHENG2v9FsSS0x78CKqkZs93
/jwP7gP/u7jwYfwe+JYxnxHZ3odk/K18uAAPixvP7F8h6bfs25P2G8j4GIcemKbjexL/+W/E3/Gs
j+O/Pb/HFLVEyfRTsn7KlEf13TdM3/pDj9bwGKcN2il8+hbYgCO1rme67n8n0p9EvVn3na4f/1vX
v9b/RnzxP8SXml9laXjwkl89T8PTAhxdAvFlzzKdP8KfJ0VUxiLuA4TnAzn/1KN34bsYkcr07/Wj
6QbJlxbi/zf/e/jcXMA/2sFC/zvRhH+CiT7X9av3+Ln9Qa2RIcbYNs8NooogLa0ksZKwyxIsvr5c
1YLHL2SS8FJEIr3GOGh8nFIJEALBNou0R70MFaS9tGiZMYhyPpei9B99Uelv9Nc60Pe00J/B0Gv4
v/vylsj5hw55gq6behBI+v4beaFX+smlrv/7RkcZfzUwTBJv/k5hmoYHJPZ0ACOu0ZKAQz1RH2HP
77DRDzAKvKrpO5ZEfRx9LyHFA4OIroBdF5kQlaiH6DT/gzL5DWt+jrKy6Wrxi4xqpv1BVWqKsvxJ
EK47+JnWrtJ8mJhtpHZ3d34bQzxvZz+JWxDc2QsCE0jw27JNkzTi6GkatdXsDxDq+b+Hzg/v7Y7I
vCAF3DO9mfEbiWrw+VUBqfFekpW8ZaOSwTYt6fpN7549THM3rZNvtEeQcV6dS4TLWmE5jh6bDH/P
ns0+AASyYqCxrbvo3oDQkkUB0+jnBU8EZdPPSx5D2HKn7J41VAAEwQvI5J+XyyXMswafYkJ4OFiV
uTiAbVuYAUnX8NJy7r7sCwRJnv8B8rxda5MuQjLFMu5A3Sp+dCx+IF1FGLV436W1GNy/9Yb98aJp
Mxtrpf3JG6h9iI9QLyF3Jr9MJ+J/sRD8/ZXaLrbbA9OJlM5byEvL7FrkkCLAu7SIgYVRO7yHsb6+
gzGMr0iwac7hRdAG7cFBAiUxq3i7gvem6avxNNlrRJYsFg8lyQ37y+EhK6CeZX/9K0uBznZnwg8P
C0gq3uzv/4yALEMBCtpatF1dMDm7qoUy9Be07ANAviIYpoLxCz1Z8EQf7BHuWRaCO6FhRw0DPyUK
s/tReNtL82ld5hekbHu0rdrV7XcFJxSt9igB41kaP66XHbL5yW0kKnRP7KFQxHrDTiCl8oYV4oZB
rYX6tPcQAssSVFEq1d7+FMP8w36z+RaJkvv02TYUubbkwsGXX9KTRU/sS3akiJJe4Ic39NYe3oLW
Ny0vNDWLauy/S9PqPccjWuKoJQf0JHlW1ek1bwU4B6zYWdIVlHWygXXfiPYxVpBsISETG+yec5LP
YJvR1WmRtnuSVrvn0hiltzmv9j6gGpiyTNmOGv7jH2zD48dN0+Uki6ccLCyWHFfbowUynQWTLVRY
nMasKFuWwmMKcv1JqC2CYNgkKmu0omwdTPYB+V8+N04+N04+N04+N04+N04+N04+N04+N04+N04+
N04+N04+N07+fzROFDnYOHgcX/MiEvHXXD5j2QxV3dbwdDKc0k9MCKIWjPCuXZV1gwVU+vL2pPsX
wuVVigMz3dANfBYFD6GImyxAsmI6iUEZixjXwLumTNqT8QDWXLBBfRt3PwVByAspPGyilNQmOT+7
uHx99vL5CQzdiLBJW8QUa7nHWds8TQtQhjEJm8FtAhC5MQGfCHFMKJpVEHDYN6F9g2ALh18l4+su
zWDqZVlmY1lsDY9JsRBdLRQtN7clcvyTiFbnL07ENS74Lr1Nr57hdjGPy5g365p/KmlFuFOVx7AT
yEwi2iKiQbCD9kepX7Vt1YB6L9N21YV6VOYHIxoOtkABo06efJfWxIOBScPQtqztHVlPKvAF1Jm7
OHsqPhUXJNAguCYUggDYoT6N0FIMuLh8/PLy1fkd4QOhu4IfhrZpMj19R94bE2eXguefiqx+fyBj
g8lHyLhHihvMDgYYQOw3Gf9JHJdNLiB8jEneefFxw5WzIYP+cwRPIJ0BoyjeZwD9aVnnj89PJxsu
9JsEwTZyQTDG81ek+6LL2vR1WWfxiNjR4LZZm/qvG/Txv+g60rprm+4qhc9XPEvTq2aLF/Ynsuwc
Mb1BTMEpj7H+M1Y9AgQcGpraG/6M+tw7Tm+bO//RvS++OTs7+VR6v9tOG+Hxqz78JS+uLtZNK/IR
IaPBHVPW7W1STiHsHtc8aV3L/nOSnFxEZS2edfFIlcfQMenvsRp//i1EXrQ8SV6oowdF42ZsV1o7
urxuiuxTSQphBYHMA38dccC84jWgC2UOoaLfk4LBGk0rSu0m/YnXMT3FaYOoaZALpYTpbSsKJJA8
1zGwGcDPMTGaUZBtt57Bu9zm2XikBEKaZmuoiraBNO8zwNoeD/0EgMbP1CuORdgtYdSAUbSKMMrx
4Gc0LeIZsA3oGo+tuuKKEmSL1to6jdbrqi3VAOZ4kTpG26zr6i2s4zJHGRuGbeJRx3TyY0NSHybg
KVlaJOXOWCu20Enaavy4jLee8q2XK8ixthjVcqRua8nF+fMtAYhrkcWhIsyQIolFkklBIetQRfNQ
ptvjpXkJ2UxBk0xiSb4GyRS4m/rENnNxIN0WatFu8StdhmnB6zWM2birO0G1j8pYbtujd35ytgUm
Lt8S8N1BqSTj0fPVtqAbUu9ma2GeV8PJowtk4Y5V2aS341k1cJWEuxkRIH1U+mUn2W2otS+Bk4Ja
cVs7r/JyS3AXaV5l4vsXW6JpyytRYMNtPLhjLfCI2N6Zc1OnO3p0e6u0o7eGNSdQ8Fp30ILSSlYw
Mr7+C+yCnZ1T6bQBA07ix7R9m5N3w+NR4M6qUkqM+ohHFzwbh6mxD0Eb5I3Y3GsGB2dJBaP0eLIw
QA+atxBXe0/X9zcnC891YYMUz30dM/YTx56L2HGtcC5sbxbOkrlje5Zvhq7wzSicz8wQ4HYKj+dp
0d2ymRVG3PcMTZg21xwnDDXuhpYGVb5hxH4U+obHZroJfleDkl8jetKIPTDtmfYq7Iq2YxcvztnT
OmUXomKWx0x7MYP/5uzV5TGzDMtht3P3rYssxWvLYx8lyDacQdlW1duy6XFD14cPmXqAhAAUT9Rv
wR5rXqeC/CmPVyWGrgN0JhrMUSfhWHmaR+7MNCw78RMxs4QvEm6Z/jwKeeIKZ27Gpu/OhWV7HvIb
yLo6UP4QtBWXJ7A8Mrhj+Kbp27PQ88K5O5/5IpxZlh3P5rHrGnFikh8HGZIZHETqVFqjY2Pe4iUD
YPtVUd4UR+onrLj/cAPmc5gOAtdyjidgR5HtWqbt2rbDfQOkyAEhyxfcjGazeSJ46FrC9mPjgyA3
GjMG61ixb8WGb3NQDuEZsR3HHuema/q+ERvzKAm5HybeHbCbloVGzhZhgl+FkHf0O9QQYNaiEbyO
ViS6nFeVuJ9Ro5ZZT1KY4b9dtazB1LUGTDLnZDyQHRxZRhzPItMUvm/OQBCCO4mwosR1fGHGlu36
HndBIe4HDW4ivwsZfIADoP0k8iI/DENgPTdMz/Zhoyj04nhu+pFh20L4nhmGO6DJjVMEVe7GPYqi
JDLnvg/88GNnNjcdwe2ZbwnLEKGIHABqm9Hc2YZ0r2phqWMfuY439xygzXXBpLknZvP5DMxYzGeR
ZUfWTMxBYfgO1aAWBAODiXnEDccyE2CcMEIjAk2wDSMJQU1mvm3NbdubJy6fCXMbBt2jUUdFBMoD
TkVc+M4cRO/OueeICPjtO6GfJF4iEnPu2VYcgQLugAKxQgLSGwGYoA+s8m3heDYyxkucmTkTEfyI
ZiIxEhDwDPBzPD53xS4oGSRRbMKNfNOKYL4xm0VzVALTmIvIik3PD303cQwnMhx7G4LyBVRJHsWR
CSiDE/BnoQ2+JLFMI/bmoR3NY8eOXNcCxsRhsg2iCNsBgmXMHMPyQF3AgRiO61lRaLp2HHHPtl03
sQzP95xkhyMjO9G27OTaAdJ83z/yueuakFSBP3KFPZuLucuBY0kMlucZrh2BIs1BeNtwZV9elRXm
USgsb26HYma6IThHa+5ZSYKsAvEbDugo7OGFvncfEDz1UVSaR5FwgT2JFbmeYwvPFHEczuLItvzI
8cHvzmYzkEIYbQOSLWiSF9jwEUgz9oVwjUg4jjebxabrxkBIyJ1wDn/F3HbBJ8vUI2/EGvV4k1ZQ
0XcEc5255zphEobzxOYud2KTi9AEOwMDBiWHWO7wEZCuS2U88lDrTMP2w8hMOHfAi5hgQw4YgQ8M
dsHD2HNLRJ4xn+PyVZc3nPfr73qwZp0nZbE+wAS3UeXe5NoFAZrWUTI3DWFHYQymAYya+XMbwtIM
4ovhJ7bjJ9znMew/glOV2RpgZVqfc19DaWgizXYUzUPDccDB8Zlpg5oDYGcuEtAxO7Tnju/MXHt+
H6xRRtuDA189NyEM+KFlAxMMsFwUiYWcsz3XBINIYtsxZbE0iFNfUyL1gGFHlkVlkaTLrqaTCYYs
YElZs608KCgesMsV6DlrRNsCEg3jtWAQdlhZiAY+8JZFvMCLO6FgaRFlXSxi+MBk11yHIAd20UJW
gLAuyhxWJghgF2bDEzFlJUa0BkGyEPLFK7Yuu1rBYmnCIKFLk5R22FwGAsDfipsB3AFUBbzL2obd
lMUXLUPL5DWD4rXM8cIO+Oo1Ytiu0kbSfbMSBZOxBQDoQREUPbBFUDD24PWKQi1rS9gF8k0AoQ4a
gAd4io1VSCxfE6rSYTLgZyZa4hd2EyPBpD/GkRwhA8cjoWUc8/GlWLCEZ43AF82qa2PQUk3delyw
YCLPWRiemYk4mBBmj7OsvGFZ2iC2/RUodp1y9p+dqNc45z1+0NSrBcN0lZY+oVJdrWGAF96vgue6
BKYgtHDNFCtxvqzsteH1CNkHr0FRQSOArzyOGThGyX5kK54ssVxwPObDHJAB00OBSANzxPuOZ8i2
ZXoNcyF6doLtqU0hSd1H6HJHodWigkJOA7bjQdACXtPe33Z4OQy16nGzLqJL3lwxPOkEPdJpwivg
Fql2TylOW9VlUXYgPZjeTBl1xZisCtAepgzT2lqe5xNvbkSIY3lXqMM8CfyCxAs0gZbV5W0KGiaA
DUASaW4xIIe8VQidJqirOAd1csrS9gtgH95jhaFYtHgIhiqzs5jtAQ0d2I1FbCEyNEXpgkDt6ion
5ai7okBxxlhBlxUJgaqYRmcn4lp9Znm6XIEx11B8TcfGpxRnSrfvuqqVo5JhyBioroWii4QLRknZ
fiwNgl+XaQxo348B6gjqXAmMBu3SR4qG+auc1OtsUOQCdltLm/wmK0NQHmwqMTkOZpCneIMQnpc8
XLfAcHYhOW0Qb2ULiJZfotBuUmI8KRTY7I0mAfU61hCBSQoYgkOiG2cIJqmF6LeUOg7C6tBK2bIE
OZVopagUuNGS0NQItQUzkArYnTywLOD/z1OAXbqP4b/idfzn8G/asiIUlPccUFLgGgbeo8JbmPGA
EO7aYwXFpKMQIx/wmoxC4dd88QkwJLMglNBhsKiD2FNA7GHiVkQd+d5SoiwNEmPVMFvcRkLEzYYi
6bfOLp8s2OWz0wv2/PTF6SV7fH7+/PTJBTt/8pK9Pnv5zycvpwwmscszmPWEvX529vwJO395dvzk
4kLf9QBb/LBmrmLHuajTkuIx+uEGCaRLtz03Bl9rAu8hI4jJtdAUDTyhkF6WQB2XBdAJ/hm0Cen9
kLJJJbtZYWAFnqAHktMIsgQCnnfjx3vjhj3OMIRgmKcF+t3ZqAuqxQxiq0SE2YDkLKIr5SrXDjSA
eomq2ZBqG4rWZv9+lBTltqJ8yesQLEPb5LLkgO7nLpkaoqNWMbUKXHfOi45yjzEmkJd1oIN0ofpe
JezVUEbXJAFYkt58Y4I6O5MuXyo8JA9ll8UDLinEkJuCbfBvJOCK0AdCXcNQtMJuT8lZ3ImRpDoS
wkBbUpd5H2vlajVDG6vmWMJIjZLkHd1g96jUlnZc9PkiiqyGnVANlSLHXV7J5EpmcEy90PBFL68T
nKQWEO6EZk8BPEGUB2Pn9zAYYjbEPdjhWuDXLDqBjqFdgdSWfbKJTgt322A17QUpUwSVU+oSG5z6
QT7l/Faj/n7T437MKxxN8y6HEIuXERB4i/c7UJBMXliWWGz4ivaiWEkWc1fHINeuFEa0oYZJcAcx
1xkkdlLKV7s6jakRej0JX07uTUjCUhPHlFHiIG+6DLSdACqUqkD2iNwD7GR+IaFUdLGQyTWSwg11
sEzxU53vqJ1x8ibZRQZmWAUouB8H9TE9DAp1k26hQgRkZqsykxlmiF9NoUScUIakCVRIBRnybbLw
UW9laAnFkGvK8PZgLKX+FbrVet2u6HsimjkSIAmPNtbaHhkVAshrb9JYOkLBDDKWlGMpQ3k+LoZB
hZbOnkEqCLp0SLkdOz5/NYW1gEMI9nWTxqD2lCtI7znA1wj+grl91r1JyBvizjiljjsKIoOdYRcT
EKKXYG1FBGYHjwwLqyICSwo7SJL4GnQ/7qIt42R4YLiJh6NdxiXKtqCk4Y+m3pFUL6OM10tyrVxV
jHeFtuUtM/Jl4GoEyohWUzq1QkzHRcr0LhKghFiwgnYBiyFLEfSVJkJYAlJI3UvsWPqmQR4di7xb
9PKYcfNMZyiUV+fFeV97bOphLK1woxtII3BhVxWVpp53ir0Xygs1+B2dnmtIWs+yBhMAlUJCFSPN
ZZRqOL4lF+3r7PxX2Ew7JjVfIgnAamBFU2WUwWG1nQPy6Px4jXp7nKUwS7YP8PadaFr24vIVYdoA
SUg26hG2K0i1N9vJWkvvfW/edhquWhC243IZtBFPWMn3JQz7JBGexQ9ktvCUpJHOKGqvOCZFLM2B
Ny06S5AG/c4ccNtSp0F814T0CjkBUYgCE6QsnMKbMgmZWsHcVtksUiJku0S5flVcnpxR0nhyevH4
a8gXKb/sCjJfDGAdRg46bpVJU4rGqb6sGI/Lrw2dG99H59SLvoZ9xEysXVUKvwL3Te+Z6lg0sseC
hlI0pUxmlIcwEZjEWkI7XpVlQ32YvnQVfXOCoho2nlnDr/voCR+FJt9RU3rU1QDE6EBOJrGqRfVj
mRayP0Kc+oJ9H5a36AlrdnrC9r5/dXqyD3IHNwg4wPwbEBsKJiWDppK2jhV/ZDoG1lBuZFeA+X3/
9fMevip3RyNf0GZ4xEeJFIlXpWZEW9k3zFRacQv4aXjd4rBMEtoW3qXJWrvt0ngjEOKntt2ruqRm
kzQ1+euZJA8o8im76hrV9EI328qwo9Zocs2CqQN33EaGVBUu1C6YE/BiOdRsBS7LdlOTaT/rOhU3
2pCw3NcflMx9nJcdeo9Exn7lTIBlPWsx18FsmzpDIH78DOGOFr+k1GW0mAgvhOxEhEICC0WCtt9U
/KboY5D6uheqFg4PSZCxIR83Gsi/sxOvAW+IBL3Gwn49lvhzAGju9KzoxAxNpUljwdQe2BDloDNN
F44JWWJeADNELLMBehiiNTXPlHx5FIlMUPEjNZR2zdIr2AJLf3ImGQdmLOvypl1JVwRbcLaS0EZ+
Cgy4aWWWQchqyPYeNW0jAxlwTk+aEV3oaVF4EhqTJ7EDmaqJ1mdu8vRwzGeApwGKUPkPT3iXq/+M
Bc5GQJvu3aKPUzrju/qknNINT6lqhyAhI3WIXaiqy3pzUA8YWGmOCge2hRtSuYek004YSdEjQeqj
CikcUf3KhUrpsL1KTQQ5LDMi9R0BQGTjeeONM0OL0/A7RDtDg8FvD6sbDqNYDXauyft7w8wVCHMh
UdHxFomeloQxuLB1jkUwfbm4wQuRG9Qx/Kj3bPOeSCD3xZfLWixV51S1WWU7qVXfjtiij/ADH3J2
cobX5DXl7GXcR7d0I2SlxenrxLhjQ4hvCKAxfXS2AfF34HxX4fUtKZw7TAWByvdKwyDDwQsKFKNG
ceQYjyDEuGUJCVtWrTjYikCPXTN5uq7LHrVIRA25qYb+rsAgJ9/2MUlGBL7VAlW3S0ZBtINaA3IW
8pm9a1IAScryfb/HHalKusZibdN8ExlUlEWgOB+1HgMBShHdM25IvV21qO/j65sN1JvxDj3n7vSe
I8pdsRfMUYHwSGKUDVBFrQw/Bs4WsrZheHAW9700NXdIudMlRJk+DEMum3R0eIC2h8gC7hFmogXD
ZJtSniGoUpt5DBNzPvSish7aE/pSJyLhQS6ashPULvgp2kjfH6VGaVF17VhVPpS9qNAo9Vfa/ahT
2GPSpq3Sor4nuFKD0tvXA/09v/AXX0BeThSmyQAILw10tTxOQ8fbN8pkEAJ4ylH32QNkmFhjSdHJ
tKZRZT2V4zJjRFnGIKIaCuJrOtKCT7zqJcsUFEnAg8cMFR2QoWHKxLHAwONCXEpZt8xaB83AYw0F
ZL+HIh8xJwHbjhlJj7iAZUWNoRI0ZhcFmB5BHQHzw/VwFLZ7pAnGhr9XQFc9JUxkFGW8kIBkKy4l
+/jhDZS+GDYh29sDngoZidHc01ux2ZnmBKOz1gX2tIOJRBoZ1h+xcajw5M6hUDvH+1IEuGQBW/ao
Hfcc6gWqpk9lM1Cmjz372X+BrJDd4Jppy0TZ4cAl6YJSDD34+0L2eiL25W6YnE4pXUCdQpnh1J5A
RAF5j/f1oAbRSUkJDq5Da+oa2d1sylxIW77LFIUKLgHelLXcOVBfZcLh7SlSHXiIcZT9sMPdNyMR
4rHjRn54HKpMjIDtNftSbmlL2qhUHmsWmKXcMGygPr2Rb8GrKIlQuQHrpmx3X6ycrlB1tnRa5vBc
/WISQAjd7ENq2uApBqEGuQsg2c+ZsocWOWJ5CoLdaXQ7Ek88HOUx0A2olBUAegObs3fDMJAtbt8x
7RF7B6/pgdZdgSIg9l0agcUA8nwN4jjFHp3MiHECgAsmEiA9bmCpde/Y3+DzvUtxbjB5NyAp0zvY
Eh+Q4IdWvyue/KMPwIL4x65BXaav1GLK/ND6S4/CBgoBB48HCVwRS4QI6vbwgNrH4KvZfyFUB9Hl
HAXXywi783Rxa832wNZJW0YaBClLmjXqVGc9GCTkb9fAonhfifghGBAGkocPoTR++NCS8sOdxvLr
BTiM3yPA6ej1O6lPRTlC95DR9a4RPUqzoA5Zgu5hqr2kuxYjNawwyWca21utK0iz9hlPWtWlwa+3
3Up024rMCJBtUdk0iawaxcYi8wz8IRGGOVtDMoujw7pmhK/Znw2pJqbaWnpZRAAAveu5PaJKlY94
eHmrLjlseX15BI2iBFBxOfI+kB+JnqCNFZDxylJ4KJfHV1G2gwwd5MiyAvM90d5buTKJDUVM7EXS
AQB+LabKhCq7VS+O4+1puS+Ny48AERNUx3Dk47Djgj19/vhSDmKbT+DZ3lfqRuR05t+COyrE1L6N
07qdUp30leqtyMse42MTKRjkNoR/darJO5UPZpBQRGsmv7zb1X1F1PeK6+GaCKX7KOCMR3QNp+n5
pPVXTMDeZCPtwVPK82krmr8FhDpRauTtaESjjs6o1VLKbhvJv1Ft9ugKG5MNNU+h7AjTLG3X0kwG
PQFUWpCK/Oa1LttPSCXB1wDJoVDCa1e7QsWLUucbER/TbSm6LhQUD14D6SciYqbJTH9hugvLZOcX
l3StOijyso0P5a+gwItE9OVozP0OTd9yoD68WaWt0DBIHRpYeRVQokZDP4tHq1TI3xzWHJZ4FYk6
EnhbWCZnuAh7lKojcjhDIKh9WpLhHQ5sGfWreJHmQON4KC9DCRdb7nhBHuHJe0jDCE3HE2W8eCKf
quuKVsUptjdBu9eHUAoPqjrUpId9Vwoj+KH8ttnQpxLx8BoT/cOTJ08fv3oOGq4ya7qqdCjzUzVU
QyyUGOAnHR0LAI0Pv6Q/quDDAE3YbbWZDmdBMWqkFYMw0urQ0OlvUNCW+lg8I4lduzBo2vaATVrB
EELqr2wdCqxtJ7/8D9BDt6w=
===END CRASH DUMP===
