PocketMine-MP Crash Dump Fri Dec 6 20:04:58 PST 2024

PocketMine-MP version: 5.22.0 [Protocol 766]
Git commit: ba6828c6bd6ad76c0d99f8f8243b95cd13bc2463
PHP version: 8.2.25
OS: Linux, linux

THIS CRASH WAS CAUSED BY A PLUGIN
BAD PLUGIN: Practice

Thread: Main
Error: Call to undefined method pocketmine\network\mcpe\protocol\PlayerAuthInputPacket::hasFlag()
File: plugins/Practice-main/src/juqn/practice/handler/MainHandler
Line: 406
Type: Error
Backtrace:
#0 pmsrc/src/event/RegisteredListener(61): juqn\practice\handler\MainHandler->handlePacketReceive(object pocketmine\event\server\DataPacketReceiveEvent#85816)
#1 pmsrc/src/event/Event(63): pocketmine\event\RegisteredListener->callEvent(object pocketmine\event\server\DataPacketReceiveEvent#85816)
#2 pmsrc/src/network/mcpe/NetworkSession(464): pocketmine\event\Event->call()
#3 pmsrc/src/network/mcpe/NetworkSession(410): pocketmine\network\mcpe\NetworkSession->handleDataPacket(object pocketmine\network\mcpe\protocol\PlayerAuthInputPacket#85837, string[94] .....>..'C. .D..<C. .D..........'C..............>..'C......................?W>..)
#4 pmsrc/src/network/mcpe/raklib/RakLibInterface(214): pocketmine\network\mcpe\NetworkSession->handleEncoded(string[67] ......C.n.]ug..N...l.4......'4.hhh8.....S*.....`/...c.n.i..u.{.=L..)
#5 pmsrc/vendor/pocketmine/raklib-ipc/src/RakLibToUserThreadMessageReceiver(40): pocketmine\network\mcpe\raklib\RakLibInterface->onPacketReceive(int 1, string[76] .a..f.:z.f..{..j._=a.sp......d..?SV~.....1.!r....e.m....'....{..ta..k.t`.k..)
#6 pmsrc/src/network/mcpe/raklib/RakLibInterface(107): raklib\server\ipc\RakLibToUserThreadMessageReceiver->handle(object pocketmine\network\mcpe\raklib\RakLibInterface#185462)
#7 pmsrc/src/TimeTrackingSleeperHandler(58): pocketmine\network\mcpe\raklib\RakLibInterface->pocketmine\network\mcpe\raklib\{closure}()
#8 pmsrc/vendor/pocketmine/snooze/src/SleeperHandler(120): pocketmine\TimeTrackingSleeperHandler->pocketmine\{closure}()
#9 pmsrc/src/TimeTrackingSleeperHandler(77): pocketmine\snooze\SleeperHandler->processNotifications()
#10 pmsrc/vendor/pocketmine/snooze/src/SleeperHandler(79): pocketmine\TimeTrackingSleeperHandler->processNotifications()
#11 pmsrc/src/Server(1705): pocketmine\snooze\SleeperHandler->sleepUntil(float 1733544298.1325)
#12 pmsrc/src/Server(1069): pocketmine\Server->tickProcessor()
#13 pmsrc/src/PocketMine(355): pocketmine\Server->__construct(object pocketmine\thread\ThreadSafeClassLoader#6, object pocketmine\utils\MainLogger#2, string[16] /home/container/, string[24] /home/container/plugins/)
#14 pmsrc/src/PocketMine(378): pocketmine\server()
#15 /home/container/PocketMine-MP.phar(168): require(string[72] phar:///tmp/PocketMine-MP-phar-cache.0/PMMP4HsvZr.tar/src/PocketMine.php)

Code:
[397]     }
[398] 
[399]     public function handlePacketReceive(DataPacketReceiveEvent $event): void
[400]     {
[401]         $packet = $event->getPacket();
[402]         $player = $event->getOrigin()->getPlayer();
[403] 
[404]         if ($player === null) {
[405]             return;
[406]         }
[407]         $session = SessionManager::getInstance()->getSession($player);
[408] 
[409]         if ($session === null) {
[410]             return;
[411]         }
[412] 
[413]         if ($packet instanceof PlayerAuthInputPacket) {
[414]             if ($session->getSettingData()->getSetting('auto_sprint')->isEnabled()) {
[415]                 $inputFlags = $packet->getInputFlags();
[416] 

Loaded plugins:
AdvancedBans 1.2.2 by iRxDuZ for API(s) 5.0.0
AltsFinder 1.0.0 by  for API(s) 5.0.0
DEVirion 1.3.0 by poggit, SOFe for API(s) 5.0.0
DevTools 1.17.1 by PocketMine Team for API(s) 5.0.0
GlazeCosmetics 1.0.0 by GlazeNet for API(s) 5.0.0
MultiWorld 2.1.1 by CzechPMDevs, VixikCZ, fuyutsuki, kaliiks for API(s) 5.3.0
Practice 2.0.0 by JuqnGOOD for API(s) 5.0.0
RankSystem 1.1.3 by IvanCraft623 for API(s) 5.3.0
StaffMode 2.0.1 by ysnl for API(s) 5.0.0

uname -a: Linux 52bca970-e13a-44bb-a6b2-24200d9cb907 5.15.0-125-generic #135-Ubuntu SMP Fri Sep 27 13:53:58 UTC 2024 x86_64
Zend version: 4.2.25
Composer libraries: 
- adhocore/json-comment 1.2.1@651023f9fe52e9efa2198cbaf6e481d1968e2377
- brick/math 0.12.1@f510c0a40911935b77b86859eb5223d58d660df1
- daverandom/callback-validator unknown@unknown
- netresearch/jsonmapper unknown@unknown
- pocketmine/bedrock-block-upgrade-schema 5.0.0@20dd5c11e9915bacea4fe2cf649e1d23697a6e52
- pocketmine/bedrock-data 2.15.0+bedrock-1.21.50@6e819f36d781866ce63d2406be2ce7f2d1afd9ad
- pocketmine/bedrock-item-upgrade-schema 1.14.0@9fc7c9bbb558a017395c1cb7dd819c033ee971bb
- pocketmine/bedrock-protocol 35.0.0+bedrock-1.21.50@bd1ec79bae8c88aa984e1c5f0c3313be5ae9b435
- pocketmine/binaryutils 0.2.6@ccfc1899b859d45814ea3592e20ebec4cb731c84
- pocketmine/callback-validator 1.0.3@64787469766bcaa7e5885242e85c23c25e8c55a2
- pocketmine/color 0.3.1@a0421f1e9e0b0c619300fb92d593283378f6a5e1
- pocketmine/errorhandler 0.7.0@cae94884368a74ece5294b9ff7fef18732dcd921
- pocketmine/locale-data 2.19.6@93e473e20e7f4515ecf45c5ef0f9155b9247a86e
- pocketmine/log 0.4.0@e6c912c0f9055c81d23108ec2d179b96f404c043
- pocketmine/math 1.0.0@dc132d93595b32e9f210d78b3c8d43c662a5edbf
- pocketmine/nbt 1.0.0@20540271cb59e04672cb163dca73366f207974f1
- pocketmine/netresearch-jsonmapper v4.4.999@9a6610033d56e358e86a3e4fd5f87063c7318833
- pocketmine/pocketmine-mp dev-stable@ba6828c6bd6ad76c0d99f8f8243b95cd13bc2463
- pocketmine/raklib 1.1.1@be2783be516bf6e2872ff5c81fb9048596617b97
- pocketmine/raklib-ipc 1.0.1@ce632ef2c6743e71eddb5dc329c49af6555f90bc
- pocketmine/snooze 0.5.0@a86d9ee60ce44755d166d3c7ba4b8b8be8360915
- ramsey/collection 2.0.0@a4b48764bfbb8f3a6a4d1aeb1a35bb5e9ecac4a5
- ramsey/uuid 4.7.6@91039bc1faa45ba123c4328958e620d382ec7088
- rhumsaa/uuid unknown@unknown
- symfony/filesystem v6.4.13@4856c9cf585d5a0313d8d35afd681a526f038dd3
- symfony/polyfill-ctype v1.31.0@a3cc8b044a6ea513310cbd48ef7333b384945638
- symfony/polyfill-mbstring v1.31.0@85181ba99b2345b0ef10ce42ecac37612d9fd341

----------------------REPORT THE DATA BELOW THIS LINE-----------------------

===BEGIN CRASH DUMP===
eNrtPGl320aSf6WH9nuWZgQINwHOymuPZE+0a0VaS46zGfrZDaBBIsIVHJLovOxv36rqBghQsnP5
w3ywMiMRje7quq9u+udZUtY5b9/fiLpJy2K2cA5mbZqL2cKc27brOFbg66YReLZ/MOsq+cq2Dd3z
gsBygrnjOKZ7MMt4076o67KeLX6etZsKZs3k88EsF03DVzhyzLOMtSXrilgkaSFilot2XcasKqNr
0eYwtFwWor0t6+vlMo8qeKzqsi2jMlsuLzK+EfXzrl2fFlXXXnBcs1isefMy46u9fdgq6bLsZZrh
XofrMheHUVm0HMDWh1XWrdKiObyoedSmkdByGD9s6ujwx+6n4rBSw4drXsQZzD+D19/Iz3q1rhC4
BPwnAAGQDJABLhse8Blmwud/zR4ZrMoRAP5f3IiiPXwtVmnTilrEr/AvELDnmfsLhlsgT+Qey6Xa
ZLkc7aI9laOSQa9FJNIbsVeGP4qonXCatlouG1HfIIgT3vLJmhf4/pHv+qaHzH1k3kOTZux5NmD2
AOD7RGhPI1ABueoLIGSNEFJqc4hac/itfLgEzQOt3nM852EMCaBEivTnkf1bIZrGDsQdtZ3O70Wy
pegh8n+f5iMf7PkBa9o6LVb/Cpx3TMefp7r+5Fhn+omu/4f62//A+OTn6f2h/uc/38JLYonzKZbU
/DpLw8PX/PpVGp4WIOgEFHrPMp0/wpoXRVTGIt5T5HhzRY5+rBf6u26l69/CQ6Y7ihRHX6/XPn2+
/Cv9+XAIvyKYnep6p/+sH71SFLiKAhB2XIInGFBTJGhpJcmTpFyVb0ADr9a14PGZ9F1K/+o951fE
LgGC6k+Zoj0ti6k5pkXLzEF4cw+o5bqe6IuP8AuQ13/U3x9xvakkuTFI5PK7/6PPpv6XGv8KPSdO
4C9Y0ML6a739AL8k2d7vFJxpzIG4noLeCIE3PTmfYUwvxd+g1p9g0SPTdx3PIsznI8yvIORcgb+7
Bj5dZkJUolZ+bs/1/6AwfsOan6OsbLpa/CL9gv9JFWqKsvwoCNUd9ExrV1k+TcsUp53Ng9/Gjvl8
ZzuJ2nJ5b6u6jEB835ZtmqQRb8EKG7mTafwBOufB7yHz03uPw8slad+eOTfc30hUg89vijbN9pKs
5GBdowTGtly5h/XAHoa3S4B8oz2FGHt9IREua4XlOEJc0JozWLNnu+4ngLx/D0kI2HkXPej0WzIn
YBr9veSJOIZkqnlV8ljUj7wD9sCaDqhsZMx/Va5WMM8aXIkJrmQ39xleWs79l30+I8lzPkHefNfW
pH9QTHHvQd2u1c4uIIHiwGgPYdTipy6tRe/n59Y7hm8Xh4eHbV5N12n4Rot4tBa6cXhxdnbhfNPc
/FCDr6t3MMQcbX/2DrIq4iPkacid2S8HM/FvkJZ+6cxxl8bpwIHa6X1a3JTZjcghyYF3MbA9aoe3
MNIjAmMYfJFJdjCHFwx+foFRO/DhiT4EarjqwiyNWNIVERoveyjXfDhxY48p6wIduCnTGIA6hqGA
/kxPpnrCn8cVrWdHapX2dCUUb/f2/07Trcl0ksJ0+nmdAp17+3ItTejX2pIsx3BGQNKE7Q2Ajo5Y
AdXEvsLNHc3Dn1q0XV1IYN7o3S80Mh+j1shEB3BTKc8ZL0Dx6sUC0DoF18ALiL4Syz6/VGgobP0e
22AX2wH2FF3T+DS6prmLrmkp+KZ9jxtSCqnCskzYg+reb+vsbDvGUdHXtmD2qCADxTSy94R3bfm+
qcArtE/gVdq8KHiYQUa430PflQFxN0Us0NIaFL7ElwCfDi+U0E2UE1nL18Lra+H1tfD6Wnh9Lby+
Fl5fC6+vhdfXwusLFF6KHCwinsc3mC3G/+DyueB4bDAdPpgNZw4zU7d0C0YgBVyXdYOpWfr67qT7
AeHyKsUBVzd0A5+FTAtnC5CsOJjFoIxFjGvgXVMm7cl4ACss2KC+i7uPy2XICyk8LKdKKpguzi+v
3p6/fnUCQ7cibNJWqCzxedY2L1MoCesxCdvBKQGI3JiAL4R4A3VAs14uOeyb0L7L5QSHXyXj5MV3
aU1YDkQMQ1MS7B0SZhWoeIoF4+X5S/GlRCGBLpc3hMJyGYv+0wgtRdXl1fPXV28u7tMkbq7KMhvr
1jA0pcmc6+aUqK3msivB8y9FVr8/kLHF5DNkrNu2asD2gBfrLtSjMh/Z1OEAA4j9Z8Y/iuOyyQV4
xTHJOy8+r49yNmSAf47gGcRo3myKnzKA/rKs8+cXp7MtF/pNlsspcsvlGM9fke5Zl7Xp27LO4hGx
o8ExoRYkZTsCPv4oovXFGbAQ9/ouvUuvj3+gs8FN1zbddQqfr3mWptfNhBf2Hxd+hFtWOagyUJoj
preIKfiaMdafNdUH9GFEyOEIEHBo6Nts+TNq5Yy5c08N/gvq2H+en598Kb3frYtHePyqa3rNi+vL
DRSo+YiQ0eCOKev2lJRTiCbHNU9az7L/nCRnl1FZi2+6eKTKY+iYyfZYjT//FiIvW54kZ6q7pmjc
ju1Ka0eXN02RfSlJIazlUqY3v444YF7xGtCF3J1Q0R/ILGCNphWldpt+5HVMT3HaIGoahPiUML1r
RYEEkuc6BjYDeB/jvQvzY95OnsG73OXZeKQEQppmMlRFUyDNTxlgbY+HPgKg8TOva76JRditYNSA
UbSKMMp5ux5Pi3gGbAO6xmPrrrimvM+itbZOo/Wmaks1gKlLpLrL23VdPcE6LnOUsWHYpmkFMPBj
Q1IfJmCTOC2ScmesFRN0krYaP67iyVM+ebmG1GHCqJYjdZMllxevJgIQNyKLQ0WYIUUSiySTgkLW
oYrmocwix0vzsm6JItBiYkm+AckUuJv6xLZzcSCdCrVoJ/xKV2Fa8HoDYzbu6s1Q7aMyltv26F2c
nE/AxOV7Ar47KJVkPHqxngq6IfVuJgvzvBpa6x6QhTtWZZPejWfVwFUS7nZEgPRR6VedZLeh1r4G
Tgrqm092XuflRHCXaV5l4vuziWja8loU6cepOuxYCzwitvfm3Nbpjh7d3Snt6K1hwwkUvNYdtKC0
kom5jK8/gF2w8wuqCLZgwEn8mLbvc/Ju2H4G7qwrpcSoj9h65Nk4TI19CNogb8T28hE4OEvZZpdi
+Adz8UAVmvcQWmeLhGcNeLu+PTdbzD14iynqAgB5vuVHXhh7PJ57kREHQeInvuXYYeBGsWmHkeV4
GEI6hcurtOjumGuFEQ/mhiZMm2uOE4Ya90JLsxzYPA6iMDDmzNVN8L2aabka0ZRGDApSV3sTdkXb
scuzC/ayTtmlqJg1Z6a9cOF/Pntzdcwsw3LYne+995CteJNo7KcE2YczKNy6el82PW7o/vAhUw+Q
FIDyifo92GTN61SQT+XxusTwdYgORYM56rgHiyrzmeeahmUnQSJcSwQi4ZYZ+FHIE084vhmbgecL
y57PkedA1vWh8omgsbg8geWRwR0jMM3AdsP5PPQ93w1E6FqWHbt+7HlGnJjky0GOZAqH2NYNeXSt
3UCeBT4ez9+A7ddFeVs8U39hRSHaWjSC19GakM95VYmHp476IaGIa3jSwgx/d9WqBoXXGlDMnJMK
QYx8Zhlx7EamKYLAdAEVwZ1EWFHiOYEwY8v2gjn3gCUPgwaUuUwuAdrf+lEyBtd45gnfDBLbi+e+
6XteJDw7thzDC2EDMU+s2ORJHPD4YdhgiPl9rMHKHEA7SKJ5FIRh6Lo+N8y5DaprRuE8jmHLyLBt
IYK5GYYPg94axswmNtxDPYxNEc2DkAs/8n3OA98RZuQmRmTbYCHC5SIIHdvdgU+OmGKgchjesyhK
ItMPghCUIXZc33QEt93AEpYhQhE5gLRtRr4zhfSgYmCxYj/znLk/d0AungcGyefC9X0XjFD4bmTZ
keUCyq7LdyQG1BIMDAfmM244lpmA0IURGpEHGmsYSRhYsRvYlm/bcz/xuCvMKQw6IFbnOQRqDpKI
gBOO7zu25/O5IyLQlcAJgySZJyIx/bltxVEcWDugQCUhhRjpTwCsCmzhzG1kzDxxXNMVEfyJXJEY
CSinC/g5c+57YheUDHOoFsKLAtOKYL7hupGPCmwavohA1UCYgZc4hhMZjj2FoCyZasFncWQCymDC
gRva4AkSyzRAgUM78mPHjjzPAsbEYTIFUYTtAMEyXMew5qCOYP6G482tKDRB9SM+t23PSyxjHsyd
ZIcjIxvXJjZ+4wBpQRA8C7jnmZAWgTfxhO36wvc4cCyJ3cSfG54dgSL5ILwp3O1HjZIeCBAa5DeQ
ej77HaHg3omEqjTMZ2DMcx8twvRC8JWWP7eSBHkP+mQ4oPSA9DwM5g8BwWMNxTbzGboHSyRW5M0d
W8xNEcehG0e2FUROAG7YdV0QaxhNAclmKykAWPIzUI84EMIzIuE4c9eNTc+LgTMhd0If/hO+7YGL
ltlI3ogNGsY206A68BnMdfy554RJGPqJzT3ugKsSoQmGCx4HrAbCu8NHQLouleFpjmpsGnYQRmbC
uQMu1QSjdMCqApCYB+7W9i1wLYbv4/J1lzec9+vvu/NmkydlsTnEnLdRFeDsxgONMO1nwF3Q9yhx
fTd2OeTLduzHtgtO1fNN7lpeYth+HNsjOFWZbQBWpvVp+A1UiybSbEeRHxqOA96euyZ4OSMKY8cX
CSitHdq+EziuZ/sPwRoluT043zV9M+Tg9iwbmGCAK0CRWMg5e+6ZYGFJbDumrJ8Gceobyq0eMew9
sqgsknTV1dSDZ8gClpQ1m6RGy+IRu1qD4bBGno83jNeCtWvBykI08IG3LOJFUbYsFCwtoqyLRQwf
mOwP6xAMwNBaSBIQ1mWZw8oEAezCbHgiDlgJb+oGQbIQUshrtim7WsHCY3zI8dIkpR0g2cCLJNkG
AX8rbgdwh1Ao8C5rG3ZbFk9ahqbOa4YH++CLUnT+G8SwXaeNpPt2LQomgyEA0JfFsuiBLZYFY4/e
rgUihrdzGkxB8aaOlArwALKNBguTWL4mVKUHZsDPTLTEL2wwRkLdU8GRHCEDxyOhZRxT9JVYMMot
8UWz7toYtFRT94MWbDmTJwoMD4dEvJwRZs+zrLxlWdogtkw1v9lNytn/dKLe4Jyf8IOmXi0Y1uq0
VF5sUGsY4MUwf2MgMWAKQgs3TLES58tiXxtej5B99BYUFTQC+MrjmIGnlexHtuIZCssFx/MsTAkZ
MD0UiDQwR/zUcbrztEpvYC6E406wPbUp5Kz7CF3uKLRaVFDbacB2PPJYwGva+9suD4EroFXPm00R
XfHmmuGJHuiRThPeALdItXtKcdq6LouyA+nB9OaAUaOMyUIB7eGAYZZbq2styJtbEeJY3hXq2EoC
vyTxAk2gZXV5l4KGCWADkESaWwzIIW8VQqcJ6irOQZ08YGn7BG9+1bQsFi0e96DK7Cxme0BDB3Zj
EVuIDE1RuiBQu7rKSTnqrihQnDEW1WVFQqDCptHZibhRn1mertZgzDXUYwdj41OKgxyp665q5ahk
GDIGCm6h6CLhglFS8h9Lg+B4ywrQfhgD1BHUuRIYDdqljxQNQ6mc1OvsssgF7LaRNvnPrAxBebDP
xOQ4mEGe4i0heF7xcNMCw9ml5LRBvJVdIVp+hUK7TYnxpFBgs7eaBNTrWEMEJilgCA6J7owgmKQW
ot9S6jgIq0MrZasS5FSilaJS4EYrQlMj1BbMQCpgd/LAsqb/t6cAG3efw3/N6/jP4d+0ZUUoKO85
oKTANQy8R8UbdHs9QrhrjxXUlo5CjHzAWzIKhV/z5AtgSGZBKKHDYFEHsaeA2MPEnYg68r2lRFka
JMaqYba4i4SImy1F0m+dX71YsKtvTi/Zq9Oz0yv2/OLi1emLS3bx4jV7e/76v1+8PmAwiV2dw6wX
7O03569esIvX58cvLi/1XQ8w4YfleoodF6JOS4rH6IcbJBBqPfLIxI3B15rAe8gIYnItNEUDTyik
lyVQx2UBdIJ/Bm1Cej+lbFLJbtcYWIEn6IHkNIIsgYDn3frx3rhhj3MMIRjmaYF+fzbqguo6g9gq
EWE2IDmL6Eq5yrUDDaBeomq2pNqGorXZfxglRbmtKF/xOgTL0La5LDmgh7lLpoboqFVMrQLXnfOi
o9xjjAnkZR3o4P5BHxJ2lbBXQxldkwRgSXrzrQnq7Fy6fKnwkDyUXRYPuKQQQ24LtsW/kYArQh8I
9QxD0Qq7vSRncS9GkupICANtSV3mfayVq9UMbayaYwkjNUqS93SDPaBSE+247PNFFFkNO6EaKkWO
u7ySyZXM4Jh6oeGLXl4nOEktINwJzZ4CeIIoD8bOH2AwxGyIe7DDDShZ03QCHUO7Bqmt+mQTnRbu
tsXqoBekTBFUTqlLbHDqJ/mU8zuNWv5Nj/sxr3A0zbscQiweuyNwug6LgmTqwjBhseUr2otiJVnM
fR2DXLtSGNGGGibBHcRcZ5DYSSlf7eo0pkbo9SR8Obk3IQlLTRxTRomDvNMx0HYCqFCqAtkjcg+w
k/mFhKJu/8o1ksItdbBM8VMd+aidcfI22UUGZlgFKLifB/U5PVwW6sbYQoUIyMzWZSYzzJC30ZoS
cUIZkiZQIRVkyLfJwke9laElFEOuKcPbo7GU+lfoVutNi8APmGaOBEjCo421tkdGhQDy2ts0lk5V
MIOMJeVYylCej4thUKGls28gFaRb7JjbseOLNwewFnAIwb5u0xjUnnIF6T0H+BrBXzCvz7q3CXlD
3Bmn1HFHQWSwsxXPMfzTS7C2IgKzg0eGhVURgSWFHSRJfAO6H3fRxDgZniFu4+Fol3GJMhWUNPzR
1HuS6mWU8XpFrpWrivG+0CbeMiNfBq5GoIxoNaVTa8R0XKQc3EcClBALVtAuYDFkKZg4QMKNCEtA
CqkHiR1L3zTIo2ORd4deHjNunukMhfLmorjoa49tPYylFW50C2kELuyqotLU806xd6a8UJN+FAPX
kLSeZQ0mACqFhCpGmsso1XACSy7a19nFr7CZdkxqvkISgNXAiqbKKIPDajsH5NH58Rr19jhLYZZs
H+A9M9G07OzqDWHaAElINuoRtitItbfbyVpL731v3nYarloQtuNyGbQRD13J9yUM+yQRHs8PZLbw
lKSRzihqrzkmRSzNgTctOkuQBn3XHdy21GkQ3w0hvUZOQBSiwAQpC6fwpkxCplYwt1U2i5QI2S5R
rl8VlyfnlDSenF4+/wfki5RfdgWZLwYw/HJRTSewMmlK0TjVF3Ticfm1pXPr++joetHXsE/xAjNI
Qqbwa3Df9J6pjkUjeyxoKEVTymRGeQgTgUmsJbTjdVk21IfpS1fRNycoqmEnmzX8po+e8FFo8h11
uUddDUCMbiPIJFa1qH4s00L2R4hTT9j3YXmHnrBmpyds7/s3pyf7IHdwg4ADzL8FsaFgUjJoKmnr
WPFHpmNgDeVWdgWY3/f/eNXDV+XuaOQJbYYnfpRIkXhVaka0lX3DTKUVd4CfhjcwjsokoW3hXZps
tLsujbcCIX5q017VFTWbpKnJf1ZB8oAin7KrrlFNL3SzrQw7ao0m1yyYOoPHbWRIVeFC7YI5AS9W
Q81W4LJsNzU56GfdpOJWGxKWh/qDkrnP87JD75HI2K+cCbCsZy3mOphtU2cIxI+fKVmBxa8pdRkt
JsILITsRoZDAQpGg7TcVvy36GCShk2rh8DQJkuTjRgP593biNeANkaDXWNivxxL/DgDtnZ4VHR+i
qTRpLJjaAxuiHHSm6cIxISvMC2CGiGU2QA9DtKbmmZIvjyKRCSp+pIbSrll6DVtg6U/OJOPAjFVd
3rZr6YpgC87WEtrIT4EBN63MMghZDdneo6ZtZSBJOz1pRnShp0XhSWhMHswOZKomWp+5yaPUMZ8B
ngYoQuU/POH1rv4zFjhbAW27d4s+TumM7+qTckq3PKWqHYKEjNQhdqGqLuvNQT1gYKU5KhzYFm5I
5R6STjthJEWPBKmPKqRwRPUrFyqlw/YqNRHksMyI1G14QGTreeOtM0OL0/BrMTtDg8FPh9Wlh1Gs
BjvX5JW+YeYahLmQqOh4sURPS8IYXNgmxyIYTLTFdnLUbFHH8KPes+17IoHcF1+tarFSnVPVZpXt
pFZ9D2BCH+EHPuT85BwvhGvK2cu4j27pVshKi4Px3tKODSG+JYDG9NHZBsTfgfNdhTe6pHDuMRUE
Kt8rDYMMB+8rUIwaxZFjPIIQ45YlJGxZteZgKwI9ds3kQZ8ue9QiETXkphr6uwKDnHzbxyQZEfik
BaounIyCaAe1BuQs5DN716QAkpTl+36Pe1KVdI3F2qb5NjKoKItAcT5917iRpz7onnFD6u2qRX0f
X99uoN6Md+g5d6/3HFHuir1gjgqERxKjbIAqamX4MXC2kLUNw4OzuO+lqblDyp2uIMr0YRhy2aSj
wwO0PUQWcI8wEy0YJtuU8gxBldrMY5iY86EXlfXQntBXOhEJD3LRATtB7YK/oo30/VFqRN/1HKvK
p7IXFRql/kq7H3UKe0zatFVa1PcE12pQevt6oL/nF0NjqyWFaTIAwlsIXS2P09Dx9o0yGYQAnnLU
ffYAGSbWWFJ0Mq1pVFlP5bjMGFGWMYiohoL4ho604BOveskyBUUS8Og5Q0UHZGiYMnEsMPC4EJdS
1i2z1kEz8FhDAdnvochH1n8RnqRHXMCyosZQCRqziwJMj6COgPnhZjgK2z3SBGNrRJboqqeEiYyi
jBcSkGzFpWQf/3oHpS+GTcj29oCnQkZiNPf0Tmx3pjnL0VnrAnvay5lEGhnWH7FxqPDkzqFQO8f7
UgS4ZAFb9qgd9xzqBaqmH8hmoEwfe/az/wVZIbvBNdOWibLDgUvSBaUYejqYsdcTsS93w+T0gNIF
1CmUGU7tCUQUkPd4hQ9qEJ2UlODgOrSmrpHdzabEf7aAOsT3mKJQwSXAm7KWOy/Vl3ZweDpFqgMP
MY6yf+1w991IhHjsuJUfHocqEyNge82+lFvakjYqlceaBWYpNwwbqE/v5FvwKkoiVG7AugO2uy9W
TteoOhOdljk8VLQd+nlACN3sY2ra4CkGoQa5CyDZzzlgjy1yxPIUBLvT6HYknng4ymOgG1ApKwD0
DjZnH4ZhIFvcfWDaU/YBXtMDrbsGRUDsuzQCiwHk+QbEcYo9OpkR4wQAt5xJgPS4haXWfWB/g88P
LsW5y9mHAUmZ3sGW+IAEP7b6XfHkH30AFsQ/dg3qMn1zFFPmx9ZfehS2UAg4eDxI4IpYIkRQp8MD
ap+Dr2b/hVAdRJdzFFwvI+zO002wDdsDWydtGWkQpCxp1qhTnc1gkJC/3QCL4n0l4sdgQBhIHj+G
0vjxY0vKD3cay68X4DD+gAAPRq8/SH0qyhG6R4zui43oUZoFdcgKdA9T7RXdtRipYYVJPtPY3npT
QZq1z3jSqi4NfpHrTqLbVmRGgGyLyqZJZNUoNhbZ3MA/EmGYMxmSWRwd1jUjfM3+bEg1MdXW0ssi
AgDoQ8/tEVWqfMTDyzt1yWHi9eURNIoSQMXlyPtAfiR6grZWQMYrS+GhXB5fRZkGGTrIkWUF5nv0
T1Dcr1yZxIYiJvYi6QAAvylTZUKV3aoXx/FCtdyXxuVHgIgJqmPIKna744K9fPX8Sg5im0/g2d7f
1W3KAze4A3dUiAP7Lk7r9oDqpL+r3oq87DE+NpGCQW5D+FenmrxT+WAGCUW0YfJrql3dV0R9r7ge
rolQuo8CznhE13Cank9af8UE7E020h69pDyftqL5EyDUiVIj70cjGnV0Rq2WUnbbSP6NarNH19iY
bKh5CmVHmGZpu5FmMugJ/WshmazhZHoiqST4GiA5FEp47WpXqHhR6mIr4mO6LUXXhZYF4NWxExEx
l5nOwnYWhs8uLq/okvWyyMs2PvpO4B15vEdE3wLG1O/IDCwHysPbddoKDWPUkYGFVwEVajS0s3i0
ToX8x3KaoxJvIlFDAi/VytwMF2GLUjVEjlwEgsqnJRle4cCOUb+KF2kOJI6H8jKUcLHjjlfmEZ68
hjSM0HQ8UMZ7J/KpuqloVZxidxOUe3MElfCgqUNJetQ3pTCAH8nvnw1tKhEPrzHPPzp58fL5m1eg
4CqxpptKRzI9VUM1hEKJAX7S0a8A0Pjor/Sj6j2Mz4TdpMt05C6LUR+tGISRVkeGTv8tC9pSH4tn
JLEbDwZN2x6wSSsYQkj9ja0jgaXt7Jf/ByQrjhw=
===END CRASH DUMP===
