PocketMine-MP Crash Dump Fri Dec 6 19:59:24 PST 2024

PocketMine-MP version: 5.22.0 [Protocol 766]
Git commit: ba6828c6bd6ad76c0d99f8f8243b95cd13bc2463
PHP version: 8.2.25
OS: Linux, linux

THIS CRASH WAS CAUSED BY A PLUGIN
BAD PLUGIN: Practice

Thread: Main
Error: Call to undefined method pocketmine\network\mcpe\protocol\PlayerAuthInputPacket::hasFlag()
File: plugins/Practice-main/src/juqn/practice/handler/MainHandler
Line: 406
Type: Error
Backtrace:
#0 pmsrc/src/event/RegisteredListener(61): juqn\practice\handler\MainHandler->handlePacketReceive(object pocketmine\event\server\DataPacketReceiveEvent#70801)
#1 pmsrc/src/event/Event(63): pocketmine\event\RegisteredListener->callEvent(object pocketmine\event\server\DataPacketReceiveEvent#70801)
#2 pmsrc/src/network/mcpe/NetworkSession(464): pocketmine\event\Event->call()
#3 pmsrc/src/network/mcpe/NetworkSession(410): pocketmine\network\mcpe\NetworkSession->handleDataPacket(object pocketmine\network\mcpe\protocol\PlayerAuthInputPacket#192998, string[94] ...X.>..'C. .D..<C. .D..........'C............X.>..'C......................'W>z_)
#4 pmsrc/src/network/mcpe/raklib/RakLibInterface(214): pocketmine\network\mcpe\NetworkSession->handleEncoded(string[63] ......q...=ug..N...l.4...........#..L.4HNo....H.Q=..*..u.{.=L..)
#5 pmsrc/vendor/pocketmine/raklib-ipc/src/RakLibToUserThreadMessageReceiver(40): pocketmine\network\mcpe\raklib\RakLibInterface->onPacketReceive(int 1, string[72] .!v....t...':..aL.<..[..$....~.....y..<.0..:.M..r............s.p8.frW^..)
#6 pmsrc/src/network/mcpe/raklib/RakLibInterface(107): raklib\server\ipc\RakLibToUserThreadMessageReceiver->handle(object pocketmine\network\mcpe\raklib\RakLibInterface#206543)
#7 pmsrc/src/TimeTrackingSleeperHandler(58): pocketmine\network\mcpe\raklib\RakLibInterface->pocketmine\network\mcpe\raklib\{closure}()
#8 pmsrc/vendor/pocketmine/snooze/src/SleeperHandler(120): pocketmine\TimeTrackingSleeperHandler->pocketmine\{closure}()
#9 pmsrc/src/TimeTrackingSleeperHandler(77): pocketmine\snooze\SleeperHandler->processNotifications()
#10 pmsrc/vendor/pocketmine/snooze/src/SleeperHandler(79): pocketmine\TimeTrackingSleeperHandler->processNotifications()
#11 pmsrc/src/Server(1705): pocketmine\snooze\SleeperHandler->sleepUntil(float 1733543964.904)
#12 pmsrc/src/Server(1069): pocketmine\Server->tickProcessor()
#13 pmsrc/src/PocketMine(355): pocketmine\Server->__construct(object pocketmine\thread\ThreadSafeClassLoader#6, object pocketmine\utils\MainLogger#2, string[16] /home/container/, string[24] /home/container/plugins/)
#14 pmsrc/src/PocketMine(378): pocketmine\server()
#15 /home/container/PocketMine-MP.phar(168): require(string[72] phar:///tmp/PocketMine-MP-phar-cache.0/PMMPCvHBV8.tar/src/PocketMine.php)

Code:
[397] 
[398]         if ($session === null) {
[399]             return;
[400]         }
[401] 
[402]         if ($packet instanceof PlayerAuthInputPacket) {
[403]             if ($session->getSettingData()->getSetting('auto_sprint')->isEnabled()) {
[404]                 if ($player->isSprinting() && $packet->hasFlag(PlayerAuthInputFlags::DOWN)) {
[405]                     $player->setSprinting(false);
[406]                 } elseif (!$player->isSprinting() && $packet->hasFlag(PlayerAuthInputFlags::UP)) {
[407]                     $player->setSprinting();
[408]                 }
[409]             }
[410]         } elseif ($packet instanceof LevelSoundEventPacket && ($packet->sound === LevelSoundEvent::ATTACK_STRONG || $packet->sound === LevelSoundEvent::ATTACK_NODAMAGE)) {
[411]             /** @var CPSCounter $cps_counter */
[412]             $cps_counter = $session->getSettingData()->getSetting('cps_counter');
[413]             $cps_counter->addClick();
[414] 
[415]             if ($cps_counter->isEnabled()) {
[416]                 $player->sendPopup(TextFormat::colorize('&7CPS: &f' . $cps_counter->getClicks()));

Loaded plugins:
AdvancedBans 1.2.2 by iRxDuZ for API(s) 5.0.0
AltsFinder 1.0.0 by  for API(s) 5.0.0
DEVirion 1.3.0 by poggit, SOFe for API(s) 5.0.0
DevTools 1.17.1 by PocketMine Team for API(s) 5.0.0
GlazeCosmetics 1.0.0 by GlazeNet for API(s) 5.0.0
MultiWorld 2.1.1 by CzechPMDevs, VixikCZ, fuyutsuki, kaliiks for API(s) 5.3.0
Practice 2.0.0 by JuqnGOOD for API(s) 5.0.0
RankSystem 1.1.3 by IvanCraft623 for API(s) 5.3.0
StaffMode 2.0.1 by ysnl for API(s) 5.0.0

uname -a: Linux 52bca970-e13a-44bb-a6b2-24200d9cb907 5.15.0-125-generic #135-Ubuntu SMP Fri Sep 27 13:53:58 UTC 2024 x86_64
Zend version: 4.2.25
Composer libraries: 
- adhocore/json-comment 1.2.1@651023f9fe52e9efa2198cbaf6e481d1968e2377
- brick/math 0.12.1@f510c0a40911935b77b86859eb5223d58d660df1
- daverandom/callback-validator unknown@unknown
- netresearch/jsonmapper unknown@unknown
- pocketmine/bedrock-block-upgrade-schema 5.0.0@20dd5c11e9915bacea4fe2cf649e1d23697a6e52
- pocketmine/bedrock-data 2.15.0+bedrock-1.21.50@6e819f36d781866ce63d2406be2ce7f2d1afd9ad
- pocketmine/bedrock-item-upgrade-schema 1.14.0@9fc7c9bbb558a017395c1cb7dd819c033ee971bb
- pocketmine/bedrock-protocol 35.0.0+bedrock-1.21.50@bd1ec79bae8c88aa984e1c5f0c3313be5ae9b435
- pocketmine/binaryutils 0.2.6@ccfc1899b859d45814ea3592e20ebec4cb731c84
- pocketmine/callback-validator 1.0.3@64787469766bcaa7e5885242e85c23c25e8c55a2
- pocketmine/color 0.3.1@a0421f1e9e0b0c619300fb92d593283378f6a5e1
- pocketmine/errorhandler 0.7.0@cae94884368a74ece5294b9ff7fef18732dcd921
- pocketmine/locale-data 2.19.6@93e473e20e7f4515ecf45c5ef0f9155b9247a86e
- pocketmine/log 0.4.0@e6c912c0f9055c81d23108ec2d179b96f404c043
- pocketmine/math 1.0.0@dc132d93595b32e9f210d78b3c8d43c662a5edbf
- pocketmine/nbt 1.0.0@20540271cb59e04672cb163dca73366f207974f1
- pocketmine/netresearch-jsonmapper v4.4.999@9a6610033d56e358e86a3e4fd5f87063c7318833
- pocketmine/pocketmine-mp dev-stable@ba6828c6bd6ad76c0d99f8f8243b95cd13bc2463
- pocketmine/raklib 1.1.1@be2783be516bf6e2872ff5c81fb9048596617b97
- pocketmine/raklib-ipc 1.0.1@ce632ef2c6743e71eddb5dc329c49af6555f90bc
- pocketmine/snooze 0.5.0@a86d9ee60ce44755d166d3c7ba4b8b8be8360915
- ramsey/collection 2.0.0@a4b48764bfbb8f3a6a4d1aeb1a35bb5e9ecac4a5
- ramsey/uuid 4.7.6@91039bc1faa45ba123c4328958e620d382ec7088
- rhumsaa/uuid unknown@unknown
- symfony/filesystem v6.4.13@4856c9cf585d5a0313d8d35afd681a526f038dd3
- symfony/polyfill-ctype v1.31.0@a3cc8b044a6ea513310cbd48ef7333b384945638
- symfony/polyfill-mbstring v1.31.0@85181ba99b2345b0ef10ce42ecac37612d9fd341

----------------------REPORT THE DATA BELOW THIS LINE-----------------------

===BEGIN CRASH DUMP===
eNrtPFtb3EaWf6XS9hdDBgndW+oZ/EHAjr0DhjE4zk4665SkUreCWlJ0AdqZ7G/fc06V1FKDnZsf
9sHkQqtUdercb1XNL5OkqFa8eXcjqjot8snM2Zs06UpMZubUtl3HDjxH913f8fYmbSnf2J6rW67l
eV7gGpbl+vbeJON186yqimoy+2XSrEuYNpHPe5OVqGu+wJFjnmWsKVibxyJJcxGzlWiWRczKIroW
zQqG5vNcNLdFdT2fr6ISHsuqaIqoyObzi4yvRXXUNsuXedk2FxzXzGZLXj/P+GJnF7ZK2ix7nma4
1/6yWIn9qMgbDmCr/TJrF2le719UPGrSSGgrGN+vq2j/p/bnfL9Uw/tLnscZzD+D1y/kZ71clghc
Av4LgABIBsgAlw3gZwMz4fP3k0cGK1cIAP8TNyJv9l+LRVo3ohLxKf4GAnY8c3fGcAvkidxjPleb
zOeDXbSnclQy6LWIRHojdorwJxE1I07TVvN5LaobBHHCGz5a8wzfP5oavmEicx+Z99CkGTueDZg9
APg+EdrTCFRArvoECFkDhJTa7KPW7L+SD5egeaDVO47nPIwhAZRIkf48sn8vRNPYgriltuP5nUg2
FD1E/h/T/EdmYAWBv8fqpkrzxfeB8wPTdf07/amuPznWmX6i6/9Qv7sfGB/8dFMf/Hny9un7d8QT
50M8qfh1lob7r/n1aRq+zEHSCWj0jmU6f4Y3z/KoiEW8o8jxbCIHfn6G/w7aha6/gg+Z7gyQfKTr
p7rz4lWBDy/0fx3o+le63uq/6Aenuk7Yuwp7kHRcgBvo0VLoa2kpSZNkXBVvQP2ulpXg8Zl0XEr5
qh3nN2QuAYLejxmiPS3ysS2mecPMXnBTCyj94gZJaJDxM13np/o/dP17XX+Mo/9LtK5BnLqh6zP9
TNeroahqvfT1pHr7P4pk7w8KzDSmQFiHfWd9wJeOlI8wpZPe79DnD7DnkWV4EGgI8+kA8ysINlfg
6K6BR5eZEKWolIPbcf0/KYjfseaXKCvqthK/Sofgf1B96rwo3gtCdQs909pWlA/TMsZpa/Pg97Fj
Ot3aTqI2n9/bqioiEN+rokmTNOINWF8tdzKNP0HnNPgjZH5472FcuSTt2zGnhvs7iarx+U3epNlO
khUcLGuTuQSGI7ewHtjC8Lbxl2+0pxBbry8kvkWlkBxGhgtacwZrdmzX/QCQd+8g+QATb6MHnX1D
1gQ8o9+XPBHHkETVpwWPRfXI22MPrGmByFrG+tNisYB5Vu9FTO8Htp3z9C8t5/7LLo+R5DkfIG+6
bWrSPSimuPegbtZqZxeQOHFgtIcwKvFzm1ZiZ+D08O1sf3+/WZXjdRq+0SIeLYVu7F+cnV0c37z4
+ltfb3i1hSHmZruTHyCbIj5Cfobcmfy6NxH/D9LRT50xbtM4HthTO71L85siuxErSG7gXQxsj5r+
LYx0iMAYxlxkkh1M4QUM2IEPH5j6SRO287iWgZodHBywHDLsXfYLTQwGE/GnEk1b5X+Hd45hDN79
SiOmhO8Y1jb8kljHgEUNzyNRJOxB3sptHcPe2naIo/Z0IZpL0TSgY5hs7ewOR3ae8LYp3tUlqGDz
BF6l9bOchxlkHbsddGcL+gZLwgnXXNJ6hLfLvvySKfwxEkrRb2GPY/VsdnL+9lW/i/vALvjT71ID
0v02Cc9qsSsZ6z2w8lcmYAJi+cVfRvPNRY/k9A8hqfDzH8KP3myrC42aI0Xp6XhAJ04hZ88uCzBW
ytqlTiBhOz1lNb4lNd2aPJsdXV0dHf/z3eXV6/NX37D//If9gUWvzk+Ozo6+edYxxjS3KNn/6it2
eMMrdnxxeQzrId9gj6OyhgggH77ap3XW1rrRnAP2e5V4sOqJ5LppfwSy9pTH8XEGMU3JyHSUKZru
Q6Y0WnrfQsyHNHCgEnl8UZRtuXMl7prn1F2YzcBhFlX6Xuw8+XIKPJqxL5MnTN/CEkgkLCEt2AVE
f/1cIX+ukD9XyJ8r5M8V8ucK+XOF/LlC/lwh/7UKWZGD1d5RfINZdfw1l885x4Od8fDepD8Umpi6
pVswAuXTsqhqTMnS13cn7b8RLi9THHDB9Rr4LGTCOJmBZMXeJAZdzGNcA+/qImlOhgNYCsMG1V3c
vp/PQ55L4WHdW1Ble3F+efX2/PXpCQzdirBOG8QUs8OjrKmfp1C7V0MSNoNjAhC5IQGfCPEaEt96
OZ9z2DehfefzEQ6/ScbJs2/TirDsieiHxiTYWyRMSlDxFCv7y/Pn4lOJQgKdz28Ihfk8Ft2nAVqK
qsuro9dXby7u0yRurooiG+pWPzSmyZzq5piojeayK8FXn4qsbn8gY4PJR8hYNk1Zg+0BL5ZtqEfF
amBT+z0MIPabjL8Xx0W9EuAVhyRvvfi4PsrZkPj9NYInEKJ5vc5/zgA6ll9HFy8nGy50m8znY+Tm
8yGevyHdszZr0rdFlcUDYgeDQ0It3dwW8PF7ES0vzoCFuNe36V16ffxvOrxdt03dXqfw+ZpnaXpd
j3hh/3nhR7hluQJVBkpXiOktYgq+Zoj1R031AX0YELI/AAQc6htsG/4Mem5D7txTg/+C+vWb8/OT
T6X32/XwAI/fdE2veX59uYbCdDUgZDC4Zcq6PSblJUST44onjWfZf02Sk8uoqMSLNh6o8hA6JrId
VsPPv4fIy4YnyZlqgyoaN2Pb0trS5XWdZ59KUghrPpfpzW8jDpiXvAJ0IXUnVPQHMgtYo2l5od2m
73kV01Oc1oiaBiE+JUzvGpEjgeS5joHNAN7HeO/C/Jg3o2fwLnerbDhSACF1PRoqozGQ+ucMsLaH
Q+8B0PCZVxVfxyJsFzBqwChaRRiteLMcTot4BmwDuoZjyza/przPorW2TqPVumwKNYCpS6SOATbr
2mqEdVysUMaGYZumFcDATzVJvZ+A3fw0T4qtsUaM0Emacvi4iEdPq9HLJaQOI0Y1HKkbLbm8OB0J
AHuUcagIM6RIYpFkUlDIOlTRVSizyOHSVVE1RBFoMbFktQbJ5Lib+sQ2c3EgHQs1b0b8ShdhmvNq
DWM27upNUO2jIpbbduhdnJyPwMTFOwK+PSiVZDh6sRwLuib1rkcLV6uyPwPxgCzcsSzq9G44qwKu
knA3IwKkj0q/aCW7DbX2NXASaop0LPl6uSpGgrtMV2UmvjsbiaYprkWevh+rw5a1wCNie2/ObZVu
6dHdndKOzhrWnEDBa91BC0pLmZjL+PpvsAt2fkEVwQYMOImf0ubdirwbHt0Ad5alUmLUR2w58mwY
poY+BG2Q12JzOwwcnKVss00x/IO5eKAK9TsIrZMZnVPAFqotN5lNPXiLKeoMAHm+5UdeGHs8nnqR
EQdB4ie+5dhh4EaxaYeR5XgYQlqFy2mat3fMtcKIB1NDE6bNNccJQ417oaVZDmweB1EYGFPm6ib4
Xs20XI1oSiMGBamrvQnbvGnZ5dkFe16l7FKUzJoy05658K/P3lwdM8uwHHbne+88ZCte9Rr6KUH2
4fQKtyzfFXWHG7o/fMjUAyQFoHyiegc2WfEqFeRTebwsMHzto0PRYI46l8Oiyjz0XNOw7CRIhGuJ
QCTcMgM/CnniCcc3YzPwfGHZ0ynyHMi63lc+ETQWlyewPDK4YwSmGdhuOJ2Gvue7gQhdy7Jj1489
z4gTk3w5yJFMYR/buSGPrrUbyLPAx+NBKbD9Oi9u80P1G1bkoqlELXgVLQn5FS9L8fDUQTskFHEF
T1qY4f/bclGBwms1KOaKkwpBjDy0jDh2I9MUQWC6gIrgTiKsKPGcQJixZXvBlHvAkodBA8pcJpcA
7W/dKBmDaxx6wjeDxPbiqW/6nhcJz44tx/BC2EBMEys2eRIHPH4YNhji6j7WYGUOoB0k0TQKwjB0
XZ8b5tQG1TWjcBrHsGVk2LYQwdQMw4dBbwxjYhMb7qEexqaIpkHIhR/5PueB7wgzchMjsm2wEOFy
EYSO7W7BJ0dMMVA5DO8wipLI9IMgBGWIHdc3HcFtN7CEZYhQRA4gbZuR74whPagYWKzYh54z9acO
yMXzwCD5VLi+74IRCt+NLDuyXEDZdfmWxOjkR4UD85AbjmUmIHRhhEbkgcYaRhIGVuwGtuXb9tRP
PO4KcwyDTvLVOQ6BmoIkIuCE4/uO7fl86ogIdCVwwiBJpolITH9qW3EUB9YWKFBJSCEG+hMAqwJb
OFMbGTNNHNd0RQS/IlckRgLK6QJ+zpT7ntgGJcMcqoXwosC0IphvuG7kowKbhi8iUDUQZuAljuFE
hmOPIShLplrwMI5MQBlMOHBDGzxBYpkGKHBoR37s2JHnWcCYOEzGIPKw6SFYhusY1hTUEczfcLyp
FYUmqH7Ep7bteYllTIOpk2xxZGDj2sjGbxwgLQiCw4B7nglpEXgTT9iuL3yPA8eS2E38qeHZESiS
D8Ibw9181CjpgQChQX4DqefhHwgF9w4jVKVhHoIxT320CNMLwVda/tRKEuQ96JPhgNID0tMwmD4E
BE80FNvMQ3QPlkisyJs6tpiaIo5DN45sK4icANyw67og1jAaA5K9VlIAsORDUI84EMIzIuE4U9eN
Tc+LgTMhd0If/hG+7YGLltnIqhZrNIxNpkF14CHMdfyp54RJGPqJzT3ugKsSoQmGCx4HrAbCu8MH
QNo2leFpimpsGnYQRmbCuQMu1QSjdMCqApCYB+7W9i1wLYbv4/Jlu6o579bfd+f1epUU+Xofc95a
VYCTGw80wrQPgbug71Hi+m7scsiX7diPbRecqueb3LW8xLD9OLYHcMoiWwOsTOvS8BuoFk2k2Y4i
PzQcB7w9d03wckYUxo4vElBaO7R9J3Bcz/YfgjVIcjtwvmv6ZsjB7Vk2MMEAV4AisZBz9tQzwcKS
2HZMWT/14tTXlFs9Yth7ZFGRJ+miragFz5AFLCkqNkqN5vkjdrUEw2G1PJavGa8Ea5aCFbmo4QNv
WMTzvGhYKFiaR1kbixg+MNkf1iEYgKE1kCQgrMtiBSsTBLANs+aJ2GMFvKlqBMlCSCGv2bpoKwUL
z+0hx0uTlHaAZANv/GRrBPxK3Pbg9qFQ4G3W1Oy2yJ80DE2dVwwvxYAvStH5rxHDZpnWku7bpciZ
DIYAQJ/n87wDNpvnjD16uxSIGF6jwqN/hleqpFSAB5Bt1FiYxPI1oSo9MAN+ZqIhfmGDMRJMOngc
WSFk4HgktIxjir4QM0a5Jb6ol20Tg5Zq6iLXjM0n8kSB4dmQiOcTwuwoy4pblqU1YstU85vdpJz9
qxXVGuf8jB809WrGsFanpfLKg1rDAC+G+RsDiQFTEFq4ZoqVOF8W+1r/eoDso7egqKARwFcexww8
rWQ/shXPUNhKcDzOwpSQAdNDgUgDc8TPLafLaYv0BuZCOG4F21GbQs66i9DljkKrRAm1nQZsxyOP
GbymvV+1qxC4Alp1VK/z6IrX1wwP9ECPdJrwBrhFqt1RitOWVZEXLUgPptd7jBplTBYKaA97DLPc
Sl0JQ97cihDHVm2uTq0k8EsSL9AEWlYVdylomAA2AEmkuXmPHPJWIfQyQV3FOaiTeyxtnuAVvYqW
xaLB4x5Uma3FbAdoaMFuLGILkaEpSmcEaltXOSlH1eY5ijPGorooSQhU2NQ6OxE36jNbpYslGHMF
9dje0PiU4iBHqqotGzkqGYaMgYJbKLpIuGCUlPzH0iD4TZHGgPbDGKCOoM4VwGjQLn2gaBhK5aRO
Z+f5SsBua2mT32RFCMqDfSYmx8EMVinepoLnBQ/XDTCcXUpOG8Rb2RWi5VcotNuUGE8KBTZ7q0lA
nY7VRGCSAobgkOiuCIJJKiG6LaWOg7BatFK2KEBOBVopKgVutCA0NUJtxgykAnYnDyxr+v/3FGDj
7mP4L3kV/zX866YoCQXlPXuUFLiagfcoeY1ur0MId+2wgtrSUYiRD3hLRqHwq598AgzJLAgldBgs
aiH25BB7mLgTUUu+t5AoS4PEWNXPFneREHG9oUj6rfOrZzN29eLlJTt9efbyih1dXJy+fHbJLp69
Zm/PX//z2es9BpPY1TnMesbevjg/fcYuXp8fP7u81Lc9wIgfluspdlyIKi0oHqMfrpFAqPXIIxM3
el9rAu8hI4jJtdAUDTyhkF6WQB0XeAMS/DNoE9L7IWWTSna7xMAKPEEPJKcRZAkEPO/Gj3fGDXuc
YwjBME8L9PuzURdU1xnEVooIswHJWURXylWu7WkA9RJlvSHVNhSt9e7DKCnKbUX5glchWIa2yWXJ
AT3MXTI1REetYmoVuO4Vz1vKPYaYQF7Wgg7u7nUhYVsJOzWU0TVJAJakd7UxQZ2dS5cvFR6Sh6LN
4h6XFGLIbc42+NcScEnoA6GeYShaYbfn5CzuxUhSHQmhpy2pilUXa+VqNUMbquZQwkiNkuQ93WAP
qNRIOy67fBFFVsFOqIZKkeN2VcrkSmZwTL3Q8EUnrxOcpBYQ7oRmRwE8QZQHY+cPMBhiNsQ92OEG
lKyuW4GOoVmC1BZdsolOC3fbYLXXCVKmCCqn1CU2OPWDfFrxO41a/nWH+zEvcTRdtSsIsXjsjsDp
2jAKksmrqRKLDV/RXhQryWLu6xjk2qXCiDbUMAluIeY6vcROCvlqW6cxNUKvJ+HLyZ0JSVhq4pAy
ShzknY6ethNAhVIVyB6Re4CdzC8kFHVLWq6RFG6og2WKn+rIR+2MkzfJLjIwwypAwf04qI/p4TxX
F8ZmKkRAZrYsMplhhryJlpSIE8qQNIEKqSBDvk0WPuqtDC2h6HNNGd4eDaXUvUK3Wq0bBL7HNHMg
QBIebaw1HTIqBJDX3qSxdKqCGWQsKcdShvJ8XAyDCi2dvYBUkO5qY27Hji/e7MFawCEE+7pNY1B7
yhWk9+zhawR/xrwu694k5DVxZ5hSxy0Fkd7OFnyF4Z9egrXlEZgdPDIsrPIILClsIUnia9D9uI1G
xsnwDHETDwe7DEuUsaCk4Q+m3pNUJ6OMVwtyrVxVjPeFNvKWGfkycDUCZUSrKZ1aIqbDImXvPhKg
hFiwgnYBiyFLwcQBEm5EWAJSSD1I7FD6pkEeHYu8O/TymHHzTGcolDcX+UVXe2zqYSytcKNbSCNw
YVvmpaaet4q9M+WF6vS96LmGpHUsqzEBUCkkVDHSXAaphhNYctGuzi5+g820Y1LxBZIArAZW1GVG
GRxW2ytAHp0fr1Bvj7MUZsn2Ad4zE3XDzq7eEKY1kIRkox5hu4JUe7OdrLX0zveumlbDVTPCdlgu
gzbioSv5voRhnyTC4/mezAaekjTSGUXtJcekiKUr4E2DzhKkQX+MANy21GkQ3w0hvUROQBSiwAQp
C6fwpkxCplYwt1E2i5QI2S5Rrl8VlyfnlDSevLw8+hryRcov25zMFwMYfgusohNYmTSlaJzqm1Tx
sPza0LnxfXR0Petq2Kd4dxkkIVP4Jbhves9Ux6KWPRY0lLwuZDKjPISJwCTWEtrxsihq6sN0pavo
mhMU1bCTzWp+00VP+Cg09WUMfDfoagBidBtBJrGqRfVTkeayP0KcesK+C4s79IQVe3nCdr578/Jk
F+QObhBwgPm3IDYUTEoGTSVtFSv+yHQMrKHYyC4H8/vu69MOvip3ByNPaDM88aNEisSrUjOirega
ZiqtuAP8NLyBcVAkCW0L79Jkrd21abwRCPFTG/eqrqjZJE1N/t0LyQOKfMqu2lo1vdDNNjLsqDWa
XDNj6gwet5EhVYULtQvmBDxf9DVbjsuy7dRkr5t1k4pbrU9YHuoPSuYerfCLMtTzoPRHOhNgWcda
zHUw26bOEIgfP1OyAotfU+oyWEyE50J2IkIhgYUiQduvS36bdzFIQifVwuFxEiTJx4168u/txCv6
ghXvNBb267DE3z1Ae6tnRceHaCp1Ggum9sCGKAedqdtwSMgC8wKYIWKZDdBDH62peabky6NIZIKK
H6mhtGuWXsMWWPqTM8k4MGNRFbfNUroi2IKzpYQ28FNgwHUjswxCVkO2d6hpGxlI0l6e1AO60NOi
8CQ0Jg9mezJVE63L3ORR6pDPAE8DFKHy75/welf3GQucjYA23btZF6d0xrf1STmlW55S1Q5BQkbq
ELtQZZt15qAeMLDSHBUObAs3pHIPSaedMJKiR4LURxVSOKL6lTOV0mF7lZoIclhmROoyPCCy8bzx
xpmhxWn4bZitod7gx8Pq0sMgVoOda/JKXz9zCcKcSVR0vFiipwVhDC5svcIiGEy0wXZyVG9Qx/Cj
3rPNeyKB3BdfLCqxUJ1T1WaV7aRGfQ1gRB/hBz7k/OQcL4RrytnLuI9u6VbISouD8d7SjjUhviGA
xvTB2QbE357zbYk3uqRw7jEVBCrfKw2DDAfvK1CMGsSRYzyCEMOWJSRsWbnkYCsCPXbF5EGfLnvU
IhEV5KYa+rscg5x828UkGRH4qAWqLpwMgmgLtQbkLOQzO9ekAJKU5ftuj3tSlXQNxdqkq01kUFEW
geJ8+lJ4LU990D3jhtTbVYu6Pr6+2UC9Ge7Qce5e7zmi3BV7wRwVCI8kBtkAVdTK8GPgbC5rG4YH
Z3HXS1Nz+5Q7XUCU6cIw5LJJS4cHaHuILOAeYSaaM0y2KeXpgyq1mYcwMedDLyrroR2hL3QiEh7k
oj12gtoFv0UT6buD1CjFL98NVeVD2YsKjVJ/pd0POoUdJk3aKC3qeoJLNSi9fdXT3/GLobFVksI0
6QHhLYS2ksdp6Hi7RpkMQgBPOeoue4AME2ssKTqZ1tSqrKdyXGaMKMsYRFRBQXxDR1rwiZedZJmC
Igl4dMRQ0QEZGqZMHAsMPC7EpZR1y6y11ww81lBAdjso8pF1f7GApEdcwLKiwlAJGrONAkyPoI6A
+eG6PwrbPtIEY6tFluiqp4SJjKKM5xKQbMWlZB/f/wClL4ZNyPZ2gKdCRmI09/RObHamOfPBWesM
e9rziUQaGdYdsXGo8OTOoVA7x7tSBLhkBlt2qB13HOoEqqbvyWagTB879rP/Blkhu8E105aJssOe
S9IFpRh6Wpix0xGxK3fD5HSP0gXUKZQZTu0IRBSQ93iFD2oQnZSU4OA6tKa2lt3NusC/L0Ed4ntM
UajgEuBNUcmd5+pLOzg8niLVgYcYR9n3W9z9YSBCPHbcyA+PQ5WJEbCdelfKLW1IG5XKY80Cs5Qb
hg3Upx/kW/AqSiJUbsC6Pba9L1ZO16g6I52WOTxUtC36eUAI3exjatrgKQahBrkLINnN2WOPLXLE
8hQEu9PodiSeeDjKY6AbUClKAPQDbM5+7IeBbHH3I9Oesh/hNT3QumtQBMS+TSOwGECer0EcL7FH
JzNinADg5hMJkB43sNS6H9nf4PODS3HufPJjj6RM72BLfECCH1vdrnjyjz4AC+Kf2hp1mb44iinz
Y+uLDoUNFAIOHg8SuDyWCBHU8XCP2sfgq9lfEKq96FYcBdfJCLvzdBNszXbA1klbBhoEKUua1epU
Z90bJORvN8CieFeJ+DEYEAaSx4+hNH782JLyw52G8usE2I8/IMC9wesfpT7lxQDdA0b3xQb0KM2C
OmQBuoep9oLuWgzUsMQkn2lsZ7kuIc3aZTxpVJcGv8h1J9FtSjIjQLZBZdMksmoUG4tsauAviTDM
GQ3JLI4O6+oBvmZ3NqSamGpr6WURAQD0Y8ftAVWqfMTDyzt1yWHk9eURNIoSQMXFwPvgH9noCNpY
ARmvLIX7cnl4FWUcZOggR5YVmO/Rn+q4X7kyiQ1FTOxF0gEAflOmzIQqu1UvjuOFarkvjcuPABET
VMeQVexmxxl7fnp0JQexzSfwbO/v6jblnhvcgTvKxZ59F6dVs0d10t9Vb0Ve9hgem0jBILch/KtT
Td6qfDCDhCJaM/k11bbqKqKuV1z110Qo3UcBZzyiazh1xyetu2IC9iYbaY+eU55PW9H8ERDqRKmR
d4MRjTo6g1ZLIbttJP9atdmja2xM1tQ8hbIjTLO0WUsz6fWE/qpKJms4mZ5IKgm+Bkj2hRJeu9oW
Kl6UutiI+JhuS9F1oXkOeLXsRETMZaYzs52Z4bOLyyu6ZD3PV0UTH3wr8I483iOibwFj6ndgBpYD
5eHtMm2EhjHqwMDCK4cKNerbWTxapkL+VaP6oMCbSNSQwEu1MjfDRdiiVA2RAxeBoPJpSYZXOLBj
1K3ieboCEodDqyKUcLHjjlfmEZ68htSP0HQ8UMZ7J/KpvClpVZxidxOUe30AlXCvqX1JetA1pTCA
H8jvn/VtKhH3rzHPPzh59vzozSkouEqs6abSgUxP1VAFoVBigJ909CsAND74in5UvYfxmbAbdZkO
3Hk+6KPlvTDS8sDQ6Z95TlvqQ/EMJHbjwaBp2z02aQlDCKm7sXUgsLSd/Pp/ReQDCw==
===END CRASH DUMP===
