PocketMine-MP Crash Dump Fri Dec 6 19:51:14 PST 2024

PocketMine-MP version: 5.22.0 [Protocol 766]
Git commit: ba6828c6bd6ad76c0d99f8f8243b95cd13bc2463
PHP version: 8.2.25
OS: Linux, linux

THIS CRASH WAS CAUSED BY A PLUGIN
BAD PLUGIN: Practice

Thread: Main
Error: Call to undefined method pocketmine\network\mcpe\protocol\PlayerAuthInputPacket::hasFlag()
File: plugins/Practice-main/src/juqn/practice/handler/MainHandler
Line: 406
Type: Error
Backtrace:
#0 pmsrc/src/event/RegisteredListener(61): juqn\practice\handler\MainHandler->handlePacketReceive(object pocketmine\event\server\DataPacketReceiveEvent#186359)
#1 pmsrc/src/event/Event(63): pocketmine\event\RegisteredListener->callEvent(object pocketmine\event\server\DataPacketReceiveEvent#186359)
#2 pmsrc/src/network/mcpe/NetworkSession(464): pocketmine\event\Event->call()
#3 pmsrc/src/network/mcpe/NetworkSession(410): pocketmine\network\mcpe\NetworkSession->handleDataPacket(object pocketmine\network\mcpe\protocol\PlayerAuthInputPacket#88089, string[94] ...X.A..'C. .D..<C. .D..........'C............X.A..'C(.....................#9>..)
#4 pmsrc/src/network/mcpe/raklib/RakLibInterface(214): pocketmine\network\mcpe\NetworkSession->handleEncoded(string[67] ....8#...........;...i...(..Oh8...p......T.$.7a.^.$.P..n........01.)
#5 pmsrc/vendor/pocketmine/raklib-ipc/src/RakLibToUserThreadMessageReceiver(40): pocketmine\network\mcpe\raklib\RakLibInterface->onPacketReceive(int 1, string[76] ...C\5..Y...;*...5=........~...v.-V..W6.N}.....R...V.<.R&j..$XDv..Z.....2.z.)
#6 pmsrc/src/network/mcpe/raklib/RakLibInterface(107): raklib\server\ipc\RakLibToUserThreadMessageReceiver->handle(object pocketmine\network\mcpe\raklib\RakLibInterface#186922)
#7 pmsrc/src/TimeTrackingSleeperHandler(58): pocketmine\network\mcpe\raklib\RakLibInterface->pocketmine\network\mcpe\raklib\{closure}()
#8 pmsrc/vendor/pocketmine/snooze/src/SleeperHandler(120): pocketmine\TimeTrackingSleeperHandler->pocketmine\{closure}()
#9 pmsrc/src/TimeTrackingSleeperHandler(77): pocketmine\snooze\SleeperHandler->processNotifications()
#10 pmsrc/vendor/pocketmine/snooze/src/SleeperHandler(79): pocketmine\TimeTrackingSleeperHandler->processNotifications()
#11 pmsrc/src/Server(1705): pocketmine\snooze\SleeperHandler->sleepUntil(float 1733543474.755)
#12 pmsrc/src/Server(1069): pocketmine\Server->tickProcessor()
#13 pmsrc/src/PocketMine(355): pocketmine\Server->__construct(object pocketmine\thread\ThreadSafeClassLoader#6, object pocketmine\utils\MainLogger#2, string[16] /home/container/, string[24] /home/container/plugins/)
#14 pmsrc/src/PocketMine(378): pocketmine\server()
#15 /home/container/PocketMine-MP.phar(168): require(string[72] phar:///tmp/PocketMine-MP-phar-cache.0/PMMP408IAU.tar/src/PocketMine.php)

Code:
[397] 
[398]         if ($session === null) {
[399]             return;
[400]         }
[401] 
[402]         if ($packet instanceof PlayerAuthInputPacket) {
[403]             if ($session->getSettingData()->getSetting('auto_sprint')->isEnabled()) {
[404]                 if ($player->isSprinting() && $packet->hasFlag(PlayerAuthInputFlags::DOWN)) {
[405]                     $player->setSprinting(false);
[406]                 } elseif (!$player->isSprinting() && $packet->hasFlag(PlayerAuthInputFlags::UP)) {
[407]                     $player->setSprinting();
[408]                 }
[409]             }
[410]         } elseif ($packet instanceof LevelSoundEventPacket && ($packet->sound === LevelSoundEvent::ATTACK_STRONG || $packet->sound === LevelSoundEvent::ATTACK_NODAMAGE)) {
[411]             /** @var CPSCounter $cps_counter */
[412]             $cps_counter = $session->getSettingData()->getSetting('cps_counter');
[413]             $cps_counter->addClick();
[414] 
[415]             if ($cps_counter->isEnabled()) {
[416]                 $player->sendPopup(TextFormat::colorize('&7CPS: &f' . $cps_counter->getClicks()));

Loaded plugins:
AdvancedBans 1.2.2 by iRxDuZ for API(s) 5.0.0
AltsFinder 1.0.0 by  for API(s) 5.0.0
DEVirion 1.3.0 by poggit, SOFe for API(s) 5.0.0
DevTools 1.17.1 by PocketMine Team for API(s) 5.0.0
GlazeCosmetics 1.0.0 by GlazeNet for API(s) 5.0.0
MultiWorld 2.1.1 by CzechPMDevs, VixikCZ, fuyutsuki, kaliiks for API(s) 5.3.0
Practice 2.0.0 by JuqnGOOD for API(s) 5.0.0
RankSystem 1.1.3 by IvanCraft623 for API(s) 5.3.0
StaffMode 2.0.1 by ysnl for API(s) 5.0.0

uname -a: Linux 52bca970-e13a-44bb-a6b2-24200d9cb907 5.15.0-125-generic #135-Ubuntu SMP Fri Sep 27 13:53:58 UTC 2024 x86_64
Zend version: 4.2.25
Composer libraries: 
- adhocore/json-comment 1.2.1@651023f9fe52e9efa2198cbaf6e481d1968e2377
- brick/math 0.12.1@f510c0a40911935b77b86859eb5223d58d660df1
- daverandom/callback-validator unknown@unknown
- netresearch/jsonmapper unknown@unknown
- pocketmine/bedrock-block-upgrade-schema 5.0.0@20dd5c11e9915bacea4fe2cf649e1d23697a6e52
- pocketmine/bedrock-data 2.15.0+bedrock-1.21.50@6e819f36d781866ce63d2406be2ce7f2d1afd9ad
- pocketmine/bedrock-item-upgrade-schema 1.14.0@9fc7c9bbb558a017395c1cb7dd819c033ee971bb
- pocketmine/bedrock-protocol 35.0.0+bedrock-1.21.50@bd1ec79bae8c88aa984e1c5f0c3313be5ae9b435
- pocketmine/binaryutils 0.2.6@ccfc1899b859d45814ea3592e20ebec4cb731c84
- pocketmine/callback-validator 1.0.3@64787469766bcaa7e5885242e85c23c25e8c55a2
- pocketmine/color 0.3.1@a0421f1e9e0b0c619300fb92d593283378f6a5e1
- pocketmine/errorhandler 0.7.0@cae94884368a74ece5294b9ff7fef18732dcd921
- pocketmine/locale-data 2.19.6@93e473e20e7f4515ecf45c5ef0f9155b9247a86e
- pocketmine/log 0.4.0@e6c912c0f9055c81d23108ec2d179b96f404c043
- pocketmine/math 1.0.0@dc132d93595b32e9f210d78b3c8d43c662a5edbf
- pocketmine/nbt 1.0.0@20540271cb59e04672cb163dca73366f207974f1
- pocketmine/netresearch-jsonmapper v4.4.999@9a6610033d56e358e86a3e4fd5f87063c7318833
- pocketmine/pocketmine-mp dev-stable@ba6828c6bd6ad76c0d99f8f8243b95cd13bc2463
- pocketmine/raklib 1.1.1@be2783be516bf6e2872ff5c81fb9048596617b97
- pocketmine/raklib-ipc 1.0.1@ce632ef2c6743e71eddb5dc329c49af6555f90bc
- pocketmine/snooze 0.5.0@a86d9ee60ce44755d166d3c7ba4b8b8be8360915
- ramsey/collection 2.0.0@a4b48764bfbb8f3a6a4d1aeb1a35bb5e9ecac4a5
- ramsey/uuid 4.7.6@91039bc1faa45ba123c4328958e620d382ec7088
- rhumsaa/uuid unknown@unknown
- symfony/filesystem v6.4.13@4856c9cf585d5a0313d8d35afd681a526f038dd3
- symfony/polyfill-ctype v1.31.0@a3cc8b044a6ea513310cbd48ef7333b384945638
- symfony/polyfill-mbstring v1.31.0@85181ba99b2345b0ef10ce42ecac37612d9fd341

----------------------REPORT THE DATA BELOW THIS LINE-----------------------

===BEGIN CRASH DUMP===
eNrtPFt72zaWfwWj5GvsjknzLlId57PHTtrsJLXWdppOq24KkqDEmiJZXmwrne5v33MOQIqUnfSW
h32IZ1KLIHBw7jdA/mWSFNWaN29vRFWnRT6ZOQeTJl2Lycyc2rbr2M7U0YOpBU8Hk7aUrwLH1U3X
sgM38GzP8/2DScbr5llVFdVk9suk2ZQwayKfDyZrUdd8iSOnPMtYU7A2j0WS5iJma9GsipiVRXQt
mjUMLRa5aG6L6nqxWEclPJZV0RRRkS0W84xvRHXSNqsXedk2c45rZrMVr59nfLm3D1slbZY9TzPc
63BVrMVhVOQNB7DVYZm1yzSvD+cVj5o0Etoaxg/rKjr8qf05PyzV8OGK53EG81/B66/kZ71clQhc
Av4LgABIBsgAlw0P+Awz4fP3k0cGK9cIAP+JG5E3hxdimdaNqET8En8DAXueuT9juAXyRO6xWKhN
FovBLtpTOSoZdCEikd6IvSL8SUTNiNO01WJRi+oGQZzxho/WPMP3j0zfs90AufvIvIcnTdnzbEDt
Acj3qdCeRqADctXHwMgaYKQU5xD15vBr+XAJugd6ved4zsMoEkSJFWnQI/v3QjSNHYg7ijue3wll
S9JD9P8x3X/k+4YfHLC6qdJ8+X3g/MB0Xf9WP9H1J6c60890/R/qd/cD44MfNXVPf+jnUfBU14kl
zvtYUvHrLA0PL/j1yzR8kYOkE1DpPct0/gxrnuVREYt4T5HjTYkc3X80QOoL+JfCP0D5fOXDh1KO
X+mP9SnX/wd+zXU976YbpqTAVRSAsOMCfEGPmiJBS0tJniTlqngNKni1qgSPX0nvpRSw2nN+Q+wS
IOj+mCna0yIfG2SaN8zshTf1iNrTxcLV9X8jpZ/Df9yjjpL/hX83uvaNrr/x9K9/pbEL+PeN/g/9
4rOfdP3xt2c3uv4dvbD0d5Ju7w9KzjSmQF1HQmeGwJyOng9wphPj79Dr9/AIDTuwLMJ8OsD8CqLO
Fbi8a2DUZSZEKSrl6vZc/09K43es+SXKirqtxK/SMfjv1aE6L4p3glDdQc+0drXl/bSMcdrZPPh9
7JhOd7aTqC0W97aqigjE93XRpEka8QbMsJY7mcafoHMa/BEy37/3MMBckvbtmVPD/Z1E1fj8Om/S
bC/JCg7mtc1hpq4rt7Ae2MLwdvGXb7SnEGWv5xLfolJIDiPEnNa8gjV7tuu+B8jbt5CGgJ230YNO
vyFrAp7R70ueiFNIp+qXBY9F9cg7YA+saYHIWkb9l8VyCfOs3pWY4Ep2s5/+peXcf9llNJI85z3k
TXdNTboHxRT3HtTtWu3VHFIoDoz2EEYlfm7TSnR+fmr9wPDt7PDwsFmX43UavtEiHq2EbhzOX72a
O4b/4uS13vBqB0PM0vYnP0BeRXyETA25M/n1YCL+HySmHzt33KVxPHCgdnqb5jdFdiPWkOTAuxjY
HjX9WxjpEIExDL7IJDuYwgsYsAMfPjD1kyZs73EtIzY7OjpiOeTa++wXmhgMJuJPJZq2yr+Ad45h
DN79SiOmhO8Y1i78kljHgEUNzyNRJOxB3sptHcPe2XaIo/Z0KZpL0TSgY5h07e0PR/ae8LYp3tYl
qGDzBF6l9bOchxmkH/sddGcH+hZLwgnXXNJ6hLfPPvuMKfwxEkrR72CPY/Vsdnb+5ut+F/eBXfCn
36UGpPttEp7VYl8y1ntg5a9MwATE8m9/Gc3X8x7J6R9CUuHnP4QfvdlVFxo1R4rS0/GATryE3D27
LMBYKXuXOoGE7fWU1fiW1HRn8mx2cnV1cvqvt5dXF+dff8n+8x/2BxZ9fX528urky2cdY0xzh5LD
zz9nxze8Yqfzy1NYD/kGexyVNUQA+fD5Ia2zdtaN5hyx36vEg1VPJNdN+wOQtac8jk8ziGlKRqaj
TNF0HzKl0dL7FmI+pIEDlcjjeVG25d6VuGueU59hNgOHWVTpO7H35LMp8GjGPkueMH0HSyCRsIS0
YB8Q/fVTrfypVv5UK3+qlT/Vyp9q5U+18qda+VOt/LFqZUUO1n0n8Q3m1/E/uXzOOZ71jIcPJv1B
0cQE12nBCBRSq6KqMTlLL+7O2u8QLi9THHB1QzfwWcjUcTIDyYqDSQy6mMe4Bt7VRdKcDQewKIYN
qru4fbdYhDyXwsMKuKAad35+efXm/OLlGQzdirBOG8QU88STrKmfp1DFV0MStoNjAhC5IQEfCfEa
UuB6tVhw2DehfReLEQ6/ScbZs2/SirDsieiHxiTYOyRMSlDxFGv8y/Pn4mOJQgJdLG4IhcUiFt2n
AVqKqsurk4ur1/P7NImbq6LIhrrVD41pMqe6OSZqq7nsSvD1xyKr2x/I2GLyATJWTVPWYHvAi1Ub
6lGxHtjUYQ8DiP0y4+/EaVGvBXjFIck7Lz6sj3I2ZIB/jeAJhGheb/KfM4COhdjJ/MVky4Vuk8Vi
jNxiMcTzN6T7qs2a9E1RZfGA2MHgkFBLN3cFfPpORKv5K2Ah7vVNepden35HB7qbtqnb6xQ+X/Ms
Ta/rES/sPy/8CLcs16DKQOkaMb1FTMHXDLH+oKk+oA8DQg4HgIBDfatty59B923InXtq8F9QyX55
fn72sfR+tzIe4PGbrumC59eXG6hQ1wNCBoM7pqzbY1JeQDQ5rXjSeJb91yQ5uYyKSnzVxgNVHkLH
RLbDavj59xB52fAkeaUaoorG7diutHZ0eVPn2ceSFMJaLGR689uIA+YlrwBdSN0JFf2BzALWaFpe
aLfpO17F9BSnNaKmQYhPCdO7RuRIIHmuU2AzgPcx3rswP+bN6Bm8y906G44UQEhdj4bKaAyk/jkD
rO3h0DsANHzmVcU3sQjbJYwaMIpWEUZr3qyG0yKeAduAruHYqs2vKe+zaK2t02i1KZtCDWDqEqkD
ge26thphHRdrlLFh2KZpBTDwU01S7ydgXz/Nk2JnrBEjdJKmHD4u49HTevRyBanDiFENR+pGSy7n
L0cCwG5lHCrCDCmSWCSZFBSyDlV0Hcoscrh0XVQNUQRaTCxZb0AyOe6mPrHtXBxIx0LNmxG/0mWY
5rzawJiNu3oTVPuoiOW2HXrzs/MRmLh4S8B3B6WSDEfnq7Gga1LverRwvS770xAPyMIdy6JO74az
KuAqCXc7IkD6qPTLVrLbUGsvgJNQU6RjyderdTES3GW6LjPx7auRaJriWuTpu7E67FgLPCK29+bc
VumOHt3dKe3orGHDCRS81h20oLSUibmMr9+BXbDzOVUEWzDgJH5Km7dr8m54iAPcWZVKiVEfsffI
s2GYGvoQtEFei+2NMXBwlrLNNsXwD+bigSrUbyG0TmZ0YgFbqPbcZDb14C2mqDMA5PmWH3lh7PF4
6kVGHASJn/iWY4eBG8WmHUaW42EIaRUuL9O8vWOuFUY8mBqaMG2uOU4YatwLLc1yYPM4iMLAmDK8
pKYbmmm5GtGURgwKUld7HbZ507LLV3P2vErZpSiZNWWmPXPh/z57fXXKLMNy2J3vvfWQrXj9a+in
BNmH0yvcqnxb1B1u6P7wIVMPkBSA8onqLdhkxatUkE/l8arA8HWIDkWDOeqEDosq89hzTcOykyAR
riUCkXDLDPwo5IknHN+MzcDzhWVPp8hzIOv6UPlE0FhcnsDyyOCOEZhmYLvhdBr6nu8GInQty45d
P/Y8I05M8uUgRzKFQ2zrhjy61m4gzwIfj0emwPbrvLjNj9VvWJGLphK14FW0IuTXvCzFw1MH7ZBQ
xBU8aWGG/23LZQUKr9WgmGtOKgQx8tgy4tiNTFMEgekCKoI7ibCixHMCYcaW7QVT7gFLHgYNKHOZ
XAK0v3ejZAyucewJ3wwS24unvul7XiQ8O7YcwwthAzFNrNjkSRzw+GHYYIjr+1iDlTmAdpBE0ygI
w9B1fW6YUxtU14zCaRzDlpFh20IEUzMMHwa9NYyJTWy4h3oYmyKaBiEXfuT7nAe+I8zITYzItsFC
hMtFEDq2uwOfHDHFQOUwvOMoSiLTD4IQlCF2XN90BLfdwBKWIUIROYC0bUa+M4b0oGJgsWIfe87U
nzogF88Dg+RT4fq+C0YofDey7MhyAWXX5TsSozMgFQ7MY244lpmA0IURGpEHGmsYSRhYsRvYlm/b
Uz/xuCvMMQw601cnOgRqCpKIgBOO7zu25/OpIyLQlcAJgySZJiIx/altxVEcWDugQCUhhRjoTwCs
CmzhTG1kzDRxXNMVEfyKXJEYCSinC/g5U+57YheUDHOoFsKLAtOKYL7hupGPCmwavohA1UCYgZc4
hhMZjj2GoCyZasHjODIBZTDhwA1t8ASJZRqgwKEd+bFjR55nAWPiMBmDyMOmh2AZrmNYU1BHMH/D
8aZWFJqg+hGf2rbnJZYxDaZOssORgY1rIxu/cYC0IAiOA+55JqRF4E08Ybu+8D0OHEtiN/GnhmdH
oEg+CG8Md/tRo6QHAoQG+Q2knsd/IBTcO5FQlYZ5DMY89dEiTC8EX2n5UytJkPegT4YDSg9IT8Ng
+hAQPNZQbDOP0T1YIrEib+rYYmqKOA7dOLKtIHICcMOu64JYw2gMSPZaSQHAko9BPeJACM+IhONM
XTc2PS8GzoTcCX34n/BtD1y0zEbWtdigYWwzDaoDj2Gu4089J0zC0E9s7nEHXJUITTBc8DhgNRDe
HT4A0rapDE9TVGPTsIMwMhPOHXCpJhilA1YVgMQ8cLe2b4FrMXwfl6/adc15t/6+O68366TIN4eY
89aqApzceKARpn0M3AV9jxLXd2OXQ75sx35su+BUPd/kruUlhu3HsT2AUxbZBmBlWpeG30C1aCLN
dhT5oeE44O25a4KXM6IwdnyRgNLaoe07geN6tv8QrEGS24HzXdM3Qw5uz7KBCQa4AhSJhZyzp54J
FpbEtmPK+qkXp76h3OoRw94ji4o8SZdtRS14hixgSVGxUWq0yB+xqxUYDqvlAX3NeCVYsxKsyEUN
H3jDIp7nRcNCwdI8ytpYxPCByf6wDsEADK2BJAFhXRZrWJkggF2YNU/EASvgTVUjSBZCCnnNNkVb
KVh4gg85XpqktAMkG3j3J9sg4K/FbQ/uEAoF3mZNzW6L/EnD0NR5xfB6DPiiFJ3/BjFsVmkt6b5d
iZzJYAgA9EW+yDtgs0XO2KM3K4GI4YUqvATA8HKVlArwALKNGguTWL4mVKUHZsDPTDTEL2wwRoJJ
B48ja4QMHI+ElnFM0Zdixii3xBf1qm1i0FJNXemascVEnigwPBsS8WJCmJ1kWXHLsrRGbJlqfrOb
lLP/bkW1wTk/4wdNvZoxrNVpqbz8oNYwwIth/sZAYsAUhBZumGIlzpfFvta/HiD76A0oKmgE8JXH
MQNPK9mPbMUzFLYWHI+zMCVkwPRQINLAHPFzy+ma2jK9gbkQjlvB9tSmkLPuI3S5o9AqUUJtpwHb
8chjBq9p76/bdQhcAa06qTd5dMXra4YHeqBHOk14Ddwi1e4oxWmrqsiLFqQH0+sDRo0yJgsFtIcD
hllupS6HIW9uRYhj6zZXp1YS+CWJF2gCLauKuxQ0TAAbgCTS3LxHDnmrEHqRoK7iHNTJA5Y2T/Cy
XkXLYtHgcQ+qzM5itgc0tGA3FrGFyNAUpTMCtaurnJSjavMcxRljUV2UJAQqbGqdnYkb9Zmt0+UK
jLmCeuxgaHxKcZAjVdWWjRyVDEPGQMEtFF0kXDBKSv5jaRD8pkhjQPthDFBHUOcKYDRolz5QNAyl
clKns4t8LWC3jbTJL7MiBOXBPhOT42AG6xTvVcHzkoebBhjOLiWnDeKt7ArR8isU2m1KjCeFApu9
1SSgTsdqIjBJAUNwSHRnBMEklRDdllLHQVgtWilbFiCnAq0UlQI3WhKaGqE2YwZSAbuTB5Y1/f97
CrBx9yH8V7yK/xr+dVOUhILynj1KClzNwHuUvEa31yGEu3ZYQW3pKMTIB7who1D41U8+AoZkFoQS
OgwWtRB7cog9TNyJqCXfW0iUpUFirOpni7tIiLjeUiT91vnVsxm7+urFJXv54tWLK3Yyn7988eyS
zZ9dsDfnF/96dnHAYBK7OodZz9ibr85fPmPzi/PTZ5eX+q4HGPHDcj3Fjrmo0oLiMfrhGgmEWo88
MnGj97Um8B4ygphcC03RwBMK6WUJ1GmBdyHBP4M2Ib3vUzapZLcrDKzAE/RAchpBlkDA8279eGfc
sMc5hhAM87RAvz8bdUF1nUFspYgwG5CcRXSlXOXangZQL1HWW1JtQ9Fa7z+MkqLcVpQveRWCZWjb
XJYc0MPcJVNDdNQqplaB617zvKXcY4gJ5GUt6OD+QRcSdpWwU0MZXZMEYEl611sT1Nm5dPlS4SF5
KNos7nFJIYbc5myLfy0Bl4Q+EOoZhqIVdntOzuJejCTVkRB62pKqWHexVq5WM7Shag4ljNQoSd7T
DfaASo2047LLF1FkFeyEaqgUOW7XpUyuZAbH1AsNX3TyOsNJagHhTmh2FMATRHkwdv4AgyFmQ9yD
HW5Ayeq6FegYmhVIbdklm+i0cLctVgedIGWKoHJKXWKDU9/LpzW/06jlX3e4n/ISR9N1u4YQi8fu
CJwuEKMgmbykKrHY8hXtRbGSLOa+jkGuXSqMaEMNk+AWYq7TS+yskK92dRpTI/R6Er6c3JmQhKUm
DimjxEHe6ehpOwNUKFWB7BG5B9jJ/EJCUfel5RpJ4ZY6WKb4qY581M44eZvsIgMzrAIU3A+D+pAe
LnJ1YWymQgRkZqsikxlmyJtoRYk4oQxJE6iQCjLk22Tho97K0BKKPteU4e3RUErdK3Sr1aZB4AdM
MwcCJOHRxlrTIaNCAHntbRpLpyqYQcaScixlKM/HxTCo0NLZV5AK0q1tzO3Y6fz1AawFHEKwr9s0
BrWnXEF6zx6+RvBnzOuy7m1CXhN3hil13FIQ6e1sydcY/uklWFsegdnBI8PCKo/AksIWkiS+Ad2P
22hknAzPELfxcLDLsEQZC0oa/mDqPUl1Msp4tSTXylXFeF9oI2+ZkS8DVyNQRrSa0qkVYjosUg7u
IwFKiAUraBewGLIUTBwg4UaEJSCF1IPEDqVvGuTRsci7Qy+PGTfPdIZCeT3P513tsa2HsbTCjW4h
jcCFbZmXmnreKfZeKS9Up+9EzzUkrWNZjQmASiGhipHmMkg1nMCSi/Z1Nv8NNtOOScWXSAKwGlhR
lxllcFhtrwF5dH68Qr09zVKYJdsHeM9M1A17dfWaMK2BJCQb9QjbFaTa2+1kraV3vnfdtBqumhG2
w3IZtBEPXcn3JQz7JBEez/dkNvCUpJHOKGqvOCZFLF0Dbxp0liAN+gMF4LalToP4bgjpFXICohAF
JkhZOIU3ZRIytYK5jbJZpETIdoly/aq4PDunpPHsxeXJPyFfpPyyzcl8MYDh98EqOoGVSVOKxqm+
UxUPy68tnVvfR0fXs66GfYoXmEESMoVfgfum90x1LGrZY0FDyetCJjPKQ5gITGItoZ2uiqKmPkxX
uoquOUFRDTvZrOY3XfSEj0JTX8vAd4OuBiBGtxFkEqtaVD8VaS77I8SpJ+zbsLhDT1ixF2ds79vX
L872Qe7gBgEHmH8LYkPBpGTQVNJWseKPTMfAGoqt7HIwv2//+bKDr8rdwcgT2gxP/CiRIvGq1Ixo
K7qGmUor7gA/DW9gHBVJQtvCuzTZaHdtGm8FQvzUxr2qK2o2SVOTfwtD8oAin7KrtlZNL3SzjQw7
ao0m18yYOoPHbWRIVeFC7YI5Ac+Xfc2W47JsNzU56GbdpOJW6xOWh/qDkrkna/zKDPU8KP2RzgRY
1rEWcx3MtqkzBOLHz5SswOILSl0Gi4nwXMhORCgksFAkaPt1yW/zLgZJ6KRaODxOgiT5uFFP/r2d
eEVfteKdxsJ+HZb4uwdo7/Ss6PgQTaVOY8HUHtgQ5aAzdRsOCVliXgAzRCyzAXroozU1z5R8eRSJ
TFDxIzWUds3Sa9gCS39yJhkHZiyr4rZZSVcEW3C2ktAGfgoMuG5klkHIasj2DjVtKwNJ2ouzekAX
eloUnoTG5MFsT6ZqonWZmzxKHfIZ4GmAIlT+/RNe7+o+Y4GzFdC2ezfr4pTO+K4+Kad0y1Oq2iFI
yEgdYheqbLPOHNQDBlaao8KBbeGGVO4h6bQTRlL0SJD6qEIKR1S/cqZSOmyvUhNBDsuMSF2GB0S2
njfeOjO0OA2/FrMz1Bv8eFhdehjEarBzTV7p62euQJgziYqOF0v0tCCMwYVt1lgEg4k22E6O6i3q
GH7Ue7Z9TySQ++LLZSWWqnOq2qyyndSorwGM6CP8wIecn53jhXBNOXsZ99Et3QpZaXEw3lvasSbE
twTQmD4424D423O+LfFGlxTOPaaCQOV7pWGQ4eB9BYpRgzhyikcQYtiyhIQtK1ccbEWgx66YPOjT
ZY9aJKKC3FRDf5djkJNvu5gkIwIftUDVhZNBEG2h1oCchXxm55oUQJKyfN/tcU+qkq6hWJt0vY0M
KsoiUJxPXw+v5akPumfckHq7alHXx9e3G6g3wx06zt3rPUeUu2IvmKMC4ZHEIBugiloZfgyczWVt
w/DgLO56aWpun3KnS4gyXRiGXDZp6fAAbQ+RBdwjzERzhsk2pTx9UKU28xAm5nzoRWU9tCf0pU5E
woNcdMDOULvgt2gifX+QGqX4Jbyhqrwve1GhUeqvtPtBp7DDpEkbpUVdT3ClBqW3r3r6O34xNLZK
UpgmPSC8hdBW8jgNHW/XKJNBCOApR91lD5BhYo0lRSfTmlqV9VSOy4wRZRmDiCooiG/oSAs+8bKT
LFNQJAGPThgqOiBDw5SJY4GBx4W4lLJumbX2moHHGgrIfgdFPrLubxeQ9IgLWFZUGCpBY3ZRgOkR
1BEwP9z0R2G7R5pgbLXIEl31lDCRUZTxXAKSrbiU7OP7H6D0xbAJ2d4e8FTISIzmnt6J7c40ZzE4
a51hT3sxkUgjw7ojNg4Vntw5FGrneF+KAJfMYMsOtdOOQ51A1fQD2QyU6WPHfvZvkBWyG1wzbZko
O+y5JF1QiqGnhRl7HRH7cjdMTg8oXUCdQpnh1I5ARAF5j1f4oAbRSUkJDq5Da2pr2d2sC/xLE9Qh
vscUhQouAd4Uldx5ob60g8PjKVIdeIhxlH2/w90fBiLEY8et/PA4VJkYAdur96Xc0oa0Uak81iww
S7lh2EB9+kG+Ba+iJELlBqw7YLv7YuV0jaoz0mmZw0NF26KfB4TQzT6mpg2eYhBqkLsAkt2cA/bY
IkcsT0GwO41uR+KJh6M8BroBlaIEQD/A5uzHfhjIFnc/Mu0p+xFe0wOtuwZFQOzbNAKLAeT5BsTx
Ant0MiPGCQBuMZEA6XELS637kf0dPj+4FOcuJj/2SMr0DrbEByT4sdXtiif/6AOwIP6prVGX6Yuj
mDI/tv7WobCFQsDB40ECl8cSIYI6Hu5R+xB8NftvhGovujVHwXUywu483QTbsD2wddKWgQZBypJm
tTrV2fQGCfnbDbAo3lcifgwGhIHk8WMojR8/tqT8cKeh/DoB9uMPCPBg8PpHqU95MUD3iNF9sQE9
SrOgDlmC7mGqvaS7FgM1LDHJZxrbW21KSLP2GU8a1aXBL3LdSXSbkswIkG1Q2TSJrBrFxiKbGvhL
IgxzRkMyi6PDunqAr9mdDakmptpaellEAAD92HF7QJUqH/Hw8k5dchh5fXkEjaIEUHEx8D745zY6
grZWQMYrS+G+XB5eRRkHGTrIkWUF5nv0RzvuV65MYkMRE3uRdACA35QpM6HKbtWL43ihWu5L4/Ij
QMQE1TFkFbvdccaevzy5koPY5hN4tveFuk154AZ34I5ycWDfxWnVHFCd9IXqrcjLHsNjEykY5DaE
f3WqyVuVD2aQUEQbJr+m2lZdRdT1iqv+mgil+yjgjEd0Dafu+KR1V0zA3mQj7dFzyvNpK5o/AkKd
KDXydjCiUUdn0GopZLeN5F+rNnt0jY3JmpqnUHaEaZY2G2kmvZ7Q31fJZA0n0xNJJcHXAMm+UMJr
V7tCxYtS862IT+m2FF0XWuSAV8vORMRcZjoz25kZPptfXtEl60W+Lpr46BuBd+TxHhF9CxhTvyMz
sBwoD29XaSM0jFFHBhZeOVSoUd/O4tEqFfLvG9VHBd5EooYEXqqVuRkuwhalaogcuQgElU9LMrzC
gR2jbhXP0zWQOBxaF6GEix13vDKP8OQ1pH6EpuOBMt47kU/lTUmr4hS7m6DcmyOohHtN7UvSo64p
hQH8SH7/rG9Tibh/jXn+0dmz5yevX4KCq8SabiodyfRUDVUQCiUG+ElHvwJA46PP6UfVexifCbtR
l+nIXeSDPlreCyMtjwyd/rfIaUt9KJ6BxG48GDRtu8cmLWEIIXU3to4ElraTX/8PLDgDmQ==
===END CRASH DUMP===
