PocketMine-MP Crash Dump Fri Dec 6 19:20:38 PST 2024

PocketMine-MP version: 5.23.1 [Protocol 766]
Git commit: 2b0daebc2a72784d6ea1744d6b0b91e7ab66baba
PHP version: 8.2.25
OS: Linux, linux

THIS CRASH WAS CAUSED BY A PLUGIN
BAD PLUGIN: Oomph

Thread: Main
Error: Call to undefined method pocketmine\network\mcpe\protocol\PlayerAuthInputPacket::hasFlag()
File: plugins/Oomph-PM-master/src/Oomph
Line: 340
Type: Error
Backtrace:
#0 pmsrc/src/event/RegisteredListener(61): ethaniccc\Oomph\Oomph->onClientPacket(object pocketmine\event\server\DataPacketReceiveEvent#108328)
#1 pmsrc/src/event/Event(63): pocketmine\event\RegisteredListener->callEvent(object pocketmine\event\server\DataPacketReceiveEvent#108328)
#2 pmsrc/src/network/mcpe/NetworkSession(464): pocketmine\event\Event->call()
#3 plugins/Oomph-PM-master/src/session/OomphNetworkSession(138): pocketmine\network\mcpe\NetworkSession->handleDataPacket(object pocketmine\network\mcpe\protocol\PlayerAuthInputPacket#108354, string[94] ........... .D..<C. .D..........'C......@.......................................)
#4 pmsrc/src/network/mcpe/raklib/RakLibInterface(214): ethaniccc\Oomph\session\OomphNetworkSession->handleEncoded(string[43] ..Wda@.q...l.N._.l...x\`B/..;7...#.\.lF."..)
#5 pmsrc/vendor/pocketmine/raklib-ipc/src/RakLibToUserThreadMessageReceiver(40): pocketmine\network\mcpe\raklib\RakLibInterface->onPacketReceive(int 0, string[52] .Ge.=M~t.c.D.."...S.U...p........t...e.M16"...&.0...)
#6 pmsrc/src/network/mcpe/raklib/RakLibInterface(107): raklib\server\ipc\RakLibToUserThreadMessageReceiver->handle(object ethaniccc\Oomph\session\OomphRakLibInterface#207337)
#7 pmsrc/src/TimeTrackingSleeperHandler(58): pocketmine\network\mcpe\raklib\RakLibInterface->pocketmine\network\mcpe\raklib\{closure}()
#8 pmsrc/vendor/pocketmine/snooze/src/SleeperHandler(120): pocketmine\TimeTrackingSleeperHandler->pocketmine\{closure}()
#9 pmsrc/src/TimeTrackingSleeperHandler(77): pocketmine\snooze\SleeperHandler->processNotifications()
#10 pmsrc/vendor/pocketmine/snooze/src/SleeperHandler(79): pocketmine\TimeTrackingSleeperHandler->processNotifications()
#11 pmsrc/src/Server(1733): pocketmine\snooze\SleeperHandler->sleepUntil(float 1733541638.1662)
#12 pmsrc/src/Server(1097): pocketmine\Server->tickProcessor()
#13 pmsrc/src/PocketMine(355): pocketmine\Server->__construct(object pocketmine\thread\ThreadSafeClassLoader#6, object pocketmine\utils\MainLogger#2, string[16] /home/container/, string[24] /home/container/plugins/)
#14 pmsrc/src/PocketMine(378): pocketmine\server()
#15 /home/container/PocketMine-MP.phar(168): require(string[72] phar:///tmp/PocketMine-MP-phar-cache.0/PMMPmvGuO8.tar/src/PocketMine.php)

Code:
[331] 	 * @return void
[332] 	 * @throws ReflectionException'
[333] 	 */
[334] 	public function onClientPacket(DataPacketReceiveEvent $event): void {
[335] 		$player = $event->getOrigin()->getPlayer();
[336] 		$packet = $event->getPacket();
[337] 
[338] 		// The fact we even have to do this is stupid LMAO.
[339] 		// Remember to notify dylanthecat!!!
[340] 		if ($packet instanceof PlayerAuthInputPacket && $packet->hasFlag(PlayerAuthInputFlags::START_FLYING) && !$player->getAllowFlight()) {
[341] 			$player?->getNetworkSession()->syncAbilities($player);
[342] 			return;
[343] 		}
[344] 
[345] 		if (!$packet instanceof ScriptMessagePacket) {
[346] 			return;
[347] 		}
[348] 
[349] 		$eventType = $packet->getMessageId();
[350] 		if (!in_array($eventType, self::VALID_EVENTS)) {

Loaded plugins:
AdvancedBans 1.2.2 by iRxDuZ for API(s) 5.0.0
AltsFinder 1.0.0 by  for API(s) 5.0.0
DEVirion 1.3.0 by poggit, SOFe for API(s) 5.0.0
DevTools 1.17.1 by PocketMine Team for API(s) 5.0.0
GlazeCosmetics 1.0.0 by GlazeNet for API(s) 5.0.0
MultiWorld 2.1.1 by CzechPMDevs, VixikCZ, fuyutsuki, kaliiks for API(s) 5.3.0
Oomph 1.0.0 by  for API(s) 5.0.0
Practice 2.0.0 by JuqnGOOD for API(s) 5.0.0
RankSystem 1.1.3 by IvanCraft623 for API(s) 5.3.0
StaffMode 2.0.1 by ysnl for API(s) 5.0.0

uname -a: Linux 52bca970-e13a-44bb-a6b2-24200d9cb907 5.15.0-125-generic #135-Ubuntu SMP Fri Sep 27 13:53:58 UTC 2024 x86_64
Zend version: 4.2.25
Composer libraries: 
- adhocore/json-comment 1.2.1@651023f9fe52e9efa2198cbaf6e481d1968e2377
- brick/math 0.12.1@f510c0a40911935b77b86859eb5223d58d660df1
- daverandom/callback-validator unknown@unknown
- netresearch/jsonmapper v5.0.0@8c64d8d444a5d764c641ebe97e0e3bc72b25bf6c
- pocketmine/bedrock-block-upgrade-schema 5.0.0@20dd5c11e9915bacea4fe2cf649e1d23697a6e52
- pocketmine/bedrock-data 2.15.0+bedrock-1.21.50@6e819f36d781866ce63d2406be2ce7f2d1afd9ad
- pocketmine/bedrock-item-upgrade-schema 1.14.0@9fc7c9bbb558a017395c1cb7dd819c033ee971bb
- pocketmine/bedrock-protocol 35.0.0+bedrock-1.21.50@bd1ec79bae8c88aa984e1c5f0c3313be5ae9b435
- pocketmine/binaryutils 0.2.6@ccfc1899b859d45814ea3592e20ebec4cb731c84
- pocketmine/callback-validator 1.0.3@64787469766bcaa7e5885242e85c23c25e8c55a2
- pocketmine/color 0.3.1@a0421f1e9e0b0c619300fb92d593283378f6a5e1
- pocketmine/errorhandler 0.7.0@cae94884368a74ece5294b9ff7fef18732dcd921
- pocketmine/locale-data 2.22.0@aed64e9ca92ffbb20788b3b3bb75b60e4f0eae2d
- pocketmine/log 0.4.0@e6c912c0f9055c81d23108ec2d179b96f404c043
- pocketmine/math 1.0.0@dc132d93595b32e9f210d78b3c8d43c662a5edbf
- pocketmine/nbt 1.0.0@20540271cb59e04672cb163dca73366f207974f1
- pocketmine/pocketmine-mp dev-stable@2b0daebc2a72784d6ea1744d6b0b91e7ab66baba
- pocketmine/raklib 1.1.1@be2783be516bf6e2872ff5c81fb9048596617b97
- pocketmine/raklib-ipc 1.0.1@ce632ef2c6743e71eddb5dc329c49af6555f90bc
- pocketmine/snooze 0.5.0@a86d9ee60ce44755d166d3c7ba4b8b8be8360915
- ramsey/collection 2.0.0@a4b48764bfbb8f3a6a4d1aeb1a35bb5e9ecac4a5
- ramsey/uuid 4.7.6@91039bc1faa45ba123c4328958e620d382ec7088
- rhumsaa/uuid unknown@unknown
- symfony/filesystem v6.4.13@4856c9cf585d5a0313d8d35afd681a526f038dd3
- symfony/polyfill-ctype v1.31.0@a3cc8b044a6ea513310cbd48ef7333b384945638
- symfony/polyfill-mbstring v1.31.0@85181ba99b2345b0ef10ce42ecac37612d9fd341

----------------------REPORT THE DATA BELOW THIS LINE-----------------------

===BEGIN CRASH DUMP===
eNrtPGtX3EaWf6Xc9pnADBJ6S91ZshDACbsQWIPjzEzn2CWp1K2gV/QA2jnZ37733iqp1Q22k0zO
nvlgOzGtUtWt+35VNb9MkrLOefv2TtRNWhaTmbM3adNcTGamb9uuY3p2oJuB4TrW3qSr5CvbsHXD
DSzPmJq+59ne3iTjTXta12U9mf0yaVcVzJrI571JLpqGL3DkmGcZa0vWFbFI0kLELBftsoxZVUa3
os1haD4vRHtf1rfzeR5V8FjVZVtGZTafX2V8Jeqjrl2eFVXXXnFcM5stefMy44udXdgq6bLsZZrh
XvvLMhf7UVm0HMDW+1XWLdKi2b8s82qpXV1oOaAM400dyTG9WlYIQi7/5HSYmgFg4IZjAM9qHsHn
f06eG6zKcRL+L+5E0e6/EosU14r4HH8CMjueuTtjQDov0iiK5nOCqH5oX5XFcZbCSknhThn+JKJ2
g0cEeD5vRA2Cm89PeMvl5FciEumdOMX3z00jsK0A+fLcfIQVTdnxbEDkCciPcda+ikB6ctWfgZE1
wkiJfB8lvv+dfLgGrQGN3HE852kUCaLEimT/3GYfE1oj4cl3W3uYdrC1x5YSbs7XvgLBxZlYE/kU
R36fHhNrXGePNW2dFot/Tp0fmb7+w/QTXf+PY/mz//PFsfx5qP+2P8Ql50N8r/ltlob7r/jteRqe
FcC3BHR6xzKdJ3VV8VM9P82g0yIqYxHvKJocG2l6E/ND/WdAJ9O/09/Cv7r+MJ+/+3pf17/04eG5
Pp/r2Ut9PlEYuwpjkHdcgiEPPFYoa2klyZGo35SvQQtvlrXg8YV0PUoH6x3H+LicJUBQ/00moElu
aPNOWrTMGITlWkDYN0I/uPjfVo9QRIi8fq2/hn+rnv0t/C/0C9Ojl3/RjV4k3u8UiWn4QEaPa29y
wIUe8Y+woBdNr7GfEuzW3s8tA+KCT2j7I7RvIDDcgA+8BXZcZ0JUov6W9ql33OAP8vw3rPklysqm
q8Wv0gMEH9SUpijL94JQ3ULPtLZ14sO0bOK0tfn0t7HD97e2k6jN54+2qssIRPFd2aZJGvEWZNLI
nUzjD9DpT38PmR/eexxJrkn1djBV+I1ENfj8umjTbCfJSt6ycZrheZbcw3piD2O6zTj5RvuqTaPb
K4lwWSss7RGEK1pzAWt2bNf9AJC3byFVAHPuoiedeUu2BEyjn9c8EceQ8jTnJY9F/dzbY0+s6YDK
Zj6/gPzjvFwsYJ41eAzT+5FtZyjDS8t5/LIPbZI85wPk+du2Jp2DYor7COp6rXZxBQkQB0Z7CKMW
P3dpLXrP7YODw7ez/f39Nq8212n4Rot4tBS6sX91cXGV333TXQZ6y+stDDHH2p38CPkS8RHyLOTO
5Ne9ifg3SB7/WOa3TcnmwJ6C9zYt7srsTuSQtMC7GJgbtcNbGOlBY8REPti2CaPzlv2VHdai7eqC
3ZVpDDNs2xrewGblfcNeiSQDeGCmpw+RqPDDFzTTVjP36cmhp6oLszRiSVfQCraVbj6durEXlHaB
aiAW7BeC5xK8efuiIu6yAzVL+2oh2ss6Bcp2dulBsn9n90ta5w3raJ/NdQoNNdWHqfQhUGv299nN
UjAIES27FwzXsSW/E6gaccnaZdow+K9puwrwPL84utRp/XS9/hVIIQ8BX1hSoItbsXiV8aJdCvB1
z549wwWOoRakCdvpEQW9aHkRiTJhTyoU+8tfmJqLgVbq1tZMHGtms+ubo1c3b1+e//3su292cd0z
xUViwlGWlfcvs3SxBE7sSnY7psJoYPh/0tytZBYY3qyK6ChMs7RNRbOjJkuGOtYARGqVHLXV6K/0
5CimO+6IB8+eYMJ1VKdVq1IMyYIeWe/JffyNfYJ+n144Ug1uwAWgTvSMBBrVFmex0gt3LJ1nYF68
rvlqZ70enKnIktns+6Pzs5O3p9+ffndzTYz89XOx9rlY+1ysfS7WPhdrn4u1z8Xa52Ltc7H2qWJN
kYNVyVF8h6lf/DWXzwXHA4HN4b3JcJowMXVLt2CEQwAt6waTrvTVw0n3D4TLqxQHXHCuBj6LgoeZ
gNIJJCv2JjEoYxHjGnjXlEl7Mh7IOZVN9UPcvZ/PQ15I4WFxVlL5dXV5ffPm8tX5CQzdi7BJW8QU
87+jrG1eplBG1mMS1oObBCByYwL+JMQbyMob8OAc9k1o3/l8A4dPknFy+n1aE5YDEcPQJgn2FgmT
ClQ8xfLz+vKl+LNEIYHO53eEwnwei/7TCC1FFVU/r68e0yTubsoyG+vWMLRJk+nr5iZRa81lN4Ln
fxZZ/f5AxhqTj5CxbNuqAdsDXiy7UI/KfGRT+wMMIPabjL8Xx2WTC/CKY5K3XnxcH+VsyOn+NYIn
EKM5FI4/ZwD9ZVnnR1dnkzUX+k3m803k5vMxnp+Q7kWXtembss7iEbGjwTGhlm5uC/j4vYiWVxfA
Qtzr+/QhvT3+B536rbq26W5T+HzLszS9bTZ4Yf9x4Ue4ZZWDKgOlOWJ6j5iCrxlj/VFTfUIfRoTs
jwABh2QXaM2cviv0/+CQPlDh/hZPdAWZCWiAGCE+DG3K9JHy/lf3c/HN5eXJn2WtPwE8rN/k7lC/
rfH4JBmveHF7vYIiNB8RMhrcckC6vUnKGcTA45onrWfZ/5r+Ta6jshbfdvHIAMfQMf/usRp//i1E
Xrc8SS5Uk1HRuB7bltaWBa6aIvuzJIWw5nOZlH0accC84jWgCxUHoaI/kQ/BGk0rSu0+fc/rmJ7i
tEHUNEhMUsL0oRUFEkj+9hjYDOADzFJcmB/zduMZfOJDno1HSiCkaTaGqmgTSPNzBljb46H3AGj8
TN2qWITdAkYNGEWrCKOct8vxtIhnwDagazy27IpbylYtWmvrNFqvqrZUA5hwRaqPvl7X1RtYx2WO
MjYM2zStKQz81JDUhwnYDk+LpNwaa8UGOklbjR8X8cZTvvFyCQnPBqNajtRtLLm+Ot8QgLgTWRwq
wgwpklgkmRQUsg5VNA9l7jtempd1SxSBFhNL8hVIpsDd1Ce2nosD6aZQi3aDX+kiTAter2DMxl29
Cap9VMZy2x69q5PLDTBx+ZaAbw9KJRmPXi03Bd2QejcbC/O8Go4XPCALd6zKJn0Yz6qBqyTc9YgA
6aPSLzrJbkOtXZ8bbOy8zMsNwV2neZWJHy42RNOWt6JI32+qw5a1wCNi+2jOfZ1u6dHDg9KO3hpW
nEDBa91BC0orWU7IrOAfYBfs8orqmDUYcBI/pe3bnLxb0WUZcGdZKSVGfcTeKM/GYWrsQ9AGeSPW
l6HAwVk27Rd2KSYtYC4BqELzFhKCySzhWQPerm8WTma+58EmKR7wWKERcxFGFvctP3BiT3DTd+Bn
aIRTU/g89LyQhxxgdwqX87ToHphrhRGf+oYmTJtrjhOGGvdCS7Mc2DyeRuHU8Jmrm+B7NdNyNaIp
jRiU0a72OuyKtmPXF1fsZZ2ya1Exy2emPXPhv4C9vjlmlmE57CHw3nrIVrzzNPZTguzDGRRuWb0t
mx43dH/4kKkHSGVA+UT9Fmyy5nUqyKfyeFli+NpHh6LBHHXkhaWgeei5pmHZyTQRriWmIuGWOQ2i
kCeecAIzNqdeICzb95HnQNbtvvKJoLG4PIHlkcEdY2qaU9sNfT8MvMCditC1LDt2g9jzjDgxyZeD
HMkU9rHtHPLoVruD7BB8PJ40Attvi/K+OFQ/YUUh2lo0gtfRkpDPeVWRlt5RoDsMIs+Jg9hxHO7G
vufAoylCMfWFIeww8q3QcsPEi8gohy5PKOIanrQww3+7alGDQWgNKG7OScUQtGXEsRuZpphOTRdQ
FdxJhBUlnjMVZmzZ3tTnHrDsadBAEpcpM0D7Wz9KxuIah54IzGlie7EfmIHnRcKzY8sxvBA2EH5i
xSZP4imPn4YNhpo/xhqs0AG0p0nkR9MwDF034Ibp21MgIgr9OIYtI8O2BXDHDMOnQa8NZ2ITGx6h
HsamiPxpyEUQBQHn08ARZuQmRmTbph0Kl4tp6NjuFnxy1BQjlUPxDqMoicxgOg1BWWLHDUxHcNud
WsIyQISRA0jbZhQ4m5CeVBzMwO1Dz/ED3wG5gB1HnPvCDQIXjFQEbmTZkeUCyq7LtyQG1BIMDBfm
ITccy0xA6MIIjcgDjTaMJJxasTu1rcC2/SDxuCvMTRh0VC4bwxKUD5KIgBNOEDi2F3DfERHoytQJ
p0niJyIxA9+24iieWlugQCUhxVjrjwW+95CL2HPEFLyQlSRhaBl+EIQ2/A19N/QM4SSG4MKKt0HJ
MIhqIbxoalqRkUwN140CVGDTCEQEqgbCnHqJYziR4dibEJSlU4FzGEcmoAwmPnVDGzxFYpkGKHBo
R2CAduR5FjAmDpNNEEXYDhAsw3UMywd1BPdgOJ5vRaEJqh9x37Y9LwG6pr6TbHFk/VGj5AUcvQZ5
CqSQh7/DpT869lAVg3kIRucHqLmmB65CWIEPTEYegdwNB5TT80w/nPpPAcGzE0WeeYhmbInEijzf
sYVvijgO3TiyrWnkTMGduq4L7A+3nJFs9ZKgXBR14MVTITwjEo7ju25sel5sR37InTCAvyKw8ZKv
zCryRqxQgdcZA9VzhzDXCcAdhqAsQWJzjzvgUkRogoGBZwDthjANLnMNpOtSGWZ8sMypadjTMDIT
zh1wfSYYjwPaP3UD4YFbtAMLXIARBLh82eUN5/36xx68WeVJWaz2MXdtVCU3ufNAKU37ELgLehkl
buDGLoe81wZnbrvg/LzA5K7lJYYdxLE9glOV2QpgZVqfTt9B1WcizXYUBaEBkQC0wDXBGxlRGDuB
SEC5wFYCZ+q4nh08BWuUrPbgAtcMzJCDe7JsYIIBJosisZBztu+ZYAlJjBcAqA4axKmvKEd6zrDz
yaKySNJFV9MJAEMWsKSs2UaKMy+e4/WJRrBGtC0g0TBeC9YuBSsL0cAH3rKIF0XZslCwtIiyLhYx
fGCyO62D04agiBcLENZ1mcPKBAFsw2x4IvZYCW/qBkGyEFLBW7Yqu1rBYmnCIFdLk5R2gKQBL8Vk
KwT8nbgfwO1Dws+7rG3YfVl80TIMy7xmUJeW4DNSdNIrxJDufhDd90tRMBm0AIA+L+ZFD2w2Lxh7
/mYpEDG8AdJgKol3i6RUgAeQNTRYYMTyNaEqPSUDfmaiJX5hezMSTDpiHMkRMnA8ElrGMdVeiBmj
HBFfNMuujUFLNXWjacbmE3mewfBoSsTzCWFGNz9YljaIbX9Izu5Szv6nE/UK5/yMHzT1asaw5qal
p1SFqzUM8GKYhzGQGDAFoYUrpliJ82XRrg2vR8g+fwOKChoBfOVxzCArkuxHtuIJDssFx9M0TO3w
tk0oEGlgjvi543RLa5HixRwIm51gO2pTyD13EbrcUWi1qKBG04DteOAyg9e093cdXc4BrTrCiyw3
vLlleJ4IeqTThNfALVLtnlKctqzLouxAejC92WPUpmMy4Ud72GOYrdbyuJR4cy9CHMu7Qh2aSeDX
JF6gCbSsLh9S0DABbACSSHOLATnkrULoLEFdxTmok3ssbb/Au2o1LYtFi4dNqDJbi9kO0NCB3VjE
FiJDU5TOCNS2rnJSjrorChRnjMVxWZEQqEBpdHYi7tRnluPtIRbVUFftjY1PKQ5ypK67qpWjkmHI
GCichaKLhAtGSUl8LA2C0wWwrnkaA9QR1LkSGA3apY8UDUOpnNTr7LzIBey2kjb5TVaGoDzYL2Jy
HMwgT/HCETwveLhqgeHsWnLaIN7K7g4tv0Gh3afEeFIosNl7TQLqdawhApMUMASHRHdTEExSC9Fv
KXUchNWhlbJFCXIq0UpRKXCjBaGpEWozZiAVsDt5YFmb/9tTgA24j+G/5HX8r+HftGVFKCjvOaCk
wDUMvEfFG3R7PUK4a48V1IiOQox8wBsyCoVf88WfgCGZBaGEDoNFHcSeAmIPEw8i6sj3lhJlaZAY
q4bZ4iESIm7WFEm/dXlzOmM3355ds/Ozi7MbdnR1dX52es2uTl+xN5ev/vv01R6DSezmEmadsjff
Xp6fsqtXl8en19f6tgfY4IfleoodV1DslxSP0Q83SCDUZOSRiRuDrzWB95ARxORaaIoGnlBIL0ug
jssC6AT/DNqE9H5I2aSS3S8xsAJP0APJaQRZAgHPu/bjvXHDHpcYQjDM0wL98WzUBdU9BrFVIsJs
QHIW0ZVylWsHGkC9RNWsSbUNRWuz+zRKinJbUb7gdQiWoa1zWXJAT3OXTA3RUauYWgWuO+dFR7nH
GBPIyzrQwd29PiRsK2GvhjK6JgnAkvTmaxPU2aV0+VLhIXkouywecEkhhtwXbI1/IwFXhD4Q6hmG
ohV2e0nO4lGMJNWREAbakrrM+1grV6sZ2lg1xxJGapQkH+kGe0KlNrTjus8XUWQ17IRqqBQ57vJK
Jlcyg2PqhYYvenmd4CS1gHAnNHsK4AmiPBg7f4LBELMh7smrw2nTdAIdQ7sEqS36ZBOdFu62xmqv
F6RMEVROqUtscOoH+ZTzB41a902P+zGvcDTNuxxCLB76I3C6WYuCZOpONWGx5ivai2IlWcxjHYNc
u1IY0YYaJsEdxFxnkNhJKV9t67S8Dd7Dl5N7E5Kw1MQxZZQ4yBslA20ngAqlKpA9IvcAO5lfSCjq
IrFcIylcUwfLFD/V0Y3aGSevk11kYIZVgIL7cVAf08N5oe6rzVSIgMxsWWYywwx5Gy0pESeUIWkC
FVJBhnybLHzUWxlaQjHkmjK8PR9LqX+FbrVetQh8j2nmSIAkPNpYa3tkVAggr71OY+l0BDPIWFKO
pQzl+bgYBhVaOvsWUkG6n4+5HTu+er0HawGHEOzrPo1B7SlXkN5zgK8R/Bnz+qx7nZA3xJ1xSh13
FEQGO1vwHMM/vQRrKyIwO3hkWFgVEVhS2EGSxFeg+3EXbRgnw7PAdTwc7TIuUTYFJQ1/NPWRpHoZ
ZbxekGvlqmJ8LLQNb5mRLwNXQ18xoNWUTi0R03GRsvcYCVBCLFhBu4DFkKUI+nYGISwBKaSeJHYs
fdMgj45F3gN6ecy4eaYzFMrrq+Kqrz3W9TCWVrjRPaQRuLCrikpTz1vF3oXyQk36XgxcQ9J6ljWY
AKgUEqoYaS6jVMOZWnLRrs6uPsFm2jGp+QJJAFYDK5oqowwOq+0ckEfnx2vUW3m1XrYP8JabaFp2
cfOaMG2AJCQb9QjbFaTa6+1kraX3vjdvOw1XzQjbcbkM2oiHp+T7EoZ9kgiP2QcyW3hK0khnFLWX
HJMiluYVfgEF1oA06Dv04LalToP47gjpJXICohAFJkhZOIU3ZRIytYK5rbJZpETIdoly/aq4PLmk
pPHk7Proa8gXKb/sCjJfDGD4daiaTlJl0pSicaovG8Xj8mtN59r30RH0rK9hv2Im1q4qhV+C+6b3
THUsGtljQUMpmlImM8pDmAhMYi2hHS/LsqE+TF+6ir45QVENO86s4Xd99ISPQlPff8F3o64GIEa3
CmQSq1pUP5VpIfsjxKkv2A9h+YCesGZnJ2znh9dnJ7sgd3CDgAPMvwexoWBSMmgqaetY8UemY2AN
5Vp2BZjfD1+f9/BVuTsa+YI2w5M7SqRIvCo1I9rKvmGm0ooHwE/DmxQHZZLQtvAuTVbaQ5fGa4EQ
P7XNXtUNNZukqclf1yB5QJFP2VXXqKYXutlWhh21RpNrZkydpeM2MqSqcKF2wZyAF4uhZitwWbad
muz1s+5Sca8NCctT/UHJ3KO87NB7JDL2K2cCLOtZi7kOZtvUGQLx42dKVmDxK0pdRouJ8ELITkQo
JLBQJGj7TcXviz4GSeikWji8mQRJ8nGjgfxHO/Ea8IZI0Gss7NdjiT8HgPZWz4qO+dBUmjQWTO2B
DVEOOtN04ZiQBeYFMEPEMhughyFaU/NMyZdHkcgEFT9SQ2nXLL2FLbD0J2eCX2Fji7q8b5fSFcEW
nC0ltJGfAgNuWpllELIasr1HTVvLQJJ2dtKM6EJPi8KT0Jg8YB3IVE20PnOTR55jPgM8DVCEyn94
wmta/WcscNYCWnfvZn2c0hnf1ifllO55SlU7BAkZqUPsQlVd1puDesDASnNUOLAt3JDKPSSddsJI
ih4JUh9VSOGI6lfOVEqH7VVqIshhmRGpu/iAyNrzxmtnhhan4ddstoYGg98cVpcXRrEa7FyTFwqH
mUsQ5kyiouMFET0tCWNwYasci2Aw0RbbyVGzRh3Dj3rP1u+JBHJffLGoxUJ1TlWbVbaTWvUthA36
CD/wIZcnl3gdXVPOXsZ9dEv3QlZaHIz3nnZsCPE1ATSmj842IP4OnO8qvJklhfOIqSBQ+V5pGGQ4
eO+AYtQojhzjEYQYtywhYcuqJQdbEeixayYP+nTZoxaJqCE31dDfFRjk5Ns+JsmIwDdaoOriyCiI
dlBrQM5CPrN3TQogSVm+7/d4JFVJ11isbZqvI4OKsggU59O3oxt56oPuGTek3q5a1Pfx9fUG6s14
h55zj3rPEeWu2AvmqEB4JDHKBqiiVoYfA2cLWdswPDiL+16amjuk3OkCokwfhiGXTTo6PEDbQ2QB
9wgz0YJhsk0pzxBUqc08hok5H3pRWQ/tCH2hE5HwIBftsRPULvgp2kjfHaVGKX61b6wqH8peVGiU
+ivtftQp7DFp01ZpUd8TXKpB6e3rgf6eXwyNrZYUpskACG8LdLU8TkPH2zfKZBACeMpR99kDZJhY
Y0nRybSmUWU9leMyY0RZxiCiGgriOzrSgk+86iXLFBRJwPMjhooOyNAwZeJYYOBxIS6lrFtmrYNm
4LGGArLbQ5GPrP/qPkmPuIBlRY2hEjRmGwWYHkEdAfPD1XAUtn2kCcaGX/XVVU8JExlFGS8kINmK
S8k+/vkjlL4YNiHb2wGeChmJ0dzTB7HemebMR2etM+xpzycSaWRYf8TGocKTO4dC7RzvShHgkhls
2aN23HOoF6iaviebgTJ97NnP/g6yQnaDa6YtE2WHA5ekC0ox9HQwY6cnYlfuhsnpnvyCPOgUygyn
9gQiCsh7vIoHNYguv1WPcHAdWlPXyO5mU+IvWqAO8SOmKFRwCfCmrOXOc/WVIRzenCLVgYcYR9k/
t7j740iEeOy4lh8ehyoTI2A7za6UW9qSNiqVx5oFZik3DBuoTz/Kt+BVlESo3IB1e2x7X6ycblF1
NnRa5vBQ0Xbo5wEhdLMvqGmDpxiEGuQugGQ/Z4+9sMgRy1MQ7E6j25F44uEoj4FuQKWsANCPsDl7
NwwD2eLhHdO+Yu/gNT3QultQBMS+SyOwGECer0AcZ9ijkxkxTgBw84kESI9rWGrdO/Y3+PzkUpw7
n7wbkJTpHWyJD0jwC6vfFU/+0QdgQfxT16Au05dWMWV+YT3rUVhDIeDg8SCBK2KJEEHdHB5Q+xh8
NfsZoTqILucouF5G2J2nG1srttOUUltGGgQpS5o16lRnNRgk5G93wKJ4V4n4BRgQBpIXL6A0fvHC
kvLDncby6wU4jD8hwL3R63dSn4pyhO4Bo3tdI3qUZkEdsgDdw1R7QXctRmpYYZLPNLazXFWQZu0y
nrSqS4NfI3uQ6LYVmREg26KyaRJZNYqNReYb+EMiDHM2hmQWR4d1zQhfsz8bUk1MtbX0sogAAHrX
c3tElSof8fDyQV1y2PD68ggaRQmg4nLkfSA/Ej1Baysg45Wl8FAuj6+ibAYZOsiRZQXme/TbLB5X
rkxiQxETe5F0AIDf06kyocpu1YvjeDFa7kvj8iNAxATVMWQVu95xxl6eH93IQWzzCTzb+1Ldetxz
pw/gjgqxZz/Ead3uUZ30peqtyMse42MTKRjkNoR/darJO5UPZpBQRCsmvyTb1X1F1PeK6+GaCKX7
KOCMR3QNp+n5pPVXTMDeZCPt+UvK82krmr8BhDpRauTtaESjjs6o1VLKbhvJv1Ft9ugWG5MNNU+h
7KBfXrKSZjLoCf3ikUzWcDI9kVQSfA2QHAolvHa1LVS8KHW1FvEx3Zai60LzAvDq2ImImMtMZ2Y7
MyNgV9c3dFl6XuRlGx98L/CuO94jou8gY+p3YE4tB8rD+2XaCg1j1IGBhVcBFWo0tLN4tEyF/MU/
zUGJN5GoIYGXX2VuhouwRakaIgcuAkHl0xL6BTDYMepX8SLNgcTxUF6GEi523PHqO8KT15CGEZqO
B8p470Q+VXcVrYpT7G6Ccq8OoBIeNHUoSQ/6phQG8AP57behTSXi4TXm+Qcnpy+PXp+DgqvEmm4q
Hcj0VA3VEAolBvhJR78CQOODv9IfVe9hfCbsNrpMB+68GPXRikEYaXVg6PR3XtCW+lg8I4ndeTBo
2vaATVrBEELqb2wdCCxtJ7/+H5J+x50=
===END CRASH DUMP===
