PocketMine-MP Crash Dump Fri Dec 13 12:54:27 PST 2024

PocketMine-MP version: 5.22.1+dev [Protocol 766]
Git commit: 41d9f438ed462b8e375b5f8437291b6e91cb851b
PHP version: 8.2.25
OS: Linux, linux

A PLUGIN WAS INVOLVED IN THIS CRASH
BAD PLUGIN: Practice

Thread: Main
Error: No such registry member: juqn\practice\kit\classes\KitClass::ROGUE
File: pmsrc/src/utils/RegistryTrait
Line: 127
Type: Error
Backtrace:
#0 plugins/Practice-main/src/juqn/practice/handler/PartyHandler(440): juqn\practice\kit\classes\KitClass::__callStatic(string[5] ROGUE, array[0])
#1 pmsrc/src/event/RegisteredListener(61): juqn\practice\handler\PartyHandler->handleItemUse(object pocketmine\event\player\PlayerItemUseEvent#261931)
#2 pmsrc/src/event/Event(63): pocketmine\event\RegisteredListener->callEvent(object pocketmine\event\player\PlayerItemUseEvent#261931)
#3 pmsrc/src/player/Player(1616): pocketmine\event\Event->call()
#4 pmsrc/src/network/mcpe/handler/InGamePacketHandler(524): pocketmine\player\Player->useHeldItem()
#5 pmsrc/src/network/mcpe/handler/InGamePacketHandler(349): pocketmine\network\mcpe\handler\InGamePacketHandler->handleUseItemTransaction(object pocketmine\network\mcpe\protocol\types\inventory\UseItemTransactionData#88079)
#6 pmsrc/vendor/nethergamesmc/bedrock-protocol/src/InventoryTransactionPacket(94): pocketmine\network\mcpe\handler\InGamePacketHandler->handleInventoryTransaction(object pocketmine\network\mcpe\protocol\InventoryTransactionPacket#106026)
#7 pmsrc/src/network/mcpe/NetworkSession(534): pocketmine\network\mcpe\protocol\InventoryTransactionPacket->handle(object pocketmine\network\mcpe\handler\InGamePacketHandler#257264)
#8 pmsrc/src/network/mcpe/NetworkSession(472): pocketmine\network\mcpe\NetworkSession->handleDataPacket(object pocketmine\network\mcpe\protocol\InventoryTransactionPacket#106026, string[111] ...................A.........Unbreakable....display...Name....r..l..9Veizer.....)
#9 pmsrc/src/network/mcpe/raklib/RakLibInterface(214): pocketmine\network\mcpe\NetworkSession->handleEncoded(string[170] .+.c`b``la.\............3r.E..B...R....rR....R2..r.+9X...sS...-/:.<..r......"...)
#10 pmsrc/vendor/pocketmine/raklib-ipc/src/RakLibToUserThreadMessageReceiver(40): pocketmine\network\mcpe\raklib\RakLibInterface->onPacketReceive(int 5, string[179] .KnQ.|V.g........K....z..$..."F2....:]#.Z..'.3a>.T..a....VP"$.......:..3.9,....|)
#11 pmsrc/src/network/mcpe/raklib/RakLibInterface(107): raklib\server\ipc\RakLibToUserThreadMessageReceiver->handle(object pocketmine\network\mcpe\raklib\RakLibInterface#191938)
#12 pmsrc/src/TimeTrackingSleeperHandler(58): pocketmine\network\mcpe\raklib\RakLibInterface->pocketmine\network\mcpe\raklib\{closure}()
#13 pmsrc/vendor/pocketmine/snooze/src/SleeperHandler(120): pocketmine\TimeTrackingSleeperHandler->pocketmine\{closure}()
#14 pmsrc/src/TimeTrackingSleeperHandler(77): pocketmine\snooze\SleeperHandler->processNotifications()
#15 pmsrc/vendor/pocketmine/snooze/src/SleeperHandler(79): pocketmine\TimeTrackingSleeperHandler->processNotifications()
#16 pmsrc/src/Server(1750): pocketmine\snooze\SleeperHandler->sleepUntil(float 1734123267.0535)
#17 pmsrc/src/Server(1113): pocketmine\Server->tickProcessor()
#18 pmsrc/src/PocketMine(355): pocketmine\Server->__construct(object pocketmine\thread\ThreadSafeClassLoader#6, object pocketmine\utils\MainLogger#2, string[16] /home/container/, string[24] /home/container/plugins/)
#19 pmsrc/src/PocketMine(378): pocketmine\server()
#20 /home/container/PocketMine-MP.phar(168): require(string[72] phar:///tmp/PocketMine-MP-phar-cache.0/PMMPiWddij.tar/src/PocketMine.php)

Code:
[118] 		//fast path
[119] 		if(self::$members !== null && isset(self::$members[$name])){
[120] 			return self::preprocessMember(self::$members[$name]);
[121] 		}
[122] 
[123] 		//fallback
[124] 		try{
[125] 			return self::_registryFromString($name);
[126] 		}catch(\InvalidArgumentException $e){
[127] 			throw new \Error($e->getMessage(), 0, $e);
[128] 		}
[129] 	}
[130] 
[131] 	/**
[132] 	 * @return object[]
[133] 	 * @phpstan-return array<string, object>
[134] 	 */
[135] 	private static function _registryGetAll() : array{
[136] 		self::checkInit();
[137] 		return array_map(self::preprocessMember(...), self::$members ?? throw new AssumptionFailedError(self::class . "::checkInit() did not initialize self::\$members correctly"));

Loaded plugins:
AdvancedBans 1.2.2 by iRxDuZ for API(s) 5.0.0
AltsFinder 1.0.0 by  for API(s) 5.0.0
BuilderTools 2.0.0-beta1 by CzechPMDevs, VixikHD, dadodasyra for API(s) 5.0.0
DEVirion 1.3.0 by poggit, SOFe for API(s) 5.0.0
DevTools 1.17.1 by PocketMine Team for API(s) 5.0.0
GlazeCosmetics 1.0.0 by GlazeNet for API(s) 5.0.0
MultiWorld 2.1.1 by CzechPMDevs, VixikCZ, fuyutsuki, kaliiks for API(s) 5.3.0
Practice 2.0.0 by JuqnGOOD for API(s) 5.0.0
RankSystem 1.1.3 by IvanCraft623 for API(s) 5.3.0
StaffMode 2.0.1 by ysnl for API(s) 5.0.0

uname -a: Linux 52bca970-e13a-44bb-a6b2-24200d9cb907 5.15.0-125-generic #135-Ubuntu SMP Fri Sep 27 13:53:58 UTC 2024 x86_64
Zend version: 4.2.25
Composer libraries: 
- adhocore/json-comment 1.2.1@651023f9fe52e9efa2198cbaf6e481d1968e2377
- brick/math 0.12.1@f510c0a40911935b77b86859eb5223d58d660df1
- daverandom/callback-validator unknown@unknown
- nethergamesmc/bedrock-data dev-master@c362136334a90b85a0a429ea1c558feab62e39d0
- nethergamesmc/bedrock-protocol dev-master@42d92d093a91ce70d3dd7aa161990d08cfba9bf7
- nethergamesmc/pocketmine-mp dev-stable@41d9f438ed462b8e375b5f8437291b6e91cb851b
- netresearch/jsonmapper unknown@unknown
- pocketmine/bedrock-block-upgrade-schema 5.0.0@20dd5c11e9915bacea4fe2cf649e1d23697a6e52
- pocketmine/bedrock-item-upgrade-schema 1.14.0@9fc7c9bbb558a017395c1cb7dd819c033ee971bb
- pocketmine/binaryutils 0.2.6@ccfc1899b859d45814ea3592e20ebec4cb731c84
- pocketmine/callback-validator 1.0.3@64787469766bcaa7e5885242e85c23c25e8c55a2
- pocketmine/color 0.3.1@a0421f1e9e0b0c619300fb92d593283378f6a5e1
- pocketmine/errorhandler 0.7.0@cae94884368a74ece5294b9ff7fef18732dcd921
- pocketmine/locale-data 2.19.6@93e473e20e7f4515ecf45c5ef0f9155b9247a86e
- pocketmine/log 0.4.0@e6c912c0f9055c81d23108ec2d179b96f404c043
- pocketmine/math 1.0.0@dc132d93595b32e9f210d78b3c8d43c662a5edbf
- pocketmine/nbt 1.0.0@20540271cb59e04672cb163dca73366f207974f1
- pocketmine/netresearch-jsonmapper v4.4.999@9a6610033d56e358e86a3e4fd5f87063c7318833
- pocketmine/raklib 1.1.1@be2783be516bf6e2872ff5c81fb9048596617b97
- pocketmine/raklib-ipc 1.0.1@ce632ef2c6743e71eddb5dc329c49af6555f90bc
- pocketmine/snooze 0.5.0@a86d9ee60ce44755d166d3c7ba4b8b8be8360915
- ramsey/collection 2.0.0@a4b48764bfbb8f3a6a4d1aeb1a35bb5e9ecac4a5
- ramsey/uuid 4.7.6@91039bc1faa45ba123c4328958e620d382ec7088
- rhumsaa/uuid unknown@unknown
- symfony/filesystem v6.4.12@f810e3cbdf7fdc35983968523d09f349fa9ada12
- symfony/polyfill-ctype v1.31.0@a3cc8b044a6ea513310cbd48ef7333b384945638
- symfony/polyfill-mbstring v1.31.0@85181ba99b2345b0ef10ce42ecac37612d9fd341

----------------------REPORT THE DATA BELOW THIS LINE-----------------------

===BEGIN CRASH DUMP===
eNrtfIty20aW6K/0UK6NNENAeIPgrLx2LDvxjh1pLTnOncBlN4AGiQiv4CGJnsm/7zmnGyBIyc7L
detWXTspiWh0nz7vVzf1r1laNQXv3l2Lps2qcrZ05rMuK8Rsafq2Y1q25fm6YQaBtZjP+lq+sozA
0E3bCCx3Edj+wvbms5y33dOmqZrZ8l+zblPDtJl8ns8K0bZ8hSPfVazt4zVrxCpru2bDClFEolmy
n/qfyzCsGx53WSzC8CrrwjAGoK1ow/AfWfcEPy+Xr86+ef0UQKZ9nj/LcoRZr3mzPD4+7or6+LyK
r0T3MiuF9vJcwzdazOO10I3j85cvz7M3SZL9pHe8OW6b+Ljvsrw9fqVwuWx41un1ukbwCnSB0z4y
FablsBFwyvKBaYA6fP5xdmCwOu9XWdkenytytIJnJYFBMo8HKo/XvExy0Ryf86bbfCsfDh3HOPrt
/Hj3LuZ5ftFxmHYIqGXl6kf3LSM2zRlvGr750Xh7BLgemGxLjrgWZafIEY1IXuDvEnb3zHs2V3iG
4RRR7aEcft6J4nUrDqvoJxF3rCYJFMCYMKRdAFDON7Safqv5T/HdgeWZgW0SetYd9GjKoWcDRvdA
vYu89hB5IVf9WWzsCTZyxbFccGh6pnc/RgREInFIQJwJkFJ0N1VzdVzE9Vbwz8tveCHOOYIa5O9a
zh74XYy1h30rvhV5gqjLfdw/so/tBHv7qKVhiGsnUr9n9SB8YB2iAfZQtqgtVXkf5/cA103VVXGV
hyH6CVDnrETOVc0mDO8CPOUdP1gsDD8gWj1FK6xIqgbJXYtmBfi1RXwciaSBfbVhB+LI8wH6BKgk
5jBw/jwL7gP/u5jwcfwOTMMzLI/o9j8m4+/kwwX4WNzZtX+Fpt+y8UDbb6DjUyw6sFzf8hzCf/Eb
8Xd869P4784fMEUtUUL9rLyfM+VUTdN8y/S7/x6Pn16XUSP4FY9ygY9J1qLhwqfvgC840uh6ruvB
9yL7IBpaQpwJPsaZhl/lWXT8il+9yKLnJfi6FGLMoWU6f4RDT8u4SkQyBAnTN4Cev+nx++j9+5zr
YTilym70p7r+NXx6RZjTz1cW0vC34Af43F7AD+14qf8n0YX/wtlAkWnsGukWV0WTltWSXknbZQVm
31yugX3JS5krvBKxyK4xHBqfJlYChHCwyyXt4SBIBekwKzvmbsXpB0D+P8r/0f/9vb4ayP4H/vig
6w+InGcWPi7fHuj/1PWvdJs/1C91nePg9+fh7IFatAR26cEcP/5bkm/+Tomahg9EDpQAK67RoIBH
A1mfYNDvMNWPsOrADCDsLSTq0yh8Ccke2EV8BQy7yIWoRTMGqcUflMpvWPOvOK/avhG/yOBm2h9V
prasqg+CcN3Dz7T21ebjxOwitb+789sY4vt7+0ncwvDOXhCgQILfVV2WZjFHh9Oqrdw/QKgf/B46
P763NyHzghTw0PRd4zcS1eLz6xJy5MM0r3jHpsWDa7tyD/+ePUxzP72Tb7SHkHpenUuEq0ZhOQ0i
21T/0HbdjwCB9Bho7Jo+vjcudGRRwDT6fcFTQWn1i4onEL3A+d+zhiqBMHwJKf2LarXCKLf1Kt5b
dryuCnEM23YwA3Kv8aXl3H05VAqSvOAj5Pn71iZdhGSKZdyBulMF6VgFQdaKMBrxc581YogBvvWW
/fHqaTsbi6aj2VsogoiPUDghd2a/zGfi/2JF+PtLtn1sdwfmMymdd5CeVvm1KCBTgHdZmQAL4258
D2NDoQdjGGSRYNNcwIuwC7vj4xRqY1bzbg3vTTNQ41l62Io8XS4fSJJb9peTE1ZCYcv+4z9YBnR2
exN+fFBCKvH26OhfCMgyFKCwa0TXNyWTs+tGKEN/Scs+AuTvBMNUMH6hJwue6IM9wT3PI3AnNOyo
YeCnRMG9H4V3gzSfNVVxQcp2SNuqXb1hV3BC8fqQ8jCeZ8njZtUjm5/exqJG98QeCEWsP+4EUqpu
WCluGJRcqE+HDyCwrEAVpVIdHs2ZMceVcrPFDomS+/TZNhS5tuTC8V//Sk8WPbG/skeKKOkFfnxL
b+3xLWh92/FSU7Oo2P5PaVqD53hISxy15JieJM/qJrvmnQDngKU7S/uSkk82su4b0T3GQpItJWRi
gz1wTvIZbDO+el5m3aGk1R64NEXpXcHrw4+oBmZsc7anhv/1X2zL48dt2xcki2ccLCyRHFfbowUy
nYWzHVRYkiWsrDqWwWMGcv0g1BZhOG4SVw1aUb4JZ0eA/C9fOihfOihfOihfOihfOihfOihfOihf
OihfOihfOihfOihfOij/n3VQFDnYQXicXPMyFsnXXD5j/Qzl3c7wfDYe3M9M3dItGOF9t66aFiup
7NXtaf9PhMvrDAdc3dANfBYlRtlktgTJivksAWUsE1wD79oq7U6nA1h8wQbNbdJ/CMOIl1J42E2p
qF9yfnZx+ebs1YtTGLoRUZt1iCkWdY/zrn2WlaAMUxK2g7sEIHJTAj4T4phGtOsw5LBvSvuG4Q4O
v0rG132Ww9TLqsqnstgZnpJiIbpaJDpu7krkyQcRr89fnoprXPB9dptdfYvbJTypEt5uGv65pBXj
TnWRwE4gM4loh4iG4R7an6R+3XV1C+q9yrp1H+lxVRxPaDjeAQWMOn36fdYQD0YmjUO7srb3ZD2r
wRdQi+7i7Jn4XFyQQMPwmlAIQ2CH+jRBSzHg4vLxq8vX53eED4TuC34c2qXJ9PU9eW9NnF0KXnwu
sob9gYwtJp8g4x4pbjE7HmEAsd/k/IN4UrWFgPAxJXnvxacNV86GNPrPETyDdAaMovw5B+jPqqZ4
fP58tuXCsEkY7iIXhlM8f0W6L/u8y95UTZ5MiJ0M7pq1qf+6QT/5J11Q2vRd219l8PmK51l21e7w
wv5Mll0gpjeIKTjlKdZ/xqongIBDY3d7y59Jw3vP6e1y57/7n8tvzs5OP5fe7/fVJnj8qg9/xcur
i03biWJCyGRwz5R1e5eU5xB2nzQ87TzL/nOSnF3EVSO+7ZOJKk+hY9I/YDX9/FuIvOh4mr5UZxCK
xu3YvrT2dHnTlvnnkhTCCkOZB/464oB5zRtAF8ocQkW/JwWDNZpWVtpN9oE3CT0lWYuoaZALZYTp
bSdKJJA81xNgM4BfYGLkUpDtdp7Bu9wW+XSkAkLadmeojneBtD/ngLU9HfoAgKbP1DRORNSvYNSA
UbSKKC7wBGgyLeY5sA3omo6t+/KKEmSL1to6jTabuqvUAOZ4sTpP267rmx2sk6pAGRuGbeKZx3z2
U0tSHyfgcVlWptXeWCd20Em7evq4Snaeip2Xa8ixdhjVcaRuZ8nF+YsdAYhrkSeRIsyQIklEmktB
IetQRYtIptvTpUUF2UxJk0xiSbEByZS4m/rEtnNxINsVatnt8CtbRVnJmw2M2birN0O1j6tEbjug
d356tgMmqd4R8P1BqSTT0fP1rqBbUu92Z2FR1OMRpAdk4Y511Wa301kNcJWEux0RIH1U+lUv2W2o
ta+Ak4I6cjs7r4tqR3AXWVHn4oeXO6LpqitRYpttOrhnLfCI2N6Zc9Nke3p0e6u0Y7CGDSdQ8Fp3
0IKyWlYwMr7+E+yCnZ1T6bQFA07ip6x7V5B3w3NS4M66VkqM+ohHGDyfhqmpD0Eb5K3YXnUGB2dJ
BaP0eLY0QA/adxBXB083tDlnS9/zYIMMD4AdMwlSx16IxPGsaCFs343cdOHYvhWYkScCM44WrhkB
3F7h8SIr+1vmWlHMA9/QhGlzzXGiSONeZGmWA3aaBHEUGD5zdRP8rmZarkb0ZDE7MG1Xex31Zdez
i5fn7FmTsQtRM8tnpr104f8Fe335hFmG5bDbhffOQ5biReapjxJkG86obOv6XdUOuKHrw4dcPUBC
AIonmndgjw1vMkH+lCfrCkPXMToTDeaoI3GsPM1Hnmsalp0GqXAtEYiUW2awiCOeesJZmIkZeAth
2b6P/Aayro6VPwRtxeUpLI8N7hiBaQa2G/l+tPAWbiAi17LsxF0knmckqUl+HGRIZnAcq+Npjc6P
eYe3DYDtV2V1Uz5Sv2HF/YccMJ/DdBC4VnA8CXsU255l2p5tOzwwQIocELICwc3YdRep4JFnCTtI
jI+C3GrMFKxjJYGVGIHNQTmEbyR2kvicm54ZBEZiLOI04kGU+nfAblsWGjlbhAl+FULeo9+hhgCz
Ea3gTbwm0RW8rsX9jJq0zAaSohx/9vWqAVPXWjDJgpPxQHbwyDKSxI1NUwSB6YIgBHdSYcWp5wTC
TCzbC3zugULcDxrcRHEXMvgAB0AHaezHQRRFwHpumL4dwEZx5CfJwgxiw7aFCHwzivZAkxunCKrc
jfcojtPYXAQB8CNIHHdhOoLbbmAJyxCRiB0AapvxwtmFdK9qYaljP/Icf+E7QJvngUlzX7iLhQtm
LBZubNmx5YoFKAzfoxrUgmBgMDEfccOxzBQYJ4zIiPHc1DDSCNTEDWxrYdv+IvW4K8xdGHShRp0Y
ESgfOBVzETgLEL234L4jYuB34ERBmvqpSM2Fb1tJDAq4BwrECgnIYARgggGwKrCF49vIGD91XNMV
MfyKXZEaKQjYBfwcny88sQ9KBkkUm/DiwLRimG+4brxAJTCNhYitxPSDKPBSx3Biw7F3IShfQJXk
oyQ2AWVwAoEb2eBLUss0En8R2fEicezY8yxgTBKluyDKqBshWIbrGJYP6gIOxHA834oj07OTmPu2
7XmpZfiB76R7HJnYibZjJ9cOkBYEwaOAe54JSRX4I0/Y7kIsPA4cSxOwPN/w7BgUaQHC24Ur+/Kq
rDAfRcLyF3YkXNOLwDlaC99KU2QViN9wQEdhDz8K/PuA4LmPotJ8FAsP2JNasec7tvBNkSSRm8S2
FcROAH7XdV2QQhTvApItaJIX2PAjkGYSCOEZsXAc33UT0/MSICTiTrSA/8TC9sAny9SjaMUG9Xib
VlDR9wjmOgvfc6I0ihapzT3uJCYXkQl2BgYMSg6x3OETIH2fyXjko9aZhh1EsZly7oAXMcGGHDCC
ABjsgYexF5aIfWOxwOXrvmg5H9bf9WDtpkircnOMCW6ryr3ZtQcCNK1H6cI0hB1HCZgGMMoNFjaE
JRfiixGkthOkPOAJ7D+BU1f5BmDl2pBzX0NpaCLNdhwvIsNxwMFx17RBzQGwsxAp6Jgd2QsncFzP
XtwHa5LRDuDAVy9MCANBZNnABAMsF0ViIeds3zPBINLEdkxZLI3i1DeUSB0w7MiyuCrTbNU3dDLB
kAUsrRq2kweF5QG7XIOes1Z0HSDRMt4IBmGHVaVo4QPvWMxLvMETCZaVcd4nIoEPTHbNdQhyYBcd
ZAUI66IqYGWKAPZhtjwVc1ZhRGsRJKPzXbap+kbBYlnKIKHL0ox22N4KAsDfiZsR3DFUBbzPu5bd
VOVXHUPL5A2D4rUq8OYO+OoNYtits1bSfbMWJZOxBQDoYRmWA7BlWDJ28GZNoZZ1FewC+SaAUAcN
wAM8zMYqJJGvCVXpMBnwMxcd8Qu7ibFg0h/jSIGQgeOx0HKO+fhKLFnK81bgi3bddwloqaauPy5Z
OJPnLAzPzEQSzgizx3le3bA8axHb4S4Uu844+59eNBuc8zN+0NSrJcN0lZY+pVJdrWGAF160guem
AqYgtGjDFCtxvqzstfH1BNmDN6CooBHAV54kDByjZD+yFU+WWCE4HvNhDsiA6ZFApIE54uee58i2
VXYNcyF69oIdqk0hST1C6HJHoTWihkJOA7bjQdASXtPe3/V4Swy16nG7KeNL3l4xPOkEPdJpwmvg
Fqn2QClOWzdVWfUgPZjezhl1xZisCtAe5gzT2kYe6hNvbkSEY0VfqsM8CfyCxAs0gZY11W0GGiaA
DUASaW45Ioe8VQg9T1FXcQ7q5Jxl3VfAPrzQCkOJ6PAQDFVmbzE7BBp6sBuL2EJkaIrSJYHa11VO
ytH0ZYniTLCCrmoSAlUxrc5OxbX6zIpstQZjbqD4mk+NTynOnK7h9XUnRyXDkDFQXQtFFwkXjJKy
/UQaBL+usgTQvh8D1BHUuQoYjVc5JoqG+aucNOhsWBYCdttIm/wmryJQHmwqMTkOZlBkeJUQnlc8
2nTAcHYhOW0Qb2ULiJZfotBuMmI8KRTY7I0mAQ061hKBaQYYgkOii2cIJm2EGLaUOg7C6tFK2aoC
OVVopagUuNGK0NQItSUzkArYnTywLOD/n6cAu3Sfwn/Nm+TP4d92VU0oKO85oqTAtQy8R43XMZMR
Idx1wAqKSUchRj7gDRmFwq/96jNgSGZBKKHDYHEPsaeE2MPErYh78r2VRFkaJMaqcba4jYVI2i1F
0m+dXT5dsstvn1+wF89fPr9kj8/PXzx/esHOn75ib85e/ePpqzmDSezyDGY9ZW++PXvxlJ2/Onvy
9OJC3/cAO/ywXE+x41w0WUXxGP1wiwTS7duBG6OvNYH3kBEk5FpoigaeUEgvS6CeVCXQCf4ZtAnp
/ZiySSW7WWNgBZ6gB5LTCLIEAp5368cH44Y9zjCEYJinBfrd2agLqsUMYqtFjNmA5CyiK+Uq1440
gHqJut2SahuK1vbofpQU5baifMWbCCxD2+ay5IDu5y6ZGqKjVjG1Clx3wcueco8pJpCX9aCDdLP6
XiUc1FBG1zQFWJLeYmuCOjuTLl8qPCQPVZ8nIy4ZxJCbkm3xbyXgmtAHQj3DULTCbs/IWdyJkaQ6
EsJIW9pUxRBr5Wo1Q5uq5lTCSI2S5B3dYPeo1I52XAz5IoqsgZ1QDZUiJ31Ry+RKZnBMvdDwxSCv
U5ykFhDuhOZAATxBlAdj5/cwGGI2xD3Y4Vrg9y16gY6hW4PUVkOyiU4Ld9tiNR8EKVMElVPqEhuc
+lE+FfxWo/5+O+D+hNc4mhV9ASEWLyMg8A7vd6Agmby3LLHY8hXtRbGSLOaujkGuXSuMaEMNk+Ae
Yq4zSuy0kq/2dRpTI/R6Er6cPJiQhKUmTimjxEHedBlpOwVUKFWB7BG5B9jJ/EJCqelqIZNrJIVb
6mCZ4qc631E74+RtsosMzLEKUHA/DepTehiW6ibdUoUIyMzWVS4zzAi/o0KJOKEMSROokAoy5Ntk
4aPeytASiTHXlOHtYCql4RW61WbTrekLI5o5ESAJjzbWugEZFQLIa2/TWDpCwQwykZRjKUN5Pi6G
QYWWzr6FVBB06YRyO/bk/PUc1gIOEdjXTZaA2lOuIL3nCF8j+EvmDVn3NiFviTvTlDrpKYiMdoZd
TECIXoK1lTGYHTwyLKzKGCwp6iFJ4hvQ/aSPd4yT4YHhNh5OdpmWKLuCkoY/mXpHUoOMct6syLVy
VTHeFdqOt8zJl4GrESgjWk3p1BoxnRYp87tIgBJiwQraBSyGLEXQd5sIYQlIIXUvsVPpmwZ5dCzy
btHLY8bNc52hUF6fl+dD7bGth7G0wo1uII3AhX1d1pp63iv2Xiov1OKXdQauIWkDy1pMAFQKCVWM
NJdJquEEllx0pLPzX2Ez7Zg2fIUkAKuBFW2dUwaH1XYByKPz4w3q7ZM8g1myfYC370TbsZeXrwnT
FkhCslGPsF1Bqr3dTtZa+uB7i67XcNWSsJ2Wy6CNeMJKvi9l2CeJ8Sx+JLODpzSLdUZRe80xKWJZ
Abzp0FmCNOjP6IDbljoN4rsmpNfICYhCFJggZeEU3pRJyNQK5nbKZpESIdslyvWr4vL0jJLG0+cX
j7+GfJHyy74k88UA1mPkoONWmTRlaJzqW4vJtPza0rn1fXROvRxq2IfMxNpVpfBrcN/0nqmORSt7
LGgoZVvJZEZ5CBOBSawltCfrqmqpDzOUrmJoTlBUw8Yza/n1ED3ho9DkO2pKT7oagBgdyMkkVrWo
fqqyUvZHiFNfsR+i6hY9YcOen7LDH14/Pz0CuYMbBBxg/g2IDQWTkUFTSdskij8yHQNrqLayK8H8
fvj6xQBflbuTka9oMzzio0SKxKtSM6KtGhpmKq24Bfw0vG5xUqUpbQvvsnSj3fZZshUI8VPb7VVd
UrNJmpr8i02SBxT5lF31rWp6oZvtZNhRazS5ZsnUgTtuI0OqChdqF8wJeLkaa7YSl+X7qcl8mHWd
iRttTFju6w9K5j4uqh69Rypjv3ImwLKBtZjrYLZNnSEQP36GcEeLX1HqMllMhJdCdiIiIYFFIkXb
b2t+Uw4xSH3rC1ULh8ckyNiSjxuN5N/ZiTeAN0SCQWNhvwFL/D0CNPd6VnRihqbSZolgag9siHLQ
mbaPpoSsMC+AGSKR2QA9jNGammdKvjyORS6o+JEaSrvm2RVsgaU/OZOcAzNWTXXTraUrgi04W0to
Ez8FBtx2MssgZDVk+4CatpWBDDjPT9sJXehpUXgSGpMnsSOZqok2ZG7y9HDKZ4CnAYpQ+Y9PeJdr
+IwFzlZA2+7dcohTOuP7+qSc0g3PqGqHICEjdYRdqLrPB3NQDxhYaY4KB7aFG1K5h6TTThhJ0SNB
6qMKKRxR/cqlSumwvUpNBDksMyL1HQFAZOt5k60zQ4vT8ItEe0Ojwe8OqxsOk1gNdq7J+3vjzDUI
cylR0fEWiZ5VhDG4sE2BRTB9y7jFC5Fb1DH8qPds+55IIPfFV6tGrFTnVLVZZTupU9+O2KGP8AMf
cnZ6htfkNeXsZdxHt3QjZKXF6XvFuGNLiG8JoDF9crYB8XfkfF/j9S0pnDtMBYHK90rDIMPBCwoU
oyZx5AkeQYhpyxIStrxec7AVgR67YfJ0XZc9apGKBnJTDf1diUFOvh1ikowIfKcFqm6XTIJoD7UG
5CzkMwfXpACSlOX7YY87UpV0TcXaZcU2Mqgoi0BxPmo9BgKUIrpn3JB6u2rR0MfXtxuoN9MdBs7d
6T3HlLtiL5ijAuGRxCQboIpaGX4CnC1lbcPw4CwZemlq7phyZyuIMkMYhlw27enwAG0PkQXcY8xE
S4bJNqU8Y1ClNvMUJuZ86EVlPXQo9JVORMKDXDRnp6hd8Ft0sX40SY2ysu67qap8LHtRoVHqr7T7
SadwwKTLOqVFQ09wrQalt29G+gd+4V/AgLycKMzSERBeGugbeZyGjndolMkgBPCUox6yB8gwscaS
opNpTavKeirHZcaIskxARA0UxNd0pAWfeD1IlikokoCDxwwVHZChYcrEscDA40JcSlm3zFpHzcBj
DQXkaIAiHzEnAdtOGEmPuIBlRYOhEjRmHwWYHkMdAfOjzXgUtn+kCcaGf2BAVz0lTGQUZbyUgGQr
LiP7+PEtlL4YNiHbOwSeChmJ0dyzW7HdmeaEk7PWJfa0w5lEGhk2HLFxqPDkzpFQOydHUgS4ZAlb
Dqg9GTg0CFRNn8tmoEwfB/az/wOyQnaDa6YtU2WHI5ekC8ow9OAfDjkciDiSu2FyOqd0AXUKZYZT
BwIRBeQ93teDGkQnJSU4uA6tqW9ld7OtCiFt+S5TFCq4BHhTNXLnUH2VCYd3p0h14BHGUfbjHnff
TkSIx45b+eFxqDIxAnbYHkm5ZR1po1J5rFlglnLDsIH69Fa+Ba+iJELlBqybs/19sXK6QtXZ0WmZ
w3P1F0oAIXSzD6hpg6cYhBrkLoDkMGfOHljkiOUpCHan0e1IPPFwlCdAN6BS1QDoLWzO3o/DQLa4
fc+0h+w9vKYHWncFioDY91kMFgPI8w2I4zn26GRGjBMAXDiTAOlxC0ute8/+Bp/vXYpzw9n7EUmZ
3sGW+IAEP7CGXfHkH30AFsQ/9S3qMn2lFlPmB9ZfBhS2UAg4eDxI4MpEIkRQd4dH1D4FX83+C6E6
iq7gKLhBRtidp4tbG3YItk7aMtEgSFmyvFWnOpvRICF/uwYWJUdKxA/AgDCQPHgApfGDB5aUH+40
ld8gwHH8HgHOJ6/fS30qqwm6J4yud03oUZoFdcgKdA9T7RXdtZioYY1JPtPY4XpTQ5p1xHjaqS4N
fr3tVqLb1WRGgGyHyqZJZNUoNhaZb+AviTDM2RmSWRwd1rUTfM3hbEg1MdXW0ssiAgDo/cDtCVWq
fMTDy1t1yWHH68sjaBQlgEqqifeB/EgMBG2tgIxXlsJjuTy9irIbZOggR5YVmO+J7t7KlUlsKGJi
L5IOAPBrMXUuVNmtenEcb0/LfWlcfgSImKA6hiMfxx2X7NmLx5dyENt8As/2/q5uRM7d4BbcUSnm
9m2SNd2c6qS/q96KvOwxPTaRgkFuQ/hXp5q8V/lgDglFvGHyy7t9M1REQ6+4Ga+JULqPAs55TNdw
2oFP2nDFBOxNNtIOnlGeT1vR/B0g1IlSI+8mIxp1dCatlkp220j+rWqzx1fYmGypeQplR5TlWbeR
ZjLqCaDSgVTkN6912X5CKgm+BkiOhRJeu9oXKl6UOt+K+AndlqLrQmF58AZIPxUxM01mBkvTW1om
O7+4pGvVYVlUXXIi//AEXiSiL0dj7ndiBpYD9eHNOuuEhkHqxMDKq4QSNR77WTxeZ0L+CbH2pMKr
SNSRwNvCMjnDRdijVB2RExeBoPZpaY53OLBlNKziZVYAjdOhoookXGy54wV5hCfvIY0jNB1PlPHi
iXyqr2talWTY3gTt3pxAKTyq6liTngxdKYzgJ/LbZmOfSiTja0z0T06fPnv8+gVouMqs6arSicxP
1VADsVBigJ90dCwANDn5K/1TBR8GaMJup8104oblpJFWjsLI6hNDp//CkrbUp+KZSOzag0HTtkds
shqGENJwZetEYG07++V/AWEdvUI=
===END CRASH DUMP===
