PocketMine-MP Crash Dump Mon Dec 9 09:12:05 PST 2024

PocketMine-MP version: 5.22.1+dev [Protocol 766]
Git commit: 41d9f438ed462b8e375b5f8437291b6e91cb851b
PHP version: 8.2.25
OS: Linux, linux

A PLUGIN WAS INVOLVED IN THIS CRASH
BAD PLUGIN: EasyEdit

Thread: Main
Error: Too few arguments to function pocketmine\world\World::createBlockUpdatePackets(), 1 passed in /home/container/plugins/easyedit/src/platz1de/EasyEdit/utils/PacketUtils.php on line 59 and exactly 2 expected
File: pmsrc/src/world/World
Line: 1178
Type: ArgumentCountError
Backtrace:
#0 plugins/easyedit/src/platz1de/EasyEdit/utils/PacketUtils(59): pocketmine\world\World->createBlockUpdatePackets(object pocketmine\network\mcpe\convert\TypeConverter#67364)
#1 plugins/easyedit/src/platz1de/EasyEdit/listener/ChunkRefreshListener(38): platz1de\EasyEdit\utils\PacketUtils::resendBlock(object pocketmine\math\Vector3#197982, object pocketmine\world\World#87710, object pocketmine\player\Player#162507)
#2 pmsrc/src/event/RegisteredListener(61): platz1de\EasyEdit\listener\ChunkRefreshListener->onChunkSend(object pocketmine\event\player\PlayerPostChunkSendEvent#91456)
#3 pmsrc/src/event/Event(63): pocketmine\event\RegisteredListener->callEvent(object pocketmine\event\player\PlayerPostChunkSendEvent#91456)
#4 pmsrc/src/player/Player(856): pocketmine\event\Event->call()
#5 pmsrc/src/network/mcpe/NetworkSession(1294): pocketmine\player\Player->pocketmine\player\{closure}()
#6 pmsrc/src/network/mcpe/CachedChunkPromise(64): pocketmine\network\mcpe\NetworkSession->pocketmine\network\mcpe\{closure}(object pocketmine\network\mcpe\CachedChunkPromise#92430)
#7 pmsrc/src/network/mcpe/ChunkRequestTask(106): pocketmine\network\mcpe\CachedChunkPromise->resolve(object pocketmine\network\mcpe\CachedChunk#91452)
#8 pmsrc/src/scheduler/AsyncPool(280): pocketmine\network\mcpe\ChunkRequestTask->onCompletion()
#9 pmsrc/src/timings/TimingsHandler(198): pocketmine\scheduler\AsyncPool->pocketmine\scheduler\{closure}()
#10 pmsrc/src/scheduler/AsyncPool(279): pocketmine\timings\TimingsHandler->time(object Closure#197331)
#11 pmsrc/src/scheduler/AsyncPool(127): pocketmine\scheduler\AsyncPool->collectTasksFromWorker(int 0)
#12 pmsrc/src/TimeTrackingSleeperHandler(58): pocketmine\scheduler\AsyncPool->pocketmine\scheduler\{closure}()
#13 pmsrc/vendor/pocketmine/snooze/src/SleeperHandler(120): pocketmine\TimeTrackingSleeperHandler->pocketmine\{closure}()
#14 pmsrc/src/TimeTrackingSleeperHandler(77): pocketmine\snooze\SleeperHandler->processNotifications()
#15 pmsrc/vendor/pocketmine/snooze/src/SleeperHandler(79): pocketmine\TimeTrackingSleeperHandler->processNotifications()
#16 pmsrc/src/Server(1750): pocketmine\snooze\SleeperHandler->sleepUntil(float 1733764325.6561)
#17 pmsrc/src/Server(1113): pocketmine\Server->tickProcessor()
#18 pmsrc/src/PocketMine(355): pocketmine\Server->__construct(object pocketmine\thread\ThreadSafeClassLoader#6, object pocketmine\utils\MainLogger#2, string[16] /home/container/, string[24] /home/container/plugins/)
#19 pmsrc/src/PocketMine(378): pocketmine\server()
#20 /home/container/PocketMine-MP.phar(168): require(string[72] phar:///tmp/PocketMine-MP-phar-cache.0/PMMPUZWH7m.tar/src/PocketMine.php)

Code:
[1169] 	}
[1170] 
[1171] 	/**
[1172] 	 * @param Vector3[] $blocks
[1173] 	 * @phpstan-param list<Vector3> $blocks
[1174] 	 *
[1175] 	 * @return ClientboundPacket[]
[1176] 	 * @phpstan-return list<ClientboundPacket>
[1177] 	 */
[1178] 	public function createBlockUpdatePackets(TypeConverter $typeConverter, array $blocks) : array{
[1179] 		$packets = [];
[1180] 
[1181] 		$blockTranslator = $typeConverter->getBlockTranslator();
[1182] 
[1183] 		foreach($blocks as $b){
[1184] 			if(!($b instanceof Vector3)){
[1185] 				throw new \TypeError("Expected Vector3 in blocks array, got " . (is_object($b) ? get_class($b) : gettype($b)));
[1186] 			}
[1187] 
[1188] 			$fullBlock = $this->getBlockAt($b->x, $b->y, $b->z);

Loaded plugins:
AdvancedBans 1.2.2 by iRxDuZ for API(s) 5.0.0
AltsFinder 1.0.0 by  for API(s) 5.0.0
DEVirion 1.3.0 by poggit, SOFe for API(s) 5.0.0
DevTools 1.17.1 by PocketMine Team for API(s) 5.0.0
EasyEdit 3.1.0 by platz1de for API(s) 5.12.0
GlazeCosmetics 1.0.0 by GlazeNet for API(s) 5.0.0
MultiWorld 2.1.1 by CzechPMDevs, VixikCZ, fuyutsuki, kaliiks for API(s) 5.3.0
Practice 2.0.0 by JuqnGOOD for API(s) 5.0.0
RankSystem 1.1.3 by IvanCraft623 for API(s) 5.3.0
StaffMode 2.0.1 by ysnl for API(s) 5.0.0

uname -a: Linux 52bca970-e13a-44bb-a6b2-24200d9cb907 5.15.0-125-generic #135-Ubuntu SMP Fri Sep 27 13:53:58 UTC 2024 x86_64
Zend version: 4.2.25
Composer libraries: 
- adhocore/json-comment 1.2.1@651023f9fe52e9efa2198cbaf6e481d1968e2377
- brick/math 0.12.1@f510c0a40911935b77b86859eb5223d58d660df1
- daverandom/callback-validator unknown@unknown
- nethergamesmc/bedrock-data dev-master@c362136334a90b85a0a429ea1c558feab62e39d0
- nethergamesmc/bedrock-protocol dev-master@42d92d093a91ce70d3dd7aa161990d08cfba9bf7
- nethergamesmc/pocketmine-mp dev-stable@41d9f438ed462b8e375b5f8437291b6e91cb851b
- netresearch/jsonmapper unknown@unknown
- pocketmine/bedrock-block-upgrade-schema 5.0.0@20dd5c11e9915bacea4fe2cf649e1d23697a6e52
- pocketmine/bedrock-item-upgrade-schema 1.14.0@9fc7c9bbb558a017395c1cb7dd819c033ee971bb
- pocketmine/binaryutils 0.2.6@ccfc1899b859d45814ea3592e20ebec4cb731c84
- pocketmine/callback-validator 1.0.3@64787469766bcaa7e5885242e85c23c25e8c55a2
- pocketmine/color 0.3.1@a0421f1e9e0b0c619300fb92d593283378f6a5e1
- pocketmine/errorhandler 0.7.0@cae94884368a74ece5294b9ff7fef18732dcd921
- pocketmine/locale-data 2.19.6@93e473e20e7f4515ecf45c5ef0f9155b9247a86e
- pocketmine/log 0.4.0@e6c912c0f9055c81d23108ec2d179b96f404c043
- pocketmine/math 1.0.0@dc132d93595b32e9f210d78b3c8d43c662a5edbf
- pocketmine/nbt 1.0.0@20540271cb59e04672cb163dca73366f207974f1
- pocketmine/netresearch-jsonmapper v4.4.999@9a6610033d56e358e86a3e4fd5f87063c7318833
- pocketmine/raklib 1.1.1@be2783be516bf6e2872ff5c81fb9048596617b97
- pocketmine/raklib-ipc 1.0.1@ce632ef2c6743e71eddb5dc329c49af6555f90bc
- pocketmine/snooze 0.5.0@a86d9ee60ce44755d166d3c7ba4b8b8be8360915
- ramsey/collection 2.0.0@a4b48764bfbb8f3a6a4d1aeb1a35bb5e9ecac4a5
- ramsey/uuid 4.7.6@91039bc1faa45ba123c4328958e620d382ec7088
- rhumsaa/uuid unknown@unknown
- symfony/filesystem v6.4.12@f810e3cbdf7fdc35983968523d09f349fa9ada12
- symfony/polyfill-ctype v1.31.0@a3cc8b044a6ea513310cbd48ef7333b384945638
- symfony/polyfill-mbstring v1.31.0@85181ba99b2345b0ef10ce42ecac37612d9fd341

----------------------REPORT THE DATA BELOW THIS LINE-----------------------

===BEGIN CRASH DUMP===
eNrtfGlz28aW6F/pS7kqUoagsC+8Tx45knzjGTvSWHKSuaHLaQANEhEWBoskOpX/PuecboAAKdu5
iT+8mnGcKhKN7tNn37qp3yZJWeW8eXcnqjoti8ncnk6aNBeTueFZlufalunMXMN1HW86adfylavP
HMe3giAwHDdwjGA6yXjdXFRVWU3mv02azRpmTZ5VyzYXRXNWtoV6OZ3koq75El/flCVLxD3jalrN
Ghhoi6gBRNi6jG5Fk6eFWCzuyyqLF4sf8GM+jyrBG/FNBhPerGP4esVxan14NGUGW/O6FjFLC3a8
KnNxHJVFwwFKdbzO2mVa1MeC1xsRp81xXUUwyJv3RiyOL2D0AkfbJs3qYwnzDX6frVdrBhhlAIU5
AeNFzMQDj5psw0z4thZRI2IgLWmz7HmaIW3rFa/mx8fHTb4+viJKXsFq7dWVhm+0iEcrMdOPr169
unrzzx++9fJZwytCiGg9JlJxYwSrQOb4emcKvEa0QFqG54PkKh7Bw0+TA539WXIPneBo/kH2a08/
yP4y/AU4MVpZiAYW3y4WebSGR5AF6FmzWNyAgpzJB1EduJ7l2kdAyoHxR7HO0roRKNSzVVvcvhZJ
JerVSzV4aPlIgVq0WHSrFgsidrEYUDufw0pRxETPYySAcawWi+9huKysAyPwAt+cskcmDrl04Hue
oT86DdDaiApwoM8DwzUd3SPiTbYVsbgDgzh+LZZIUiXinjTX+ABpHUcWi8dYoj0tCxq/BlofI5M2
3MXuqqybftUFzjgIDNtxCV1rD12acehaO+qjQO8TA7rEs0yu+iwo2QOU5LJjuerQhxmPYkUgJCKH
BMMZwFDqe4zae/ydfLgG/wX+6dAwA3sH5BhT7elj736LsrJuK/G73M390G5n6CFiovSqKvO0Fofu
7n471jVGcLz9ztQtFp822n1MDgLTtnTC3/sg/lIJf21F3dzw+vbQ0N2Po7+/j/YUVLjM7sS/hiUp
hEno+QP0apzQZqATz+pNEV2VZXZo+vonkNohg+yozNeZwCAlZRgMNoH4mBbL+vhGfn4LsQJ2PDQC
f2efHpvFokdnLLLBjB2lMfRPkeXtunCFF3jeEWLaUwzoHXvP5C7o5CzLkFsZn9jKML0/RFlUZhns
gTysn4N4wU3eAmPSomFSk4yh+wMsxQ3EslvA9ToTYi2qjpXOZ+Vk58TAC8QlpAj9quO6KMv3grDZ
wcAwd5Xmw+iOEdnd3f5jJHt7LCbcFou9vaoyAuv/rmzSJI04qmittnL+BKF7WvRROj+899DJXYvq
DnnoOfofJKrG5zcFBOvDJCt5w4aJqeMqPfUe2cMwdkORfINaH6GTQYTLSmE59BXblO3QcpwPAHn3
DvKZuqna6NHw1awgUYKE4IY+r3kiziBJrl+WPMac59HkQOUnryBhfVkulzAPcg3YAvj9k+G+3Utp
+5em/faD+a4kL/gAed6ePUnuyZRE34M6ymZnmM0eGi7CqMBLppU4VBh55lv257Pg7WxMgo8mbyG3
JT5CIozcmfw+nYj/6+XGv1AX7PJuPDCdSGTfpcUdxltkD7xLixgEGjX9exjr8IaxqIwFst8w3ADe
LJrfYRD20+FBfjNo+Pjrr+WjSY/sa3a65hXPmUqqf3rLnoTI3lpOs7bTVuu64YUmp2OG+//Umqfj
JbZaIp+cHkAlmrYqILClQFEIehFLRv/0Vs5097ZSK2ivvWVP5SpPrTqWjz49rtswS6OtQn1QbUa1
D3vSDB+noJ0V33TEHbG5HPhN7iTZvGierCUsdsJ+evt3euf3XPeNbhYBAX9d1KB1ZQWzx7tpT5ei
+WY86fBIwTN7eJaCl5RAUrQ6VMgxXgOeRxI131aTINNIDv8Gc8AkkKGRKJNO0EfdZKefvGhAE8t7
VoBhyrKQDPdwMblQit4tRhPrNkaWTNmybNhiwmbsMK3fSWcK+x6xf2dA1rsInS09z/EZCceno44+
t8dBqq3v9QT7/asnWNITh4h5q7Te8uwZ7qY9fZgy/NjIj/cA/vcvdfiXOvxLHf6lDv9Sh3+pw7/U
4V/q8C91+Jc6/H9PHa7IwcrvWXyHGX78DZfPBc+pEB8OTyf90eLEmJkzE0Z426zKqsYEOX39cN7+
E+HydYoDzkyf6fgsCh5mUOjOQbJiOolBGYsY18C7ukya8+FAzqk6rR7i9v1iEfJCCg/L4JLq3KvL
65sfLl+/PIehexHWaYOYYq7+LGvq51DqimpIwnZwTAAiNyTgMyFeQ15SQ37LYd+E9gUvOsThk2Sc
X3yfVoRlT0Q/NCbB2iFhsgYVp4r++vK5+FyikEAXiztCYbGIRfdtgJai6vrm2eubN1f7NIm7G4gi
Q93qh8Y0Gd7MGBO11Vx2I3j+ucjq9gcytph8hIxV06xrsD3gxaoNZ1GZD2zquIcBxPadlS2xg2bL
llhrZuwJUNUhIyIN8y8I75HCZoDMJ5XxHxl/D4VlnUN6Fg3Ft/Pi47YlZ0M6/deEN8nSEHAvfs0A
+vOyyp9dvZhsae02WSzGyEHSOcDzE5r6qs2aVHbetsQOBoeEmiDAHWU9ey+i1dUrUAfc6/v0Ib09
+yfdKNi0Td3epvD9lmdpeluPeGH9eRFHuOU6B7MESnPEVBXOI6w/KulHdHtAyPEAEHDoCvIV4KUY
8KcfGnNnTw3+o/21+Mfl5fnnsuFfAB5Ugmp3qBO3eHxSs19zKHk3UDfnA0IGgztuaWaNSXkBkfGs
4knjmtZfk+TkOior8W0bD1R5CB0K/R6r4fc/QuR1w5PklWrvKhq3Y7vS2tHlTV1kn0tSCGuxkKna
pxEHzKlTLBohUZk9kiXBGk0rSu0+fc+rmJ7itEbUNEhXUsL0oREFEkie6wzYDOB9zF0cmI+ttuEz
eJeHPBuOlEBIXY+G1tEYSP1rBlhbw6H3AGj4TF3OWITtEkb1mUlWEUbYBxtOi3gGbAO6hmNYLVMO
a9Jaa0aj1WbdlGoA07BIHZxs17XVCOu4zFHGum4ZhhnAwC81Sb2fgEcQaZGUO2ONGKGTNOvh4zIe
PeWjlytIg0aMajhSN1pyffVyJABxJ7I4VITpUiSxSDIpKGQdqmgeyox4uDQvq4YoAi0mluQbkEyB
u6lvbDsXB9KxUItmxK90GaYFrzYUpWFXd4JqH5Wx3LZD7+r8cgQmLt8R8N1BqSTD0avVWNA1qXc9
Wpjn6/50x1W5wrqs04fhrAq4SsLdjgiQPir9spXs1tXa18BJQWcao51XeTkS3HWK3ZgfX41E05S3
okjfj9Vhx1rgEbHdm3NfpTt69PCgtKOzhg0nUPB6ZqMFpWtZZMj4+k+wC3Z5RdXNFgw4iV/S5l1O
3q1oswy4s1orJUZ9xI4oz4ZhauhD0AZ5Lbb3JcHBmVLBwjbF8K+DHtTvIK52ng4q8qaMSgDpuS5s
gCnexDbiILEtX8S2a4a+sDwndBLftjwzMEJXBEYU+o4RAtxW4fEyLdoH5phhxANP14Rhcc22w1Dj
bmhqpg12GgdRGOgeg+wP/K5mmI5G9KQROzAsR3sTtkXTsutXV+x5lbJrsWamxwxr7sD/Pntzc8ZM
3bTZg+++c5GleANx6KME2YbdK9tq/a6sO9zQ9eFDph4gIQDFE9U7sMeKV6kgf8rjVYmh6xidiQZz
1GkjFofGqesYumklQSIcUwQi4aYR+FHIE1fYvhEbgesL0/I85DeQdXus/KGO+a5xmsDySOe2HhhG
YDmh54W+6zuBCB3TtGLHj11XjxOD/DjIkMzgGLvOIY9utTvIsWI8BgOI4EKL8r44VZ+wohDNSlRL
kEadR8ehiCvQDA3mc5gOAtdyjo3108hyTcNyLcvmgQ5S5ICQGQhuRI7jJ4KHrimsINY/CHKrMUOw
thkHZqwHFgflEJ4eW3HscW64RhDose5HSciDMPH2wG67Cho5W4QJfhVC3um/oIYAE49oeBWtSHQ5
X6/F44wadLU6kujoTmvXywpMXcNOYM7JeCA7ODX1OHYiwxB4oRgEIbidCDNKXDsQRmxabuBxFxTi
cdDgJvJ9yOADbAAdJJEXBWEYAuu5bnhWABtFoRfHvhFEumUJEXhGGO6AJjdOEVS5G/c0ipLI8IMA
+BHEtuMbtuCWE5jC1EUoIhuAWkbk22NIj6oWljrWqWt7vmcDba4LJs094fi+A2YsfCcyrch0hA8K
w3eoBrUgGBhMjFOu26aRAOOEHuoRaIKl60kIauIElulblucnLneEMYZBNydWsrFHoDzgVMRFYPsg
etfnni0i4Hdgh0GSeIlIDN+zzDgCBdwBBWKFBKQzAjDBAFgVWML2LGSMl9iO4YgIPiJHJHoCAnYA
P9vjvit2QckgiWITbhQYZgTzdceJfFQCQ/dFZMaGF4SBm9i6Hem2NYagfAFVkqdxZADK4AQCJ7TA
lySmoceeH1qRH9tW5LomMCYOkzGIImx6CKbu2LrpgbqAA9Ft1zOj0HCtOOKeZbluYupe4NnJDkcG
dqKN7OTOBtKCIDgNuOsakFSBP3KF5fjCdzlwLInB8jzdtSJQJB+EN4Zb8VuZIWJZYZyGwvR8KxSO
4YbgHE3fM5MEWQXi123QUdjDCwPvMSBauo4UlcZpJFxgT2JGrmdbwjNEHIdOHFlmENkB+F3HcUAK
YTQGJLvEJC+w4VOQZhwI4eqRsG3PcWLDdWMgJOR26MM/4Vsu+GSZeuS12Byrg4hB0XcKc23fc+0w
CUM/sbjL7djgIjTAzsCAQckhltt8AKRtUxmPPNQ6Q7eCMDISzm3wIgbYkA1GEACDXfAwlm+KyNN9
H5ev2rzmvFu/78HqTZ6UxeYYE9xalXuTOxcEaJiniW/oworCGEwDGOUEvgVhyYH4ogeJZQcJD3gM
+w/grMtsA7Ayrcu576A0NJBmK4r8ULdtcHDcMSxQcwBs+yIBHbNCy7cD23Et/zFYg4y2Awe+2jcg
DAShaQETdLBcFImJnLM81wCDSGLLNmSx1ItztqFE6oBh05RFZZGky7aiwwOGLGBJWbFRHrQoDtjN
CvSc1aJp8CiL8UowCDusLEQNX3jDIl4UZcNCwdIiytpYXpSSje0ZBDmwiwayAoR1XeawMkEAuzBr
nogpKzGi1QiShZAv3rJN2VYKFksTBgldmqS0A2QXeG0p2yDg78R9D+4YqgLeZk3N7sviq4ahZfKK
QfFagutI0VdvEEO86CHpvl+JgsnYAgBmi2JRdMDmi4Kxgx9WFGrxLhleX2AAQp0FAA/UrRpAil4T
qtJhMuBnJhriF3ZGI8GkP8aRHCEDxyOhZRzz8aWYs4RntcAX9aptYtBSTV1tm7PFRB6FMDzWEvFi
Qpg9y7Lyni4yATLdfQ52l3L2X62oNjjnV/yiqVdzhukqLb2gUl2toQtomLAxkBgwBaGFG6ZYifNl
Za/1rwfIHvwAigoaAXzlcczAMUr2I1vx8IflguNJHOaADJgeCkQamCN+bXmGbFumdzAXomcr2KHa
FJLUI4QudxRaJdZQyGnAdjyrmcNr2vu7Ng+BK6BVdCCJZ57sns476xlNeINX91C1O0px2qoqi7IF
6eER6ZRRV4zJqgDtYcowra3k4T7x5l6EOJa3hTpvk8CvSbxAE2hZVT6koGEC2AAkkeYWPXLIW4XQ
iwR1FeegTk5Z2nwF7GsqWhaLBs+pUGV2FrNDoKEFuzGJLUSGpiidE6hdXeWkHFVbFCjOGCvock1C
oCqmnrFzcae+szxdrsCYKyi+pkPjU4qDHKmqdt3IUckwZAxU10LRRcIFo6RsP5YGwe/KNAa0H8cA
dQR1rgRGg3bNBoqG+auc1OnsosgF7LaRNvmPrAxBebCpxOQ4mEGeNmjauVjycNMAw9m15LROvJUt
IFp+g0K7T4nxpFBgs/eaBNTpWE0EJilgCA6J7rDQddJKiG5LqeMgrBatlC1LkFOJVopKgRstCU2N
UJszHamA3ckDywL+/3sKsEv3MfxXvIr/Gv51U64JBeU9e5QUuJqB95B3cHuEcNcOKygmbYUY+QB5
3UHhV3/1GTAksyCU0GGwqIXYU+BdXfEgopZ8bylRlgaJsaqfLR4iIeJ6S5H0W5c3F3N28+2La/by
xasXN+zZ1dXLFxfX7OriNfvh8vV/XryeMpjEbi5h1gX74dvLlxfs6vXl2cX19WzXA4z4YTquYseV
qNKS4jH6YboMDaUTeWTiRu9rDeA9ZAQxuRaaooEnFNLLEqizsgA6wT+DNiG9H1I2qWT3KwyseMEZ
PJCcRpAlEPC8Wz/eGTfscYkhBMM8LZjtz0ZdUC1mENtaRJgNSM4iulKucm1PA6iXWNdbUi1d0Vof
PY6SotxSlC95FYJlaNtclhzQ49wlU0N01CqmVoHrznnRUu4xxATyshZ08GjahYRdJezUUEbXJAFY
kt58a4IzdildvlR4SB7KNot7XFKIIfcF2+JfS8BrQh8IdXVd0Qq7PSdnsRcjSXUkhJ62pCrzLtbK
1WqGNlTNoYSRGiXJPd1gj6jUSDuuu3wRRVbBTqiGSpHjNl/L5EpmcEy90PBFJ69znKQWEO6EZkcB
XnW+F2Ds/BEGQ8yGuAc73IGS1XUr0DE0K5Dasks20Wnhbluspp0gZYqgcsqZxAanfpBPOX/QqL9f
d7if8TWOpnmbQ4jF+wIInO5eoyCZvPIosdjyFe1FsZIsZl/HINdeK4xoQw2T4BZirt1L7LyUr3Z1
GlMj9HoSvpzcmZCEpSYOKaPEQV5G6Wk7B1QoVYHsEbkH2Mn8QkKR9+CZXCMp3FIHyxQ/1fmO2hkn
b5NdZGCGVYCC+3FQH9PDRaEuLc5ViMCLv2UmM8yQN9GKEnF5S3tK99llkCHfJguf7mI/hZZQ9Lmm
DG8HQyl1r9CtVpsGgU+ZZgwESMKjjbWmQ0aFAPLa2zSWjlAwg4wl5VjKUJ6Pi2FQoTVj30IqKPCX
BJjbsbOrN1NYCziEYF/3aQxqT7mC9J49fI3gz5nbZd3bhLwm7gxT6rilINLbGXYxASF6CdZW4L13
eGRYWBURWFLYQpLEN6D7cRuNjJPhgeE2Hg52GZYoY0FJwx9M3ZNUJ6OMV0tyrVxVjPtCG3nLjHwZ
uBqBMqLVlE6tENNhkTLdRwKUEAtW0C5gMWQpmDhAwo0IS0AKqUeJHUrf0MmjY5H3gF4eM26ezRgK
5c1VcdXVHtt6GEsr3Oge0ghc2K6Ltaaed4q9V8oL1el70XMNSetYVmMCoFJIqGKkuQxSDTsw5aKj
Gbv6BJtpx6TiSyQBWA2sqNcZZXBYbeeAPDo/XqHeyp/yyPZBJa8Rs1c3bwjTGkhCslGPsF1Bqr3d
TtZas8735k2r4ao5YTssl0Eb8YSVfF/CsE8S4Vl8T2YDT0kazRhF7RXHpIilOfCmQWcJ0qC/xQFu
W+o0iO+OkF4hJyAKUWCClIVTeFMmIVMrmNsom0VKhGyXKNevisvzS0oaz19cP/sG8kXKL9uCzBcD
WIuRg45bZdKUonGqH4TFw/JrS+fW99E59byrYZ8yA2tXlcKvwH3Te6Y6FrXssaChFHUpkxnlIQwE
JrGW0M5WZVlTH6YrXUXXnKCoho1nVvO7LnrCV6HJd9SUHnQ1ADE6kJNJrGpR/VKmheyPEKe+Yj+G
5QN6woq9OGeHP755cX4Ecgc3CDjA/HsQGwomJYOmkraKFX9kOgbWUG5lV4D5/fjNyw6+KncHI1/R
ZnjER4kUiVelZkRb2TXMVFrxAPhpeN3ipEwS2hbepclGe2jTeCsQ4qc27lXdULNJmpr8sy+SBxT5
lF21tWp6yZ8XkcWrNZpcM2fqwB23kSFVhQu1C+YEvFj2NVuBy7Ld1GTazbpLxb3WJyyP9Qclc5/l
+LtO6nlQ+iOdCbCsYy3mOphtU2cIxI/fIdzR4teUugwWE+GFkJ2IUEhgocDfuIEb4fdFF4PUD0ZQ
tXC4T4L0Lfm4UU/+3k68wh8QMt5pLOzXYYmfPUBjp2elfuyWFnUaC6b2wIYoB52p23BIyBLzApgh
YpkN0EMfral5puTLo0hkgoofqaG0a5bewhZY+pMzyTgwY1mV981KuiLYgrOVhDbwU2DAdSOzDEJW
Q7Z3qGlbGciA8+K8HtCFnhaFJ6ExeRLbk6maaF3mJk8Ph3wGeBqgCJV//4R3ubrvWOBsBbTt3s27
ODVjfFeflFO65ylV7RAkZKQOsQu1brPOHNQDBlaao8KBZeKGVO4h6bQTRlL0SJD6qEIKR1S/cq5S
OmyvUhNBDsuMSF3jB0S2njfeOjO0OA1/gLsz1Bv8eFjdcBjEarBzTd7f62euQJhzicoMb5HM0pIw
Bhe2ybEIBhNtsJ0c1VvUMfyo92z7nkgg98WXy0osVedUtVllO6lRP2AY0Uf4gQ+5PL/Em+yacvYy
7qNbuhey0uL0k1HcsSbEtwTQ2GxwtgHxt+d8S7+UlMLZYyoIVL5XGgYZDl5QoBg1iCNneAQhhi1L
SNiy9YqDrQj02BWTp+sz2aMWiaggN9XQ3xUY5OTbLibJiMBHLVB1u2QQRFuoNSBnIZ/ZuSYFkKQs
33d77ElV0jUUq/ol0ijKIlCcj1qPgQCliO4ZN6TerlrU9fFn2w3Um+EOHef2es8R5a7YC+aoQHgk
McgGqKJWhh8DZwtZ2zA8OIu7Xpqa26fc6RKiTBeGIZdNWjo8QNtDZAH3CDPRgmGyTSlPH1SpzTyE
iTkfelFZDx2K2XJGRMKDXDRl56hd8CmaaHY0SI3SYt02Q1X5UPaiQqPUX2n3g05hh0mTNkqLup7g
Sg1Kb1/19Hf8YmhslaQwTXpAeGmgreRxGjrerlEmgxDAU466yx4gw8QaS4pOpjW1KuupHJcZI8oy
BhFVUBDf0ZEWfOPrTrJMQZEEHDxjqOiADA1TJo4FBh4X4lLKumXW2msGHmsoIEcdFPmIOQnYdsxI
esQFLCsqDJWgMbsowPQI6giYH276o7DdI00wtlpkyUz1lDCRUZTxQgKSrbiU7OOnt1D6YtiEbO8Q
eCpkJEZzTx/Edmeasxictc6xp72YSKSRYd0RG4cKT+4cCrVzfCRFgEvmsGWH2lnHoU6gavpUNgNl
+tixn/03yArZDa6ZtkyUHfZcki4oxdDTwozDjogjuRsmp1NKF1CnUGY4tSMQUUDe4309qEFmpKQE
B9ehNbW17G7WZS6kLe8zRaGCS4A3ZSV3XqhfG+HweIpUBx5iHGU/7XD37UCEeOy4lR8ehyoTI2CH
9ZGUW9qQNiqVx5oFZik3DBuob2/lW/AqSiJUbsC6KdvdFyunW1SdkU7LHL7/EyRTcrNPqGmDpxiE
GuQugGQ3Z8qemOSI5SkIdqfR7Ug88XCUx0A3oFKuAdBb2Jz93A8D2eLhZ6Y9ZT/Da3qgdbegCIh9
m0ZgMYA834A4XmCPTmbEOAHALSYSID1uYal1P7N/g++PLsW5i8nPPZIyvYMt8QEJfmJ2u+LJP/oA
LIh/aWvU5UjALEyZn5h/61DYQiHg4PEggStiiRBBHQ/3qH0Mvpr9N0K1F13OUXD9n4lBueHFrQ07
BFsnbRloEKQsaVarU51Nb5CQv90Bi+IjJeInYEAYSJ48gdL4yRNTyg93GsqvE2A//ogAp4PXP0t9
KsoBuieMrncN6FGaBXXIEnQPU+0l3bUYqOEak3ymscPVZg1p1hHjSaO6NPgLtAeJbrMmMwJkG1Q2
TSKrRrGxyDwdPyTCMGc0JLM4OqyrB/ga3dmQamKqraWXRQQA0M8dtwdUqfIRDy8f1CWHkdeXR9Ao
SgAVlwPvA/mR6AjaWgEZryyF+3J5eBVlHGToIEeWFZjviebRypVJbChiYi+SDgDwZzHrTKiyW/Xi
ON6elvvSuPwKEDFBtXVbPvY7ztnzl89u5CC2+QSe7f1d3YicOsEDuKNCTK2HOK2aKdVJf1e9FXnZ
Y3hsIgWD3Ibwr041eavywQwSimjD5O9r26qriLpecdVfE6F0HwWc8Yiu4dQdn7TuignYm2ykHTyn
PJ+2ovkjINSJUiPvBiMadXQGrZZSdttI/rVqs0e32JisqXkKZUeYZmmzkWbS6wn9aZpM1nAyPZFU
EnwNkOwLJbx2tStUvCh1tRXxGd2WoutCiwLwatm5iJjDDHtu2XPdZ1fXN3SrelHkZROffC/wQjze
I6KfL2Pqd2IEpg3l4f0qbYSGMepEx8KrgAo16ttZPFqlQv5xpvqkxJtI1JDAy8IyN8NF2KJUDZET
B4Gg8mlJhlc4sGPUreJFmgOJw6G8DCVc7Ljj/XiEJ68h9SM0HQ+U8d6JfFrfrWlVnGJ3E5R7cwKV
cK+pfUl60jWlMICfyB+b9W0qEfevMc8/Ob94/uzNS1BwlVjTTaUTmZ6qoQpCocQAv83QrwDQ+ORr
+k/VexifCbtRl+nEWRSDPlrRCyNdn+gz+rcoaMvZUDwDid25MGhYVo9NuoYhhNTd2DoRWNpOfv8f
WJyHfg==
===END CRASH DUMP===
