PocketMine-MP Crash Dump Sat Dec 7 15:14:24 PST 2024

PocketMine-MP version: 5.22.0 [Protocol 766]
Git commit: ba6828c6bd6ad76c0d99f8f8243b95cd13bc2463
PHP version: 8.2.25
OS: Linux, linux

THIS CRASH WAS CAUSED BY A PLUGIN
BAD PLUGIN: Practice

Thread: Main
Error: Call to undefined method juqn\practice\session\Session::getTeam()
File: plugins/Practice-main/src/juqn/practice/handler/PartyHandler
Line: 285
Type: Error
Backtrace:
#0 pmsrc/src/event/RegisteredListener(61): juqn\practice\handler\PartyHandler->handleItemHeld(object pocketmine\event\player\PlayerItemHeldEvent#160862)
#1 pmsrc/src/event/Event(63): pocketmine\event\RegisteredListener->callEvent(object pocketmine\event\player\PlayerItemHeldEvent#160862)
#2 pmsrc/src/player/Player(1545): pocketmine\event\Event->call()
#3 pmsrc/src/network/mcpe/handler/InGamePacketHandler(638): pocketmine\player\Player->selectHotbarSlot(int 4)
#4 pmsrc/vendor/pocketmine/bedrock-protocol/src/MobEquipmentPacket(59): pocketmine\network\mcpe\handler\InGamePacketHandler->handleMobEquipment(object pocketmine\network\mcpe\protocol\MobEquipmentPacket#165297)
#5 pmsrc/src/network/mcpe/NetworkSession(472): pocketmine\network\mcpe\protocol\MobEquipmentPacket->handle(object pocketmine\network\mcpe\handler\InGamePacketHandler#104836)
#6 plugins/Oomph-PM-master/src/session/OomphNetworkSession(138): pocketmine\network\mcpe\NetworkSession->handleDataPacket(object pocketmine\network\mcpe\protocol\MobEquipmentPacket#165297, string[63] .........2.........display...Name....r..l..9Veizer.............)
#7 pmsrc/src/network/mcpe/raklib/RakLibInterface(214): ethaniccc\Oomph\session\OomphNetworkSession->handleEncoded(string[139] ..Wda@....m.. .....\..\..)...9...,.~.........Z.sh.eXjfUj.B3..C....w9..:s.vj.w...)
#8 pmsrc/vendor/pocketmine/raklib-ipc/src/RakLibToUserThreadMessageReceiver(40): pocketmine\network\mcpe\raklib\RakLibInterface->onPacketReceive(int 0, string[148] .Az'Z.07r.T5..G...d&L8".`..-.X.M.J.w..a......*k......d..cR.]..~.N....bi..-.m....)
#9 pmsrc/src/network/mcpe/raklib/RakLibInterface(107): raklib\server\ipc\RakLibToUserThreadMessageReceiver->handle(object ethaniccc\Oomph\session\OomphRakLibInterface#185709)
#10 pmsrc/src/TimeTrackingSleeperHandler(58): pocketmine\network\mcpe\raklib\RakLibInterface->pocketmine\network\mcpe\raklib\{closure}()
#11 pmsrc/vendor/pocketmine/snooze/src/SleeperHandler(120): pocketmine\TimeTrackingSleeperHandler->pocketmine\{closure}()
#12 pmsrc/src/TimeTrackingSleeperHandler(77): pocketmine\snooze\SleeperHandler->processNotifications()
#13 pmsrc/vendor/pocketmine/snooze/src/SleeperHandler(79): pocketmine\TimeTrackingSleeperHandler->processNotifications()
#14 pmsrc/src/Server(1705): pocketmine\snooze\SleeperHandler->sleepUntil(float 1733613264.2403)
#15 pmsrc/src/Server(1069): pocketmine\Server->tickProcessor()
#16 pmsrc/src/PocketMine(355): pocketmine\Server->__construct(object pocketmine\thread\ThreadSafeClassLoader#6, object pocketmine\utils\MainLogger#2, string[16] /home/container/, string[24] /home/container/plugins/)
#17 pmsrc/src/PocketMine(378): pocketmine\server()
#18 /home/container/PocketMine-MP.phar(168): require(string[72] phar:///tmp/PocketMine-MP-phar-cache.0/PMMPtleFej.tar/src/PocketMine.php)

Code:
[276]                         if (count($players) !== 0) {
[277]                             foreach ($players as $target) {
[278]                                 $target->getEffects()->add(new EffectInstance(VanillaEffects::INVISIBILITY(), 20 * 7, 0));
[279]                             }
[280]                         }
[281]                     }
[282]                 } elseif ($item->getTypeId() === VanillaItems::BLAZE_POWDER()->getTypeId()) {
[283]                     $player->getEffects()->add(new EffectInstance(VanillaEffects::STRENGTH(), 20 * 7, 0));
[284] 
[285]                     if ($session !== null && $session->getTeam() !== null) {
[286]                         $players = array_filter($player->getServer()->getOnlinePlayers(), function ($target) use ($session): bool {
[287]                             $targetSession = SessionManager::getInstance()->getSession($target);
[288]                             return $target instanceof Player && $session->getPlayer()->getPosition()->distance($target->getPosition()) <= 20 && $session->getTeam() === $targetSession->getTeam();
[289]                         });
[290] 
[291]                         if (count($players) !== 0) {
[292]                             foreach ($players as $target) {
[293]                                 $target->getEffects()->add(new EffectInstance(VanillaEffects::STRENGTH(), 20 * 7, 0));
[294]                             }
[295]                         }

Loaded plugins:
AdvancedBans 1.2.2 by iRxDuZ for API(s) 5.0.0
AltsFinder 1.0.0 by  for API(s) 5.0.0
DEVirion 1.3.0 by poggit, SOFe for API(s) 5.0.0
DevTools 1.17.1 by PocketMine Team for API(s) 5.0.0
GlazeCosmetics 1.0.0 by GlazeNet for API(s) 5.0.0
MultiWorld 2.1.1 by CzechPMDevs, VixikCZ, fuyutsuki, kaliiks for API(s) 5.3.0
Oomph 1.0.0 by  for API(s) 5.0.0
Practice 2.0.0 by JuqnGOOD for API(s) 5.0.0
RankSystem 1.1.3 by IvanCraft623 for API(s) 5.3.0
StaffMode 2.0.1 by ysnl for API(s) 5.0.0

uname -a: Linux 52bca970-e13a-44bb-a6b2-24200d9cb907 5.15.0-125-generic #135-Ubuntu SMP Fri Sep 27 13:53:58 UTC 2024 x86_64
Zend version: 4.2.25
Composer libraries: 
- adhocore/json-comment 1.2.1@651023f9fe52e9efa2198cbaf6e481d1968e2377
- brick/math 0.12.1@f510c0a40911935b77b86859eb5223d58d660df1
- daverandom/callback-validator unknown@unknown
- netresearch/jsonmapper unknown@unknown
- pocketmine/bedrock-block-upgrade-schema 5.0.0@20dd5c11e9915bacea4fe2cf649e1d23697a6e52
- pocketmine/bedrock-data 2.15.0+bedrock-1.21.50@6e819f36d781866ce63d2406be2ce7f2d1afd9ad
- pocketmine/bedrock-item-upgrade-schema 1.14.0@9fc7c9bbb558a017395c1cb7dd819c033ee971bb
- pocketmine/bedrock-protocol 35.0.0+bedrock-1.21.50@bd1ec79bae8c88aa984e1c5f0c3313be5ae9b435
- pocketmine/binaryutils 0.2.6@ccfc1899b859d45814ea3592e20ebec4cb731c84
- pocketmine/callback-validator 1.0.3@64787469766bcaa7e5885242e85c23c25e8c55a2
- pocketmine/color 0.3.1@a0421f1e9e0b0c619300fb92d593283378f6a5e1
- pocketmine/errorhandler 0.7.0@cae94884368a74ece5294b9ff7fef18732dcd921
- pocketmine/locale-data 2.19.6@93e473e20e7f4515ecf45c5ef0f9155b9247a86e
- pocketmine/log 0.4.0@e6c912c0f9055c81d23108ec2d179b96f404c043
- pocketmine/math 1.0.0@dc132d93595b32e9f210d78b3c8d43c662a5edbf
- pocketmine/nbt 1.0.0@20540271cb59e04672cb163dca73366f207974f1
- pocketmine/netresearch-jsonmapper v4.4.999@9a6610033d56e358e86a3e4fd5f87063c7318833
- pocketmine/pocketmine-mp dev-stable@ba6828c6bd6ad76c0d99f8f8243b95cd13bc2463
- pocketmine/raklib 1.1.1@be2783be516bf6e2872ff5c81fb9048596617b97
- pocketmine/raklib-ipc 1.0.1@ce632ef2c6743e71eddb5dc329c49af6555f90bc
- pocketmine/snooze 0.5.0@a86d9ee60ce44755d166d3c7ba4b8b8be8360915
- ramsey/collection 2.0.0@a4b48764bfbb8f3a6a4d1aeb1a35bb5e9ecac4a5
- ramsey/uuid 4.7.6@91039bc1faa45ba123c4328958e620d382ec7088
- rhumsaa/uuid unknown@unknown
- symfony/filesystem v6.4.13@4856c9cf585d5a0313d8d35afd681a526f038dd3
- symfony/polyfill-ctype v1.31.0@a3cc8b044a6ea513310cbd48ef7333b384945638
- symfony/polyfill-mbstring v1.31.0@85181ba99b2345b0ef10ce42ecac37612d9fd341

----------------------REPORT THE DATA BELOW THIS LINE-----------------------

===BEGIN CRASH DUMP===
eNrtPGl320aSf6WH9ptIMwSE++Cs/OxIcqxZy9JacpxJ6Oc0gIYICweDQxKdl/3tW1XdAEFKljOJ
d99+sHKIaHRX1311U79O0qouePv+WtRNVpWTmTOdtFkhJjPTt23PtC3P0c0w8Gx7OumW8pVl+Hpg
OY7nB6HvmK7pTSc5b9qjuq7qyezXSbtawrSJfJ5OCtE0/BJHDnies7ZiXZmINCtFwgrRLqqEfeh+
KefzZc3jNovFfN7AEsBnPj+XH2azS9FeCF7s7ALAtMvz51mOEPcWVSH24qpsOcCr95Z5d5mVzd6Z
AqUVML7X1PEebrHX77C34GWSw/wzXrerF/JBXy6WCF1C/jOQAEoO6ACrAhcYClPh80+TRwZbFggB
/xPXomz3XovLrGlFLZKX+BtI2PHM3dkdhqhd5vPxNtoTOXzciuKFyJOdKvog4pYtq/hKtAVgMJ/T
NgAp5ytaTr/7BUf48pHpGYFnIWMfmXcQpCk7ng043QP2LvrakxiELFf9aXSsETpyyZ5csWO6jns/
SgREYkHK8sgeASlFe1PVV3tFvFxL7rj8jhfijCMoxVkgONgCv4my9qQRORD3omojXp/nVbuTlS1z
aEdH7QiYJBXo5ABlLxJJDU/asq7aKq5yQuqkio5+6bJlAYhLLHbccGt3hfh8jpiP1OEe3HutGIO9
TxRbIHuU5vO7+IBMXCv0iTj3U+x8JR+Uxe44vvUwDQ9t2NPwO/B+iBWPTMMJbI/w9lhv0adVsVxo
Zydg0ai7RIlyOPLdFiXmHV3YQmFzfo/7IW+5EucX4f6UNW2dlZc/efY7pvc/1vApyRrUUfj0CviA
I7Wu57oefi+yj+Ddxj/EEf9Tkqz5VZ5Fe6/51cssOi6BRyl4sB3LdIAP4LB5mcVxPJ8Ts0bO+h7m
9cw4KuMqEcmOIsG0Q6ThbcKfIjqFrkuK5nP53y58DuG/qf7fA84/6s1CFz98SN980L+1df0AB29g
1qzRrz/oNz1ZwSetT9KlZUtJs6TvonrTiPpiUQuenMhI9VrEIoOQuOMYDwteAgQ3uMkp7UlVStEp
SOQbjEGAphMA9c8+fvOjbvi1fuHq+ncowL++DOYT/Wdd1/Qf9BP9n0gTl8T/7UoJWdfj1/o7Hfjy
Cp+jDGcXg0zDf1OmpuEDiT0dwIhrNCXgUE/UA+zZNtLPacbW3o/MwPWNUMadcWS8gCzjAiLfFfDq
PBdiKereLbvBHxTI71jza5xXTVeL32TYMM1P6lFTVtVHQbhu4Wda2xrzaWI2kdre3fp9DPH9rf0k
bpA4be8FcQek8apqszSLeQtiadRW9h8g1A//HTo/vbczIvOctG/H9A33dxLV4PObss3ynTSveMtG
WavlGLbcw71nD8PbJkC+0Z5AvnV1JhGuaoWlN4JwRmtOYM2O7bqfAPL+PaSkYO1dfK/zb8mcgGn0
+5yn4gAS6OZlxRMIWt6U3bOmAyobCA+Qhb6sLi9hnrV2KN47tp0JDy8t5+7LPhRK8vxPkOdvW5v0
D4opwR2o67XayRlk0xwY7SGMWkBEq0Xv/X3rHcO3s729vbZYbq7T8I0W83ghdGPv7OTkrM3Fc/FB
b3m9hSEm7LuTd5BhEx8haUfuTH6bTsT/WSnyxYuFbVI2B6Zqq/dZeV3l1wKzBHiXAHfjdngLIz0m
MIaRF3lh+R68YJ/4yVK2E1cd5IqPZarb7LK/7O8zY5f9CkAs339gMf5AKSlAamxYz3jDHoPUgF89
jOAzMPBHLdGewP+O0hToAmehPeFJslOKGyaHjsG6eAkB7HsIOXnO1cTZ7PjV98fnx98evzy++NfO
7pRZBvsbg9zJ2N39B6EQfgaF33BWYDwwS84wPzFDvrXuefsbE3kjkM+PM6h4iMAL0M/jZGeX7QOr
FS1YDgEl37589uPR+7PTt4dHr5EBo9mKnYH9CRyUBP4gC88vXh+9+u7ixX3sCxzYkj64n9ib6FNG
QwpUQrXO/vpX1g9KSsiAhvc9QQ8p6KBW+4zXNV+9B9uD+L4zJla5d8mt0xLtStZrDRKTdmWMwQcQ
7NWya8QaXfBUUVXlCpfP6buCodwCYKU+nfASXExNfmLg8a5CT1YU/faSpZ8zilq0XV32+7FMwaxS
Jmm7w1xVI8s9z6omQ6LxEUoEic7YxtYTdtl/7KPEPyEsVNFNokdvJSkPGddvck5oKA0KzT/hjULr
z3uj0P5f90YPmVLo/B5PFLoPeqLfvraXvraXvraXvraXvraXvraXvraXvraXvraXvraXvraXvmx7
SZGDPZRnyTUm+sm3XD6XHE/EN4enk+E4fWJCBLVghHftoqobTNOz17eH3Y8Ily8zHHB1QzfwWZQ8
ykUymYFkxXSSgDKWCa6Bd02VtofjAewwwQb1bdJ9nM8jXkrhYTepon7R2en5xdvT1y8PYehGRFDk
IaZYMTzL2+Z5VoIyjElYD24SgMiNCfhCiGM20YAT57BvSvvO5xs4fJaMw6Pvs5qwHIgYhjZJsLdI
mCxBxTPsl52fPhdfShQS6Hx+TSjM54noP43QUlSdXzx7ffHm7C5N4vqiqvKxbg1DmzSZvm5uErXW
XIY1+Zciq98fyFhj8gAZi7ZdNmB7wItFF+lxVYxsam+AAcR+l/OP4qBqCgFecUzy1ouH9VHOhrzw
zxE8gSjNm1X5Sw7Qn1d18ezseLLmQr/JfL6J3Hw+xvMz0j3p8jZ7W9V5MiJ2NDgm1NLNbQEffBTx
4uwEWIh7fZ/dZlcHP9J9mFXXNt1VBp+veJ5lV80GL+w/LvwYt1wWoMpAaYGY3iCm4GvGWD9oqvfo
w4iQvREg4BBlciPmyOf/E4d0N7/sN/+sJxqa7WvER/33sUzvKO8/u1/K705PD7+UtW53dkZ4fJaM
17y8Ol9B0VqMCBkNbjkg3d4k5Rhi4EHN09az7D+nf5PzuKrFiy4ZGeAYOmbgPVbjz7+HyPOWp+mJ
OhJRNK7HtqW1ZYGrpsy/lKQQ1nwuk7LPIw6YL3kN6ELNQajo9+RDsEbTykq7yT7yOqEnKNsRNQ0S
k4wwvW1FiQSSvz0ANgP4ALMUF+YnvN14Bp94W+TjkQoIaZqNoWW8CaT5JQes7fHQRwA0fqYGfiKi
7hJGDRhFq4jigreL8bSY58A2oGs8tujKK8pWLVpr6zRar5ZtpQYw4YrVyd96XVdvYJ1UBcrYMGzT
tEIY+NCQ1IcJeLSXlWm1NdaKDXTSdjl+vEw2noqNlwtIeDYY1XKkbmPJ+dnLDQGIa5EnkSLMkCJJ
RJpLQSHrUEWLSOa+46VFVbdEEWgxsaRYgWRK3E19Yuu5OJBtCrVsN/iVXUZZyesVjNm4qzdBtY+r
RG7bo3d2eLoBJqneE/DtQakk49GzxaagG1LvZmNhUSyH81APyMIdl1WT3Y5n1cBVEu56RID0Uekv
O8luQ619DZwUdCa0sfOiqDYEd54Vy1z8cLIhmra6EiW2vsaDW9YCj4jtnTk3dbalR7e3Sjt6a1hx
AgWvdQctKFvKckJmBT+CXbDTM6pj1mDASXzI2vcFeTc8VwPuLJZKiVEfsYXO83GYGvsQtEHeiPVt
YHBwlrLNLsOkBczFA1Vo3kNCMJmlPG/A2/XNxcnM9+AtJtYzAOQFVhB7UeLxxPdiIwnDNEgDy7Gj
0I0T045iy/EwhHQKl5dZ2d0y14piHvqGJkyba44TRRr3IkuzHNg8CeMoNHzm6ib4Xs20XI1oymL2
yLRd7U3UlW3Hzk/O2PM6Y+diySyfmfbMhX8D9ubigFmG5bDbwHvvIVvxyu/YTwmyD2dQuMXyfdX0
uKH7w4dcPUAqA8on6vdgkzWvM0E+lSeLCsPXHjoUDeaoM3osBc2nnmsalp2GqXAtEYqUW2YYxBFP
PeEEZmKGXiAs2/eR50DW1Z7yiaCxuDyF5bHBHSM0zdB2I9+PAi9wQxG5lmUnbpB4npGkJvlykCOZ
wh6eVkQ8vtKuITsEH493I4DtV2V1Uz5Vv2FFKdpaNILX8YKQL/hyKe6fes+hQ5Tj/7vlZQ0KrzWg
mAUnFYIY+dQyksSNTVOEoekCKoI7qbDi1HNCYSaW7YU+94Al94MGlLlMiQHa3/tRMgbXeOqJwAxT
20v8wAw8LxaenViO4UWwgfBTKzF5moQ8uR82HcXfwRqszAG0wzT24zCKItcNuGH6NqiuGUd+ksCW
sWHbQoS+GUX3g14bxsQmNtxBPUpMEfthxEUQBwHnYeAIM3ZTI7ZtsBDhchFGju1uwSdHTDFQOQzv
aRynsRmEYQTKkDhuYDqC225oCcsQkYgdQNo248DZhHSvYmCGbT/1HD/wHZCL54FBcl+4QeCCEYrA
jS07tlxA2XX5lsSAWoKB4cB8yg3HMlMQujAiI/ZAYw0jjUIrcUPbCmzbD1KPu8LchEGXd9S5C4Hy
QRIxcMIJAsf2Au47IgZdCZ0oTFM/FakZ+LaVxElobYEClYQUYqQ/IbAqtIXj28gYP3Vc0xUx/Ipd
kRopKKcL+Dk+DzyxDUqGOVQL4cWhacUw33DdOEAFNo1AxKBqIMzQSx3DiQ3H3oSgLJkKmKdJbALK
YMKhG9ngCVLLNECBIzsOEseOPc8CxiRRugmijNoBgmW4jmH5oI5g/obj+VYcmaD6MccupZdahh/6
TrrFkZGNaxs2fu0AaWEYPg2555mQFoE38YTtBiLwOHAsTdw08A3PjkGRAhDeJtz1R42SHggQGuQ3
kHo+/TdCwZ3TFFVpmE/BmP0ALcL0IvCVVuBbaYq8B30yHFB6QNqPQv8+IHgko9hmPkX3YInUij3f
sYVviiSJ3CS2rTB2QnDDruuCWKN4E5BsEZMCgCU/BfVIQiE8IxaO47tuYnpeApyJuBMF8I8IbA9c
tMxGikas0DDWmQbVgU9hrhP4nhOlURSkNve4A65KRCYYLngcsBoI7w4fAem6TIYnH9XYNOwwis2U
cwdcqglG6YBVhSAxD9ytHVjgWowgwOWLrmg479ffdefNqkircrWHOW+jKsDJtQcaYdpPgbug73Hq
Bm7icsiX7SRIbBecqheY3LW81LCDJLFHcJZVvgJYudan4ddQLZpIsx3HQWQ4Dnh77prg5Yw4SpxA
pKC0dmQHTui4nh3cB2uU5PbgAtcMzIiD27NsYIIBrgBFYiHnbN8zwcLSxHZMWT8N4tRXlFs9Ytgx
ZXFVptllV9PJAUMW4O0RtpEazctH7GIBhsMa0baARMN4LVi7EKwqRQMfeMtiXpZVyyLBsjLOu0Qk
8IHJrrYOwQAMrYUkAWGdVwWsTBHANsyGp2LKKnhTNwiSRZBCXrFV1dUKFt6OgRwvSzPaAZINvP2X
rxDwK3EzgNuDQoF3eduwm6r8pmVo6rxmUM9W4IsydP4rxLBdZI2k+2YhSiaDIQDQ5+W87IHN5iVj
j94uBCKGNycbTEHxFqWUCvAAso0GC5NEviZUpQdmwM9ctMQvbIvGgkkHjyMFQgaOx0LLOabol2LG
KLfEF82iaxPQUk3d3Zyx+USegzA80xLJfEKYPcvz6oblWYPY9ofx7Drj7L86Ua9wzi/4QVOvZgxr
dVp6RNW7WsMAL4b5GwOJAVMQWrRiipU4Xxb72vB6hOyjt6CooBHAV54kDDytZD+yFU9+WCE4HsNh
SsiA6ZFApIE54peO033Uy+wa5kI47gTbUZtCzrqL0OWOQqvFEmo7DdiOBzUzeE17v+qKCLgCWvWs
WZXxBW+uGJ5Egh7pNOENcItUu6cUpy3qqqw6kB5Mb6aM2ntMFgpoD1OGWW6tLrkhb25EhGNFV6rD
Ngn8nMQLNIGW1dVtBhomgA1AEmluOSCHvFUIHaeoqzgHdXLKsvYbvJVb07JEtHhIhSqztZjtAA14
c88ithAZmqJ0RqC2dZWTctRdWaI4EyyqK7oCwaiwaXR2KK7VZ1Zklwsw5hrqsenY+JTiIEfqulu2
clQyDBkDBbdQdJFwwSgp+U+kQfDrKksA7fsxQB1BnauA0aBd+kjRMJTKSb3OzstCwG4raZPf5VUE
yoN9JibHwQyKDG8KwvMlj1YtMJydS04bxFvZFaLlFyi0m4wYTwoFNnujSUC9jjVEYJoBhuCQ6CoU
gklrIfotpY6DsDq0UnZZgZwqtFJUCtzoktDUCLUZM5AK2J08sKzp/99TgI27h/Bf8Dr5c/g3bbUk
FJT3HFBS4BoG3mPJG3R7PUK4a48V1JaOQox8wFsyCoVf880XwJDMglBCh8HiDmJPCbGHiVsRd+R7
K4myNEiMVcNscRsLkTRriqTfOr04mrGLF8fn7OXxyfEFe3Z29vL46JydHb1mb09f/+fR6ymDSezi
FGYdsbcvTl8esbPXpwdH5+f6tgfY4IfleoodZ6LOKorH6IcbJBBqPfLIxI3B15rAe8gIEnItNEUD
TyiklyVQB1UJdIJ/Bm1Cej+lbFLJbhYYWIEn6IHkNIIsgYDnXfvx3rhhj1MMIRjmaYF+dzbqguo6
g9iWIsZsQHIW0ZVylWsHGkC9xLJZk2obitZm936UFOW2ovyS1xFYhrbOZckB3c9dMjVER61iahW4
7oKXHeUeY0wgL+tAB3enfUjYVsJeDWV0lTdsaYNibYI6O5UuXyo8JA9VlycDLhnEkJuSrfFvJOAl
oQ+EeoahaIXdnpOzuBMjSXUkhIG2tK6KPtbK1WqGNlbNsYSRGiXJO7rB7lGpDe047/NFFFkNO6Ea
KkVOumIpkyuZwTH1QsMXvbwOcZJaQLgTmj0FeFX6RoCx83sYDDEb4h7scA1K1jSdQMfQLkBql32y
iU4Ld1tjNe0FKVMElVPqEhuc+kk+FfxWo5Z/0+N+wJc4mhVdASEWLwuw/l47CpLJm7QSizVf0V4U
K8li7uoY5NpLhRFtqGES3EHMdQaJHVby1bZOY2qEXk/Cl5N7E5Kw1MQxZZQ4yJsoA22HgAqlKpA9
IvcAO5lfSChLuvXH5BpJ4Zo6WKb4qY581M44eZ3sIgNzrAIU3IdBPaSH81LddJupEAGZ2aLKZYYZ
8TZeUCJOKEPSBCqkggz5Nln4qLcytERiyDVleHs0llL/Ct1qvWoR+JRp5kiAJDzaWGt7ZFQIIK+9
TmPpVAUzyERSjqUM5fm4GAYVWjp7Aakg6NI+5Xbs4OzNFNYCDhHY102WgNpTriC95wBfI/gz5vVZ
9zohb4g745Q66SiIDHZ2yQsM//QSrK2MwezgkWFhVcZgSVEHSRJfge4nXbxhnAzPENfxcLTLuETZ
FJQ0/NHUO5LqZZTjFyHQtXJVMd4V2oa3zMmXgasRKCNaTenUAjEdFynTu0iAEmLBCtoFLIYsBRMH
SLgRYQlIIXUvsWPpmwZ5dCzybtHLY8bNc52hUN6clWd97bGuh7G0wo1uII3Ahd2yXGrqeavYO1Fe
qMk+ioFrSFrPsgYTAJVCQhUjzWWUajihJRft6uzsM2ymHdOaXyIJwGpgRbPMKYPDarsA5NH58Rr1
9iDPYJZsH+DtONG07OTiDWHaAElINuoRtitItdfbyVpL731v0XYarpoRtuNyGbQRD13J96UM+yQx
Hs8PZLbwlGaxzihqLzgmRSwrgDctOkuQBv3xGXDbUqdBfNeE9AI5AVGIAhOkLJzCmzIJmVrB3FbZ
LFIiZLtEuX5VXB6eUtJ4eHz+7FvIFym/7EoyXwxg+MXPmk5gZdKUoXGqb1Um4/JrTefa99HR9ayv
YZ8wE2tXlcIvwH3Te6Y6Fo3ssaChlE0lkxnlIUwEJrGW0A4WVdVQH6YvXUXfnKCohp1s1vDrPnrC
R6GpL8Dhu1FXAxCj2wgyiVUtqg9VVsr+CHHqG/ZDVN2iJ6zZ8SHb+eHN8eEuyB3cIOAA829AbCiY
jAyaSto6UfyR6RhYQ7WWXQnm98O3L3v4qtwdjXxDm+GJHyVSJF6VmhFtVd8wU2nFLeCn4Q2M/SpN
aVt4l6Ur7bbLkrVAiJ/aZq/qgppN0tTk3zmSPKDIp+yqa1TTC91sK8OOWqPJNTOmzuBxGxlSVbhQ
u2BOwMvLoWYrcVm+nZpM+1nXmbjRhoTlvv6gZO6zAr/+Rj0PSn+kMwGW9azFXAezbeoMgfjxMyUr
sPg1pS6jxUR4KWQnIhISWCTwW3LgRvhN2ccg9T0kVC0c3kyCJPm40UD+nZ14DXhDJOg1FvbrscTf
A0B7q2dFx4doKk2WCKb2wIYoB51pumhMCH4NEmeIRGYD9DBEa2qeKfnyOBa5oOJHaijtmmdXsAWW
/uRMcg7MuKyrm3YhXRFswdlCQhv5KTDgppVZBiGrIdt71LS1DCRpx4fNiC70tCg8CY3Jg9mBTNVE
6zM3eZQ65jPA0wBFqPyHJ7ze1X/GAmctoHX3btbHKZ3xbX1STumGZ1S1Q5CQkTrCLtSyy3tzUA8Y
WGmOCge2hRtSuYek004YSdEjQeqjCikcUf3KmUrpsL1KTQQ5LDMidYcfEFl73mTtzNDiNPyKz9bQ
YPCbw+rSwyhWg51r8iLiMHMBwpxJVHS8WKJnFWEMLmxVYBEMJtpiOzlu1qhj+FHv2fo9kUDui19e
1uJSdU5Vm1W2k1r17YUN+gg/8CGnh6d4jV1Tzl7GfXRLN0JWWpzht01xx4YQXxNAY/robAPi78D5
bok3uqRw7jAVBCrfKw2DDAfvK1CMGsWRAzyCEOOWJSRs+XLBwVYEeuyayYM+XfaoRSpqyE019Hcl
Bjn5to9JMiLwjRaounAyCqId1BqQs5DP7F2TAkhSlu/7Pe5IVdI1FmubFevIoKIsAsX59HcgGnnq
g+4ZN6TerlrU9/H19QbqzXiHnnN3es8x5a7YC+aoQHgkMcoGqKJWhp8AZ0tZ2zA8OEv6XpqaO6Tc
2SVEmT4MQy6bdnR4gLaHyALuMWaiJcNkm1KeIahSm3kME3M+9KKyHtoR+qVORMKDXDRlh6hd8Fu0
sb47So2yctm1Y1X5VPaiQqPUX2n3o05hj0mbtUqL+p7gQg1Kb18P9Pf8YmhstaQwSwdAeAuhq+Vx
GjrevlEmgxDAU466zx4gw8QaS4pOpjWNKuupHJcZI8oyARHVUBBf05EWfOLLXrJMQZEEPHrGUNEB
GRqmTBwLDDwuxKWUdcusddAMPNZQQHZ7KPKR9X+khKRHXMCyosZQCRqzjQJMj6GOgPnRajgK2z7S
BGNrRJ7qqqeEiYyijJcSkGzFZWQfP72D0hfDJmR7O8BTISMxmnt2K9Y705z56Kx1hj3t+UQijQzr
j9g4VHhy50ionZNdKQJcMoMte9QOeg71AlXTp7IZKNPHnv3sXyArZDe4ZtoyVXY4cEm6oAxDD/5t
ip2eiF25GyanU0oXUKdQZji1JxBRQN7jFT6oQXRSUoKD69CaukZ2N5sK/6QMdYjvMEWhgkuAN1Ut
d56rrxrh8OYUqQ48wjjKftri7ruRCPHYcS0/PA5VJkbAdppdKbesJW1UKo81C8xSbhg2UJ/eybfg
VZREqNyAdVO2vS9WTleoOhs6LXN4qGg79POAELrZx9S0wVMMQg1yF0CynzNljy1yxPIUBLvT6HYk
nng4yhOgG1CplgDoHWzOfh6GgWxx+zPTnrCf4TU90LorUATEvstisBhAnq9AHMfYo5MZMU4AcPOJ
BEiPa1hq3c/s7/D53qU4dz75eUBSpnewJT4gwY+tflc8+UcfgAXxh65BXabvu2LK/Nj6S4/CGgoB
B48HCVyZSIQI6ubwgNpD8NXsvxCqg+gKjoLrZYTdeboJtmI7YOukLSMNgpQlyxt1qrMaDBLyt2tg
UbKrRPwYDAgDyePHUBo/fmxJ+eFOY/n1AhzG7xHgdPT6Z6lPZTVCd5/RfbERPUqzoA65BN3DVPuS
7lqM1HCJST7T2M5itYQ0a5fxtFVdGvz62a1Et12SGQGyLSqbJpFVo9hYZL6BvyTCMGdjSGZxdFjX
jPA1+7Mh1cRUW0sviwgAoJ97bo+oUuUjHl7eqksOG15fHkGjKAFUUo28D/7VoZ6gtRWQ8cpSeCiX
x1dRNoMMHeTIsgLzPfozNHcrVyaxoYiJvUg6AMDv9yxzocpu1YvjeKFa7kvj8iNAxATVMWQVu95x
xp6/fHYhB7HNJ/Bs7x/qNuXUDW/BHZViat8mWd1OqU76h+qtyMse42MTKRjkNoR/darJO5UP5pBQ
xCsmv1zb1X1F1PeK6+GaCKX7KOCcx3QNp+n5pPVXTMDeZCPt0XPK82krmr8BhDpRauT9aESjjs6o
1VLJbhvJv1Ft9vgKG5MNNU+h7IiyPGtX0kwGPaG/GJTLGk6mJ5JKgq8BkkOhhNeutoWKF6XO1iI+
oNtSdF1oXgJeHTsUMXOZ6cxsZ2YE7Oz8gi5Zz8uiapN9+ech8B4RfXcZU799M7QcKA9vFlkrNIxR
+wYWXiVUqPHQzuLxIhPyL5w1+xXeRKKGBF6qlbkZLsIWpWqI7LsIBJVPS3O8woEdo34VL7MCSBwP
FVUk4WLHHa/MIzx5DWkYoel4oIz3TuTT8npJq5IMu5ug3Kt9qIQHTR1K0v2+KYUBfF9+a25oU4lk
eI15/v7h0fNnb16CgqvEmm4q7cv0VA3VEAolBvhJR78CQJP9v9GPqvcwPhN2G12mfXdejvpo5SCM
bLlv6PTPvKQt9bF4RhK79mDQtO0Bm2wJQwipv7G1L7C0nfz2P4wi6EE=
===END CRASH DUMP===
