PocketMine-MP Crash Dump Sat Dec 7 06:00:46 PST 2024

PocketMine-MP version: 5.22.0 [Protocol 766]
Git commit: ba6828c6bd6ad76c0d99f8f8243b95cd13bc2463
PHP version: 8.2.25
OS: Linux, linux

THIS CRASH WAS CAUSED BY A PLUGIN
BAD PLUGIN: Practice

Thread: Main
Error: Unsupported operand types: pocketmine\network\mcpe\protocol\serializer\BitSet & int
File: plugins/Practice-main/src/juqn/practice/handler/MainHandler
Line: 406
Type: TypeError
Backtrace:
#0 pmsrc/src/event/RegisteredListener(61): juqn\practice\handler\MainHandler->handlePacketReceive(object pocketmine\event\server\DataPacketReceiveEvent#197619)
#1 pmsrc/src/event/Event(63): pocketmine\event\RegisteredListener->callEvent(object pocketmine\event\server\DataPacketReceiveEvent#197619)
#2 pmsrc/src/network/mcpe/NetworkSession(464): pocketmine\event\Event->call()
#3 pmsrc/src/network/mcpe/NetworkSession(410): pocketmine\network\mcpe\NetworkSession->handleDataPacket(object pocketmine\network\mcpe\protocol\PlayerAuthInputPacket#107222, string[94] ....3=..'C. .D..<C. .D..........'C.............3=..'C{.....................?W...)
#4 pmsrc/src/network/mcpe/raklib/RakLibInterface(214): pocketmine\network\mcpe\NetworkSession->handleEncoded(string[71] ........v.]ug..N...l.4...........#..Li5HNo....H..}..3.=v.s.....#...b...)
#5 pmsrc/vendor/pocketmine/raklib-ipc/src/RakLibToUserThreadMessageReceiver(40): pocketmine\network\mcpe\raklib\RakLibInterface->onPacketReceive(int 0, string[80] .....d..V.\..H+.....`.UA...1.Bt+*.N,E..z0_.2...o.....o4.`.....4.....#.i.'.....%W)
#6 pmsrc/src/network/mcpe/raklib/RakLibInterface(107): raklib\server\ipc\RakLibToUserThreadMessageReceiver->handle(object pocketmine\network\mcpe\raklib\RakLibInterface#187084)
#7 pmsrc/src/TimeTrackingSleeperHandler(58): pocketmine\network\mcpe\raklib\RakLibInterface->pocketmine\network\mcpe\raklib\{closure}()
#8 pmsrc/vendor/pocketmine/snooze/src/SleeperHandler(120): pocketmine\TimeTrackingSleeperHandler->pocketmine\{closure}()
#9 pmsrc/src/TimeTrackingSleeperHandler(77): pocketmine\snooze\SleeperHandler->processNotifications()
#10 pmsrc/vendor/pocketmine/snooze/src/SleeperHandler(79): pocketmine\TimeTrackingSleeperHandler->processNotifications()
#11 pmsrc/src/Server(1705): pocketmine\snooze\SleeperHandler->sleepUntil(float 1733580046.5722)
#12 pmsrc/src/Server(1069): pocketmine\Server->tickProcessor()
#13 pmsrc/src/PocketMine(355): pocketmine\Server->__construct(object pocketmine\thread\ThreadSafeClassLoader#6, object pocketmine\utils\MainLogger#2, string[16] /home/container/, string[24] /home/container/plugins/)
#14 pmsrc/src/PocketMine(378): pocketmine\server()
#15 /home/container/PocketMine-MP.phar(168): require(string[72] phar:///tmp/PocketMine-MP-phar-cache.0/PMMPe8UJ3y.tar/src/PocketMine.php)

Code:
[397]         if ($session === null) {
[398]             return;
[399]         }
[400] 
[401]         if ($packet instanceof PlayerAuthInputPacket) {
[402]             $flags = $packet->getInputFlags();
[403]             if ($session->getSettingData()->getSetting('auto_sprint')->isEnabled()) {
[404]                 if ($player->isSprinting() && ($flags & PlayerAuthInputFlags::DOWN)) {
[405]                     $player->setSprinting(false);
[406]                 } elseif (!$player->isSprinting() && ($flags & PlayerAuthInputFlags::UP)) {
[407]                     $player->setSprinting();
[408]                 }
[409]             }
[410]         } elseif ($packet instanceof LevelSoundEventPacket && ($packet->sound === LevelSoundEvent::ATTACK_STRONG || $packet->sound === LevelSoundEvent::ATTACK_NODAMAGE)) {
[411]             /** @var CPSCounter $cps_counter */
[412]             $cps_counter = $session->getSettingData()->getSetting('cps_counter');
[413]             $cps_counter->addClick();
[414] 
[415]             if ($cps_counter->isEnabled()) {
[416]                 $player->sendPopup(TextFormat::colorize('&7CPS: &f' . $cps_counter->getClicks()));

Loaded plugins:
AdvancedBans 1.2.2 by iRxDuZ for API(s) 5.0.0
AltsFinder 1.0.0 by  for API(s) 5.0.0
DEVirion 1.3.0 by poggit, SOFe for API(s) 5.0.0
DevTools 1.17.1 by PocketMine Team for API(s) 5.0.0
GlazeCosmetics 1.0.0 by GlazeNet for API(s) 5.0.0
MultiWorld 2.1.1 by CzechPMDevs, VixikCZ, fuyutsuki, kaliiks for API(s) 5.3.0
Practice 2.0.0 by JuqnGOOD for API(s) 5.0.0
RankSystem 1.1.3 by IvanCraft623 for API(s) 5.3.0
StaffMode 2.0.1 by ysnl for API(s) 5.0.0

uname -a: Linux 52bca970-e13a-44bb-a6b2-24200d9cb907 5.15.0-125-generic #135-Ubuntu SMP Fri Sep 27 13:53:58 UTC 2024 x86_64
Zend version: 4.2.25
Composer libraries: 
- adhocore/json-comment 1.2.1@651023f9fe52e9efa2198cbaf6e481d1968e2377
- brick/math 0.12.1@f510c0a40911935b77b86859eb5223d58d660df1
- daverandom/callback-validator unknown@unknown
- netresearch/jsonmapper unknown@unknown
- pocketmine/bedrock-block-upgrade-schema 5.0.0@20dd5c11e9915bacea4fe2cf649e1d23697a6e52
- pocketmine/bedrock-data 2.15.0+bedrock-1.21.50@6e819f36d781866ce63d2406be2ce7f2d1afd9ad
- pocketmine/bedrock-item-upgrade-schema 1.14.0@9fc7c9bbb558a017395c1cb7dd819c033ee971bb
- pocketmine/bedrock-protocol 35.0.0+bedrock-1.21.50@bd1ec79bae8c88aa984e1c5f0c3313be5ae9b435
- pocketmine/binaryutils 0.2.6@ccfc1899b859d45814ea3592e20ebec4cb731c84
- pocketmine/callback-validator 1.0.3@64787469766bcaa7e5885242e85c23c25e8c55a2
- pocketmine/color 0.3.1@a0421f1e9e0b0c619300fb92d593283378f6a5e1
- pocketmine/errorhandler 0.7.0@cae94884368a74ece5294b9ff7fef18732dcd921
- pocketmine/locale-data 2.19.6@93e473e20e7f4515ecf45c5ef0f9155b9247a86e
- pocketmine/log 0.4.0@e6c912c0f9055c81d23108ec2d179b96f404c043
- pocketmine/math 1.0.0@dc132d93595b32e9f210d78b3c8d43c662a5edbf
- pocketmine/nbt 1.0.0@20540271cb59e04672cb163dca73366f207974f1
- pocketmine/netresearch-jsonmapper v4.4.999@9a6610033d56e358e86a3e4fd5f87063c7318833
- pocketmine/pocketmine-mp dev-stable@ba6828c6bd6ad76c0d99f8f8243b95cd13bc2463
- pocketmine/raklib 1.1.1@be2783be516bf6e2872ff5c81fb9048596617b97
- pocketmine/raklib-ipc 1.0.1@ce632ef2c6743e71eddb5dc329c49af6555f90bc
- pocketmine/snooze 0.5.0@a86d9ee60ce44755d166d3c7ba4b8b8be8360915
- ramsey/collection 2.0.0@a4b48764bfbb8f3a6a4d1aeb1a35bb5e9ecac4a5
- ramsey/uuid 4.7.6@91039bc1faa45ba123c4328958e620d382ec7088
- rhumsaa/uuid unknown@unknown
- symfony/filesystem v6.4.13@4856c9cf585d5a0313d8d35afd681a526f038dd3
- symfony/polyfill-ctype v1.31.0@a3cc8b044a6ea513310cbd48ef7333b384945638
- symfony/polyfill-mbstring v1.31.0@85181ba99b2345b0ef10ce42ecac37612d9fd341

----------------------REPORT THE DATA BELOW THIS LINE-----------------------

===BEGIN CRASH DUMP===
eNrtPGt32zaWfwWjZBu7FWm+Rarrrl07aTOTxNrYabozyklAEpRYUyTLh22l0/++916AFCUr6Svn
7H6IOxOLIHBx3y9A/mWUFNWKN29vRFWnRT6aOuNRk67EaGpObNv1DcPx9MnEDibwoi3VK193HDsw
XR/+9WzPssejjNfN46oqqtH0l1GzLmHa6Ap+ybHxaCXqmi9w9FVet2VZVI2IWVGKiucxwwX1lJVF
dC2aVZqL+TwXzW1RXc/nq6iEx7IqmiIqsvm8FlXKs/S9qObzb9PmUjTsC5bmDWyStFn2JM1wl6Nl
sRJHUZE3HMBVR2XWLtK8PppVPGrSSGgrGD+qq+jop/bn/KhUw0dLQCeD+c/h9ffys14uSwQuAf8F
QAAkA2SAyYYHbIaZ8PlfowcGK1cIAP8vbkTeHL0Ui7RuRCXiZ/gbCDjwzMMpwy2QF3KP+VxtMp8P
dtG+kaMzjsx8KSKR3oiDIvxJRM0Wh2kr4ucNgjjnDd9a8xjfPzCDiWcGh4D7A/MenjTlwLMPp/sg
36dC+ybiWSZXfQqMrAFGSmGOUF+OXsiHS9A6UOsDx3P2o0gQJVYHBNH+vRBN4/CjCrs9vxPKhqR9
9H9Q52cZX4vqtG2WT/OybSSEB6YxsSxrzOqmSvPFvwLnDdPhxz7W9UdnOtPPdf0/1e/uB8aHP3Lq
L/q+n/96Df8QT5wP8aTi11kaHr3k18/S8GkOok5Apw8s0/kzvHmcR0Us4gNFzsSU5ODPjf6mXej6
C/iY6c4AyQe6/ix1v39R4MP3uv4r0KQf3+h191YPOypcRQVIPC7AIfToKTK0tJQkSnKuilegh1fL
SvD4uXReSgurA+c3ZC8BggFsM0b7psi3rRLcFjN6AfqGojjW9R/0+Rwo+oqe3+mvTuGXqX/bfPWl
/mL8WNffG291C8aIcL1wYA7+OIruVH9En/7jNdHu/UEJgmYBhR0ZnT0CgzqaPsKdTpy/Q8E/wKcH
pj8xfIcwnwwwv4LocwW+7xqYdZkJAcFD+bwD1/+TEvkda36JsqJuK/Gr9BD+B/WozovivSBUd9Az
rV2N+TAt2zjtbB78PnZMJjvbSdTm83tbVUUE4ntRNGmSRrwBc6zlTqbxJ+icBH+EzA/vPYw0l6R9
B+bEcH8nUTU+v8qbNDtIsoI3bJDLuOAy5R7Wnj0Mb5cA+Ub7BuLt9UwiXFQKy2GsmNGa57DmwHbd
DwB5+xYSEjD2Ntrr/hsyJ2Aa/b7kiTiDtKp+VvBYVA+8MduzpgUqaxn/nxWLBczbBATTe8N286D+
peXcf9nlNpI85wPkTXZtTfoHxRT3HtTNWu35DJIpDoz2EEYlfm7TSvQO33rD8O306OioWZXb6zR8
o0U8WgrdOJo9fz4T/qu/22u94dUOhpivHY7eQIZFfIScDbkz+nU8Ev/nCeqnziF3KdweGKud3qb5
TZHdiBUkO/AuBqZHTf8WRjpEYAxjMLIIUn54wdRPmrCDh7WM1+z4+JjlkGofsl9ggR34g4n4U4mm
rfKv6V0wePcrjDiGASP0wdyFX1JsBFbVDc8jUSRsb94jt3UMa2fbh0nGFzU7ZgqQ9s1CNLTuCb44
OPyaltk7y4ak0RIQWAP6iKnaweFw5OARb5vibV2CujaP4FVaP855mEHOctgh5exA3xBHpOCaS1qP
8A7ZF1/AK4n3F7vUEtbT6fnF6xc9eHcPeKK9A18Dtj38hGe1UGR7e1b+ygRMQPT+9ufxezXrsZv8
IewUYv4+xOhNsPOGRk1jqFE9AXuU5xnk+Nll0eYxZflSeSRFnYLU+Jb0eWfydHp6dXV69o+3l1cv
L158x/79b/YHFr24OD99fvrd444xprlDydGXX7KTG16xs9nlGayHdIQ9jMoa4oN8+PKI1t1T8eEc
UPTfqbaDVY8k1037I5C1b3gcn2UQ8ZSMTEfZrOnuM56tpfdtwtynegOVyONZUbblwZW4a55QO2I6
BUdaVOBCDx59MQEeTdkXySOm72AJJBKWYNqHgOivn2vqzzX155r6c039uab+XFN/rqk/19Sfa+pP
X1MrcrBCPI1vMNOOv+XyOed4OLQ9PB71J0sjE5yrBSNQRC2LqsY0LX15d97+E+HyMsUBVzd0A5+F
TCJHU5CsGI9iUMY8xjXwri6S5nw4gOUzbFDdxe37+TzkuRQe1soFVcOzi8ur1xcvn53D0K0I67RB
TDFjPM2a+kmagzIMSdgMbhOAyA0J+ESI15AM18v5nMO+Ce07n2/h8JtknD/+Ia0Iy56IfmibBHuH
hFEJKp5iN+Dy4on4VKKQQOfzG0JhPo9F92mAlqLq8ur05dWr2X2axM1VUWRD3eqHtmkyJ7q5TdRG
c9mV4KtPRVa3P5CxweQjZCybpqzB9oAXyzbUo2I1sKmjHgYQ+13G34uzol4J8IpDkndefFwf5WxI
Bf8awSOI0bxe5z9nAB1LstPZ09GGC90m8/k2cvP5EM/fkO7zNmvS10WVxQNiB4NDQi1I03YEfPZe
RMvZc2Ah7vVDepden/2TjoDXbVO31yl8vuZZml7XW7yw/7zwI9yyXIEqA6UrxPQWMQVfM8T6o6a6
Rx8GhBwNAAGH+qbchj+DPt2QO/fU4O9Q0353cXH+qfR+t0Ye4PGbruklz68v11CrrgaEDAZ3TFm3
t0l5CtHkrOJJ41n2X5Pk6DIqKvF9Gw9UeQgdM9kOq+Hn30PkZcOT5LlqnSoaN2O70trR5XWdZ59K
UghrPpfpzW8jDpiXvAJ0IXcnVPQ9mQWs0bS80G7T97yK6SlOa0RNgxCfEqZ3jciRQPJcZ8BmAO9j
vHdhfsybrWfwLnerbDhSACF1vTVURttA6p8zwNoeDr0HQMNnXlV8HYuwXcCoAaNoFWG04s1yOC3i
GbAN6BqOLdv8mvI+i9baOo1W67Ip1ACmLpE6ONisa6strONihTI2DNs0rQAGfqpJ6v0EPAFI86TY
GWvEFjpJUw4fF/HW02rr5RJShy1GNRyp21pyOXu2JQDsW8ahIsyQIolFkklBIetQRVehzCKHS1dF
1RBFoMXEktUaJJPjbuoT28zFgXRbqHmzxa90EaY5r9YwZuOu3gjVPipiuW2H3uz8YgtMXLwl4LuD
UkmGo7PltqBrUu96a+FqVfbnJh6QhTuWRZ3eDWfhMRAJdzMiQPqo9ItWsttQa18CJ6GmSLclXy9X
xZbgLtNVmYkfn2+JpimuRY5nR8PBHWuBR8T23pzbKt3Ro7s7pR2dNaw5gYLXuoMWlJYyMZfx9Z9g
F+xiRhXBBgw4iZ/S5u2KvBue+wB3lqVSYtRH7ELybBimhj4EbZDXYnPFDBycpWyzTTH8g7l4oAr1
WwitoykdWsAWqlE3mk48eIsp6hQAeb7lR14YezyeeJERB0HiJ77l2GHgRrFph5HleBhCWoXLszRv
75hrhREPJoYmTJtrjhOGGvdCS7Mc2DwOojAwJszVTfC9mmm5GtGURgwKUld7FbZ507LL5zP2pErZ
pSiZNWGmPXXhfz57dXXGLMNy2J3vvfWQrXhhbOinBNmH0yvcsnxb1B1u6P7wIVMPkBSA8onqLdhk
xatUkE/l8bLA8HWEDkWDOeosD4sq88RzTcOykyARriUCkXDLDPwo5IknHN+MzcDzhWVPJshzIOv6
SPlE0FhcnsDyyOCOEZhmYLvhZBL6nu8GInQty45dP/Y8I05M8uU3QprCETZ4Qx5dazeQZ4GPx6NV
YPt1XtzmJ+o3rMhFU4la8CpaEvIrXpZi/9RBPyQUcQVPWpjhv225qEDhtRoUc8VJhSBGnlhGHLuR
aYogMF1ARXAnEVaUeE4gzNiyvWDCPWDJftCAMpfJJUD7qhslY3CNE0/4ZpDYXjzxTd/zIuHZseUY
XggbiElixSZP4oDH+2GDIa7uYw1W5gDaQRJNoiAMQ9f1uWFObFBdMwoncQxbRoZtCxFMzDDcD3pj
GCOb2HAP9TA2RTQJQi78yPc5D3xHmJGbGJFtg4UIl4sgdGx3Bz45YoqBymF4J1GURKYfBCEoQ+y4
vukIbruBJSxDhCJyAGnbjHxnG9JexcBixT7xnIk/cUAungcGySfC9X0XjFD4bmTZkeUCyq7LdyRG
p0EqHJgn3HAsMwGhCyM0Ig801jCSMLBiN7At37YnfuJxV5jbMOjsX53tEKgJSCICTji+79iezyeO
iEBXAicMkmSSiMT0J7YVR3Fg7YAClYQUYqA/AbAqsIUzsZExk8RxTVdE8CtyRWIkoJwu4OdMuO+J
XVAyzKFaCC8KTCuC+YbrRj4qsGn4IgJVA2EGXuIYTmQ49jYEZclUC57EkQkogwkHbmiDJ0gs0wAF
Du3Ijx078jwLGBOHyTaIPGx6CJbhOoY1AXUE8zccb2JFoQmqH/GJbXteYhmTYOIkOxwZ2Li2ZeM3
DpAWBMFJwD3PhLQIvIknbNcXvseBY0nsJv7E8OwIFMkH4W3D3XzUKOmBAKFBfgOp58kfCAX3jiVU
pWGegDFPfLQI0wvBV1r+xEoS5D3ok+GA0gPSkzCY7AOCZxuKbeYJugdLJFbkTRxbTEwRx6EbR7YV
RE4Abth1XRBrGG0Dks1WUgCw5BNQjzgQwjMi4TgT141Nz4uBMyF3Qh/+E77tgYuW2ciqFms0jE2m
QXXgCcx1/InnhEkY+onNPe6AqxKhCYYLHgesBsK7wwdA2jaV4WmCamwadhBGZsK5Ay7VBKN0wKoC
kJgH7tb2LXAthu/j8mW7qjnv1t935/V6lRT5+ghz3lpVgKMbDzTCtE+Au6DvUeL6buxyyJft2I9t
F5yq55vctbzEsP04tgdwyiJbA6xM69LwG6gWTaTZjiI/NBwHvD13TfByRhTGji8SUFo7tH0ncFzP
9vfBGiS5HTjfNX0z5OD2LBuYYIArQJFYyDl74plgYUlsO6asn3px6mvKrR4w7D2yqMiTdNFW1INn
yAKWFBXbSo3m+QN2tQTDYbU8qq8ZrwRrloIVuajhA29YxPO8aFgoWJpHWRuLGD4w2R/WIRiAoTWQ
JCCsy2IFKxMEsAuz5okYswLeVDWCZCGkkNdsXbSVgoVn+ZDjpUlKO0CygbeEsjUCfiFue3BHUCjw
NmtqdlvkjxqGps4rhldjwBel6PzXiGGzTGtJ9+1S5EwGQwCgz/N53gGbznPGHrxeCkSMNQXD6wAM
QKiWOvAAso0aC5NYviZUpQdmwM9MNMQvbDBGgkkHjyMrhAwcj4SWcUzRF2LKKLfEF/WybWLQUk1d
+5qy+UieKDA8HBLxfESYnWZZccuytEZsmWp+s5uUs/9uRbXGOT/jB029mjKs1WmpvAah1jC8RIb5
GwOJAVMQWrhmipU4Xxb7Wv96gOyD16CooBHAVx7HDDytZD+yFc9Q2EpwPM/ClJAB00OBSANzxM8t
z5Bti/QG5kI4bgU7UJtCznqI0OWOQqsE3nnTgO145DGF17T3i3YVAldAq07rdR5d8fqa4Yke6JFO
E14Bt0i1O0px2rIq8qIF6cH0esyoUcZkoYD2MGaY5VbqPhny5laEOLZqc3VsJYFfkniBJtCyqrhL
QcMEsAFIIs3Ne+SQtwqhpwnqKs5BnRyztHkE7GsqWhaLBo97UGV2FrMDoKEFu7GILUSGpiidEqhd
XeWkHFWb5yjOGIvqoiQhUGFT6+xc3KjPbJUulmDMFdRj46HxKcVBjlRVWzZyVDIMGQMFt1B0kXDB
KCn5j6VB8JsijQHt/RigjqDOFcBo0C59oGgYSuWkTmfn+UrAbmtpk99lRQjKg30mJsfBDFYp3rCC
5wUP1w0wnF1KThvEW9kVouVXKLTblBhPCgU2e6tJQJ2O1URgkgKG4JDo9giCSSohui2ljoOwWrRS
tihATgVaKSoFbrQgNDVCbcoMpAJ2Jw8sa/r/9xRg4+5j+C95Ff81/OumKAkF5T17lBS4moH3KHmN
bq9DCHftsILa0lGIkQ94TUah8KsffQIMySwIJXQYLGoh9uQQe5i4E1FLvreQKEuDxFjVzxZ3kRBx
vaFI+q2Lq8dTdvX900v27Onzp1fsdDZ79vTxJZs9fsleX7z8x+OXYwaT2NUFzHrMXn9/8ewxm728
OHt8eanveoAtfliup9gxE1VaUDxGP1wjgVDrkUcmbvS+1gTeQ0YQk2uhKRp4QiG9LIE6K/BWJPhn
0Cak90PKJpXsdomBFXiCHkhOI8gSCHjejR/vjBv2uMAQgmGeFuj3Z6MuqK4ziK0UEWYDkrOIrpSr
XNvTAOolynpDqm0oWuvD/Sgpym1F+YJXIViGtsllyQHt5y6ZGqKjVjG1Clz3iuct5R5DTCAva0EH
D8ddSNhVwk4NZXRNEoAl6V1tTFBnF9LlS4WH5KFos7jHJYUYcpuzDf61BFwS+kCoZxiKVtjtCTmL
ezGSVEdC6GlLqmLVxVq5Ws3Qhqo5lDBSoyR5TzfYHpXa0o7LLl9EkVWwE6qhUuS4XZUyuZIZHFMv
NHzRyescJ6kFhDuh2VEATxDlwdj5HgZDzIa4BzvcgJLVdSvQMTRLkNqiSzbRaeFuG6zGnSBliqBy
Sl1ig1M/yKcVv9Oo5V93uJ/xEkfTVbuCEIvH7gicrhKjIJm8riqx2PAV7UWxkizmvo5Brl0qjGhD
DZPgFmKu00vsvJCvdnUaUyP0ehK+nNyZkISlJg4po8RB3unoaTsHVChVgewRuQfYyfxCQlE3p+Ua
SeGGOlim+KmOfNTOOHmT7CIDM6wCFNyPg/qYHs5zdWNsqkIEZGbLIpMZZsibaEmJOKEMSROokAoy
5Ntk4aPeytASij7XlOHtwVBK3St0q9W6QeBjppkDAZLwaGOt6ZBRIYC89iaNpVMVzCBjSTmWMpTn
42IYVGjp7HtIBen+NuZ27Gz2agxrAYcQ7Os2jUHtKVeQ3rOHrxH8KfO6rHuTkNfEnWFKHbcURHo7
W/AVhn96CdaWR2B28MiwsMojsKSwhSSJr0H34zbaMk6GZ4ibeDjYZViibAtKGv5g6j1JdTLKeLUg
18pVxXhfaFveMiNfBq5GoIxoNaVTS8R0WKSM7yMBSogFK2gXsBiyFEwcIOFGhCUghdReYofSNw3y
6Fjk3aGXx4ybZzpDobya5bOu9tjUw1ha4Ua3kEbgwrbMS0097xR7z5UXqtP3oucaktaxrMYEQKWQ
UMVIcxmkGk5gyUWHOpv9Bptpx6TiCyQBv+9UsbrMKIPDansFyKPz4xXq7VmWwizZPsB7ZqJu2POr
V4RpDSQh2ahH2K4g1d5sJ2stvfO9q6bVcNWUsB2Wy6CNeOhKvi9h2CeJ8Hi+J7OBpySNdEZRe8kx
KWLpCnjToLMEadBfNAC3LXUaxHdDSC+RExCFKDBBysIpvCmTkKkVzG2UzSIlQrZLlOtXxeX5BSWN
508vT7+FfJHyyzYn88UA1mLkoBNYmTSlaJzq21fxsPza0LnxfXR0Pe1q2G+YibWrSuGX4L7pPVMd
i1r2WNBQ8rqQyYzyECYCk1hLaGfLoqipD9OVrqJrTlBUw042q/lNFz3ho9DUFzTw3aCrAYjRbQSZ
xKoW1U9Fmsv+CHHqEfsxLO7QE1bs6Tk7+PHV0/NDkDu4QcAB5t+C2FAwKRk0lbRVrPgj0zGwhmIj
uxzM78dvn3XwVbk7GHlEm+GJHyVSJF6VmhFtRdcwU2nFHeCn4Q2M4yJJaFt4lyZr7a5N441AiJ/a
dq/qippN0tTkH8+QPKDIp+yqrVXTC91sI8OOWqPJNVOmzuBxGxlSVbhQu2BOwPNFX7PluCzbTU3G
3aybVNxqfcKyrz8omXu6wi/PUM+D0h/pTIBlHWsx18FsmzpDIH78TMkKLH5JqctgMRGeC9mJCIUE
FooEbb8u+W3exSAJnVQLh7eTIEk+btSTf28nXtGXrninsbBfhyX+7gHaOz0rOj5EU6nTWDC1BzZE
OehM3YZDQhaYF8AMEctsgB76aE3NMyVfHkUiE1T8SA2lXbP0GrbA0p+cScaBGYuquG2W0hXBFpwt
JbSBnwIDrhuZZRCyGrK9Q03byECS9vS8HtCFnhaFJ6ExeTDbk6maaF3mJo9Sh3wGeBqgCJV//4TX
u7rPWOBsBLTp3k27OKUzvqtPyind8pSqdggSMlKH2IUq26wzB/WAgZXmqHBgW7ghlXtIOu2EkRQ9
EqQ+qpDCEdWvnKqUDtur1ESQwzIjUrfhAZGN5403zgwtTsPvx+wM9Qa/PawuPQxiNdi5Jq/09TOX
IMypREXHiyV6WhDG4MLWKyyCwUQbbCdH9QZ1DD/qPdu8JxLIffHFohIL1TlVbVbZTmrU9wC26CP8
wIdcnF/ghXBNOXsZ99Et3QpZaXEw3lvasSbENwTQmD4424D423O+LfFGlxTOPaaCQOV7pWGQ4eB9
BYpRgzhyhkcQYtiyhIQtK5ccbEWgx66YPOjTZY9aJKKC3FRDf5djkJNvu5gkIwLfaoGqCyeDINpC
rQE5C/nMzjUpgCRl+b7b455UJV1DsTbpahMZVJRFoDgftR4DAUoR3TNuSL1dtajr4+ubDdSb4Q4d
5+71niPKXbEXzFGB8EhikA1QRa0MPwbO5rK2oe+xx10vTc3tU+50AVGmC8OQyyYtHR6g7SGygHuE
mWjOMNmmlKcPqtRmHsLEnA+9qKyHDoS+0IlIeJCLxuwctQt+iybSDwepUYpfxxuqyoeyFxUapf5K
ux90CjtMmrRRWtT1BJdqUHr7qqe/4xdDY6skhWnSA8JbCG0lj9PQ8XaNMhmEAJ5y1F32ABkm1lhS
dDKtqVVZT+W4zBhRljGIqIKC+IaOtOATLzvJMgVFEvDglKGiAzI0TJk4Fhh4XIhLKeuWWWuvGXis
oYAcdlDkI+YkYNsxI+kRF7CsqDBUgsbsogDTI6gjYH647o/Cdo80wdhqkSW66ilhIqMo47kEJFtx
KdnHv95A6YthE7K9A+CpkJEYzT29E5udac58cNY6xZ72fCSRRoZ1R2wcKjy5cyjUzvGhFAEumcKW
HWpnHYc6garpY9kMlOljx372PyArZDe4ZtoyUXbYc0m6oBRDTwszDjoiDuVumJyOKV1AnUKZ4dSO
QEQBeY9X+KAG0UlJCQ6uQ2tqa9ndrIuVkLZ8nykKFVwCvCkqufNcfWkHh7enSHXgIcZR9q8d7r4Z
iBCPHTfyw+NQZWIE7KA+lHJLG9JGpfJYs8As5YZhA/XpjXwLXkVJhMoNWDdmu/ti5XSNqrOl0zKH
h4q2RT8PCKGbfUhNGzzFINQgdwEkuzlj9tAiRyxPQbA7jW5H4omHozwGugGVogRAb2Bz9q4fBrLF
3TumfcPewWt6oHXXoAiIfZtGYDGAPF+DOJ5ij05mxDgBwM1HEiA9bmCpde/YV/B571KcOx+965GU
6R1siQ9I8EOr2xVP/tEHYEH8U1ujLtM3RzFlfmj9rUNhA4WAg8eDBC6PJUIEdXu4R+1j8NXsvxGq
vehWHAXXyQi783QTbM0OwNZJWwYaBClLmtXqVGfdGyTkbzfAovhQifghGBAGkocPoTR++NCS8sOd
hvLrBNiP7xHgePD6ndSnvBige8zovtiAHqVZUIcsQPcw1V7QXYuBGpaY5DONHSzXJaRZh4wnjerS
4Be57iS6TUlmBMg2qGyaRFaNYmORTQz8JRGGOVtDMoujw7p6gK/ZnQ2pJqbaWnpZRAAAveu4PaBK
lY94eHmnLjlseX15BI2iBFBxMfA++Ic3OoI2VkDGK0vhvlweXkXZDjJ0kCPLCsz36M933K9cmcSG
Iib2IukAAL8pU2ZCld2qF8fxQrXcl8blR4CICapjyCp2s+OUPXl2eiUHsc0n8Gzva3WbcuwGd+CO
cjG27+K0asZUJ32teivyssfw2EQKBrkN4V+davJW5YMZJBTRmsmvqbZVVxF1veKqvyZC6T4KOOMR
XcOpOz5p3RUTsDfZSHvwhPJ82ormbwGhTpQaeTsY0aijM2i1FLLbRvKvVZs9usbGZE3NUyg7wjRL
m7U0k15P6C+tZLKGk+mJpJLga4BkXyjhtatdoeJFqdlGxGd0W4quC81zwKtl5yJiLjOdqe1MDZ/N
Lq/okvU8XxVNfPyDoL+vlEu4GqZ+x2ZgOVAe3i7TRmgYo44NLLxyqFCjvp3Fo2Uq5F9Cqo8LvIlE
DQm8VCtzM1yELUrVEDl2EQgqn5ZkeIUDO0bdKp6nKyBxOLQqQgkXO+54ZR7hyWtI/QhNxwNlvHci
n8qbklbFKXY3QbnXx1AJ95ral6THXVMKA/ix/P5Z36YScf8a8/zj88dPTl89AwVXiTXdVDqW6aka
qiAUSgzwk45+BYDGx1/Sj6r3MD4TdltdpmN3ng/6aHkvjLQ8NnT6b57TlvpQPAOJ3XgwaNp2j01a
whBC6m5sHQssbUe//i8bHREt
===END CRASH DUMP===
