PocketMine-MP Crash Dump Sun Nov 10 15:20:00 UTC 2024

PocketMine-MP version: 5.21.0 [Protocol 748]
Git commit: 734ca1cc6bf651da097eb03aa1f5b4123252dfaa
PHP version: 8.2.17
OS: Linux, linux

A PLUGIN WAS INVOLVED IN THIS CRASH

Thread: Main
Error: Cannot serialize a null itemstack
File: pmsrc/src/data/bedrock/item/ItemSerializer
Line: 94
Type: InvalidArgumentException
Backtrace:
#0 pmsrc/src/network/mcpe/NetworkSession(1297): pocketmine\data\bedrock\item\ItemSerializer->serializeType(object juqn\practice\item\vanilla\EnderPearlItem#140811)
#1 pmsrc/src/player/Player(722): pocketmine\network\mcpe\NetworkSession->onItemCooldownChanged(object juqn\practice\item\vanilla\EnderPearlItem#140811, int 20)
#2 pmsrc/src/player/Player(1628): pocketmine\player\Player->resetItemCooldown(object juqn\practice\item\vanilla\EnderPearlItem#140811)
#3 pmsrc/src/network/mcpe/handler/InGamePacketHandler(515): pocketmine\player\Player->useHeldItem()
#4 pmsrc/src/network/mcpe/handler/InGamePacketHandler(340): pocketmine\network\mcpe\handler\InGamePacketHandler->handleUseItemTransaction(object pocketmine\network\mcpe\protocol\types\inventory\UseItemTransactionData#142190)
#5 pmsrc/vendor/pocketmine/bedrock-protocol/src/InventoryTransactionPacket(94): pocketmine\network\mcpe\handler\InGamePacketHandler->handleInventoryTransaction(object pocketmine\network\mcpe\protocol\InventoryTransactionPacket#89306)
#6 pmsrc/src/network/mcpe/NetworkSession(472): pocketmine\network\mcpe\protocol\InventoryTransactionPacket->handle(object pocketmine\network\mcpe\handler\InGamePacketHandler#157754)
#7 pmsrc/src/network/mcpe/NetworkSession(410): pocketmine\network\mcpe\NetworkSession->handleDataPacket(object pocketmine\network\mcpe\protocol\InventoryTransactionPacket#89306, string[158] ..............2.........display...Name....r..l..9Veizer.........................)
#8 pmsrc/src/network/mcpe/raklib/RakLibInterface(214): pocketmine\network\mcpe\NetworkSession->handleEncoded(string[89] .c.ab..(.........$.....g.b`.bgH.,..I..`a.K.M.g8......C.-.R3.R.......3..FH..;._..)
#9 pmsrc/vendor/pocketmine/raklib-ipc/src/RakLibToUserThreadMessageReceiver(40): pocketmine\network\mcpe\raklib\RakLibInterface->onPacketReceive(int 0, string[98] .=.+.i.G._.4 ..4..C..N..Q.....w4wBJ.r9=g....~F..yH)'...g.>..t.....h....Of....d..)
#10 pmsrc/src/network/mcpe/raklib/RakLibInterface(107): raklib\server\ipc\RakLibToUserThreadMessageReceiver->handle(object pocketmine\network\mcpe\raklib\RakLibInterface#179380)
#11 pmsrc/src/TimeTrackingSleeperHandler(58): pocketmine\network\mcpe\raklib\RakLibInterface->pocketmine\network\mcpe\raklib\{closure}()
#12 pmsrc/vendor/pocketmine/snooze/src/SleeperHandler(120): pocketmine\TimeTrackingSleeperHandler->pocketmine\{closure}()
#13 pmsrc/src/TimeTrackingSleeperHandler(77): pocketmine\snooze\SleeperHandler->processNotifications()
#14 pmsrc/vendor/pocketmine/snooze/src/SleeperHandler(79): pocketmine\TimeTrackingSleeperHandler->processNotifications()
#15 pmsrc/src/Server(1698): pocketmine\snooze\SleeperHandler->sleepUntil(float 1731252000.7149)
#16 pmsrc/src/Server(1066): pocketmine\Server->tickProcessor()
#17 pmsrc/src/PocketMine(355): pocketmine\Server->__construct(object pocketmine\thread\ThreadSafeClassLoader#6, object pocketmine\utils\MainLogger#2, string[16] /home/container/, string[24] /home/container/plugins/)
#18 pmsrc/src/PocketMine(378): pocketmine\server()
#19 /home/container/PocketMine-MP.phar(168): require(string[72] phar:///tmp/PocketMine-MP-phar-cache.0/PMMPnX8A05.tar/src/PocketMine.php)

Code:
[85] 
[86] 	/**
[87] 	 * @phpstan-template TItemType of Item
[88] 	 * @phpstan-param TItemType $item
[89] 	 *
[90] 	 * @throws ItemTypeSerializeException
[91] 	 */
[92] 	public function serializeType(Item $item) : Data{
[93] 		if($item->isNull()){
[94] 			throw new \InvalidArgumentException("Cannot serialize a null itemstack");
[95] 		}
[96] 		if($item instanceof ItemBlock){
[97] 			$data = $this->serializeBlockItem($item->getBlock());
[98] 		}else{
[99] 			$index = $item->getTypeId();
[100] 
[101] 			$locatedSerializer = $this->itemSerializers[$index] ?? null;
[102] 			if($locatedSerializer === null){
[103] 				throw new ItemTypeSerializeException("No serializer registered for " . get_class($item) . " ($index) " . $item->getName());
[104] 			}

Loaded plugins:
AltsFinder 1.0.0 by  for API(s) 5.0.0
AntiCheat 0.8.5-BETA by FrostCheat for API(s) 5.0.0
BanComplements 1.0.0 by  for API(s) 5.0.0
DEVirion 1.3.0 by poggit, SOFe for API(s) 5.0.0
DevTools 1.17.1 by PocketMine Team for API(s) 5.0.0
EasyEdit 3.1.0 by platz1de for API(s) 5.12.0
MOTDChanger 1.0.0 by  for API(s) 5.0.0
MultiWorld 2.1.1 by CzechPMDevs, VixikCZ, fuyutsuki, kaliiks for API(s) 5.3.0
Practice 2.0.0 by JuqnGOOD for API(s) 5.0.0
PurePerms 3.0.0-ACM by fernanACM, 64FF00 for API(s) 5.0.0

uname -a: Linux acb58c49-891e-4461-a08c-6bddba329856 5.4.0-173-generic #191-Ubuntu SMP Fri Feb 2 13:55:07 UTC 2024 x86_64
Zend version: 4.2.17
Composer libraries: 
- adhocore/json-comment 1.2.1@651023f9fe52e9efa2198cbaf6e481d1968e2377
- brick/math 0.12.1@f510c0a40911935b77b86859eb5223d58d660df1
- daverandom/callback-validator unknown@unknown
- netresearch/jsonmapper unknown@unknown
- pocketmine/bedrock-block-upgrade-schema 5.0.0@20dd5c11e9915bacea4fe2cf649e1d23697a6e52
- pocketmine/bedrock-data 2.14.0+bedrock-1.21.40@606d32ae426164b0615898b95d10e23293bed6ac
- pocketmine/bedrock-item-upgrade-schema 1.13.0@1dee9bbd0aaa65ed108b377b402746defe10b3b0
- pocketmine/bedrock-protocol 35.0.0+bedrock-1.21.40@6aa7cbeb4a7ec6fa58f9024aeaddad7c5c65a459
- pocketmine/binaryutils 0.2.6@ccfc1899b859d45814ea3592e20ebec4cb731c84
- pocketmine/callback-validator 1.0.3@64787469766bcaa7e5885242e85c23c25e8c55a2
- pocketmine/color 0.3.1@a0421f1e9e0b0c619300fb92d593283378f6a5e1
- pocketmine/errorhandler 0.7.0@cae94884368a74ece5294b9ff7fef18732dcd921
- pocketmine/locale-data 2.19.6@93e473e20e7f4515ecf45c5ef0f9155b9247a86e
- pocketmine/log 0.4.0@e6c912c0f9055c81d23108ec2d179b96f404c043
- pocketmine/math 1.0.0@dc132d93595b32e9f210d78b3c8d43c662a5edbf
- pocketmine/nbt 1.0.0@20540271cb59e04672cb163dca73366f207974f1
- pocketmine/netresearch-jsonmapper v4.4.999@9a6610033d56e358e86a3e4fd5f87063c7318833
- pocketmine/pocketmine-mp dev-stable@734ca1cc6bf651da097eb03aa1f5b4123252dfaa
- pocketmine/raklib 1.1.1@be2783be516bf6e2872ff5c81fb9048596617b97
- pocketmine/raklib-ipc 1.0.1@ce632ef2c6743e71eddb5dc329c49af6555f90bc
- pocketmine/snooze 0.5.0@a86d9ee60ce44755d166d3c7ba4b8b8be8360915
- ramsey/collection 2.0.0@a4b48764bfbb8f3a6a4d1aeb1a35bb5e9ecac4a5
- ramsey/uuid 4.7.6@91039bc1faa45ba123c4328958e620d382ec7088
- rhumsaa/uuid unknown@unknown
- symfony/filesystem v6.4.9@b51ef8059159330b74a4d52f68e671033c0fe463
- symfony/polyfill-ctype v1.30.0@0424dff1c58f028c451efff2045f5d92410bd540
- symfony/polyfill-mbstring v1.30.0@fd22ab50000ef01661e2a31d850ebaa297f8e03c

----------------------REPORT THE DATA BELOW THIS LINE-----------------------

===BEGIN CRASH DUMP===
eNrtPIly20aWv9JDuypShoBwE+CUvHIkOdGMbWkseZLd0GU3gAaJCAQQHJKYVPbb973XDRCgJMc5
dmq3yk5VRDS6X7/76iZ/niRFtebN+xtR1WmRT+bOdNKkazGZmzPbtFzLMAzdC2zTtKeTtpSvbNvX
DTcwAzcIXNs2/Okk43VzWlVFNZn/PGk2JcyanOU3PEvj59WyXYu8Ob2LBACATaaTtahrvsRJxzzP
i4bVokph8k+CcZa3WcbSRqzrhkfXMDuBgRdphtPLFa/mBwcHzbo8uCiia9G8SnOhvbrQ8I0W8Wgl
dOPg4tWri/w7/7nh6g2vDuoqOoh5ww9CEVew6gChH5zB/y67fSu9XJW4l9pnjWs+ZR2syQCFyTxA
1lU8go/fT54YbAsiF81tUV0frKNSHLyWD5fAAeDFnmkFs/05K4mWNQBaLHDHxUJtuVjgnovFeFPt
Wc+wK2D2XhH+IKKG/dD+mC8WJSDRpJHolt7wPM0yAHmax6K6ELzKENoT0zF809wHAp6YA2zLjG9E
dXBBf/ZmlrWDnqJmsUByFosxPdqzIkfgx0WRxcVtfrzi+VLEfwTBKUvzhlkGIWo9iqjpWf4OpnLC
YiFnaM8qUYtmiN0f5pv9mJSB7DgD5M7yr/laXHBE6hs5tuea7q8g2tbiG5HFuNse7eP8nn1sx/i4
6NRiUK77q7Vn8u3bWiAaVxXPa2RP0TPtI4DLqmiKqMgWC3QFNTA0vwEPUFSbxeI+wBPQd2CqZQZS
xq4iFpbERXWw3aczQ62DT/w462APQEpS9gLnjzPgIfC/iQWP4/fED2zDI5q9T3QXzuxXzPFT9u1I
+wQyPsahJ6Y7m7kO4T/7VPxN47e5E4kAqoiS6Z/J+imrmyrNl9+brv+O6aN/Vv8pTms0UPj0GliA
I5WuZ7oe/EtQ4HjsHzHGf4wxFb/O0vDgDb9+mYZneSOqBGLHnmU6v4dBp3lUxOBnFT1+AOREOg91
fa/H5yn9f6mHH/Rw+Y0+1fUzXf/A9X/or/SlL+cc65r+xtbfqCW2rr/4Rtf/pr9X5ASP2qakR0tL
Sauk66oAc6+uVpXg8SsZ89+ISKSQbuz9mneSABeLHQ5hhJEyVJD2MDwYvSgDlOSh/lc91b8GtB0Q
q4N06a91/Z9E1K1z+9Xf9So4XOLTf7/Q9c03+18Qa57pekNzVvi/84TEr0g3jd8oStPAyN6RAXy4
QUMCBnU0fYQ7v8FEH+HTE3MW2L70qOYwvl9BDgf2EF0Dty4zIUpR9ZHJ/50i+YQ1P0dZUbeV+EVG
NNN6VJPqvCh+EoTrDn6mtaszjxMzRmp3d/vTGDLbzc0kbovFvb0gLoEEXxdNmqQRR0dTq62c30Ho
LPgtdD6+tzsg85IUEPKkwP9Eomp8fps3abaXZAVv2KAmmJlOIPfwHtjD8LydPeQb7RkkWNcXEuGi
UlgOg8c2qd+zXfcRIO/fR0BjU7XRg/GgIYsCptHfS56IY6hP6pcFhzzuCXj9B9a0QCUkKq94mr8s
lkuYZ22jg/eOHayKtTiAbRuYAQlX/9Jy7r8ss3aZ5vWBJM9/hLzZPTlI7slVwT2oo3pHx3oHhIkw
KvFjm1aic/4z6x37/XXSdjZWRPuTd1DVEB+hKkLuTH6ZTsT/WqX3x6qvXTzHA9OJlMt7yEaL7EYg
qvAuzWNgXtT072EMPmM8RRJ9Vz77HvxdNAdffokPM3pgX7IjYBJgn2uAFmQJjWBXlN4CY1iRMPyM
8/1780te8fVg8tNUTQ3UVPgcGP0yIKW4rVk3vefAkNeBqaYf4INFD2UbZmnEkjan7IeN60YEJ3fe
Z3OGWdbPuNSmpQvwJ3v0UnuW1q9BVnv7+/TeUe8XDaHFcnHLKNt6UAv2Fr8u+8Vk/28I2VWQf8EH
bwcNKASRdZFQjP0qA62QGM16jJ6iyrBD9rRZpfWgTqbJVFEpkpaioTEgirb2u61FVgsCGmyBgpKI
O4Tar0X+ncV7tNY0DKkkpmFu1wBw0Id4q6xbrNKREtffS/jv2H/8B/FFwrR6UMiAB6AdHtJs4oBp
2P30oVgeVxgQy+tiK5IK3MgyrSGki5glRcUWE6YzIPR9hM5zT2mJjuN7Et99OWfLE8yPFTtNY6sk
v5Atfm6NfG6NfG6NfG6NfG6NfG6NfG6NfG6NfG6NfG6NfG6NfG6N/L9ujShysFHwPGvqF1gXUWck
53hSPhycTvpD9ompG7oBI7xtVkUFy78HWLxMsT5y6R08i5yHmYgnc5CmmE5iUMA8VnPrImlOhgNr
To0LDMf1arHgsG9C+y4WIxxAWbEhcnF+efXt+ZuXJzB0K8Ia0nqsYKFOew5KfbwSvBlS0Y8NiTB0
X3e1r06vno8ombyoirqR0/8kqhKEGCHExUKq6qdQ8hXPj4t1mVGjpx6Qs/Pi3yKYMG3Km3KxGO/9
W8g5Of1XWhGWPSH90JgEe4eESQlmm6LwLs9fiD9LKBIo1IKEAtTmovs0QEtRdXn1/M3V24v7NImb
Kyg4h8Lph8Y0mTPdHBO1tUZ2Jfj6zyKr2x/I2GLyETJWTVPW4E+AF6s21KNiPfATBz0MIPaU15vT
OB0aVj80JNbWzXsCzHjzkxmPZWdaf0B4CiBU8AqF7adPUcZX51cnsoEx9HbD0X+LVeU/3dW3EJq2
+44ePomSNmvSb4sqi4eEbAeHdFggmR0tPP5JRKuLVyBn1JN/pXfp9fF/0Z2lTdvU7XUKn695lqbX
9Uh49u8nOsItyzXYGyjpGjG9RUyB8iHWHyX8AaUdEHIwAAQculDNnwF/+qExd3alPPl7+2P+9fn5
yZ9lnLvdqAEevyroC8hxL0S1Hjqb7djYAAFF7fnxqzExiahynsthz3nxwjD+LLLeS3BAT4fP4OPv
kOUW01+AcDppEFCQEBX6A8kSwNO0vNBu0594FdMTVPZIh8bzOiWy7hqRI3+IfcdFhVv7OljEDObH
vBk9Q1lzt86GIwVQXdejoTIaA6l/zIAiezj0EwAaPvOq4ptYhO2S8g+L9C2M1rxZDadFPAMeA13D
sVWbX1Mqa9FaW3dxtNqUTaEGLBxQR1rbdW01wjou1qjrhmGbphXAwA81KU0/Ac+w0jwpdsYaMUIn
acrh4zIePa1HL1eQ0o0Y1XCkbrTk8uLlSADiRmRxqAgzpEhikWRSUMg6dGTrUCbGw6XrompUfmcS
S9YbkEyOu6lPbDsXB9KxUPNmxK90GaY5rzZkVzCGXBfYkpHbduhdnJyPwMTFewK+OyiVZDh6sRoL
uib1rkcL1+uyPwv0VHgtizq9G86qgKsk3O2IAOmj0i9byW5DrX0DnBTUMxvtvFoXI8Fdppjpffdq
JJqmuBY5nV0OBnesBR4R23tzbqt0R4/u7pR2dNaw4QTKgkcbLSgtKQBbGLnAGfyQNu/XdLSJR0fA
hVWplBX1TkAxxbOhgxz6CrQ1XovtZWHwepZkSNimGEDBLCwQef0egtNknvCsBhfYNR0n85njwyaY
AU1mthNxM4q8MPFcM+ZGMBOhYXNuJm7omJYNxXSccA6wW4XLyzRv7xiPQtePnEDzA1NojuOZGjf8
SPPCOA65bQW+6zFXd8CDQ02uEUlpxKBqNLW3YZs3Lbt8dcFeVCl7IUJmMdOeu+7cmLG3V8fMMiyH
3fkeeOQJMWfkjQRZgdOr1ap8X9QdZujk8CFTD+CIQcVE9R4sr+JVKshz8ngFvKjEAboNDeaoU2gT
gR4BKwzLToJEuJYIRMItM/CjkCeecHwzNgPPF5Y9w81DoOr6QHk+A5NB8yiB5ZHBHSMwzcB2w9ks
9D3fDUToWpYdu37seUacmOSxQYqk8AfgLbOQR9caHd/yBo/2genXeXGbH6m/sCIXDZ4S8SpaEfJr
Xpbi4akPnEuEeNSqteWyArXWaijm1pwUCMLmkWXEsRuZpggC0wVUBHcSYUWJ5wTCjC3bC2bcA5Y8
DBoPBWVyBkL/azdKKu8YR57hxbbFhWN5pueEhme6fuCHgRubBvDSCmxY4fHoYdh0tHkPa7Al8FpH
kD+LIAxjg3PuuQIA+iEIJ3QMa+Z44G2FaYR2aDwMemsWE5vYcB91zmdRKEKHz0TkJdz1kwD0k4Nn
iHk8i9zIc7njBjvwyd1SpFNuwTuKoiQy/SAIQRlix/VNR3DbDSxhGSIUkROFM9uMfGcM6UHFwFze
PvKcmQ80BjPPCyNAU7i+71qOJXw3suzIcoUfuS7fkRhQSzDQ6ZtH3HAsMwGhCyM0Ig801jCSMLBi
N7At37ZnfuJxV5hjGHT3RJ29EKgZSCLiInB837E9n88cEYGuBE4YJMksEYnpz2wrjuLA2gGFR+qQ
4mz1JwBWBbZwZjYyZpY4rumKCP5ErkiMBJTTBfycGfc9sQtKBjPQwCPhRYFpRTDfcN3IRwUGzRCR
FZuzIAy8xDGcyHDsMQRlyVQqHcWRCSiDCQduaIMnSCzTiGegXZEfO3bkeRYwJg6TMYg8bHoIluGi
GprgLYG/jjezotD07DjiM9v2vMQyZsHMSXY4MrBxbWTjNw6QFgTBUcA9z4TkB7yJJ2zXF77HgWNJ
7Cb+zPDsCBTJB+GN4W4/apTaQHjQIIuBBPPoNwSCe0cq0hRBlUJhzXwwZNdEMMLyZ1aSIO9BnwwH
lB6QnoXB7CEgeC6j2GYeRcIDfidW5M0cW8xMAUHFjSNwExBywA27rgtiDXe8hewSkwKAJR+BesSB
EJ4RCceZueBpPPBB0SzkTujDf8K3PXDRLuUc61ps0DC2+QTVUUcw1/Fn4LGSMPQTm3vciU0uQhMM
NwxdsJqIRw4fAGnbVIanGaqxadhBGJnAOQdcKvAxcsCqApCYB+7W9i0RzQzfx+Wrdl1z3q2/787r
zTop8s0BZrb1psZ7SqARHmrEUeiaIvHx20BgtbYRzhzA07USCFTeDHCwwQ6E49kDMGWRbQBUpnW5
9o2p20gy+AMnThIzAkdnWBDkEXYCquq4iQvm64A7jUGtH4I1yGQ7cElsWTx0DfgH1gsyMIXFbTP2
XXB6nFvBLPGFYUeySOqlqW8ogXrCsOHNoiJP0mVb0dkBQw7Q5ZhRXrTIn7CrFdgNq0XTABI145Vg
zUqwIhc1fOANi+QVqFCwNI+yNhYxfGCyr61DLAA7ayBHQFiXxZoujzX3YdY8EVNWwJuqRpAshDzx
mm2KtlKwWJowSPDSJKUdINfAy23ZBgG/Frc9uAOITxzq/JrdFvkXDUNL5xWDercAV5Si798ghnhh
SdJ9uxI5k7EQAOiLfJF3wOaLnLEn364EIsYavFYEZQKAUEcBwAM8ZsbqI5avCVXpgBnwMxMN8Qub
iJFg0r/jyBohA8cjoWUc8/ClmDNKLPFFvWobvK2iqWuGc7aYyJMQhqdaIl5MCLPnWVbcsiytEVum
mvbsJuXsn62oNjjnR/ygqVdzhtU7LT2lel6tYYAXw/SNgcSAKQgt3DDFSpwvy3+tfz1A9sm3oKig
EcBXCOAMHK1kP7IVz37YWnA8iMOMkAHTQ4FIA3PEjy3PkG3L9AbmQjRuBdtTm+L1H4QudxRaJUoo
4DRgOx7VzOE17f26XYfAFdCq5/Umj654fc3wLBL0SKcJb2t176ujFKetqiIvWpAeTK+njPpMTFYJ
aA9ThkluJc/biTe3kFJjUtvm6rhNAr8k8QJNoGVVcZeChglgA5BEmpv3yCFvFUJnCeoqzkGdnLK0
+QLY11S0LBYNHlOhyuwsZntAQwt2YxFbiAxNUTonULu6ykk5qjbPUZwxVs5FSUKgqqbW2Ym4UZ/Z
Ol2uwJgrKLqmQ+NTioMcqaq2bOSoZBgyBqpqoegi4YJRUu4fS4PgN0UaA9oPY4A6gjpXAKNBu/SB
omEklZN6TVvkawHbbaRRfp0VIWgPtp6YHAc7WKcN2vZaLHm4aYDj7FKy2iDmyt4PLb9Cqd2mxHnS
KDDaW00C6pSsJgqTFFAEjyTwYgmCSSohui2lkoO0WjRTtixAUAWaKWoFbrQkNDVCbc4MpAJ2Jxcs
K/f/8xRgL+9j+K94Ff8x/OumKAkF5T57lBS4moH7KHmNfq9DCHftsILa0lGIkRP4lqxC4Vd/8Sdg
SHZBKKHHYFELwSeH4MPEnYhacr6FRFlaJAarfra4i4SI6y1F0nGdX53O2dU3Z5fs5dmrsyv2/OLi
5dnpJbs4fcO+PX/zj9M3UwaT2NU5zDpl335z/vKUXbw5Pz69vNR3XcCIH5brKXZciCotKCCjI66R
QKj1yCUTN3pnawLvISWIybfQFA1coZBulkAdFznQCQ4atAnpfUzZpJLdrjCyAk/QBclpBFkCAde7
deQyItEe5xhDMM7TAv3+bNQF1YgGsZUiwnRAchbRlXKVa3saQL1EWW9JtQ1Fa73/MEqKcltRvuRV
CJahbXNZckAPc5dMDdFRq5haBb57zfOWko8hJpCYtaCD+9MuJuwqYaeGMrwmCcCS9K63Jqizc+nz
pcJD9lC0WdzjkkIQuc3ZFv9aAi4JfSDUg0xS0gq7vSBncS9IkupICD1tSVWsu2ArV6sZ2lA1hxJG
apQk7+kGe0ClRtpx2SWMKLIKdkI1VIoct+tSZlcyhWPqhYYvOnmd4CS1gHAnNDsK4AnCPBg7f4DB
ELQh8MEON6Bkdd0KdAzNCqS27LJNdFq42xaraSdImSOopFKX2ODUR/m05ncaNfbrDvdjXuJoum7X
EGPx0gMCp28NoCCZvE8ssdjyFe1FsZIs5r6OQbJdKoxoQw2z4BaCrtNL7KSQr3Z1GnMj9HoSvpzc
mZCEpSYOKaPMQV5G6Wk7AVQoV4H0EbkH2MkEQ0Ip6eofk2skhVvqYJnipzrYUTvj5G22iwzMsAxQ
cD8O6mN6uMjVZbe5ChGQmq2KTKaYIW+iFWXihHKN99iZCjLk22Tlo97K0BKKPtmU4e3JUErdK3Sr
1aZB4FOmmQMBkvBoY63pkFEhgLz2No+lsxNMIWNJOdYylOjjYhhUaOnsG8gF6VsdmNyx44u3U1gL
OIRgX7dpDGpPuYL0nj18jeDPmdel3duMvCbuDHPquKUg0tvZkq8x/NNLsLY8ArODR4aVVR6BJYUt
JEl8A7oft9HIOBmeIm7j4WCXYY0yFpQ0/MHUe5LqZJTxakmulauS8b7QRt4yI18GrkagjGg1pVMr
xHRYpUzvIwFKiBUraBewGLIUQV9pIYQlIIXUg8QOpW8a5NGxyrtDL48pN890hkJ5e5FfdMXHtiDG
2go3uoU0Ahe2ZV5q6nmn2nulvFCN33fquIakdSyrMQFQKSSUMdJcBqmGE1hy0b7OLn6FzbRjUvEl
kgCsBlbUZUYZHJbba0AenR+vUG+PsxQvH1H/AC/Iibphr67eEqY1kIRkox5hv4JUe7udLLb0zveu
m1bDVXPCdlgvgzbi0Sr5voRhowRyQ0jgOzIbeErSSGcUtVcckyKWroE3DTpLkAb9Mg24banTIL4b
QnqFnIAoRIEJUhZO4U2ZhEytYG6jbBYpEbJfoly/qi5PzilpPDm7fP4V5IuUX7Y5mS8GsBYjB52z
yqQpReNU3xuMh/XXls6t76MD6nlXxD5j+D2dRqXwK3Df9J6plkUtmyxoKHldyGRGeQgTgUmsJbTj
VVHU1IjpalfRdScoqtFX32p+00VP+Cg0+Y663IO2BiBGFxRkEqt6VD8UaS4bJMSpL9h3YXGHnrBi
Zyds77u3Zyf7IHdwg4ADzL8FsaFgUjJoqmmrWPFHpmNgDcVWdjmY33dfvezgq3p3MPIFbYbnfZRI
kXhVaka0FV3HTKUVd4Cfhlc0DoskoW3hXZpstLs2jbcCIX5q42bVFXWbpKnJH0GSPKDIp+yqrVXX
C91sI8OOWqPJNXOmTtpxGxlSVbhQu2BOgHeRupotx2XZbmoy7WbdpOJW6xOWhxqEkrnP10WL3iOR
sV85E2BZx1rMdTDbptYQiB8/U7ICi99Q6jJYTITnQrYiQiGBhSJB269Lfpt3MUh9GwtVC4fHSZAk
Hzfqyb+3E68Ab4gEncbCfh2W+LcHaO80rej4EE2lTmPB1B7YEeWgM3UbDglZYl4AM0QsswF66KM1
dc+UfHkUiUxQ8SM1lHbN0mvYAkt/ciYZB2Ysq+K2WUlXBFtwtpLQBn4KDLhuZJZByGrI9g41bSsD
SdrZST2gCz0tCk9CY/JgtidTddG6zE0epQ75DPA0QBEq//4Jr0d1n7HA2Qpo276bd3FKZ3xXn5RT
uuUpVe0QJGSkDrENVbZZZw7qAQMrzVHhwLZwQyr3kHTaCSMpeiRIfVQhhSOqYTlXKR32V6mJIIdl
RqSu8QMiW88bb50ZWpyGX/LZGeoNfjysrjwMYjXYuSavUfUzVyDMuURFx+sjeloQxuDCNmssgsFE
G+wnR/UWdQw/6j3bvicSyH3x5bISS9U6VX1W2U5q1BcYRvQRfuBDzk/O8Sa7ppy9jPvolm6FrLQ4
fdUXd6wJ8S0BNKYPDjcg/vacb0u8tyWFc4+pIFD5XmkYZDh4X4Fi1CCOHOMZhBj2LCFhy8oVB1sR
6LErJg/6dNmkFomoIDfV0N/lGOTk2y4myYjARz1Qdd1kEERbqDUgZyGf2bkmBZCkLN93e9yTqqRr
KNYmXW8jg4qyCBTno9ZjIEAponvGDam5qxZ1jXx9u4F6M9yh49y95nNEuSs2gzkqEJ5JDLIBqqiV
4cfA2VzWNgxPzuKul6bm9il3uoQo04VhyGWTlk4P0PYQWcA9wkw0Z5hsU8rTB1XqMw9hYs6HXlTW
Q3tCX+pEJDzIRVN2gtoFf0UT6fuD1CjNy7YZqspj2YsKjVJ/pd0POoUdJk3aKC3qeoIrNSi9fdXT
3/ELv9EOeTlRmCY9ILyF0FbyPA0db9cok0EI4ClH3WUPkGFijSVFJ9OaWpX1VI7LjBFlGYOIKiiI
b+hMCz7xspMsU1AkAU+eM1R0QIaGKRPHAgPPC3EpZd0ya+01A881FJD9Dop8xJwEbDtmJD3iApYV
FYZK0JhdFGB6BHUEzA83/VnY7pkmGFstskRXPSVMZBRlPJeAZCsuJfv4/h2Uvhg2IdvbA54KGYnR
3NM7sd2Z5iwGh61z7GkvJhJpZFh3xsahwpM7h0LtHO9LEeCSOWzZoXbccagTqJo+lc1AmT527Gf/
CbJCdoNrpi0TZYc9l6QLSjH04E9U7HVE7MvdMDmdUrqAOsXpRyzqnkBEAXmPF/WgBtFJSQkOrkNr
amvZ3ayLtZC2fJ8pChVcArwpKrnzQn3bCIfHU6Q68BDjKPt+h7vvBiLEc8et/PA8VJkYAdur96Xc
0oa0Uak81iwwS7lh2EB9eiffgldREqFyA9ZN2e6+WDldo+qMdFrm8Fz9XggghG72KTVt8BSDUIPc
BZDs5kzZU4scsTwFwe40uh2JJ56O8hjoBlSKEgC9g83Zh34YyBZ3H5j2jH2A1/RA665BERD7No3A
YgB5vgFxnGGPTmbEOAHALSYSID1uYal1H9hf4fODS3HuYvKhR1Kmd7AlPiDBT61uVzz6Rx+ABfEP
bY26TN96xZT5qfWXDoUtFAIOHg8SuDyWCBHU8XCP2sfgq9l/IVR70a05Cq6TEXbn6SbYhu2BrZO2
DDQIUpY0q9WpzqY3SMjfboBF8b4S8VMwIAwkT59Cafz0qSXlhzsN5dcJsB9/QIDTwesPUp/yYoDu
IaP7YgN6lGZBHbIE3cNUe0mXLQZqWGKSzzS2t9qUkGbtM540qktDv3si0W1KMiNAtkFl0ySyahQb
i2xm4B+JMMwZDcksjg7r6gG+Znc2pJqYamvpZREBAPSh4/aAKlU+4uHlnbrlMPL68gwaRQmg4mLg
ffDXbjqCtlZAxitL4b5cHt5FGQcZOsiRZQXme6J5sHJlEhuKmNiLpAMA/KZJmQlVdqteHMdr03Jf
GpcfASImqI4hq9jtjnP24uXzKzlY0i+ZzJn1N3WbcuoGd+COcjG17+K0aqZUJ/1N9VbkbY/hsYkU
DHIbwr861eStygczSCiiDZPfr22rriLqesVVf0+E0n0UcMYjuodTd3zSujsmYG+ykfbkBeX5tBXN
HwGhTpQaeT8Y0aijM2i1FLLbRvKvVZs9usbGZE3NUyg7wjRLm400k15P6EeVMlnDyfREUknwNUCy
L5Tw3tWuUPGm1MVWxMd0XYruCy3yJ5dtzl4XN8w0mGHOLX94y3qRr4smPhwnHfLuDt4rom8zYyZ4
aBuG7YIyrtJGaBiysNeDlVgOJWvU97d4tEqF/FGv+rDAu0nUocBbtjJZOzQ92JPfqQX1IR7Zkjpq
SYa3OiRcuYzn6RqIHgBaF6F8xBY83qA/hOXyYlI/QgDwhBlvosin8qakVXGK7U7Q9s0hqF6vun2N
eth1qTCiH8ovdPV9KxH3rzHxPzw5ffH87UvQeJVp092lQ5mvqqEKYqPEAD/p6GgAaHz4Jf1TBSAG
bMJu1HY69Bf5oLGW9+JIy0NDp/8WOW2pDwU0kNmNd2gGpm332KQlDCGk7g7XocBad/LL/wCQ+X93
===END CRASH DUMP===
