PocketMine-MP Crash Dump Sun Dec 8 17:27:20 UTC 2024

PocketMine-MP version: 5.22.1+dev [Protocol 766]
Git commit: 41d9f438ed462b8e375b5f8437291b6e91cb851b
PHP version: 8.2.25
OS: Linux, linux

THIS CRASH WAS CAUSED BY A PLUGIN

Thread: Main
Error: Cannot use IvanCraft623\RankSystem\RankSystem as RankSystem because the name is already in use
File: plugins/Practice-main/src/juqn/practice/Practice
Line: 64
Type: E_COMPILE_ERROR
Backtrace:

Code:
[55] use pocketmine\event\Listener;
[56] use pocketmine\math\Vector3;
[57] use pocketmine\nbt\tag\CompoundTag;
[58] use pocketmine\plugin\PluginBase;
[59] use pocketmine\Server;
[60] use pocketmine\utils\SingletonTrait;
[61] use pocketmine\world\Position;
[62] use pocketmine\world\World;
[63] use muqsit\invmenu\InvMenuHandler;
[64] use IvanCraft623\RankSystem\RankSystem;
[65] 
[66] final class Practice extends PluginBase {
[67]     use SingletonTrait;
[68]     public RankSystem $rankSystem;
[69]     protected function onLoad(): void {
[70]         self::setInstance($this);
[71]     }
[72] 
[73]     protected function onEnable(): void
[74]     {

Loaded plugins:
AdvancedBans 1.2.2 by iRxDuZ for API(s) 5.0.0
AltsFinder 1.0.0 by  for API(s) 5.0.0
DEVirion 1.3.0 by poggit, SOFe for API(s) 5.0.0
DevTools 1.17.1 by PocketMine Team for API(s) 5.0.0
MultiWorld 2.1.1 by CzechPMDevs, VixikCZ, fuyutsuki, kaliiks for API(s) 5.3.0
StaffMode 2.0.1 by ysnl for API(s) 5.0.0

uname -a: Linux 52bca970-e13a-44bb-a6b2-24200d9cb907 5.15.0-125-generic #135-Ubuntu SMP Fri Sep 27 13:53:58 UTC 2024 x86_64
Zend version: 4.2.25
Composer libraries: 
- adhocore/json-comment 1.2.1@651023f9fe52e9efa2198cbaf6e481d1968e2377
- brick/math 0.12.1@f510c0a40911935b77b86859eb5223d58d660df1
- daverandom/callback-validator unknown@unknown
- nethergamesmc/bedrock-data dev-master@c362136334a90b85a0a429ea1c558feab62e39d0
- nethergamesmc/bedrock-protocol dev-master@42d92d093a91ce70d3dd7aa161990d08cfba9bf7
- nethergamesmc/pocketmine-mp dev-stable@41d9f438ed462b8e375b5f8437291b6e91cb851b
- netresearch/jsonmapper unknown@unknown
- pocketmine/bedrock-block-upgrade-schema 5.0.0@20dd5c11e9915bacea4fe2cf649e1d23697a6e52
- pocketmine/bedrock-item-upgrade-schema 1.14.0@9fc7c9bbb558a017395c1cb7dd819c033ee971bb
- pocketmine/binaryutils 0.2.6@ccfc1899b859d45814ea3592e20ebec4cb731c84
- pocketmine/callback-validator 1.0.3@64787469766bcaa7e5885242e85c23c25e8c55a2
- pocketmine/color 0.3.1@a0421f1e9e0b0c619300fb92d593283378f6a5e1
- pocketmine/errorhandler 0.7.0@cae94884368a74ece5294b9ff7fef18732dcd921
- pocketmine/locale-data 2.19.6@93e473e20e7f4515ecf45c5ef0f9155b9247a86e
- pocketmine/log 0.4.0@e6c912c0f9055c81d23108ec2d179b96f404c043
- pocketmine/math 1.0.0@dc132d93595b32e9f210d78b3c8d43c662a5edbf
- pocketmine/nbt 1.0.0@20540271cb59e04672cb163dca73366f207974f1
- pocketmine/netresearch-jsonmapper v4.4.999@9a6610033d56e358e86a3e4fd5f87063c7318833
- pocketmine/raklib 1.1.1@be2783be516bf6e2872ff5c81fb9048596617b97
- pocketmine/raklib-ipc 1.0.1@ce632ef2c6743e71eddb5dc329c49af6555f90bc
- pocketmine/snooze 0.5.0@a86d9ee60ce44755d166d3c7ba4b8b8be8360915
- ramsey/collection 2.0.0@a4b48764bfbb8f3a6a4d1aeb1a35bb5e9ecac4a5
- ramsey/uuid 4.7.6@91039bc1faa45ba123c4328958e620d382ec7088
- rhumsaa/uuid unknown@unknown
- symfony/filesystem v6.4.12@f810e3cbdf7fdc35983968523d09f349fa9ada12
- symfony/polyfill-ctype v1.31.0@a3cc8b044a6ea513310cbd48ef7333b384945638
- symfony/polyfill-mbstring v1.31.0@85181ba99b2345b0ef10ce42ecac37612d9fd341

----------------------REPORT THE DATA BELOW THIS LINE-----------------------

===BEGIN CRASH DUMP===
eNrNW+ty3MaVfpUOpSpLu8QQt8EAk2JKMinHqpVCrkhZ3nhccgNozMDEADAuJMeuvPt+53QDgyFp
JVvxj5VTIdDoPn3ut+757Sirmq3sPt+qps2r8mjpHx91+VYdLZ2F5wWLMPTtWbCYuwE+9LX+ZM/m
jhsuvDAMbWe+8BfO8VEh2+5N01TN0fKHH4+PlH787ajb1Vhx9Obz2cX7y7fv3nx+8+HDxYej46Ot
alu5pm9nsiyrTvStEm9vZXnWyKwLXG+1+iDLm6td26nt9FnIVkzeYpVIWtptlCjlVom8FbJolEx3
Ii8JKjbL8oJ2qot+nZftyWUjky5PlLWVeXnSNsnJz/0v5UlthsfvWFnkJVYS9d2GgALKeyw6+sfD
gWMD/XNe3lbFrdqqssO3NG9U0o1fMYLnpEoVMWc+xzshX1fJjeq22Gu1UrdYuVq9y0FeqZo/Y/48
eGIexLZZrb4D9KrxeNbiiVllDFidXK9WZ9W2rvoyvZZrnh0+MVsjuVpd8t+vZat4avTE1CvV3Grs
AvuJz32XFy1m5eW6UF1VXjcy73i288Tsu6opUmxbtXkHNeR57u/P+0R/eJJnJm37X7B0tQLzwfh+
tXpb3r7Hw7eyTAuDpm/m/itKxgvmWloBcT/LS1mIBGreikE9hLqHiFIMjOwSv9ECEoTAP9rtCQ6E
5nPdx0WeTJX5eXOIQTTMbKoOglapyPoyIRaJqnxXyfTFy6W4rfKU913YZjr9a1WRLZet6t6WbSfL
RL143m3y9iXBXThm4j/oxdVkLrwvbfamlHGhhu1oum+m/8a2AJYobfrGyEi/X6e3tHP6tdTvZJ9Y
dTB8fDT6niNn5s5cjMi+21QNlvxwlH+4P+//fgS4ss5pYD6zZza9K8YI9pfJolXHR6mqSRgaibbK
uvPpAFk6dmju0/7X1SqWUHJjtkXFRnx5cXX96eLDu3MM3akY2kSoEm2vi679Ji9T1Uxp2A8eUkDY
TSn4ozBva+geDF5i44w3Xq0OkPindJy/+S5vGM2RinHokAbvAQ1HdbVe5+TFri6+UX+YMDTU1eqW
cVitUjU8TfAyZF1dv/5w/fHyMVHq9rqqiql6jUOHRDmLmXNI1SV7lvfwLOJaye0fRteAAOjYo/IF
OjZdV7fLkxMwY9PHs6TanuxROxlhgNr3fdHl7P0m9E4GpxS7M+chwWe/qmRz+R4QCaPv8vv85uzv
FB77Xd+1/U2O5xtZ5PlNe8AM799gRkJ71lvIFvzYEqrGiR+g/UXlfYI/E0pOJoDAoqtOZtl7E2AN
h/ZjhwyyHzJo15bFH6YGBAxxHJT9K/YJ1GvZAN9OaVxmEyWw3l/O6o0kMJZVVtZd/qtsUn5L85Zw
s+BLc0aVYhJRyCZxVjUEPiTHOsf8VHYH70Ue32+L6UgFQtr2YKhODoG0vxTA2psO/QpA03fZNHKX
qrhfY9TGKDmUOKGcZTotkQXYBrqmY5u+vOH0weW13oxHm13dVWaAYkRiMsv9ur45wDqttiRk2/Yc
x40w8HPLYh8nUFKYl1n1YKxTB+hkXT19XacHb9uDjxt46ANGIfCmJKjJ2NXluwMBIN0r0tgQZmuR
pCortKCIdaSj27jtGmQS06XbqumYIqgxs2S7g2RK2s08if1cGsgPhVp2B/zK1zFynGaHMY92DY5I
75Gq6m0H9C7PLw7ApNVnBv5wUCvJdPRycyjoltW7PVi43dZjWh2ALNqxRlZ4P52FJEkLdz+iIH1S
+nWv2W2btR/AScU5zMHOm211ILirfFsX6vv3B6LpqhtV5r8eqsMDa8ErYftozl2TP9Cj+3ujHYM1
7CSDwueZTxaU1zoD0l7777ALcXGZyGQzYSKcxM9593nL7q3siwLc2dRGiUkfqWKQxcT1HfgQskEk
qftqDx7O1QoW9zkFFRt60H6Gsz5adk0PT0fJYJVUALkIAmyQU1HjO2mU+V6oUj9w41B5i3k8z0Lf
W7iREwcqcpI4nDsx4PYGj3d52d+LuRsnMlrYlnI8afl+HFsyiF3L9WGnaZTEkb0Q85kDx2s57txi
epAiP3O8ufUx7suuF1fvL8U3TS6uVC3chXC85Rz/C8XH6zPh2q4v7sPgc0AsBWsOfJRi2/BHZdvU
n6t2wI1cH70U5iWhcqlVzWfYYyObXLE/lekG3GjUCTkTC3NMmUeZq/MqmDu262VRpuauilQmXScK
k1hmgfJDJ3WiIFSut1gQv0HWzYnxh9BWWp5heWJL344cJ/Lm8WIRh0E4j1Q8d10vnYdpENhp5rAf
hwzZDE7gQ4tYJjfWLSI3/DvV3WD7TVndla/MX6woFSrkZg1ptNvkJFZpA82wMF9SlapuUQuj7Ghe
JV7gOl7geb6MbEhRAiE3UtJJ5vMwUzIOXOVFqf27IPcaMwXru2nkpnbkSSiHWtipl6YLKZ3AiSI7
tcMki2UUZ4tHYPfln8XOlmDCryLkvfo/qCFgNqpVskk2LLqtrGv1NKP2G44kxQX9f1+vG5i61cIk
t5KNB+nBK9dO03niOCqKnDkEoaSfKTfJAj9STup6QbSQARTiadBwE9vHkOEDfICOsmSRRHEcg/XS
dhZehI2SeJGmoRMltucpFS2cOH4Amt04R1DjboJXSZIlThhF4EeU+vPQ8ZX05pGrXFvFKvEB1HOS
0D+E9KRqUYnjvQr8RbjwQVsQwKTlQs3DcA4zVuE8cb3EnasQCiMfUA21YBgUTJxX0vZdJwPjlB3b
CTTBs+0shprMI88NPW8RZoGcK+cQBreWNrquZ1ALcCqRKvJDiD4I5cJXCfgd+XGUZYtMZU648Nw0
gQI+AAWxIgEZjAAmGIFVkaf8hUeMWWT+3JmrBH+SucrsDAKeAz9/IcNAPQSlgySJTQVJ5LgJ5tvz
eRKSEjh2qBI3dRZRHAWZb/uJ7XuHEIwv4AryVZo4QBlOIJrHHnxJ5jp2ughjLwlT30uCwAVj0jg7
BFHG3QjBtee+7S6gLnAgth8s3CR2Ai9NJDX2gsy1F9HCzx5wZGIn1oGd3PogLYqiV5EMAgdJFfxR
oLx5qMJAgmNZCstb2IGXQJFCCO8QbiNvdIboUFXyKlbuIvRiNXeCGM7RDRdulhGrIH7bh45ij0Uc
LZ4CYuV1Yqh0XiUqAHsyNwkWvqcWjkrTeJ4mnhslfgS/O5/PIYU4OQTUllX1q06vYMOvIM00Uiqw
E+X7i/k8dYIgBSGx9OMQ/6nQC+CTdeqxbdWO9HifVrjMb8z1w0Xgx1kch5knA+mnjlSxAzuDAUPJ
Ect9OQHS97mORwvSOsf2ojhxMil9eBEHNuTDCCIwOICH8UJXJQs7DGn5pt+2Ug7rH3uwdrfNqnJ3
Qgluy80kEmAAATruqyx0bOUlcQrTAKPmUeghLM0RX+wo8/wok5FMsf8ETl0VO8AqrCHnvnVmnkM0
e0kSxrbvw8HJueNBzQHYD1UGHfNiL/Qjfx544VOwJhntAA6+OnQQBqLY9cAEG5ZLInGJc94icGAQ
Wer5ji6WRnHOdpxIPRPU0BFJVWb5um8kN66IBSKrGnGQB63KZ+J6Az0Xreo6INEK2egWclWqFg+y
E4luS8dK5GVS9KlKqZ/ccttzhiAHu+iQFRCsq2qLlRkBeAizlZk6FhVFtJZAihj54o3YVX1jYIk8
E0jo8iznHZBdUMe42BHgv6m7EdwJqgKJUrcVd1X5VSfIMmUjUL1WcB05+WrueFOXT9N9t1Gl0LEF
AGarclUOwJarUohnnzYcakVXYRfkmwAhtFTAA6QXLVUhqf7MqGqHKcDPQnXML+rZJEpof0wjW4IM
jifKKiTl42u1FFw204d203cptNQy7f+lWB3pTrJICqRb6eqIMXtdFNWdKPKWsBWmpShucyn+u1fN
jub8Qg+W+bQUlK7yUt2pNGsE8BKUsFFXE0whaPFOGFbSfF3aW+PnCbLPPkFRoRHgq0xTAceo2U9s
BcNvxFbJtm+41U/HDrEipMEc9UsvC2LbOr/FXETPXokXZlMkqS8Jut5RWY2qUchZYPt6rZolPvPe
f+u3MbgCrXrd7srkWrY3EHxzAz2a8YSPLXVosdtAKU3bNFVZ9ZAeprfHglstQlcFZA/HgtJaEELp
P/PmTsU0tu1LaBBN0cCvWLx0lFIDz/scGqbABpDEmluOyBFvDUJvM9JVmkM6eSzy7iuwr2t4Waqo
p6xPaQ4XixeggTrlLrOFybAMpUsG9VBXJStH05cliTOlCrqqWQhcxbQzca5uzbPY5usNjLlB8XU8
NT6jOMSRpunrTo9qhhFjUF0rQxcLF0bJ2X6qDUJy171vn8aAdIR0rgKjoV2ziaJR/qonDTq7KrcK
u+20Tf61qGIoDzWVhB6HGWzzjkx7q9Yy3nVguLjSnLaZt7oFxMuvSWh3OTOeFQo2e2dpQIOOtUxg
lgNDOCQ+byIwWaPUsKXWcQirJysV6wpyqshKSSloozWjaTFqS2ETFdidPbAu4P/fU0Bdui/hv5FN
+u/h33ZVzSgY7zmiZMC1At6jli25vQEh2nXACsWkbxBjH/CJjcLg1371B2DIZsEokcMQSY/YUyL2
CHWvkp59b6VR1gZJsWqcre4TpdJ2T5H2WxfXb5bi+tu3V+Ld2/dvr8Xry8t3b99cics3H8Sniw//
9ebDscAkcX2BWW/Ep28v3r0Rlx8uzt5cXc0eeoADfrjzwLDjUjV5xfGY/HBLBKJ0Yo/M3Bh9rQPe
IyNI2bXwFAueUGkvy6DOqhJ0wj9Dm4je31M2rWR3Gwqs4Al5ID2NIWsg8Lx7Pz4YN/a4oBBCYZ4X
zB7PJl0wPWaIrVYJZQOas4SulqteO9IA9VJ1uyfVsw2t7cunUTKUe4bytWxiWIa1z2XZAT3NXTY1
QsesEmYVXPdWlj3nHlNMkJf10MGXx0NIeKiEgxrq6JplgKXp3e5NcCYutMvXCo/koeqLdMQlRwy5
K8Ue/1YDrhl9EBrYtqEVu33DzuJRjGTV0RBG2rKm2g6xVq82M6ypak4lTNQYST7SDfGESh1ox9WQ
L5LIGuxEamgUOe23tU6udAYnzAeLPgzyOqdJZgHjzmgOFNB9iTsFY5dPMBgxG3EPO9zSxYm2V+QY
ug2kth6STXJatNseq+NBkDpFMDnlTGNDU3+XT1t5b3F/vx1wP5M1jebbfosQS0eZBJwPrEmQCNNy
N7jOPV/JXgwr2WIe6xhy7dpgxBtalAT3iLn+KLHzSn96qNP6wHuArycPJqRhmYlTyjhxsLhdO9J2
DlQ4VUH2SNwDdjq/0FBqSSWJ0Gs0hXvqsMzw05zvmJ1p8j7ZJQYWVAUYuF8G9SU9XJUo/UlgSxMi
kJltqkJnmLHskg0n4owykiaokAky7Nt04WO+6tASqzHX1OHt2VRKwydyq82uI+DHwnImAmTh8cZW
NyBjQgB77X0ay0colEGmmnIqZTjPp8UYNGjNxLdIBaFLp5zbibPLj8dYCxxi2NddnkLtOVfQ3nOE
bzH8pQiGrHufkLfMnWlKnfYcREY7oy4mEOKPsLYygdnhVVBhVSawpLhHkiR30P20Tw6MU9CB4T4e
TnaZliiHgtKGP5n6SFKDjArZrNm1SlMxPhbagbcs2JfB1SiSEa/mdGpDmE6LlOPHSEAJqWCFdoHF
yFIocUDCTQhrQAapJ4mdSt+x2aNTkXdPXp4yblnMBAnl42V5OdQe+3qYSiva6A5pBC3s67K2zPuD
Yu+98UJt/qsauUakDSxrKQEwKSSqGG0uk1TDj1y96OVMXP4TNvOOWSPXRAJYDVa0dcEZHFXbWyBP
zk82pLdnRY5Zun3QoLZUbSfeX39kTFuQRGSTHlG7glV7v52utWaD7912vUWrlozttFyGNtIJK/u+
TFCfJKErUiOZHd6yPJkJjtobSUmRyLfgTUfOEtLgm4Rw21qnIb5bRnpDnEAU4sCElEVyeDMmoVMr
zO2MzRIlSrdLjOs3xeX5BSeN52+vXn+NfJHzy75k86UA1lPk4ONWnTTlZJzmJl46Lb/2dO59H59T
L4ca9i/CodrVpPAbuG/+LkzHotU9FjKUsq10MmM8hEPANNYa2tmmqlruwwylqxqaExzVqPEsWnk7
RE88Kkt/46b0pKsBxPhATiexpkX1c5WXuj/CnPpKfB9X9+QJG/H2XLz4/uPb85eQO9wgcMD8O4iN
BJOzQXNJ26SGPzodgzVUe9mVML/vv343wDfl7mTkK96Mjvg4kWLxmtSMaauGhplJK+6Bn0X3LU6r
LONt8S3PdtZ9n6d7gTA/rcNe1TU3m7Sp6Uurmgcc+Yxd9a1pepGb7XTYMWssvWYpzIE7baNDqgkX
ZhfKCWS5Hmu2kpYVD1OT42HWba7urDFheao/qJn7elv15D0yHfuNMwHLBtZSrkPZNneGIH56Rrjj
xR84dZksZsJLpTsRsdLAYpWR7be1vCuHGKShs2rR8JgE2XvyaaOR/Ec7yYaujAo5aCz2G7CkvyNA
50HPik/MyFTaPFXC7EENUQmdaft4Ssia8gLMUKnOBvhljNbcPDPylUmiCsXFj9ZQ3rXIb7AFlf7s
TAoJZqyb6q7baFeELaTYaGgTPwUDbjudZTCyFrF9QM3ay0AHnLfn7YQu8rQkPA1N6JPYkUzTRBsy
N316OOUz4FlAEZX/+JYnanymAmcvoH33bjnEqZmQD/XJOKU7mXPVjiChI3VMXai6LwZzMC8UWHmO
CQeeSxtyuUek804USckjIfUxhRSNmH7l0qR01F7lJoIe1hkRtD8hB1+u95433TszsjiL7kA/GBoN
/nDY3HCYxGrYuaUvhY0zNxDmUqMyo1sks7xijOHCdlsqgmGiHbWTk3aPOoUf813svzMJ7L7ket2o
temcmjarbifRfdebh/QxfvAhF+cXS/DDMs5ex31yS3dKV1oSxnvHO7aM+J4AHptNzjYQf0fO9zVd
39LCecRUCFR/NxqGDIcuKHCMmsSRMzqCUNOWJRK2ot5I2Ioij90Ifbo+0z1qlakGualF/q6kIKe/
DjFJRwR50AI1t0smQbRHrYGchX3m4JoMQJay/j7s8Uiqmq6pWLt8u48MJsoSUJpPWk+BgKRI7pk2
5N6uWTT08Wf7DcyX6Q4D5x71nhPOXakXLEmB6Ehikg1wRW0MPwVnS13bCDo4S4dempk7ptz5GlFm
CMPIZbOeDw/I9ghZ4J5QJloKSrY55RmDKreZpzAp5yMvquuhF2q2njGReNGLjsU5aRf+qi6ZvZyk
RnlZ991UVX4vezGhUeuvtvtJp3DApMs7o0VDT3BjBrW3b0b6B34JMrZGU5hnIyC6NNA3+jiNHO/Q
KNNBCPCMox6yB2SYVGNp0em0pjVlPZfjOmMkWaYQUYOC+JaPtPAk60GywkDRBDx7LVq+x6+HOROn
AoOOC2kpZ906ax01g441DJCXAxT9SjkJbDsVLD3mApUVDYVKaMxDFDA9QR2B+fFuPAp7eKQJY6Mb
/zPTU6JExlAmSw1It+Jyto8ffkTpS2ET2d4L8FTpSEzmnt+r/c48ZzU5a11ST3t1pJEmhg1HbBIV
nt45Vmbn9KUWAS1ZYssBtbOBQ4NAzfRj3QzU6ePAfvE/kBWxG66Zt8yMHY5c0i4op9DTY8aLgYiX
ejdKTo85XSCdIpnR1IFAQoF4T/f1UIPMWEkZzvBbor7V3c222ipty4+ZYlChJeBN1eidV+anEDR8
OEWrg4wpjoofHnD3x4kI6dhxLz86DjUmxsBetC+13PKOtdGoPNUsmGXcMDYwTz/qr/AqRiJcbmDd
sXi4L1VON6Q6Bzqtc3hUtD35eSBEbvY5N23oFINRQ+4CJIc5x+K5y45Yn4JQd5rcjsaTDkdlCrqB
SlUD0I/YXPw0DoNsdf+TsP4ifsJnfuF1N1AEwr7PE1gMkJc7iOMt9eh0RkwTAG51pAHy6x6WWfeT
+E88P7mU5q6OfhqR1OkdtqQXIvi5O+xKJ//kA6gg/rlvSZcThVmUMj93/zSgsIfCwOHxkMCVqUaI
oR4Oj6h9Cb6Z/SdGdRTdVpLgBhlRd54vbu3EC9g6a8tEg5Cy5EVrTnV2o0Eif7sFi9KXRsTPYUAU
SJ4/R2n8/Lmr5Uc7TeU3CHAcf0KAx5PPP2l9KqsJuqeCr3dN6DGahTpkDd2jVHvNdy0malhTki8s
8WKzq5FmvRQy60yXhn4cc6/R7Wo2IyDbkbJZGlkzSo1FsbDpj0YYcw6GdBbHh3XtBF9nOBsyTUyz
tfayhAAA/TRwe0KVKR/p8PLeXHI48Pr6CJpECVBpNfE+yI/UQNDeCth4dSk8lsvTqyiHQYYPcnRZ
Qfme6p6sXIXGhiMm9SL5AIB+a1EXypTdphcn6fa03pfH9SMgUoLq275+HXdcim/evb7Wg9TmU3S2
92dzI/J4Ht3DHZXq2LtP86Y75jrpz6a3oi97TI9NtGCI2wj/5lRz/EFogYQi2dGdlj7p+maoiIZe
cTNeE+F0nwRcyISv4bQDn6zhignsTTfSnn3DeT5vxfMPgHAnyox8noxY3NGZtFoq3W1j+bemzZ7c
UGOy5eYpyo44L/Jup81k1JOcfs9X6BpOpyeaSoZvAcmxUKJrVw+FShelLvciPuPbUnxdaFUCr16c
q0TMheMvPX9ph+Ly6ppvVa/KbdWlp98puhBP94gIrkWp36kTuT7Kw7tN3imLYtSpTYVXiQo1GdtZ
MtnkSv8qtj2t6CYSNyTMbw1BCi2iFqVpiJzOCQgpn5UVdIWDOkbDKlnmW5A4HdpWsYZLHXe6H0/w
9DWkcYSn04Ey3TvRb/VtzavSnLqbUO7dKSrhUVPHkvR0aEpRAD/Vv2Aa21QqHT9Tnn96/uab1x/f
QcFNYs03lU51emqGGoRCjQE9zcivAGh6+h/8z9R7FJ8Zu4Mu0+l8VU76aOUojLw+tWf836rkLWdT
8Uwkdhtg0PG8EZu8xhBBGm5snSoqbY/+8b/yXuOS
===END CRASH DUMP===
