PocketMine-MP Crash Dump Sun Dec 8 09:11:36 PST 2024

PocketMine-MP version: 5.22.1+dev [Protocol 766]
Git commit: 41d9f438ed462b8e375b5f8437291b6e91cb851b
PHP version: 8.2.25
OS: Linux, linux

THIS CRASH WAS CAUSED BY A PLUGIN
BAD PLUGIN: Practice

Thread: Main
Error: Cannot assign null to property juqn\practice\session\data\DivisionData::$division of type juqn\practice\division\Division
File: plugins/Practice-main/src/juqn/practice/session/data/DivisionData
Line: 22
Type: TypeError
Backtrace:
#0 plugins/Practice-main/src/juqn/practice/session/Session(60): juqn\practice\session\data\DivisionData->__construct(object juqn\practice\session\Session#182657, true)
#1 plugins/Practice-main/src/juqn/practice/session/SessionManager(38): juqn\practice\session\Session->__construct(object pocketmine\player\Player#189827, true)
#2 plugins/Practice-main/src/juqn/practice/handler/MainHandler(376): juqn\practice\session\SessionManager->createSession(object pocketmine\player\Player#189827)
#3 pmsrc/src/event/RegisteredListener(61): juqn\practice\handler\MainHandler->handleJoin(object pocketmine\event\player\PlayerJoinEvent#116991)
#4 pmsrc/src/event/Event(63): pocketmine\event\RegisteredListener->callEvent(object pocketmine\event\player\PlayerJoinEvent#116991)
#5 pmsrc/src/player/Player(900): pocketmine\event\Event->call()
#6 pmsrc/src/network/mcpe/NetworkSession(1026): pocketmine\player\Player->doFirstSpawn()
#7 pmsrc/src/network/mcpe/handler/SpawnResponsePacketHandler(40): pocketmine\network\mcpe\NetworkSession->onClientSpawnResponse()
#8 pmsrc/vendor/nethergamesmc/bedrock-protocol/src/SetLocalPlayerAsInitializedPacket(42): pocketmine\network\mcpe\handler\SpawnResponsePacketHandler->handleSetLocalPlayerAsInitialized(object pocketmine\network\mcpe\protocol\SetLocalPlayerAsInitializedPacket#115566)
#9 pmsrc/src/network/mcpe/NetworkSession(534): pocketmine\network\mcpe\protocol\SetLocalPlayerAsInitializedPacket->handle(object pocketmine\network\mcpe\handler\SpawnResponsePacketHandler#114817)
#10 pmsrc/src/network/mcpe/NetworkSession(472): pocketmine\network\mcpe\NetworkSession->handleDataPacket(object pocketmine\network\mcpe\protocol\SetLocalPlayerAsInitializedPacket#115566, string[2] q.)
#11 pmsrc/src/network/mcpe/raklib/RakLibInterface(214): pocketmine\network\mcpe\NetworkSession->handleEncoded(string[73] .c.....T..7.q..[.....y.8]~.sr.x.....@..`.....S.......`/....gn.J.e.3N..01.)
#12 pmsrc/vendor/pocketmine/raklib-ipc/src/RakLibToUserThreadMessageReceiver(40): pocketmine\network\mcpe\raklib\RakLibInterface->onPacketReceive(int 0, string[82] ......D.3.Jn......3..o.IQ.b3I@.D.jP..0.>..9%....N./....UU...D...1=...Q........e.)
#13 pmsrc/src/network/mcpe/raklib/RakLibInterface(107): raklib\server\ipc\RakLibToUserThreadMessageReceiver->handle(object pocketmine\network\mcpe\raklib\RakLibInterface#190545)
#14 pmsrc/src/TimeTrackingSleeperHandler(58): pocketmine\network\mcpe\raklib\RakLibInterface->pocketmine\network\mcpe\raklib\{closure}()
#15 pmsrc/vendor/pocketmine/snooze/src/SleeperHandler(120): pocketmine\TimeTrackingSleeperHandler->pocketmine\{closure}()
#16 pmsrc/src/TimeTrackingSleeperHandler(77): pocketmine\snooze\SleeperHandler->processNotifications()
#17 pmsrc/vendor/pocketmine/snooze/src/SleeperHandler(79): pocketmine\TimeTrackingSleeperHandler->processNotifications()
#18 pmsrc/src/Server(1750): pocketmine\snooze\SleeperHandler->sleepUntil(float 1733677896.9998)
#19 pmsrc/src/Server(1113): pocketmine\Server->tickProcessor()
#20 pmsrc/src/PocketMine(355): pocketmine\Server->__construct(object pocketmine\thread\ThreadSafeClassLoader#6, object pocketmine\utils\MainLogger#2, string[16] /home/container/, string[24] /home/container/plugins/)
#21 pmsrc/src/PocketMine(378): pocketmine\server()
#22 /home/container/PocketMine-MP.phar(168): require(string[72] phar:///tmp/PocketMine-MP-phar-cache.0/PMMPyZqbLO.tar/src/PocketMine.php)

Code:
[13] final class DivisionData {
[14] 
[15]     private Division $division;
[16] 
[17]     public function __construct(
[18]         private readonly Session $session,
[19]         bool $isNew
[20]     ) {
[21]         if ($isNew) {
[22]             $this->division = DivisionManager::getInstance()->getDivision(Practice::getInstance()->getConfig()->get('division.default', 'BronzeIII'));
[23]         }
[24]     }
[25] 
[26]     public function getDivision(): ?Division {
[27]         return $this->division;
[28]     }
[29] 
[30]     public function setDivision(?Division $division = null): void {
[31]         $this->division = $division;
[32]     }

Loaded plugins:
AdvancedBans 1.2.2 by iRxDuZ for API(s) 5.0.0
AltsFinder 1.0.0 by  for API(s) 5.0.0
DEVirion 1.3.0 by poggit, SOFe for API(s) 5.0.0
DevTools 1.17.1 by PocketMine Team for API(s) 5.0.0
GlazeCosmetics 1.0.0 by GlazeNet for API(s) 5.0.0
MultiWorld 2.1.1 by CzechPMDevs, VixikCZ, fuyutsuki, kaliiks for API(s) 5.3.0
Practice 2.0.0 by JuqnGOOD for API(s) 5.0.0
RankSystem 1.1.3 by IvanCraft623 for API(s) 5.3.0
StaffMode 2.0.1 by ysnl for API(s) 5.0.0

uname -a: Linux 52bca970-e13a-44bb-a6b2-24200d9cb907 5.15.0-125-generic #135-Ubuntu SMP Fri Sep 27 13:53:58 UTC 2024 x86_64
Zend version: 4.2.25
Composer libraries: 
- adhocore/json-comment 1.2.1@651023f9fe52e9efa2198cbaf6e481d1968e2377
- brick/math 0.12.1@f510c0a40911935b77b86859eb5223d58d660df1
- daverandom/callback-validator unknown@unknown
- nethergamesmc/bedrock-data dev-master@c362136334a90b85a0a429ea1c558feab62e39d0
- nethergamesmc/bedrock-protocol dev-master@42d92d093a91ce70d3dd7aa161990d08cfba9bf7
- nethergamesmc/pocketmine-mp dev-stable@41d9f438ed462b8e375b5f8437291b6e91cb851b
- netresearch/jsonmapper unknown@unknown
- pocketmine/bedrock-block-upgrade-schema 5.0.0@20dd5c11e9915bacea4fe2cf649e1d23697a6e52
- pocketmine/bedrock-item-upgrade-schema 1.14.0@9fc7c9bbb558a017395c1cb7dd819c033ee971bb
- pocketmine/binaryutils 0.2.6@ccfc1899b859d45814ea3592e20ebec4cb731c84
- pocketmine/callback-validator 1.0.3@64787469766bcaa7e5885242e85c23c25e8c55a2
- pocketmine/color 0.3.1@a0421f1e9e0b0c619300fb92d593283378f6a5e1
- pocketmine/errorhandler 0.7.0@cae94884368a74ece5294b9ff7fef18732dcd921
- pocketmine/locale-data 2.19.6@93e473e20e7f4515ecf45c5ef0f9155b9247a86e
- pocketmine/log 0.4.0@e6c912c0f9055c81d23108ec2d179b96f404c043
- pocketmine/math 1.0.0@dc132d93595b32e9f210d78b3c8d43c662a5edbf
- pocketmine/nbt 1.0.0@20540271cb59e04672cb163dca73366f207974f1
- pocketmine/netresearch-jsonmapper v4.4.999@9a6610033d56e358e86a3e4fd5f87063c7318833
- pocketmine/raklib 1.1.1@be2783be516bf6e2872ff5c81fb9048596617b97
- pocketmine/raklib-ipc 1.0.1@ce632ef2c6743e71eddb5dc329c49af6555f90bc
- pocketmine/snooze 0.5.0@a86d9ee60ce44755d166d3c7ba4b8b8be8360915
- ramsey/collection 2.0.0@a4b48764bfbb8f3a6a4d1aeb1a35bb5e9ecac4a5
- ramsey/uuid 4.7.6@91039bc1faa45ba123c4328958e620d382ec7088
- rhumsaa/uuid unknown@unknown
- symfony/filesystem v6.4.12@f810e3cbdf7fdc35983968523d09f349fa9ada12
- symfony/polyfill-ctype v1.31.0@a3cc8b044a6ea513310cbd48ef7333b384945638
- symfony/polyfill-mbstring v1.31.0@85181ba99b2345b0ef10ce42ecac37612d9fd341

----------------------REPORT THE DATA BELOW THIS LINE-----------------------

===BEGIN CRASH DUMP===
eNrtPIly20aWv9JDe8vSLgHhPjgljxzJnihrRxpLnmQTuuwG0CAR4aBxSKJT2W/f9143QJCSHOeY
qp0qKzMW0eh+/e6rm/p5klZ1wdt316JusqqczJzppM0KMZmZvm17vh+Enh76YWCY00m3Uq9C3QgM
2wgDzw/cIAj86STnTfu8rqt6Mvt50q5XMG1yCb/k2HRSiKbhCxw95mVZtYw3TbYoWdnlOWsrtqqr
lajbNfup+1DO56uax20Wi/m8gYWA2Xye8JbP5yfZdYbPJ/A0mz1O1COrUoa73lneT9isBGRS2PRF
liM2B8uqEAdxVbY8K0V9sMq7RVY2B+cKglbA+EFTxwcI+aAHfKDQOkCsDsZI6avlCreQ4P8wOACV
A2KTmWWBZGA6fPxx8shgvxXyhfy95xn7s9/CZO3pu3fAnqatu7jdq6KfRNw+vF7t8sgMLM/1pwxW
iX2g4ZH5exF+xUvQm3rPDj6Ft5p8L7KrKr4SbQFchKU5X4t6Pj+n34BmGFhjNK3PRnPJyyQHhXkF
r7+Wn/ds3/sMJBVF2tO4FrwVvWA+F1vC02arAnHC/4trUbYHr8Uia1pRi+Ql/gZd3vPMe7BReM/n
I8S1p3L0myq7Fw/aYRcdnPwcXzwyTS8MTcLLuYMXTdnzbEDlHpB3sQa28DyXq/4QKu4IFTn9QM7e
Cw3jfmwIhkRgj2B4IxilaG+q+uqgiFfi4Fv50MvONCxvB+Q2htrTpHqR1U17seI3pQTuPwS8Vy2a
+1o0K9Bocc4Rdq9pzi4FCsB8jhDm8238tKdVeZxnQNwWSIlGoNAA2pOqRkyWol5wcNhFfBCJpIZd
NHDPbRVXOSF7IdqXFTBJkvasOS2zNuN59lEkEss9x/o0eoMSPkxir5Of2Ow+/djZqMcbje9XkAbd
cV3PI56Enyl313Y+Tehv2L8n+DOo+gz2ATVOYEpnYRqfSY7jW79NrSQiGCaU4P8VEpky8OdZufjR
ess+6JIi8yGKan6VZ9HBa371MotOS3AtKcTMPct0fg9lz8u4SkDRFAK+/ZbpsY4/l7ru6x90/Ud6
WuvB2//Vm1q/pccjXX9PHy50+fP+AP9dlPo3utDtb3XdMBUh1rb1bTBUlGjZSlIpKbqs3jSivlxC
5EheyZTqtYhFdv0ZPkECBJ+7zRt0DpLfCtJeVrbMGLgeANslFSe6rX9Tys+2rlf66T/0yD49ghc/
nQNN+lNdD/8D336rE8Fv3tAqXTcP4Z9/KGYACyTt9m8Uomn4QGFPBvDhGm0AGNTT9Anu/AbreoBP
j8zQcB1Xoj6Oc5eQFF9CfL0Cbl3kQkAe27tpN/idIvmMNT/HedV0tfhFunHTfVCTmrKqPgrpurfx
M61dnXmYmG2kdnf3Po8hvr+zn8QNnMHuXhB2QILfVm2WZjFvwSgbtZX/Owj1w99C58N7ByMyL0gB
90zfNT6TqAaf35Rtlu+lecVbNi6ywjCQe4T37GGauwmUfKM9hazu6lwiXNUSS2vs789pzStYs2e7
7gNAfiVrbsmigGn0+4Kn4hjqveZlxROINOCg71nTAZWNzDJfVgvIdx9Zg0sxvbdst/DaeHnn7ss+
KZfkmQ+Q5+9am3QRiinWHaibtdqrc6jbODDaQxi1+NBltRjcPnhAfDs7ODhoi9X2Og3faDGPl0I3
Ds5fvTpf//Ahenmmt7zewRBLw/3JW6jjiI9QHiJ3Jr9MJ+LfpnL+l5S1u+zYHpiq7d5l5XWVX4sC
8lh4l4CE4nZ4CyM9NjCGYRv5adownmYlz1mMKsvGSLCfYabpwAz87cJvBj+rOruGsmyYyQZW/RWn
eWq630/vojyLWdqVMToKNjYlnBeoeWPQSF1V5mum0g32WDFqiivC0YqoqnL2OGu+FTfwyjLUq31C
3TJHM7OU7cmJ6qU1eok/j9tl1kAd0pN1OFCoCtLZbCHaU8CdlxBs97Wn8NhP2et5e9+k46pMs4V6
2HvS76AnIuVd3j6Zsidf1VX5UZyenj7Z30c2WvYIu19wwFED9OBKJlveA0weYwb2+rdBVkS5P4Jd
i7ary13iCYVgvGMod7SNB3ZsRjv+7a5qADfRHgGX6ypLCA17LJ27zN/SKtsacPnlS5vnS5vnS5vn
S5vnS5vnS5vnS5vnS5vnS5vnS5vnS5vnS5vnS5vn363No8jBPsSz5BoL5uQrLp9Ljhcptoenk+EW
xsTULd2CEd61y6pusBjMXt+edD8gXL7KcMAFV2zgsyh5lItkMsP6ZjpJQBnLBNfAu6ZK25PxANY5
sEF9m3Qf5/OIl1J42JCpqOdyfnZx+d3Z65cnMHQjoiZrEVOsS5/lbfMiK0EZxiRsBrcJQOTGBPxJ
iDeQcTfL+ZzDvintO59v4fCrZJw8/2dWE5YDEcPQNgn2DgmTFah4hj2ni7MX4s8ShQQ6n18TClCc
i/7TCC1F1cXls9eXb87v0iSuL6sqH+vWMLRNk+nr5jZRG81ll4IXfxZZ/f5AxgaTT5CxbNtVA7YH
vFh2kR5XxcimDgYYQOzfc/5RHFdNIcArjkneefFpfZSzISH8YwRPIErzZl1+yAH6i6ounp2fTjZc
6DeZz7eRm8/HeP6KdF91eZt9V9V5MiJ2NDgm1NLNXQEffxTx8vwVsBD3+md2m10d/0DXoNZd23RX
GXy+gow8u2q2eGH/fuHHuOWqAFUGSgvE9AYxBV8zxvqTpnqPPowIORgBAg4Nrd8Nf0bd4DF37qjB
N92H8u9nZyd/lt7vdmJGePyqa3rNy6uLddOKYkTIaHDHlHV7m5RTiCbHNU9bz7L/mCQnF3FVi6+7
ZKTKY+iYy/ZYjT9/DpEXLU/TV6pBr2jcjO1Ka0eX102Z/1mSQljzuUxvfh1xwHzFa0AXsndCRb8n
s4A1mlZW2k32kdcJPSVZg6hpEOIzwvS2FSUSSJ7rGNgM4AOM9y7MT3i79Qze5bbIxyMVENI0W0Or
eBtI8yEHrO3x0EcANH7mdc3XiYi6BYwaMIpWEcUFb5fjaVC3A9uArvHYsiuvKO+zaK2t02i9XrWV
GsDUJVZnWZt1Xb2FdVIVKGPDsE3TCmHgp4akPkzAw6asTKudsVZsoZO2q/HjItl6KrZeLiF12GJU
y5G6rSUX5y+3BCCuRZ5EijBDiiQRaS4FhaxDFS0imUWOlxZV3RJFoMXEkmINkilxN/WJbebiQLYt
1LLd4le2iLKS12sYs3FXb4JqH1eJ3LZH7/zkbAtMUr0j4LuDUknGo+fLbUE3pN7N1sKiWA2ncx6Q
hTuuqia7Hc+qgask3M2IAOmj0i86yW5DrX0NnBR0xLK187KotgR3kRWrXHz/aks0bXUlyuzjtjrs
WAs8IrZ35tzU2Y4e3d4q7eitYc0JFLzWHbSgbCUTcxlffwC7YGfnVBFswICT+Clr3xXk3fBECLiz
XCklRn3E3jfPx2Fq7EPQBnkjNtexwcFZUsGiLsPwb4AeNO8grvaerm+0TWa+58EGGZ6NOmYSpo4d
iMTxrCgQtu9Gbho4tm+FZuSJ0IyjwDUjgNspPF5mZXfLXCuKeegbmjBtrjlOFGnciyzNcsBOkzCO
QsNnrm6C39VMy9WInixmj0zb1d5EXdl27OLVOXtRZ+xCrJjlM9OeufC/gL25PGaWYTnsNvDeechS
vCo99lGCbMMZlG25elc1PW7o+vAhVw+QEIDiifod2GPN60yQP+XJssLQdYDORIM56rQYCyrzyHNN
w7LTMBWuJUKRcssMgzjiqSecwEzM0AuEZfs+8hvIujpQ/hC0FZensDw2uGOEphnabuT7UeAFbigi
17LsxA0SzzOS1CQ/DjIkMzjAc4aIx1faNeRY4N/xpB/YflVWN+WR+g0r7u/I40kdHnaLa63geIRy
FNueZdqebTs8NECKHBCyQsHN2HWDVPDIs4QdJsaDIDcaMwbrWEloJUZoc1AO4RuJnSQ+56ZnhqGR
GEGcRjyMUv8O2E0lrpGzRZjgVyHkHf0GNQSYtWgEr+Mlia7gq5W4n1GjTlBPUpTjv91qUYOpaw2Y
ZMHJeCA7OLKMJHFj0xRhaLogCMGdVFhx6jmhMBPL9kKfe6AQ94MGN1HchQw+wAHQYRr7cRhFEbCe
G6Zvh7BRHPlJEphhbNi2EKFvRtEOaHLjFEGVu/GO4jiNzSAMgR9h4riB6Qhuu6ElLENEInYAqG3G
gbMN6V7VwlLHPvIcP/AdoM3zwKS5L9wgcMGMReDGlh1brghAYfgO1aAWBAODiXnEDccyU2CcMCIj
Bk2wDSONQE3c0LYC2/aD1OOuMLdh0GUWdXZBoHzgVMxF6AQgei/gviNi4HfoRGGa+qlIzcC3rSQG
BdwBlePBgeiNAEwwBFaFtnB8Gxnjp45ruiKGX7ErUiMFAbuAn+PzwBO7oGSQRLEJLw5NK4b5huvG
ASqBaQQithLTD6PQSx3DiQ3H3oagfAFVkkdJbALK4ARCN7LBl6SWaSR+ENlxkDh27HkWMCaJ0m0Q
ZdQOECzDdQzLB3UBB2I4nm/FkenZScyxW+illuGHvpPucGRkJ9qWnVw7QFoYhkch9zwTkirwR56w
3UAEHgeOpQlYnm94dgyKFIDwtuHKdrMqK8yjSFh+YEfCNb0InKMV+FaaIqtA/IYDOgp7+FHo3wcE
zzIUleZRLDxgT2rFnu/YwjdFkkRuEttWGDsh+F3XdUEKUbwNSHZWSV5gw0cgzSQUwjNi4Ti+6yam
5yVASMSdKID/RGB74JNl6lE0Yo16vEkrqOg7grlO4HtOlEZRkNrc405ichGZYGdgwKDkEMsdPgLS
dZmMRz5qnWnYYRSbKecOeBETbMgBIwiBwR54GDuwROwbQYDLl13RcN6vv+vBmnWRVuX6ABPcRpV7
k2sPBGhaR2lgGsKOowRMAxjlhoENYcmF+GKEqe2EKQ95AvuP4KyqfA2wcq3Pua+hNDSRZjuOg8hw
HHBw3DVtUHMA7AQiBR2zIztwQsf17OA+WKOMtgcHvjowIQyEkWUDEwywXBSJhZyzfc8Eg0gT2zFl
sTSIU19TIvWIYaORxXRbqKup4c6QBSytaraVB83LR+xyCXqO925aQKJhvBYMwg6rStHAB96yWF6H
iwTLyjjvEpHAByabwbq6FQdZAcK6qApBF93uwmx4KqaswojWIEgWQb54xdZVVytYeLUKEroszWgH
yC7w4lm+RsDfipsB3IG679Swm6p80jK0TF4zKF4rcB0Z+uo1YohXgSTdN0tRMhlbAIA+L+dlD2w2
Lxl79N2SQi1e82sw3wQQqn8OPID0osEqJJGvCVXpMBnwMxct8Qu7ibFg0h/jSIGQgeOx0HKO+fhC
zFjK80bgi2bZtQloqaauHc7YfCKPDxgeBYlkPiHMnuV5dcPyrEFs+9s07Drj7B+dqNc45wN+0NSr
GV2+oaXPqVRXaxjgxTBhw3uMwBSEFq2ZYiXOl5W9NrweIfvoO1BURjfpeJIwcIyS/chWPDBhheB4
eoU5IAOmRwKRBuaIDx2ny5OL7BrmQvTsBNtTm0KSuo/Q5Y5Cq8UKCjkN2I7nGzN4TXt/2xURcAW0
6lmzLuNL3lwxPMADPdJpwhvgFql2TylOW9ZVWXUgPZjeTBl1xZisCtAepgzT2lpdC0Te3IgIx4qu
VGdUEvgFiRdoAi2rq9sMNEwAG4Ak0txyQA55qxA6TVFXcQ7q5JRl7RO8QlrTskS0eLaDKrOzmO0B
DR3YjUVsITI0RemMQO3qKiflqLuyRHEmWEFXKxICVTGNzk7EtfrMimyxBGOuofiajo1PKQ5ypK67
VStHJcOQMVBdC0UXCReMkrL9RBoEp4t4XXM/BqgjqHMVMBq0Sx8pGuavclKvs/OyELDbWtrk3/Mq
AuXBphKT42AGRdaiaRdiwaN1CwxnF5LTBvFWtoBo+SUK7SYjxpNCgc3eaBJQr2MNEZhmgCE4JLq1
hGDSWoh+S6njIKwOrZQtKpBThVaKSoEbLQhNjVCbMQOpgN3JA8sC/v89Bdil+xT+S14nfwz/pq1W
hILyngNKClzDwHuseINur0cId+2xgmLSUYiRD/iOjELh1zz5EzAksyCU0GGwuIPYU0LsYeJWxB35
3kqiLA0SY9UwW9zGQiTNhiLpt84un8/Y5denF+zl6avTS/bs/Pzl6fMLdv78Nfvu7PV/P389ZTCJ
XZ7BrOfsu6/PXj5n56/Pjp9fXOi7HmCLH5brKXacizqrKB6jH26QQCidyCMTNwZfawLvISNIyLXQ
FA08oZBelkAdVyXQCf4ZtAnpfUjZpJLdLDGwAk/QA8lpBFkCAc+78eO9ccMeZxhCMMzTAv3ubNQF
1WIGsa1EjNmA5CyiK+Uq1w40gHqJVbMh1TYUrc3+/Sgpym1F+YLXEViGtsllyQHdz10yNURHrWJq
Fbjugpcd5R5jTCAv60AH96d9SNhVwl4NZXRNU4Al6S02JqizM+nypcJD8lB1eTLgkkEMuSnZBv9G
Al4R+kCoZxiKVtjtBTmLOzGSVEdCGGhL66roY61crWZoY9UcSxipUZK8oxvsHpXa0o6LPl9EkdWw
E6qhUuSkK1YyuZIZHFMvNHzRy+sEJ6kFhDuh2VMATxDlwdj5PQyGmA1xD3a4BiVrmk6gY2iXILVF
n2yi08LdNlhNe0HKFEHllLrEBqc+yKeC32rU32963I/5CkezoisgxOIZOwKn6/8oSCYvwEosNnxF
e1GsJIu5q2OQa68URrShhklwBzHXGSR2UslXuzpN31ope/hycm9CEpaaOKaMEgd5gWOg7QRQoVQF
skfkHmAn8wsJZUXX5ZhcIyncUAfLFD/V+Y7aGSdvkl1kYI5VgIL7aVCf0sN5qS6IzVSIgMxsWeUy
w4x4Gy8pESeUIWkCFVJBhnybLHzUWxlaIjHkmjK8PRpLqX+FbrVetwh8yjRzJEASHm2stT0yKgSQ
196ksXSEghlkIinHUobyfFwMgwotnX0NqSDo0iHlduz4/M0U1gIOEdjXTZaA2lOuIL3nAF8j+DPm
9Vn3JiFviDvjlDrpKIgMdoZdTKau7oO1lXhZHx4ZFlZlDJYUdZAk8TXoftLFW8bJ8MBwEw9Hu4xL
lG1BScMfTb0jqV5GOa8X5Fq5qhjvCm3LW+bky8DVCJQRraZ0aomYjouU6V0kQAmxYAXtAhZDloKJ
AyTciLAEpJC6l9ix9E2DPDoWebfo5THj5rnOUChvzsvzvvbY1MNYWuFGN5BG4MJuVa409bxT7L1S
XqjJPoqBa0haz7IGEwCVQkIVI81llGo4oSUX7evs/FfYTDumNV8gCcBqYEWzyimDw2q7AOTR+fEa
9VZeupftA7xUJpqWvbp8Q5g2QBKSjXqE7QpS7c12stbSe99btJ2Gq2aE7bhcBm3EE1b1jT3sk8R4
Fj+Q2cJTmsU6o6i95JgUsawA3rToLEEa9Kd+wG1LnQbxXRPSS+QERCEKTJCycApvyiRkagVzW2Wz
SImQ7RLl+lVxeXJGSePJ6cWzryBfpPyyK8l8MYB1GDnouFUmTRkap/pCXzIuvzZ0bnwfnVPP+hr2
KTOxdlUp/BLcN71nqmPRyB4LGkrZVDKZUR7CRGASawnteFlVDfVh+tJV9M0JimrYeGYNv+6jJ3wU
mnxHTelRVwMQowM5mcSqFtVPVVbK/ghx6gn7Pqpu0RPW7PSE7X3/5vRkH+QObhBwgPk3IDYUTEYG
TSVtnSj+yHQMrKHayK4E8/v+q5c9fFXujkae0GZ4xEeJFIlXpWZEW9U3zFRacQv4aXjd4rBKU9oW
3mXpWrvtsmQjEOKntt2ruqRmkzQ1+VelJA8o8im76hrV9JLfiSKLV2s0uWbG1IE7biNDqgoXahfM
CXi5GGq2Epflu6nJtJ91nYkbbUhY7usPSuY+K6oOvUcqY79yJvj1WsVazHUw26bOEIgfP0O4o8Wv
KXUZLSbCSyE7EZGQwCKRou03+GWOPgaprw+hauHwkAQZG/Jxo4H8OzvxGvCGSNBrLOzXY4m/B4Dm
Ts+KTszQVJosEUztgQ1RDjrTdNGYkAXmBTBDJDIboIchWlPzTMmXx7HIBRU/UkNp1zy7gi2w9Cdn
knNgxqKubtqldEWwBWdLCW3kp8CAm1ZmGYSshmzvUdM2MpAB5/SkGdGFnhaFJ6ExeRI7kKmaaH3m
Jk8Px3wGeBqgCJX/8IR3ufrPWOBsBLTp3s36OKUzvqtPyind8IyqdggSMlJH2IVadXlvDuoBAyvN
UeHAtnBDKveQdNoJIyl6JEh9VCGFI6pfOVMpHbZXqYkgh2VGpK6+AyIbz5tsnBlanIZfidkZGgx+
e1jdcBjFarBzTd7fG2YuQZgziYqOt0j0rCKMwYWtCyyCwURbbCfHzQZ1DD/qPdu8JxLIffHFohYL
1TlVbVbZTmrVpf8t+gg/8CFnJ2d4+1tTzl7GfXRLN0JWWhyM94Z2bAjxDQE0po/ONiD+DpzvVnh9
SwrnDlNBoPK90jDIcPCCAsWoURw5xiMIMW5ZQsKWr5YcbEWgx66ZPF3XZY9apKKG3FRDf1dikJNv
+5gkIwLfaoGq2yWjINpBrQE5C/nM3jUpgCRl+b7f445UJV1jsbZZsYkMKsoiUJyPWo+BAKWI7hk3
pN6uWtT38fXNBurNeIeec3d6zzHlrtgL5qhAeCQxygaoolaGnwBnS1nb0J9ASPpempo7pNzZAqJM
H4Yhl007OjxA20NkAfcYM9GSYbJNKc8QVKnNPIaJOR96UVkP7Ql9oROR8CAXTdkJahf8Fm2s749S
o6xcde1YVR7KXlRolPor7X7UKewxabNWaVHfE1yqQent64H+nl8Mja2WFGbpAAgvDXS1PE5Dx9s3
ymQQAnjKUffZA2SYWGNJ0cm0plFlPZXjMmNEWSYgohoK4ms60oJPfNVLlikokoBHzxgqOiBDw5SJ
Y4GBx4W4lLJumbUOmoHHGgrIfg9FPmJOAradMJIecQHLihpDJWjMLgowPYY6AuZH6+EobPdIE4yt
EXmqq54SJjKKMl5KQLIVl5F9/PgWSl8Mm5Dt7QFPhYzEaO7ZrdjsTHPmo7PWGfa05xOJNDKsP2Lj
UOHJnSOhdk72pQhwyQy27FE77jnUC1RNn8pmoEwfe/az/wFZIbvBNdOWqbLDgUvSBWUYevBPluz1
ROzL3TA5nVK6gDqFMsOpPYGIAvIe7+tBDaKTkhIcXIfW1DWyu9lUhZC2fJcpChVcAryparnzXH1D
B4e3p0h14BHGUfbjDnffjkSIx44b+eFxqDIxArbX7Eu5ZS1po1J5rFlglnLDsIH69Fa+Ba+iJELl
Bqybst19sXK6QtXZ0mmZw0NF26GfB4TQzT6mpg2eYhBqKX49fZgzZY8tcsTyFAS70+h2JJ54OMoT
oBtQqVYA6C1szt4Pw0C2uH3PtKfsPbymB1p3BYqA2HdZDBYDyPM1iOMUe3QyI8YJAG4+kQDpcQNL
rXvP/gs+37sU584n7wckZXoHW+IDEvzY6nfFk3/0AVgQ/9Q1qMv0TVFMmR9bf+lR2EAh4ODxIIEr
E4kQQd0eHlD7FHw1+y+E6iC6gqPgehlhd54ubq3ZHtg6actIgyBlyfJGneqsB4OE/O0aWJTsKxE/
BgPCQPL4MZTGjx9bUn6401h+vQCH8XsEOB29fi/1qaxG6B4yut41okdpFtQhC9A9TLUXdNdipIYr
TPKZxvaW6xWkWfuMp63q0uC3tm4luu2KzAiQbVHZNImsGsXGIvMN/CURhjlbQzKLo8O6ZoSv2Z8N
qSam2lp6WUQAAL3vuT2iSpWPeHh5qy45bHl9eQSNogRQSTXyPpAfiZ6gjRWQ8cpSeCiXx1dRtoMM
HeTIsgLzPdHeW7kyiQ1FTOxF0gEAfi1mlQtVdqteHMfb03JfGpcfASImqI7hyMdhxxl78fLZpRzE
Np/As72/qhuRUze8BXdUiql9m2R1O6U66a+qtyIve4yPTaRgkNsQ/tWpJu9UPphDQhGvmfxOalf3
FVHfK66HayKU7qOAcx7TNZym55PWXzEBe5ONtEcvKM+nrWj+FhDqRKmRd6MRjTo6o1ZLJbttJP9G
tdnjK2xMNtQ8hbIjyvKsXUszGfQkw7+OlMsaTqYnkkqCrwGSQ6GE1652hYoXpc43IpZ/W4muC81L
wKtjJyJmLjOdme3MjICdX1zSrep5WVRtcvhPgRfi8R4RfeUXU79DM7QcKA9vllkrNIxRhwYWXiVU
qPHQzuLxMhPyj2s1hxXeRKKGBF4WlrkZLsIWpWqIHLoIBJVPS3O8woEdo34VL7MCSBwPFVUk4WLH
He/HIzx5DWkYoel4oIz3TuTT6npFq5IMu5ug3OtDqIQHTR1K0sO+KYUB/FB+2WxoU4lkeI15/uHJ
8xfP3rwEBVeJNd1UOpTpqRqqIRRKDPCTjn4FgCaH/0k/qt7D+EzYbXWZDt15OeqjlYMwstWhodN/
85K21MfiGUns2oNB07YHbLIVDCGk/sbWocDSdvLL/wFR4wss
===END CRASH DUMP===
