PocketMine-MP Crash Dump Sun Dec 8 17:25:20 UTC 2024

PocketMine-MP version: 5.22.1+dev [Protocol 766]
Git commit: 41d9f438ed462b8e375b5f8437291b6e91cb851b
PHP version: 8.2.25
OS: Linux, linux

THIS CRASH WAS CAUSED BY A PLUGIN

Thread: Main
Error: Cannot use IvanCraft623\RankSystem\RankSystem as RankSystem because the name is already in use
File: plugins/Practice-main/src/juqn/practice/Practice
Line: 64
Type: E_COMPILE_ERROR
Backtrace:

Code:
[55] use pocketmine\event\Listener;
[56] use pocketmine\math\Vector3;
[57] use pocketmine\nbt\tag\CompoundTag;
[58] use pocketmine\plugin\PluginBase;
[59] use pocketmine\Server;
[60] use pocketmine\utils\SingletonTrait;
[61] use pocketmine\world\Position;
[62] use pocketmine\world\World;
[63] use muqsit\invmenu\InvMenuHandler;
[64] use IvanCraft623\RankSystem\RankSystem;
[65] 
[66] final class Practice extends PluginBase {
[67]     use SingletonTrait;
[68]     public RankSystem $rankSystem;
[69]     protected function onLoad(): void {
[70]         self::setInstance($this);
[71]     }
[72] 
[73]     protected function onEnable(): void
[74]     {

Loaded plugins:
AltsFinder 1.0.0 by  for API(s) 5.0.0
DEVirion 1.3.0 by poggit, SOFe for API(s) 5.0.0
DevTools 1.17.1 by PocketMine Team for API(s) 5.0.0
MultiWorld 2.1.1 by CzechPMDevs, VixikCZ, fuyutsuki, kaliiks for API(s) 5.3.0
StaffMode 2.0.1 by ysnl for API(s) 5.0.0

uname -a: Linux 52bca970-e13a-44bb-a6b2-24200d9cb907 5.15.0-125-generic #135-Ubuntu SMP Fri Sep 27 13:53:58 UTC 2024 x86_64
Zend version: 4.2.25
Composer libraries: 
- adhocore/json-comment 1.2.1@651023f9fe52e9efa2198cbaf6e481d1968e2377
- brick/math 0.12.1@f510c0a40911935b77b86859eb5223d58d660df1
- daverandom/callback-validator unknown@unknown
- nethergamesmc/bedrock-data dev-master@c362136334a90b85a0a429ea1c558feab62e39d0
- nethergamesmc/bedrock-protocol dev-master@42d92d093a91ce70d3dd7aa161990d08cfba9bf7
- nethergamesmc/pocketmine-mp dev-stable@41d9f438ed462b8e375b5f8437291b6e91cb851b
- netresearch/jsonmapper unknown@unknown
- pocketmine/bedrock-block-upgrade-schema 5.0.0@20dd5c11e9915bacea4fe2cf649e1d23697a6e52
- pocketmine/bedrock-item-upgrade-schema 1.14.0@9fc7c9bbb558a017395c1cb7dd819c033ee971bb
- pocketmine/binaryutils 0.2.6@ccfc1899b859d45814ea3592e20ebec4cb731c84
- pocketmine/callback-validator 1.0.3@64787469766bcaa7e5885242e85c23c25e8c55a2
- pocketmine/color 0.3.1@a0421f1e9e0b0c619300fb92d593283378f6a5e1
- pocketmine/errorhandler 0.7.0@cae94884368a74ece5294b9ff7fef18732dcd921
- pocketmine/locale-data 2.19.6@93e473e20e7f4515ecf45c5ef0f9155b9247a86e
- pocketmine/log 0.4.0@e6c912c0f9055c81d23108ec2d179b96f404c043
- pocketmine/math 1.0.0@dc132d93595b32e9f210d78b3c8d43c662a5edbf
- pocketmine/nbt 1.0.0@20540271cb59e04672cb163dca73366f207974f1
- pocketmine/netresearch-jsonmapper v4.4.999@9a6610033d56e358e86a3e4fd5f87063c7318833
- pocketmine/raklib 1.1.1@be2783be516bf6e2872ff5c81fb9048596617b97
- pocketmine/raklib-ipc 1.0.1@ce632ef2c6743e71eddb5dc329c49af6555f90bc
- pocketmine/snooze 0.5.0@a86d9ee60ce44755d166d3c7ba4b8b8be8360915
- ramsey/collection 2.0.0@a4b48764bfbb8f3a6a4d1aeb1a35bb5e9ecac4a5
- ramsey/uuid 4.7.6@91039bc1faa45ba123c4328958e620d382ec7088
- rhumsaa/uuid unknown@unknown
- symfony/filesystem v6.4.12@f810e3cbdf7fdc35983968523d09f349fa9ada12
- symfony/polyfill-ctype v1.31.0@a3cc8b044a6ea513310cbd48ef7333b384945638
- symfony/polyfill-mbstring v1.31.0@85181ba99b2345b0ef10ce42ecac37612d9fd341

----------------------REPORT THE DATA BELOW THIS LINE-----------------------

===BEGIN CRASH DUMP===
eNrNW3lz3MaV/yodSlWWdokhrsEMJsWUFFJeq1YKuSJle5NxyQ2gMQMTl3GQHLvy3ff3XjcwmCHt
zVbyx8qpEGh0v3731T2/nqRVU8juy71q2qwqT1b+6UmXFepk5Sw8L1gsF649c8LAXzqnJ32tP9mz
ue3MPddeLBbL0LOD4PQkl233rmmq5mT1tx9OT5R+/PWk29VYcfLuy8XVx+v3H959effp09Wnk9OT
QrWt3NC3C1mWVSf6Von397K8aGTaBa63Xn+S5d3Nru1UMX0WshWTt0jFkpZ2WyVKWSiRtULmjZLJ
TmQlQcVmaZbTTnXeb7KyPbtuZNxlsbIKmZVnbROf/dT/XJ7VZnj8jpV5VmJlQGzZElBA+YhFJ38/
Hjg10L9k5X2V36tClR2+JVmj4m78ihE8x1WiiDnzOd4J+bqK71RXYK/1Wt1j5Xr9IQN5pWr+iPnz
4Jl5ENt2vf4W0KvG41mLZ2aVEWB1crNeX1RFXfVlcis3PHv5zGyN5Hp9zX//LFvFU8Nnpt6o5l5j
F9jPfO67LG8xKys3ueqq8raRWceznWdmP1RNnmDbqs06qCHPc3973nf0hyd5ZlLR/4yl6zWYD8b3
6/X78v4jHr6RZZIbNH0z9x9RMl4w19IKiPtpVspcxFDzVgzqIdQjRJRgYGSX+JUWkCAE/tFuz3Bg
aT7XfZRn8VSZXzaHGITDzKbqIGiViLQvY2KRqMoPlUxevV6J+ypLeN+FbabTv1bl6WrVqu592Xay
jNWrl902a18T3IVjJv6dXlxN5sL7vc3elTLK1bAdTffN9F/ZFsASpU3fGBnp99u8a7/OykSxKyDr
xJrJ4OnJ6HdOnJk9szEi+25bNa2GJesMDydz/kZuhbGAzaUyb9XpSaJqEoCe3FZpdzkdIOsG5LaG
1GAqEhunvPF6fYBEXrEZX1/d3H539enDJYYeVAR9InSJust332YNozlSMQ4d0uAd0XBSV5tNRvZ/
c/W1OvlXkaShrtf3jMN6najhaYKXIevm9u2n28/XT4lS97dVlbdTooahQ6Kcxcw5pOqabfIjbFLc
Kln8y+gaEAAde1R+h45t19Xt6uwMzNj20SyuirM9amcjDFD7sc+7jP3GhN7J4JRid+YcE3zxi4q3
1x8BkTD6NnvM7i7+SoGl3/Vd299leL6TeZbdtQfM8P4JZsS0Z11AtuBHQaga93eA9u8q7zP8mVBy
NgEEFt10Mk0/mtBkOLQfO2SQfcygXVvm/zI1IGCIgKDsH7FPoF7LBvh2SuMymyiB9fF6Vm8lgbGs
srIesl9kk/BbkrWEmyXLNmNUyZsThWwSF1VD4Jczd+bOMT+R3cF7nkWPRT4dqUBI2x4M1fEhkPbn
HFh706FfAGj6LptG7hIV9RuM2hglhxLFFO2n02KZg22gazq27cs7Drwur/VmPNrs6q4yAy4NmJxs
v65vDrBOqoKEbNue47ghBn5qWezjBEqnsjKtjsY6dYBO2tXT101y8FYcfNzCQx8wCiErIUFNxm6u
PxwIAIlSnkSGMFuLJFFprgVFrCMdLaK2axCDp0uLqumYIqgxs6TYQTIl7WaexH4uDWSHQi27A35l
mwjZQbPDmEe7Biek90jy9LYDeteXVwdgkuoLAz8e1EoyHb3eHgq6ZfVuDxYWRT0mpAHIoh1r5FOP
01lIL7Rw9yMK0iel3/Sa3bZZ+wmcVBz9D3beFtWB4G6yos7V9x8PRNNVd6rMfjlUhyNrwSth+2TO
Q5Md6dHjo9GOwRp2kkHh88wnC8pqDlOu9tp/hV2Iq+tYxtsJE+Ekfsq6LwW7t7LPc3BnWxslJn2k
XFvmE9d34EPIBpHe7eskeDhXK1jUZxRUbOhB+wXO+mTVNT08HaVRVVwB5IIKJMoCVie+k4Sp7y1V
4gdutFTeYh7N06XvLdzQiQIVOnG0nDsR4PYGjw9Z2T+KuRvFMlzYlnI8afl+FFkyiFzL9WGnSRhH
ob0Q85kDx2s57txiepBcvnC8ufU56suuFzcfr8XXTSZuVC3chXC81Rz/W4rPtxfCtV1fPC6DLwGx
FKw58FGKbcMflW1bf6naATdyffSSm5eYCo1WNV9gj41sMsX+VCZbcKNRZ+RMLMwxBZJDFvMmmDu2
66VhquauClUqXSdcxpFMA4XSM0EFulSut1gQv0HW3Znxh9BWWp5ieWxL3w4dJ/Tm0WIRLYPlPFTR
3HW9ZL5MgsBOUof9OGTIZnAGH5pHMr6z7hG54d+pYgXb78rqoXxj/mJFqVBbNhtIoy3is0glDTTD
wnxJ9Z26RxWJhL15E3uB63iB5/kytCFFCYTcUEknns+XqZJR4CovTOzfBLnXmClY301CN7FDT0I5
1MJOvCRZSOkEThjaib2M00iGUbp4AnZfOFnsbAkm/CpC3pv/gxoCZqNaJZt4y6IrZF2r5xm133Ak
Kcrp//t608DUrRYmWUg2HqQHb1w7Seax46gwdOYQhJJ+qtw4DfxQOYnrBeFCBlCI50HDTRRPIcMH
+AAdpvEiDqMoAuul7Sy8EBvF0SJJlk4Y256nVLhwougINLtxjqDG3QRv4jiNnWUYgh9h4s+Xjq+k
Nw9d5doqUrEPoJ4TL/1DSM+qFpU43pvAXywXPmgLApi0XKj5cjmHGavlPHa92J2rJRRGHlENtWAY
FEycN9L2XScF45Qd2TE0wbPtNIKazEPPXXreYpkGcq6cQxjclNnqiphBLcCpWKrQX0L0wVIufBWD
36EfhWm6SFXqLBeem8RQwCNQECsSkMEIYIIhWBV6yl94xJhF6s+duYrxJ56r1E4h4Dnw8xdyGahj
UDpIkthUEIeOG2O+PZ/HS1ICx16q2E2cRRiFQerbfmz73iEE4wu4gnyTxA5QhhMI55EHX5K6jp0s
lpEXLxPfi4PABWOSKD0EUUbdCMG1577tLqAucCC2HyzcOHICL4kltcSC1LUX4cJPjzgysRPrwE7u
fZAWhuGbUAaBg6QK/ihQ3nyploEEx9IElrewAy+GIi0hvEO4jbzTGaJDVcmbSLmLpRepuRNEcI7u
cuGmKbEK4rd96Cj2WETh4jkgVlbHhkrnTawCsCd142Dhe2rhqCSJ5knsuWHsh/C78/kcUojiQ0Bt
WVW/6PQKNvwG0kxCpQI7Vr6/mM8TJwgSEBJJP1riP7X0AvhknXoUrdqRHu/TCpf5jbn+chH4URpF
y9STgfQTR6rIgZ3BgKHkiOW+nADp+0zHowVpnWN7YRQ7qZQ+vIgDG/JhBCEYHMDDeEtXxQt7uaTl
275opRzWP/Vg7a5Iq3J3Rgluy20YEmAAATrum3Tp2MqLowSmAUbNw6WHsDRHfLHD1PPDVIYywf4T
OHWV7wArt4ac+96ZeQ7R7MXxMrJ9Hw5Ozh0Pag7A/lKl0DEv8pZ+6M8Db/kcrElGO4CDr146CANh
5Hpggg3LJZG4xDlvETgwiDTxfEcXS6M4ZztOpF4I6mCKuCrTbNM3kls+xAKRVo04yIPW5Qtxu4We
i1Z1HZBohWx087UqVYsH2YlYN3QjJbIyzvtEJdSJbblhOEOQg110yAoI1k1VYGVKAI5htjJVp6Ki
iNYSSBEhX7wTu6pvDCyRpQIJXZZmvAOyC+q15jsC/Bf1MII7Q1UgUeq24qEqv+oEWaZsBKrXCq4j
I1/NvWLqj2m6H7aqFDq2AMBsXa7LAdhqXQrx4rsth1rRVdgF+SZACC0V8ADpRUtVSKI/M6raYQrw
M1cd84t6NrES2h/TSEGQwfFYWbmkfHyjVoLLZvrQbvsugZZapnG+EusT3YMVcY50K1mfMGZv87x6
EHnWErbCNOPEfSbFf/Wq2dGcn+nBMp9WgtJVXqp7fGaNAF6CEjbqB4IpBC3aCcNKmq9Le2v8PEH2
xXdQVGgE+CqTRMAxavYTW8HwO1Eo2fYNN8mpYR8pQhrMUT/3Mie2bbJ7zEX07JV4ZTZFkvqaoOsd
ldWoGoWcBbZvNqpZ4TPv/Ze+iMAVaNXbdlfGt7K9g+CbO+jRjCd8bqm3id0GSmnatqnKqof0ML09
FdxqEboqIHs4FZTWghBK/5k3DyqisaIvoUE0RQO/YfHSIUQNPB8zaJgCG0ASa245Ike8NQi9T0lX
aQ7p5KnIuq/Avq7hZYmibqw+3zhcLF6BBuoxu8wWJsMylK4Y1LGuSlaOpi9LEmdCFXRVsxC4imln
4lLdm2dRZJstjLlB8XU6NT6jOMSRpunrTo9qhhFjUF0rQxcLF0bJ2X6iDUJyv7pvn8eAdIR0rgKj
oV2ziaJR/qonDTq7LguF3XbaJv8jryIoDzWVhB6HGRRZR6ZdqI2Mdh0YLm40p23mrW4B8fJbEtpD
xoxnhYLNPlga0KBjLROYZsAQDolPaghM2ig1bKl1HMLqyUrFpoKcKrJSUgraaMNoWozaSthEBXZn
D6wL+P/3FFCX7vfw38om+efwb7uqZhSM9xxRMuBaAe9Ry5bc3oAQ7TpghWLSN4ixD/iOjcLg1371
L8CQzYJRIoch4h6xp0TsEepRxT373kqjrA2SYtU4Wz3GSiXtniLtt65u363E7Tfvb8SH9x/f34q3
19cf3r+7EdfvPonvrj7957tPpwKTxO0VZr0T331z9eGduP50dfHu5mZ27AEO+OHOA8OOa9VkFcdj
8sMtEYjSiT0yc2P0tQ54j4wgYdfCUyx4QqW9LIO6qErQCf8MbSJ6f0vZtJI9bCmwgifkgfQ0hqyB
wPPu/fhg3NjjikIIhXleMHs6m3TB9JghtlrFlA1ozhK6Wq567UgD1EvV7Z5Uzza0tq+fR8lQ7hnK
N7KJYBnWPpdlB/Q8d9nUCB2zSphVcN2FLHvOPaaYIC/roYOvT4eQcKyEgxrq6JqmgKXpLfYmOBNX
2uVrhUfyUPV5MuKSIYY8lGKPf6sB14w+CA1s29CK3b5mZ/EkRrLqaAgjbWlTFUOs1avNDGuqmlMJ
EzVGkk90QzyjUgfacTPkiySyBjuRGhpFTvqi1smVzuCE+WDRh0FelzTJLGDcGc2BArpp8KBg7PIZ
BiNmI+5hh3u6ctD2ihxDt4XUNkOySU6LdttjdToIUqcIJqecaWxo6m/yqZCPFvf32wH3C1nTaFb0
BUIsHWUScD7qJUEiTMvd4Dr3fCV7Maxki3mqY8i1a4MRb2hREtwj5vqjxC4r/elYp/VR8QBfTx5M
SMMyE6eUceJgcbt2pO0SqHCqguyRuAfsdH6hodSSShKh12gK99RhmeGnOd8xO9PkfbJLDMypCjBw
fx/U7+nhukTpTwJbmRCBzGxb5TrDjGQXbzkRZ5SRNEGFTJBh36YLH/NVh5ZIjbmmDm8vplIaPpFb
bXYdAT8VljMRIAuPN7a6ARkTAthr79NYPkKhDDLRlFMpw3k+LcagQWsmvkEqCF0659xOXFx/PsVa
4BDBvh6yBGrPuYL2niN8i+GvRDBk3fuEvGXuTFPqpOcgMtoZdTGBEH+EtZUxzA6vggqrMoYlRT2S
JLmD7id9fGCcgg4M9/Fwssu0RDkUlDb8ydQnkhpklMtmw65VmorxqdAOvGXOvgyuRpGMeDWnU1vC
dFqknD5FAkpIBSu0CyxGlkKJAxJuQlgDMkg9S+xU+o7NHp2KvEfy8pRxy3wmSCifr8vrofbY18NU
WtFGD0gjaGFfl7Vl3o+KvY/GC7XZL2rkGpE2sKylBMCkkKhitLlMUg0/dPWi1zNx/b+wmXdMG7kh
EsBqsKKtc87gqNougDw5P9mQ3l7kGWbp9kGD2lK1nfh4+5kxbUESkU16RO0KVu39drrWmg2+t+h6
i1atGNtpuQxtpBNW9n2poD5JTJeLRjI7vKVZPBMctbeSkiKRFeBNR84S0uA7eHDbWqchvntGekuc
QBTiwISURXJ4MyahUyvM7YzNEiVKt0uM6zfF5eUVJ42X72/e/hn5IueXfcnmSwGsp8jBx606acrI
OM0dtmRafu3p3Ps+PqdeDTXsn4RDtatJ4bdw3/xdmI5Fq3ssZChlW+lkxngIh4BprDW0i21VtdyH
GUpXNTQnOKpR41m08n6InnhUlv7GTelJVwOI8YGcTmJNi+qnKit1f4Q59ZX4PqoeyRM24v2lePX9
5/eXryF3uEHggPkPEBsJJmOD5pK2SQx/dDoGa6j2sithft//+cMA35S7k5GveDM64uNEisVrUjOm
rRoaZiateAR+Ft23OK/SlLfFtyzdWY99luwFwvy0DntVt9xs0qamr3tqHnDkM3bVt6bpRW6202HH
rLH0mpUwB+60jQ6pJlyYXSgnkOVmrNlKWpYfpyanw6z7TD1YY8LyXH9QM/dtUfXkPVId+40zAcsG
1lKuQ9k2d4YgfnpGuOPFnzh1mSxmwkulOxGR0sAilZLtt7V8KIcYpKGzatHwmATZe/Jpo5H8JzvJ
hi5bCjloLPYbsKS/I0DnqGfFJ2ZkKm2WKGH2oIaohM60fTQlZEN5AWaoRGcD/DJGa26eGfnKOFa5
4uJHayjvmmd32IJKf3YmuQQzNk310G21K8IWUmw1tImfggG3nc4yGFmL2D6gZu1loAPO+8t2Qhd5
WhKehib0SexIpmmiDZmbPj2c8hnwLKCIyn98y2I1PlOBsxfQvnu3GuLUTMhjfTJO6UFmXLUjSOhI
HVEXqu7zwRzMCwVWnmPCgefShlzuEem8E0VS8khIfUwhRSOmX7kyKR21V7mJoId1RgTtj8nBl5u9
5032zowszqLbw0dDo8EfDpsbDpNYDTu39KWwceYWwlxpVGZ0i2SWVYwxXNiuoCIYJtpROzlu96hT
+DHfxf47k8DuS242jdqYzqlps+p2Et0UvTumj/GDD7m6vFqBH5Zx9jruk1t6ULrSkjDeB96xZcT3
BPDYbHK2gfg7cr6v6fqWFs4TpkKg+rvRMGQ4dEGBY9QkjlzQEYSatiyRsOX1VsJWFHnsRujT9Znu
UatUNchNLfJ3JQU5/XWISToiyIMWqLldMgmiPWoN5CzsMwfXZACylPX3YY8nUtV0TcXaZcU+Mpgo
S0BpPmk9BQKSIrln2pB7u2bR0Mef7TcwX6Y7DJx70nuOOXelXrAkBaIjiUk2wBW1MfwEnC11bSPo
4CwZemlm7phyZxtEmSEMI5dNez48INsjZIF7TJloKSjZ5pRnDKrcZp7CpJyPvKiuh16p2WbGROJF
LzoVl6Rd+Ku6ePZ6khplZd13U1X5rezFhEatv9ruJ53CAZMu64wWDT3BrRnU3r4Z6R/4JcjYGk1h
lo6A6NJA3+jjNHK8Q6NMByHAM456yB6QYVKNpUWn05rWlPVcjuuMkWSZQEQNCuJ7PtLCk6wHyQoD
RRPw4q1o+Qa8HuZMnAoMOi6kpZx166x11Aw61jBAXg9Q9CvlJLDtRLD0mAtUVjQUKqExxyhgeow6
AvOj3XgUdnykCWOju/Iz01OiRMZQJksNSLfiMraPv/2A0pfCJrK9V+Cp0pGYzD17VPudec56cta6
op72+kQjTQwbjtgkKjy9c6TMzslrLQJassKWA2oXA4cGgZrpp7oZqNPHgf3ivyErYjdcM2+ZGjsc
uaRdUEahp8eMVwMRr/VulJyecrpAOkUyo6kDgYQC8Z7u66EGmbGSMpzhVzh9q7ubbVUobctPmWJQ
oSXgTdXondfmRwQ0fDhFq4OMKI6Kvx1x94eJCOnYcS8/Og41JsbAXrWvtdyyjrXRqDzVLJhl3DA2
ME8/6K/wKkYiXG5g3ak43pcqpztSnQOd1jk8Ktqe/DwQIjf7kps2dIrBqCF3AZLDnFPx0mVHrE9B
qDtNbkfjSYejMgHdQKWqAegHbC5+HIdBtnr8UVh/Ej/iM7/wujsoAmHfZzEsBsjLHcTxnnp0OiOm
CQC3PtEA+XUPy6z7Ufw7np9dSnPXJz+OSOr0DlvSCxH80h12pZN/8gFUEP/Ut6TLscIsSplfun8Y
UNhDYeDweEjgykQjxFAPh0fUfg++mf0HRnUUXSFJcIOMqDvPF7d24hVsnbVlokFIWbK8Nac6u9Eg
kb/dg0XJayPilzAgCiQvX6I0fvnS1fKjnabyGwQ4jj8jwNPJ5x+1PpXVBN1zwde7JvQYzUIdsoHu
Uaq94bsWEzWsKckXlni13dVIs14LmXamS0M/jnnU6HY1mxGQ7UjZLI2sGaXGoljY9EcjjDkHQzqL
48O6doKvM5wNmSam2Vp7WUIAgH4cuD2hypSPdHj5aC45HHh9fQRNogSopJp4H+RHaiBobwVsvLoU
Hsvl6VWUwyDDBzm6rKB8T3XPVq5CY8MRk3qRfABAv7Woc2XKbtOLk3R7Wu/L4/oREClB9W1fv447
rsTXH97e6kFq8yk62/ujuRF5Og8f4Y5Kdeo9JlnTnXKd9EfTW9GXPabHJlowxG2Ef3OqOf6UMkdC
Ee/oTksfd30zVERDr7gZr4lwuk8CzmXM13DagU/WcMUE9qYbaS++5jyft+L5B0C4E2VGvkxGLO7o
TFotle62sfxb02aP76gx2XLzFGVHlOVZt9NmMupJRr+Ey3UNp9MTTSXDt4DkWCjRtatjodJFqeu9
iC/4thRfF1qXwKsXlyoWc+H4K89f2UtxfXPLt6rXZVF1yfm3ii7E0z0igmtR6nfuhK6P8vBhm3XK
ohh1blPhVaJCjcd2loy3mdK/J23PK7qJxA0J8ys9kEKLqEVpGiLncwJCymelOV3hoI7RsEqWWQES
p0NFFWm41HGn+/EET19DGkd4Oh0o070T/Vbf17wqyai7CeXenaMSHjV1LEnPh6YUBfBz/QumsU2l
kvEz5fnnl+++fvv5AxTcJNZ8U+lcp6dmqEEo1BjQ04z8CoAm5//G/0y9R/GZsTvoMp3P1+Wkj1aO
wsjqc3vG/61L3nI2Fc9EYvcBBh3PG7HJagwRpOHG1rmi0vbk7/8DRi6kzg==
===END CRASH DUMP===
