PocketMine-MP Crash Dump Sun Dec 15 21:35:59 PST 2024

PocketMine-MP version: 5.22.1+dev [Protocol 766]
Git commit: 41d9f438ed462b8e375b5f8437291b6e91cb851b
PHP version: 8.2.25
OS: Linux, linux

A PLUGIN WAS INVOLVED IN THIS CRASH
BAD PLUGIN: StaffMode

Thread: Main
Error: Position world is null or has been unloaded
File: pmsrc/src/world/Position
Line: 63
Type: pocketmine\utils\AssumptionFailedError
Backtrace:
#0 pmsrc/src/entity/Entity(1456): pocketmine\world\Position->getWorld()
#1 pmsrc/src/player/Player(2535): pocketmine\entity\Entity->teleport(object pocketmine\world\Position#91294, null, null)
#2 plugins/StaffMode-main/src/ysnl/session/RestoreSession(28): pocketmine\player\Player->teleport(object pocketmine\world\Position#91294)
#3 plugins/StaffMode-main/src/ysnl/commands/StaffModeCommand(53): ysnl\session\RestoreSession->restore(object pocketmine\player\Player#220752)
#4 pmsrc/src/command/SimpleCommandMap(216): ysnl\commands\StaffModeCommand->execute(object pocketmine\player\Player#220752, string[3] mod, array[0])
#5 pmsrc/src/Server(1482): pocketmine\command\SimpleCommandMap->dispatch(object pocketmine\player\Player#220752, string[3] mod)
#6 pmsrc/src/player/Player(1521): pocketmine\Server->dispatchCommand(object pocketmine\player\Player#220752, string[3] mod)
#7 pmsrc/src/network/mcpe/handler/InGamePacketHandler(832): pocketmine\player\Player->chat(string[4] /mod)
#8 pmsrc/vendor/nethergamesmc/bedrock-protocol/src/CommandRequestPacket(55): pocketmine\network\mcpe\handler\InGamePacketHandler->handleCommandRequest(object pocketmine\network\mcpe\protocol\CommandRequestPacket#184867)
#9 pmsrc/src/network/mcpe/NetworkSession(534): pocketmine\network\mcpe\protocol\CommandRequestPacket->handle(object pocketmine\network\mcpe\handler\InGamePacketHandler#248938)
#10 pmsrc/src/network/mcpe/NetworkSession(472): pocketmine\network\mcpe\NetworkSession->handleDataPacket(object pocketmine\network\mcpe\protocol\CommandRequestPacket#184867, string[26] M./mod..F]X..pLjD:N..|...T)
#11 pmsrc/src/network/mcpe/raklib/RakLibInterface(214): pocketmine\network\mcpe\NetworkSession->handleEncoded(string[28] ..M./mod..F]X..pLjD:N..|...T)
#12 pmsrc/vendor/pocketmine/raklib-ipc/src/RakLibToUserThreadMessageReceiver(40): pocketmine\network\mcpe\raklib\RakLibInterface->onPacketReceive(int 21, string[37] .w!.~.......'.Rz.=7pK.m.....U....G.e.)
#13 pmsrc/src/network/mcpe/raklib/RakLibInterface(107): raklib\server\ipc\RakLibToUserThreadMessageReceiver->handle(object pocketmine\network\mcpe\raklib\RakLibInterface#192042)
#14 pmsrc/src/TimeTrackingSleeperHandler(58): pocketmine\network\mcpe\raklib\RakLibInterface->pocketmine\network\mcpe\raklib\{closure}()
#15 pmsrc/vendor/pocketmine/snooze/src/SleeperHandler(120): pocketmine\TimeTrackingSleeperHandler->pocketmine\{closure}()
#16 pmsrc/src/TimeTrackingSleeperHandler(77): pocketmine\snooze\SleeperHandler->processNotifications()
#17 pmsrc/vendor/pocketmine/snooze/src/SleeperHandler(79): pocketmine\TimeTrackingSleeperHandler->processNotifications()
#18 pmsrc/src/Server(1750): pocketmine\snooze\SleeperHandler->sleepUntil(float 1734327359.7135)
#19 pmsrc/src/Server(1113): pocketmine\Server->tickProcessor()
#20 pmsrc/src/PocketMine(355): pocketmine\Server->__construct(object pocketmine\thread\ThreadSafeClassLoader#6, object pocketmine\utils\MainLogger#2, string[16] /home/container/, string[24] /home/container/plugins/)
#21 pmsrc/src/PocketMine(378): pocketmine\server()
#22 /home/container/PocketMine-MP.phar(168): require(string[72] phar:///tmp/PocketMine-MP-phar-cache.0/PMMPSqVt74.tar/src/PocketMine.php)

Code:
[54] 	}
[55] 
[56] 	/**
[57] 	 * Returns the position's world if valid. Throws an error if the world is unexpectedly invalid.
[58] 	 *
[59] 	 * @throws AssumptionFailedError
[60] 	 */
[61] 	public function getWorld() : World{
[62] 		if($this->world === null || !$this->world->isLoaded()){
[63] 			throw new AssumptionFailedError("Position world is null or has been unloaded");
[64] 		}
[65] 
[66] 		return $this->world;
[67] 	}
[68] 
[69] 	/**
[70] 	 * Checks if this object has a valid reference to a loaded world
[71] 	 */
[72] 	public function isValid() : bool{
[73] 		if($this->world !== null && !$this->world->isLoaded()){

Loaded plugins:
AdvancedBans 1.2.2 by iRxDuZ for API(s) 5.0.0
AltsFinder 1.0.0 by  for API(s) 5.0.0
BuilderTools 2.0.0-beta1 by CzechPMDevs, VixikHD, dadodasyra for API(s) 5.0.0
DEVirion 1.3.0 by poggit, SOFe for API(s) 5.0.0
DevTools 1.17.1 by PocketMine Team for API(s) 5.0.0
GlazeCosmetics 1.0.0 by GlazeNet for API(s) 5.0.0
MultiWorld 2.1.1 by CzechPMDevs, VixikCZ, fuyutsuki, kaliiks for API(s) 5.3.0
Practice 2.0.0 by JuqnGOOD for API(s) 5.0.0
RankSystem 1.1.3 by IvanCraft623 for API(s) 5.3.0
StaffMode 2.0.1 by ysnl for API(s) 5.0.0

uname -a: Linux 52bca970-e13a-44bb-a6b2-24200d9cb907 5.15.0-125-generic #135-Ubuntu SMP Fri Sep 27 13:53:58 UTC 2024 x86_64
Zend version: 4.2.25
Composer libraries: 
- adhocore/json-comment 1.2.1@651023f9fe52e9efa2198cbaf6e481d1968e2377
- brick/math 0.12.1@f510c0a40911935b77b86859eb5223d58d660df1
- daverandom/callback-validator unknown@unknown
- nethergamesmc/bedrock-data dev-master@c362136334a90b85a0a429ea1c558feab62e39d0
- nethergamesmc/bedrock-protocol dev-master@42d92d093a91ce70d3dd7aa161990d08cfba9bf7
- nethergamesmc/pocketmine-mp dev-stable@41d9f438ed462b8e375b5f8437291b6e91cb851b
- netresearch/jsonmapper unknown@unknown
- pocketmine/bedrock-block-upgrade-schema 5.0.0@20dd5c11e9915bacea4fe2cf649e1d23697a6e52
- pocketmine/bedrock-item-upgrade-schema 1.14.0@9fc7c9bbb558a017395c1cb7dd819c033ee971bb
- pocketmine/binaryutils 0.2.6@ccfc1899b859d45814ea3592e20ebec4cb731c84
- pocketmine/callback-validator 1.0.3@64787469766bcaa7e5885242e85c23c25e8c55a2
- pocketmine/color 0.3.1@a0421f1e9e0b0c619300fb92d593283378f6a5e1
- pocketmine/errorhandler 0.7.0@cae94884368a74ece5294b9ff7fef18732dcd921
- pocketmine/locale-data 2.19.6@93e473e20e7f4515ecf45c5ef0f9155b9247a86e
- pocketmine/log 0.4.0@e6c912c0f9055c81d23108ec2d179b96f404c043
- pocketmine/math 1.0.0@dc132d93595b32e9f210d78b3c8d43c662a5edbf
- pocketmine/nbt 1.0.0@20540271cb59e04672cb163dca73366f207974f1
- pocketmine/netresearch-jsonmapper v4.4.999@9a6610033d56e358e86a3e4fd5f87063c7318833
- pocketmine/raklib 1.1.1@be2783be516bf6e2872ff5c81fb9048596617b97
- pocketmine/raklib-ipc 1.0.1@ce632ef2c6743e71eddb5dc329c49af6555f90bc
- pocketmine/snooze 0.5.0@a86d9ee60ce44755d166d3c7ba4b8b8be8360915
- ramsey/collection 2.0.0@a4b48764bfbb8f3a6a4d1aeb1a35bb5e9ecac4a5
- ramsey/uuid 4.7.6@91039bc1faa45ba123c4328958e620d382ec7088
- rhumsaa/uuid unknown@unknown
- symfony/filesystem v6.4.12@f810e3cbdf7fdc35983968523d09f349fa9ada12
- symfony/polyfill-ctype v1.31.0@a3cc8b044a6ea513310cbd48ef7333b384945638
- symfony/polyfill-mbstring v1.31.0@85181ba99b2345b0ef10ce42ecac37612d9fd341

----------------------REPORT THE DATA BELOW THIS LINE-----------------------

===BEGIN CRASH DUMP===
eNrtfIly3EaW4K+ki4ox2UOAuA92UCE1KdmakUyOSNnedinkBJCogonLOEiWur3fvu+9TKCAIiX5
UMRubMh2uAqJzJfvvjKL/1qkVVPw7t2NaNqsKhfHzuGiywqxODZ927Et33ZD3TccJwgOF30tX3mG
b+uuG3qeZ7qe74WHi5y33bOmqZrF8b8W3aaGWYu6iq9FV2SlWC77Lsvb5fJp2/YFQKnK5zzLRSKX
HC4K0bZ8hYsuqjbD9+y2avKEZS0r+zxnVcPWvGWRECXry7ziiUhgXQrvngMg3G3Nm+Ojo6OuqI8u
aOdXsLP26kLDN1rM47XQjaOLV68uLn/9vvMdvePNUdvER7TT0bCxXq9rhKygFjjj/iyYkQN44IUN
DGt4DF9/WuwZbLtAlF3WbY6e0ce+6bjewTGb8oQgLpcDSO3xSnQ/4Nj+AYDfMyew6pxvRHN0QR/7
lmu7O7DkZsul3E173Ilc1FXT7VfRLyLuPrbvXmhaoXNIfJb/p+0tVuf9Kivbo8uOp+mrKhFawbOS
8Nm0ZX7UgtBg/dFr0XZVIy7l474V7OAmkYcN6fNP4Eb42J/EJ66KgpfJZMKpHNl3bUAJ5yyXCunl
co619riRzw8hNSdgz7IM37UIKWciI7X90WVW1Pmw9Ste71umN24/4Lhc7iKpPRZ3Iu6734/BIWu7
JitXP9lvWVElh4w3Dd/8ZLwl1NwJapeiAQMHHQysHdkofACdHay1x0nW1ryL138WH8LC+6ASm65l
7iAj0dzuPIjvryDgTxAoRQf6dX1UxLU4WgPkHNB5UX7DC3HBEfa3cmw/sK1P6HC85t2+2s15y46G
7QK13Y0ok6rBHdeiWcEGbREfRSJpAKZWN1VXxVVOSCkiX4tfe9BAice+u2vfCvXlEnFfLhXyy+UD
2GuP5ds54IeYuAN0QGu5fAinPTNwAs8nKsMPMfU7+TC4Atd2Pk7Hx7ccKPkduH+MIXuWE4R2IJ2q
8TtRd3zr46jP5w+onvGOKxl+JoaPSm15b9krHTVN15+//VHX65e/nB1/p+v/1nX9SlJnfoi6hl/n
WXT0ml+/zKIXZSeaFGIWuCbnz1D5rIzBcSWDAVjBW6brn8LNmpvGdlOFnJbVEnGJ5FX1phXN1boR
PHkl04PXIhYZOjLH+DjWEiD4+Dm52uOqlLxVkPazsmOWufUbPhBy+5X+v3X5z9f66/f6iV//t17Q
8xv83ze60CVF9h/ktmn4gPeAXEvebrkEsgdMP0LzH7CFD1C/Z4aW4ci4ZU4D1xUkdVeQwlwDCy5z
IWrRDI7QDf4ko3/Hmn/FedX2jfhNpTvuB/WjLavqvZCRbI6fae1qwoeJmSO1u7v3+xji+zv7Sdwg
du3uBZ4eJPhd1WVpFnNMZlq1lf8nCPXDP0Lnh/cOHsgKfNf4nUS1+PwGUsx8P4UcvGPTIsGEpJT2
CB/YwzTtDwT7LouvLyTCVSOxtKZOepvL79v3wuIA5N27GGjsmj5+0O92ZFHANPq85Kk4hYKlfYll
RLPnHbIH1qiK5RWkmC+r1QrDyOgnTHDFR+uqEJD0lR3MgDxi66ed+y+H1FWSZ36APH/X2qSLUEyx
7kGdlTk6ljn7pocwGogjGeSyCiPfesv+fHm0nY2l0cHiLRQ8xEcoj5A7i98OF+L/Qun3Rwq0XXzn
A4cLKZ93WXlT5TeigGoK3mVlAkyMu/E9jI1ZOwxiDESaXQdeLLvfYMh14St+ejR09Le/4YNPD+xv
7LXo+qZsGSSFIGeJ6NftQG/KbnieJToDNa1uW8ZLRnzFN7hiZEtfirsaEBNJvmGAM63CjQK1EX4P
h02fdBLchwTgGWrmET6Y9FD3UZ7FLO3LmCSyrUzZMaNv/8LJFk1egpvZf9Sts1Z7LHE8OTmRsvv3
v9lX0zfa40xaHUA6IBC2ArHsCE1WituHMd1f/hEFWS4O/o7gHQUeheMp4XieGmxIHGyKIC3yR3l6
gVoSTuTpDwxjp2sRX7dSPoCN8iKIDJeyBEtMRSPKWLCugkGJnMQfIZkT1vvWg6zP2u8REnE+qqoc
uebbH2D8VwPj/+M/Psr43740Lb40Lb40Lb40Lb40Lb40Lb40Lb40Lb40Lb40Lb40Lb40Lf4/bloo
crBif5rccKjJkn9w+VxyPNaeDx8uxjPxhalbugUjvO/WVdNi1ZS9vjvr/4lweZ3hgKsbuoHPouQR
FK2LY5CsOFwkoIyQO8MUeNdWaXc2HcBiADZo7pL+/XIZ8VIKD7sXFTUoLs4vr344f/3yDIZuRQQV
BmKKBdzTvGufZyUow5SE7eCcAERuSsBnQryFHLNdL5cc9k1p3+VyhsMnyfhHn+Uw9QpK26ksZsNT
UixEV4tEx825RE7fi3h98epM3OCC77O77Ppb3C7hSZXwdtPwzyWtGHeqiwR2AplJRDtEdLncQfuj
1K+7rm5BvVdZt+4jHaqaowkNRzNQwKizZ99nDfFgZNI4NJe1vSPrRQ2+IMM+1uX5c/G5uCCBLpc3
hMJyCexQ3yZoKQZcXj19ffXm4p7wgdBdwY9Dc5pMX9+R99bE2ZXgxecia9gfyNhi8hEyHpDiFrOj
EQYQ+03O30OB0xYCwseU5J0XHzdcORtS3L9G8ALSGTCK8tccoD+vmuLpxYvFlgvDJsvlHDnM+rd4
fkK6r/q8y6g5NCF2Mjg3a1P/tEGf/pMu/Wz6ru2vM/h+zfMsu25nvLA/k2UXiKnq7cyw/itWPQEE
HLqAZAh4KSb8GYfuOb05d/6r/7X85vz87HPp/S8AD6s7uftyOcHjkz78NS+vLzdtJ4oJIZPBHVPW
7TkpLyDsnjY87TzL/muSXFzGVSO+7ZOJKk+hY9I/YDX9/nuI3Lb+tzROjwPm0trRZWykfS5Jyaac
zAM/jThgXvMG0IUyh1DRH0jBYI2mlZV2m73nTUJPSdYiahrkQhlheteJEgkkz3UKbAbwASZGLgXZ
bvYM3uWuyKcjFRDStrOhOp4DaX/NAWt7OvQeAE2fqVuYiKhfwagBo2gVUVzwbj2dFvMc2AZ0TcfW
fXlNCbJFa22dRptN3VVqAHO8WB1hbdf1zQzrpCpQxoZhm6YVwsAvLUl9nIAnU1mZVjtjnZihk3b1
9HGVzJ6K2cs15FgzRnUcqZstubx4OROAuBF5EinCDCmSRKS5FBSyDlW0iGS6PV1aVJDNlDTJJJYU
G5BMibupb2w7FweyuVDLbsavbBVlJW82MGbjrt4C1T6uErntgN7F2fkMTFK9I+C7g1JJpqMX67mg
W1LvdrawKOrxzM8DsnBHPIG7m85qgKsk3O2IAOmj0q96yW5DrX0NnBR0QDPbeV1UM8HJBvWPr2ai
6aprUWbv5+qwYy3wiNjem3PbZDt6dHentGOwhg0nUPBad9CCslpWMDK+/hPsgp1fUOm0BQNO4pes
e1eQd6MzlQWUTUqJUR8FlG48n4apqQ9BG+St2N4iBgdnSQWj9HhxbIAetO8grg6ebmgjLo59z4MN
MjxxdcwkTB07EInjWVEgbN+N3DRwbN8KzcgToRlHgWtGALdXeLzMyv6OuVYU89A3NGHaXHOcKNK4
F1ma5YCdJmEchYbPXN0Ev6uZlqsRPVnM9qD+195Efdn17PLVBXveZOxS1MzymWkfu/BfwN5cnTLL
sBx2F3jvPGQp3hCe+ihBtuGMyrau31XtgBu6PnzI1QMkBKB4onkH9tjwJhPkT3myrjB0HaEz0fCA
Q55BY+VpPvFc07DsNEyFa4lQpNwywyCOeOoJJzATM/QCYdm+j/wGsq6PlD8EbcXlKSyPDe4YoWmG
thv5fhR4gRuKyLUsO3GDxPOMJDXJj4MMyQyOwIfmEY+vNTrJ5B0e8APbr8vqtnyiPmHFw6cFMJ/D
dBC4VnCIsM2T2PYs0/Zs2+GhAVLkgJAVCm7GrhukgkeeJewwMT4IcqsxU7COlYRWYoQ2B+UQvpHY
SeJzbnpmGBqJEcRpxMMo9e+B3bYsNHK2CBP8KoS8J39ADQFmI1rBm3hNoit4XYuHGTVpmQ0kRTn+
v69XDZi61oJJFpyMB7KDJ5aRJG5smiIMTRcEIbiTCitOPScUZmLZXuhzDxTiYdDgJor7kMEHOAA6
TGM/DqMoAtZzw/TtEDaKIz9JAjOMDdsWIvTNKNoBTW6cIqhyN96TOE5jMwhD4EeYOG5gOoLbbmgJ
yxCRiB0Aaptx4MwhPahaWOrYTzzHD3wHaPM8MGnuCzcIXDBjEbixZceWKwJQGL5DNagFwcBgYj7h
hmOZKTBOGJERgybYhpFGoCZuaFuBbftB6nFXmHMYdNdCHckQKB84FXMROgGI3gu474gY+B06UZim
fipSM/BtK4lBAXdAgVghARmMAEwwBFaFtnB8Gxnjp45ruiKGj9gVqZGCgF3Az/F54IldUDJIotiE
F4emFcN8w3XjAJXANAIRW4nph1HopY7hxIZjzyEoX0CV5JMkNgFlcAKhG9ngS1LLNBI/iOw4SBw7
9jwLGJNE6RxEGXUjBMtwHcPyQV3AgRiO51txZHp2EnPftj0vtQw/9J10hyMTO9FmdnLjAGlhGD4J
ueeZkFSBP/KE7QYi8DhwLE3A8nzDs2NQpACEN4cr+/KqrDCfRMLyAzsSrulF4BytwLfSFFkF4jec
AH+yYvpR6D8EBI9yFJXmk1h4wJ7Uij3fsYVviiSJ3CS2rTB2QvC7ruuCFKJ4Dki2oEleYMNPQJpJ
KIRnxMJxfNdNTM9LgJCIO1EA/4rA9sAny9SjaMUG9XibVlDR9wTmOoHvOVEaRUFqc487iclFZIKd
gQGDkkMsd/gESN9nMh75qHWmYYdRbKacO+BFTLAhB4wgBAZ74GHswBKxbwQBLl/3Rcv5sP6+B2s3
RVqVmyNMcFtV7i1uPBCgaT1JA9MQdhwlYBrAKDcMbAhLLsQXI0xtJ0x5yBPYfwKnrvINwMq1Iee+
gdLQRJrtOA4iw3HAwXHXtEHNAbATiBR0zI7swAkd17ODh2BNMtoBHPjqwIQwEEaWDUwwwHJRJBZy
zvY9EwwiTWzHlMXSKE59Q4nUHsOOLIurMs1WfUMnEwxZwNKqYbM8aFnusas16DlrRdcBEi3jjaDL
W1Up8N4X71jMy7LqWCRYVsZ5j/eBALzsmusQ5MAuOsgKENZlVcBKuv21C7PlqThkFUa0FkGyCPLF
a7ap+kbBwmtJkNBlaUY7QHaBl9nyDQL+TtyO4I6gKuB93uE9tPLrjqFl8oZB8VqB68jQV+MtM3nF
iei+XeNNK4otAEBflstyAHa8LBnb+2FNoRbvPLWYbwIIddAAPID0osUqJJGvCVXpMPEmVy464hd2
E2PBpD/GkQIhA8djoeUc8/GVOGYpz1uBL9p13yWgpZq6TnjMlgt5zsLwzAwvhBFmT/O8umV51iK2
w+UcdpNx9j+9aDY451f8oqlXxwzTVVr6jEp1tYYBXgwTNgYSA6YgtGjDFCtxvqzstfH1BNm9HzK8
tlYCX3mCd8RayX5kK54ssUJwPObDHBBvuUUCkQbmiF97niPbVtkNzIXo2Qu2rzaFJPUAocsdhdbQ
fSUN2I4HQcfwmvb+ri8i4Apo1dN2U8ZXvL3G+2jXoEc6TXgD3CLVHijFaeumKqsepAfT20N1AU9W
BWgPhwzT2kYeuBNvbkWEY0VfqsM8CfySxAs0gZY11V0GGiaADUASaW45Ioe8VQi9SFFX6QId6OQh
y7qvgX1dQ8sS0eEhGKrMzmK2DzT0YDcWsYXI0BSlxwRqV1c5KUfTlyWKM8EKuqpJCFTFtDo7Ezfq
Oyuy1RqMuYHi63BqfEpxkCNN09edHJUMQ8ZAdS0UXSRcMErK9hNpEPymyhJA+2EMUEcaujvaZqBd
+kTRMH+VkwadXZaFgN020ia/yasIlAebSkyOgxkUWYemXYgVjzYdMJxdSk4bxFvZAqLlVyi024wY
TwoFNnurSUCDjrVEYJoBhnh39QbxBjBpI8SwpdRxEFaPVspWFcipQitFpcCNVoSmRqgdMwOpgN3J
A8sC/v95CrBL9zH817xJ/hr+bVfVhILyniNKClzLwHvUvEW3NyCEuw5YQTHpKMTIB/xARqHwa7/+
DBiSWRBK6DBY3EPsKSH2MHldEJW7KodLzddivOJMs8VdLETSbimSfuv86tkxu/r2xSV7+eLViyv2
9OLi5Ytnl+zi2Wv2w/nr/372+pDBJHZ1DrOesR++PX/5jF28Pj99dnmp73qAGT8s11PsuBBNVlE8
Rj/cIoEx3vEduDH6WhN4DxlBQq6FpmjgCYX0sgTqtCqBTvDPoE1I74eUTSrZ7RoDK/AEPZCcRpAl
EPC8Wz8+GDfscY4hBMM8LdDvz0ZdUC1mEFstYswGJGcRXSlXuXakAdRL1O2WVNtQtLYHD6OkKLcV
5SveRGAZ2jaXJQf0MHfJ1BAdtYqpVeC6C172lHtMMYG8rAcdPDgcQsKuEg5qKKNrmgIsSW+xNUGd
nUuXLxUekoeqz5MRlwxiyG3Jtvi3EnBN6AOhnmEoWmG35+Qs7sVIUh0JYaQtbapiiLVytZqhTVVz
KmGkRknynm6wB1Rqph2XQ76IImtgJ1RDpchJX9QyuZIZHFMvNHwxyOsMJ6kFhDuhOVAATxDlwdj5
AwyGmA1xD3a4ASVr216gY+jWILXVkGyi08LdtlgdDoKUKYLKKXWJDU79IJ8KfqdRf78dcD/lNY5m
RV9AiMXLCAi8w/sdKEgm78ZKLLZ8RXtRrCSLua9jkGvXCiPaUMMkuIeY64wSO6vkq12dxtQIvZ6E
LycPJiRhqYlTyuTtfWrXjrSdASqUqkD2iNwD7GR+IaHUdFuQyTWSwi11sEzxU53vqJ1x8jbZRQbm
WAUouB8H9TE9XJbqJt2xChGQma2rXGaYEV6YpkScUIakCVRIBRnybbLwUW9laInEmGvK8LY3ldLw
Ct1qs+kQ+CHTzIkASXi0sdYNyKgQQF57m8bSEQpmkImkHEsZyvNxMQwqtHT2LaSCoEsnlNux04s3
h7AWcIjAvm6zBNSecgXpPUf4GsE/Zt6QdW8T8pa4M02pk56CyGhn2MVk6mcBYG1lDGYHjwwLqzIG
S4p6SJL4BnQ/6eOZcdKPULbxcLLLtESZC0oa/mTqPUkNMsp5syLXylXFeF9oM2+Zky8DV0O/kKHV
lE6tEdNpkXJ4HwlQQixYQbuAxZClYOIACTciLAEppB4kdip90yCPjkXeHXp5zLh5rjMUypuL8mKo
Pbb1MJZWuNEtpBG4sK/LWlPPO8XeK+WF2uy9GLmGpA0sazEBUCkkVDHSXCaphhNactGBzi4+wWba
MW34CkkAVgMr2jqnDA6r7QKQR+fHG9Tb0zyDWbJ90Mhb3OzV1RvCtAWSkGzUI2xXkGpvt5O1lj74
3qLrNVx1TNhOy2XQRjxhJd+XMuyTxHgWP5LZwVOaxfijNwBLP50CuRbAmw6dJUiD/kINuG2p0yC+
G0J6jZyAKESBCVIWTuFNmYRMrWBup2wWKRGyXaJcvyouz84paTx7cfn0H5AvUn7Zl2S+GMB6jBx0
3CqTpgyNU/1MMJmWX1s6t76PzqmPhxr2MTOxdlUp/BrcN71nqmPRyh4LGkrZVjKZUR7CRGASawnt
dF1VLfVhhtJVDM0JimrYeGYtvxmiJ3wVmnxHTelJVwMQowM5mcSqFtUvVVbK/ghx6mv2Y1TdoSds
2Isztv/jmxdnByB3cIOAA8y/BbGhYDIyaCppm0TxR6ZjYA3VVnYlmN+P/3g5wFfl7mTka9oMj/go
kSLxqtSMaKuGhplKK+4APw2vW5xUaUrbwrss3Wh3fZZsBUL81Oa9qitqNklTk38MSfKAIp+yq75V
TS90s50MO2qNJtccM3XgjtvIkKrChdoFcwJersaarcRl+W5qcjjMusnErTYmLA/1ByVznxZVj94j
lbFfORNg2cBazHUw26bOEIgfv0O4o8WvKXWZLCbCSyE7EZGQwCKRou23Nb8thxikflmEqoXDYxJk
bMnHjUby7+3EG8AbIsGgsbDfgCV+jgDNnZ4VnZihqbRZIpjaAxuiHHSm7aMpISvMC2CGSGQ2QA9j
tKbmmZIvj2ORCyp+pIbSrnl2DVtg6U/OJOfAjFVT3XZr6YpgC87WEtrET4EBt53MMghZDdk+oKZt
ZSADzouzdkIXeloUnoTG5EnsSKZqog2Zmzw9nPIZ4GmAIlT+4xPe5Rq+Y4GzFdC2e3c8xCmd8V19
Uk7plmdUtUOQkJE6wi5U3eeDOagHDKw0R4UD28INqdxD0mknjKTokSD1UYUUjqh+5bFK6bC9Sk0E
OSwzIvUbAUBk63mTrTNDi9PwRz47Q6PBz4fVDYdJrAY71+T9vXHmGoR5LFHR8RaJnlWEMbiwTYFF
MJhoh+3kuN2ijuFHvWfb90QCuS++WjVipTqnqs0q20md+nXEjD7CD3zI+dk5XpPXlLOXcR/d0q2Q
lRann0/jji0hviWAxvTJ2QbE35HzfY3Xt6Rw7jEVBCrfKw2DDAcvKFCMmsSRUzyCENOWJSRseb3m
YCsCPXbD5Om6LnvU+LtoyE019HclBjn5dohJMiLwWQtU3S6ZBNEeag3IWchnDq5JASQpy/fDHvek
KumairXLim1kUFEWgeJ81HoMBChFdM+4IfV21aKhj69vN1BvpjsMnLvXe44pdx1+aktHEpNsgCpq
Zfj4o9lS1jYMD86SoZem5o4pd7aCKDOEYchl054OD9D2EFnAPcZMtGSYbFPKMwZVajNPYWLOh15U
1kP7Ql/pRCQ8yEWH7Ay1Cz5FF+sHk9QoK+u+m6rKh7IXFRql/kq7n3QKB0y6rFNaNPQE12pQevtm
pH/gF0NjaySFWToCwksDfSOP09DxDo0yGYQAnnLUQ/YAGSbWWFJ0Mq1pVVlP5bjMGFGWCYiogYL4
ho604BuvB8kyBUUSsPeUoaIDMjRMmTgWGHhciEsp65ZZ66gZeKyhgBwMUOQj5iRg2wkj6REXsKxo
MFSCxuyiANNjqCNgfrQZj8J2jzTB2FqRp7rqKWEioyjjpQQkW3EZ2cdPb6H0xbAJ2d4+8FTISIzm
nt2J7c40Zzk5az3GnvZyIZFGhg1HbBwqPLlzJNTOyYEUAS45hi0H1E4HDg0CVdMPZTNQpo8D+9n/
Alkhu8E105apssORS9IFZRh68C8q7A9EHMjdMDk9pHQBdQplhlMHAhEF5D3e14MaRCclJTi4jv6I
Ryu7m21VCGnL95miUMElwJuqkTsv1U+ZcHg+RaoDjzCOsp92uPt2IkI8dtzKD49DlYnJ3663B1Ju
WUfaqFQeaxaYpdwwbKC+vZVvwasoiVC5wfEPM+zui5XTNarOTKdlDg8VbY9+HhBCN/uImjZ4ikGo
Qe4CSA5zDtkjixyxPAXB7jS6HYknHo7yBOgGVKoaAL2FzdnP4zCQLe5+Ztpj9jO8pgdadw2KgNj3
WQwWA8jzDYjjBfboZEaMEwDcciEB0uMWllr3M/tP+P7gUpy7XPw8IinTO9gSH5DgR9awK578ow/A
gviXvkVdpp/UYsr8yPpqQGELhYCDx4MErkwkQgR1Pjyi9jH4avZXhOoouoKj4AYZYXeeLm5t2D7Y
OmnLRIMgZcly9YdRxGY0SMjfboBFyYES8SMwIAwkjx5BafzokSXlhztN5TcIcBx/QICHk9c/S30q
qwm6J/JP6UzoUZoFdcgKdA9T7RXdtZioYY1JPtPY/npTQ5p1wHjaqS4N/rztTqLb1WRGgGyHyqZJ
ZNUoNhaZb+CHRBjmzIZkFkeHde0EX3M4G1JNTLW19LKIAAD6eeD2hCpVPuLh5Z265DDz+vIIGkUJ
oJJq4n0gPxIDQVsrIOOVpfBYLk+vosyDDB3kyLIC8z3RPVi5MokNRUzsRdIBAP4sps7VHzlqVS+O
4+1puS+Ny68AERNUx3Dk47jjMXv+8umVHMQ2n8Czvb+rG5GHbngH7qgUh/ZdkjXdIdVJf1e9FXnZ
Y3psIgWD3Ibwr041ea/ywRwSinjD5I93+2aoiIZecTNeE6F0HwWc85iu4bQDn7ThignYm2yk7T2n
PJ+2ovkzINSJUiPvJiMadXQmrZZKdttI/q1qs8fX2JhsqXkKZUeU5Vm3kWYy6gmg0oFU5C+vddl+
QioJvgZIjoUSXrvaFSpelLrYiviUbkvRdaFlufcDkH4mYmaazAyPTe/YMtnF5RVdq16WRdUlJ98L
vBGPF4nox9GY+52YoeVAfXi7zjqhYZA6MbDyKqFEjcd+Fo/XmZB/s6s9qfAqEnUk8LawTM5wEfYo
VUfkxEUgqH1amuMdDmwZDat4mRVA43SoqCIJF1vueEEe4cl7SOMITccTZbx4Ip/qm5pWJRm2N0G7
NydQCo+qOtakJ0NXCiP4ify12dinEsn4GhP9k7Nnz5++eQkarjJruqp0IvNTNdRALJQY4DcdHQsA
TU7+Rv+ogg8DNGE3azOduMty0kgrR2Fk9Ymh07/LkrbUp+KZSOzGg0HTtkdsshqGENJwZetEYG27
+O3/ADDAlu8=
===END CRASH DUMP===
