PocketMine-MP Crash Dump Sun Dec 8 13:42:34 PST 2024

PocketMine-MP version: 5.22.1+dev [Protocol 766]
Git commit: 41d9f438ed462b8e375b5f8437291b6e91cb851b
PHP version: 8.2.25
OS: Linux, linux

A PLUGIN WAS INVOLVED IN THIS CRASH
BAD PLUGIN: EasyEdit

Thread: Main
Error: pocketmine\world\World::createBlockUpdatePackets(): Argument #1 ($typeConverter) must be of type pocketmine\network\mcpe\convert\TypeConverter, array given, called in phar:///home/container/plugins/EasyEdit.phar/src/platz1de/EasyEdit/utils/PacketUtils.php on line 54
File: pmsrc/src/world/World
Line: 1178
Type: TypeError
Backtrace:
#0 plugins/EasyEdit.phar/src/platz1de/EasyEdit/utils/PacketUtils(54): pocketmine\world\World->createBlockUpdatePackets(array[1])
#1 plugins/EasyEdit.phar/src/platz1de/EasyEdit/listener/ChunkRefreshListener(38): platz1de\EasyEdit\utils\PacketUtils::resendBlock(object pocketmine\math\Vector3#138673, object pocketmine\world\World#87003, object pocketmine\player\Player#162514)
#2 pmsrc/src/event/RegisteredListener(61): platz1de\EasyEdit\listener\ChunkRefreshListener->onChunkSend(object pocketmine\event\player\PlayerPostChunkSendEvent#138690)
#3 pmsrc/src/event/Event(63): pocketmine\event\RegisteredListener->callEvent(object pocketmine\event\player\PlayerPostChunkSendEvent#138690)
#4 pmsrc/src/player/Player(856): pocketmine\event\Event->call()
#5 pmsrc/src/network/mcpe/NetworkSession(1294): pocketmine\player\Player->pocketmine\player\{closure}()
#6 pmsrc/src/network/mcpe/CachedChunkPromise(64): pocketmine\network\mcpe\NetworkSession->pocketmine\network\mcpe\{closure}(object pocketmine\network\mcpe\CachedChunkPromise#162768)
#7 pmsrc/src/network/mcpe/ChunkRequestTask(106): pocketmine\network\mcpe\CachedChunkPromise->resolve(object pocketmine\network\mcpe\CachedChunk#138001)
#8 pmsrc/src/scheduler/AsyncPool(280): pocketmine\network\mcpe\ChunkRequestTask->onCompletion()
#9 pmsrc/src/timings/TimingsHandler(198): pocketmine\scheduler\AsyncPool->pocketmine\scheduler\{closure}()
#10 pmsrc/src/scheduler/AsyncPool(279): pocketmine\timings\TimingsHandler->time(object Closure#162800)
#11 pmsrc/src/scheduler/AsyncPool(127): pocketmine\scheduler\AsyncPool->collectTasksFromWorker(int 0)
#12 pmsrc/src/TimeTrackingSleeperHandler(58): pocketmine\scheduler\AsyncPool->pocketmine\scheduler\{closure}()
#13 pmsrc/vendor/pocketmine/snooze/src/SleeperHandler(120): pocketmine\TimeTrackingSleeperHandler->pocketmine\{closure}()
#14 pmsrc/src/TimeTrackingSleeperHandler(77): pocketmine\snooze\SleeperHandler->processNotifications()
#15 pmsrc/vendor/pocketmine/snooze/src/SleeperHandler(79): pocketmine\TimeTrackingSleeperHandler->processNotifications()
#16 pmsrc/src/Server(1750): pocketmine\snooze\SleeperHandler->sleepUntil(float 1733694154.8738)
#17 pmsrc/src/Server(1113): pocketmine\Server->tickProcessor()
#18 pmsrc/src/PocketMine(355): pocketmine\Server->__construct(object pocketmine\thread\ThreadSafeClassLoader#6, object pocketmine\utils\MainLogger#2, string[16] /home/container/, string[24] /home/container/plugins/)
#19 pmsrc/src/PocketMine(378): pocketmine\server()
#20 /home/container/PocketMine-MP.phar(168): require(string[72] phar:///tmp/PocketMine-MP-phar-cache.0/PMMPcRf4JW.tar/src/PocketMine.php)

Code:
[1169] 	}
[1170] 
[1171] 	/**
[1172] 	 * @param Vector3[] $blocks
[1173] 	 * @phpstan-param list<Vector3> $blocks
[1174] 	 *
[1175] 	 * @return ClientboundPacket[]
[1176] 	 * @phpstan-return list<ClientboundPacket>
[1177] 	 */
[1178] 	public function createBlockUpdatePackets(TypeConverter $typeConverter, array $blocks) : array{
[1179] 		$packets = [];
[1180] 
[1181] 		$blockTranslator = $typeConverter->getBlockTranslator();
[1182] 
[1183] 		foreach($blocks as $b){
[1184] 			if(!($b instanceof Vector3)){
[1185] 				throw new \TypeError("Expected Vector3 in blocks array, got " . (is_object($b) ? get_class($b) : gettype($b)));
[1186] 			}
[1187] 
[1188] 			$fullBlock = $this->getBlockAt($b->x, $b->y, $b->z);

Loaded plugins:
AdvancedBans 1.2.2 by iRxDuZ for API(s) 5.0.0
AltsFinder 1.0.0 by  for API(s) 5.0.0
DEVirion 1.3.0 by poggit, SOFe for API(s) 5.0.0
DevTools 1.17.1 by PocketMine Team for API(s) 5.0.0
EasyEdit 3.1.0 by platz1de for API(s) 5.12.0
GlazeCosmetics 1.0.0 by GlazeNet for API(s) 5.0.0
MultiWorld 2.1.1 by CzechPMDevs, VixikCZ, fuyutsuki, kaliiks for API(s) 5.3.0
Practice 2.0.0 by JuqnGOOD for API(s) 5.0.0
RankSystem 1.1.3 by IvanCraft623 for API(s) 5.3.0
StaffMode 2.0.1 by ysnl for API(s) 5.0.0

uname -a: Linux 52bca970-e13a-44bb-a6b2-24200d9cb907 5.15.0-125-generic #135-Ubuntu SMP Fri Sep 27 13:53:58 UTC 2024 x86_64
Zend version: 4.2.25
Composer libraries: 
- adhocore/json-comment 1.2.1@651023f9fe52e9efa2198cbaf6e481d1968e2377
- brick/math 0.12.1@f510c0a40911935b77b86859eb5223d58d660df1
- daverandom/callback-validator unknown@unknown
- nethergamesmc/bedrock-data dev-master@c362136334a90b85a0a429ea1c558feab62e39d0
- nethergamesmc/bedrock-protocol dev-master@42d92d093a91ce70d3dd7aa161990d08cfba9bf7
- nethergamesmc/pocketmine-mp dev-stable@41d9f438ed462b8e375b5f8437291b6e91cb851b
- netresearch/jsonmapper unknown@unknown
- pocketmine/bedrock-block-upgrade-schema 5.0.0@20dd5c11e9915bacea4fe2cf649e1d23697a6e52
- pocketmine/bedrock-item-upgrade-schema 1.14.0@9fc7c9bbb558a017395c1cb7dd819c033ee971bb
- pocketmine/binaryutils 0.2.6@ccfc1899b859d45814ea3592e20ebec4cb731c84
- pocketmine/callback-validator 1.0.3@64787469766bcaa7e5885242e85c23c25e8c55a2
- pocketmine/color 0.3.1@a0421f1e9e0b0c619300fb92d593283378f6a5e1
- pocketmine/errorhandler 0.7.0@cae94884368a74ece5294b9ff7fef18732dcd921
- pocketmine/locale-data 2.19.6@93e473e20e7f4515ecf45c5ef0f9155b9247a86e
- pocketmine/log 0.4.0@e6c912c0f9055c81d23108ec2d179b96f404c043
- pocketmine/math 1.0.0@dc132d93595b32e9f210d78b3c8d43c662a5edbf
- pocketmine/nbt 1.0.0@20540271cb59e04672cb163dca73366f207974f1
- pocketmine/netresearch-jsonmapper v4.4.999@9a6610033d56e358e86a3e4fd5f87063c7318833
- pocketmine/raklib 1.1.1@be2783be516bf6e2872ff5c81fb9048596617b97
- pocketmine/raklib-ipc 1.0.1@ce632ef2c6743e71eddb5dc329c49af6555f90bc
- pocketmine/snooze 0.5.0@a86d9ee60ce44755d166d3c7ba4b8b8be8360915
- ramsey/collection 2.0.0@a4b48764bfbb8f3a6a4d1aeb1a35bb5e9ecac4a5
- ramsey/uuid 4.7.6@91039bc1faa45ba123c4328958e620d382ec7088
- rhumsaa/uuid unknown@unknown
- symfony/filesystem v6.4.12@f810e3cbdf7fdc35983968523d09f349fa9ada12
- symfony/polyfill-ctype v1.31.0@a3cc8b044a6ea513310cbd48ef7333b384945638
- symfony/polyfill-mbstring v1.31.0@85181ba99b2345b0ef10ce42ecac37612d9fd341

----------------------REPORT THE DATA BELOW THIS LINE-----------------------

===BEGIN CRASH DUMP===
eNrtfOt328a1778ylb1WpF6BwosgoF772JHsxj12rWvJTU9DL2cADEhEIMDgIYnuyv9+f3vPAAQp
OW6bfDgfHGctEoOZPfv9mqH+eZBV9Uq2H29U3eRVeXDqHx+0+UodnDozzwsi35n6k9Cd+QFedGv9
KphObNcLQscJvFk4C/GqkE37oq6r+uD0nwftZo1ZB1f40GPHByvVNHJBo+squVbtKi/VfH5b1UU6
n39PH6enSa1kq74tMOH9OsXXC0lTm8OjU/G8XnQrVbbikSMOH9MGZ1UJpFtVH4lV17QiVqLKBL0R
4y1K1WKX6/l8lazxmOhV8/nVGMSxkHUtN2KR36jyWCSyKFQq8lKsl7I+PTk5WVYrdYK1rQTQ+mRd
dIu8bE5eyGbzIs3bCc07aeoEb2T7yUnV8Oqka/OiOdGkvKfvmLwWVSkKgBJTH8zJuqJ4mRfMHbNh
u1qfXDAZbzDNenNh0RsrkclSTeyTizdvLpJ3mf+X7yet2Zl5ecKspB0IrAG5otd7U/Ca9oeYnVkI
kdcywcMPB49s8ZuIO5z6kNbnZGw9/ayMWQA/OB+OgBlk/O8gUeRNq0gsZ8uuvH6nslo1y9dm8NAL
CSGzaD7vV83njPt8PkL+9BQrVZkyeodV/JNK2h1aYCnL+fxvGK5q75HjhcHMOxYPTBwT/Sic2fbD
04DWRtXAgT8fOYE7dXzmgCu2YlNQyvbknVoQSbVKB9IC5zOk9RyZzx9iifW0Knn8ErQ+RCZvuI/d
RdW0w6oXNIMZENmMr3cPX55yGHh76mBg36cGugGz06t+H5z8EU563YledhhOg4fRYhgak0OGMR3B
MK7khDzJyV/1wyX8GvzmoeNG+4q/i6r19KF3/0yKqulq9YveLfjcbmdk9ymTelFXq7xRh8H+fnue
bhfB3e33pm6xeIDxe3PvY0JqOwtCJmD2WQK0Hv7cqaa9ks31oWMHv47//Y2sp9DiqrhR/x6apBK2
7TB+4Qi/hmZ0BbTiebMpk4uqKg7d0P4CVnt0sC1Vq3WhWlID3iQabYKAmZeL5uRKf34nyxQ7HjpR
uLfPgM18PqCzK7TRjD21cewvkTWL9rYzeCEO7iBmPaUI3/P3TO9CAgYH9VbOF7Zy3Nm/RFlSIcYm
zMPmJeQLV3kNxuQI8WansQsEluoKMeoauF4WSq1V3bNy+rtysvdj8ANphUA/rDppyqr6pBibPQwc
d19pPo/uLiL7u/v/Gsmzeyxm3Obze3vVVQL7/2vV5lmeSFLRxmw1/Q8IvadFv0rn5/ceu7lLVd8Q
D2dT+18kqqHn9yUC9mFWVLIV40x15mlH5Mwe2MNx9qORfkNan5CXIYSr2mA59hXbVOzQm04/A+Tj
R2SITVt3yYMRrF0i90FScMWflzJTZ8iam9eVTBH7gwcTBJOjvEHa+bpaLDDPPRbYAvz+wQk+iP3E
dHjp+vdf9jmVJi/6DHmze/akuafTEvse1J0sldO0QycgGDW8ZF6rQ4PRzP0g/vPsdjubktujgw/I
WZmPSHCJOwe/HB+or/XHf1h//BuFwj7TdweODzRqH/PyhiI1sQzv8jKFJiTt8B5jPYIYS6pUkdxQ
T0Z4M29/wSD2s/Ggvzk8fPLHP+pHlx/FH8WztazlSpiM/IcP4nFM4mv0NG87bbluWllaejqlx//X
rHm6u8Q3S/TTdABQq7arS0TEHBTFVVemmqM/fNAzg3tbmRW8171lT/WqmVl1oh9Dflx3cZEnIuvK
hJym+Kxa7qiQ2FXKXqMMcUfiVA/8U++k2TxvH681LPFE/PDhT/wuHLgeOv0sBgJHXzZQr6rG7N3d
rKcL1X67O+nwyMBzB3iegZdVIClZHhrkhGyA55FGLfTNJKQo2eEfMAd2QAxNFMzLCO2onzwdJs9b
aGJ1K0p1K7R1sekfzg9e3K2xCvZkFpNd9RsTS47FomrF/EBMxGHefNReGPseif8SIOtjQl6an0/p
mQinp6OevmDAQattOBsIDodXj6nGZw4x85Z5s+XZc9rNenp3LOhjoz8+AfwvXwvzr4X518L8a2H+
tTD/Wph/Lcy/FuZfC/Ovhfn//sLckEMV3fP0hjL39Fupn0tJ54e7w8cHw+HjgTNxJy5GZNcuq7qh
xDd/d3fe/YPgynVOA9OJPbHpWZUyRp18cArJquODFMpYprQG75oqa8/HAyvJVWd9l3af5vNYllp4
VN5WXL9evL28+v7tu9fnGLpVcZO3hCnl4M+LtnmJElbVYxK2g7sEEHJjAn4nxBtkJg1yXIl9M94X
XnSMwxfJOH/xt7xmLAcihqFdErw9Eg7WUHGu1C/fvlS/lyg00Pn8hlGYz1PVfxuhZai6vHr+7ur9
xX2a1M0VoshYt4ahXZqc2cTZJWqrueJKydXvRVa/P8jYYvIrZCzbdt3A9sCLZRdPkmo1sqmTAQaI
HTomW2JHTZQtsd7EuSdAU4vsEOm4v0F4DxQ3I2S+qIx/LuQndVY1K6RnyVh8ey9+3bb0bCTUv014
B0UeA/fy5wLQX1b16vnFq4Mtrf0m8/kuckg6R3h+QVPfdEWb647altjR4JhQFwLcU9azTypZXryB
OtBef8vv8uuzf/DVgU3XNt11ju/Xssjz62aHF95/LuKEtlyvYJagdEWYmuJ5B+tflfQDuj0i5GQE
CBy6QL4CXqoRf4ahXe7cU4O/dD+Xf3779vz3suGfAA+1oNkdleIWjy9q9juJqneD0nk1ImQ0uOeW
Jt4uKa8QGc9qmbWB6/02SR5cJlWtvuvSkSqPoaPWH7Aaf/9XiLxsZZa9MW1bQ+N2bF9ae7q8acri
95IUwZrPdar2ZcSBOXeAVas0KpMHsiSssayysm7zT7JO+SnNG0LNQrqSM6Z3rSqJQPZcZ2AzwIeU
u0wxn7pn42d4l7tVMR6pQEjT7Aytk10gzc8FsPbGQ58AaPzMnblUxd0Co/bEZauIE+qFjaclsgDb
QNd4jKplzmFdXutNeLTerNvKDFAalpiTlO26rt7BOq1WJGPb9hzHjTDwU8NSHybQ0UJeZtXeWKt2
0Mna9fhxke48rXZeLpEG7TCqlUTdzpLLi9c7AlA3qkhjQ5itRZKqrNCCItaRiq5inRGPl66qumWK
oMXMktUGkilpN/NNbOfSQL4r1LLd4Ve+iPNS1huO0tg1OCC1T6pUb9ujd3H+dgdMWn1k4PuDWknG
oxfLXUE3rN7NzsLVaj2c2gQmV1hXTX43nlWDqyzc7YiC9EnpF51mt23WvgMnFZ9V7Oy8XFU7grvM
qRvz9zc7ommra1Xmn3bVYc9a8EjY3ptzW+d7enR3Z7Sjt4aNZFB4PaGDrk/5WhcZOr7+A3Yh3l5w
dbMFAyfxU95+XLF3K7uiAHeWa6PEpI/UFJXFOEyNfQjZoGzU9kYlHJyrFSzucgr/NvSg+Yi42ns6
VORtlVQAOQsCbEAp3oHvpFHme6FK/cCNQ+XNpvE0C31v5kZOHKjISeJw6sSA2xk8XudldyembpzI
aGZbyvGk5ftxbMkgdi3Xh52mURJH9kwg+4PftRx3ajE9eSIeOd7Ueh93ZduJyzcX4mWdi0u1Fu5M
ON7pFP+H4v3VmXBt1xd3YfAxIJbSVcOxj1JsG/6gbMv1x6rpcSPXRw+FeUBCAMVT9UfYYy3rXLE/
lemyotB1Qs7EwhxzikjFofMsmDq262VRpqauilQmXScKk1hmgfJDJ3WiIFSuN5sRv0HW9Ynxhzbl
u86zDMsTW/p25DiRN41nszgMwmmk4qnreuk0TIPATjOH/ThkyGZwQn3nWCbX1g1yrJSOtwARLrSs
bstn5hMrStUuVb2ANJpVchKrtIZmWJgvMR0Ct1aSeuvPEi9wHS/wPF9GNqQogZAbKekk02mYKRkH
rvKi1P4syK3GjMH6bhq5qR15EsqhZnbqpelMSidwoshO7TDJYhnF2ewe2G1XwWJnSzDhVxHynv0b
agiYdEwj62TJolvJ9Vo9zKhRV6sniY/krG69qGHqFnUCV5KNB9nBM9dO02niOCqKnCkEoaSfKTfJ
Aj9STup6QTSTARTiYdBwE6v7kOEDfICOsmSWRHEcg/XSdmZehI2SeJamoRMltucpFc2cON4DzW6c
I6hxN8GzJMkSJ4wi8CNK/Wno+Ep608hVrq1ilfgA6jlJ6O9CelC1qNTxngX+LJz5oC0IYNJypqZh
OIUZq3CauF7iTlUIhZF7VEMtGAYFE+eZtH3XycA4Zcd2Ak3wbDuLoSbTyHNDz5uFWSCnytmFwVcp
lrqxx6Bm4FQiVeSHEH0QypmvEvA78uMoy2aZypxw5rlpAgXcAwWxIgHpjQAmGIFVkaf8mUeMmWX+
1JmqBB/JVGV2BgFPgZ8/k2Gg9kHpIEliU0ESOW6C+fZ0moSkBI4dqsRNnVkUR0Hm235i+94uBOML
uJJ8liYOUIYTiKaxB1+SuY6dzsLYS8LU95IgcMGYNM52QZRxO0Bw7alvuzOoCxyI7QczN4mdwEsT
SZ3PIHPtWTTzsz2OjOzE2rGTGx+kRVH0LJJB4CCpgj8KlDcNVRhIcCxLYXkzO/ASKFII4e3CreW1
zhCprHCexcqdhV6spk4Qwzm64czNMmIVxG/70FHsMYuj2UNArHydGCqdZ4kKwJ7MTYKZ76mZo9I0
nqaJ50aJH8HvTqdTSCFOdgHpLjHLCzb8DNJMI6UCO1G+P5tOUycIUhASSz8O8U+FXgCfrFOPVaM2
J+YgYlT0PcNcP5wFfpzFcZh5MpB+6kgVO7AzGDCUHLHclyMgXZfreDQjrXNsL4oTJ5PShxdxYEM+
jCACgwN4GC90VTKzw5CWL7tVI2W//r4HazarrCo3J5TgNqbcO7gJIEDHfZaFjq28JE5hGmDUNAo9
hKUp4osdZZ4fZTKSKfYfwVlXxQawCqvPuW9QGjpEs5ckYWz7PhycnDoe1ByA/VBl0DEv9kI/8qeB
Fz4Ea5TR9uDgq0MHYSCKXQ9MsGG5JBKXOOfNAgcGkaWe7+hiaRDnZMOJ1CNBTVORVGWWL7qaDw8E
sUBkVS128qB5+UhcLaHnolFtS0dZQtZKIOyIqlQNvshWJLIsK747lZdJ0aX61pNubE8Q5GAXLbIC
gnVZrfQNq/swG5mpY1FRRGsIpIiRL16LTdXVBpbIM4GELs9y3gHZBV1HKjYE+K/qdgB3gqpAdkXb
iNuq/KYVZJmyFiheK7iOnHz1hjCkCxya7tulKoWOLQAwmZfzsgd2Oi+FePT9kkOtaCtBVxgEQJiz
APDA3JYBUvyaUdUOU4CfhWqZX9QZTZTQ/phGVgQZHE+UVUjKxxfqVGSyaBS9aJZdm0JLLXPp7VTM
D/RRiKBjLZXODxiz50VR3fIFJSDTX+wQN7kU/69T9Ybm/ExfLPPqVFC6yktfcKlu1gjgJShhE5AY
mELQ4o0wrKT5urK3htcjZB99D0WFRoCvMk0FHKNmP7GVDn/ESkk6iePLd2B6rAhpMEf93MmC2MaX
5gSiZ6fEodkUSeoRQdc7KqtWaxRyFthOZzWneM17/7VbxeAKtIoPJOnMU9zyeWcz4QnvwS1W7Z5S
mrasq7LqID06Ij0W3BUTuiogezgWlNbW+nifeXOrYhpbdaU5b9PAL1m8oAlaVld3OTRMgQ0giTW3
HJAj3hqEXmWkqzSHdPJY5O03YF9b87JUtXRORSqzt1gcgoYOduMyW5gMy1B6yqD2dVWyctRdWZI4
U6qgqzULgauYZiLO1Y35Llb5YgljrlF8HY+NzygOcaSuu3WrRzXDiDGorpWhi4ULo+RsP9UGIW+q
PAXaD2NAOkI6V4HR0K7JSNEof9WTep2dlyuF3TbaJv9cVDGUh5pKQo/DDFZ5S6a9UgsZb1owXFxq
TtvMW90C4uVXJLTbnBnPCgWbvbU0oF7HGiYwy4EhHBLfYiEwWa1Uv6XWcQirIysViwpyqshKSSlo
owWjaTFqp8ImKrA7e2BdwP+vp4C6dL+G/1LW6W/Dv2mrNaNgvOeAkgHXCHiPtWzI7fUI0a49Vigm
fYMY+wB93cHg13zzO2DIZsEokcMQSYfYUyL2CHWnko59b6VR1gZJsWqYre4SpdJmS5H2W2+vXpyK
q+9eXYrXr968uhLPLy5ev3pxKS5evBPfv3333y/eHQtMEldvMeuF+P67t69fiIt3b89eXF5O9j3A
Dj/caWDYcaHqvOJ4TH64IQJROrFHZm4MvtYB75ERpOxaeIoFT6i0l2VQZ1UJOuGfoU1E7+eUTSvZ
7ZICK91QhgfS0xiyBgLPu/XjvXFjj7cUQijM84LJ/dmkC6bFDLGtVULZgOYsoavlqtcONEC91LrZ
kurZhtbm6GGUDOWeoXwh6xiWYW1zWXZAD3OXTY3QMauEWQXXvZJlx7nHGBPkZR108Oi4Dwn7Stir
oY6uWQZYmt7V1gQn4q12+VrhkTxUXZEOuOSIIbel2OLfaMBrRh+EBrZtaMVuL9lZ3IuRrDoawkBb
VlerPtbq1WaGNVbNsYSJGiPJe7ohHlCpHe247PNFElmNnUgNjSKn3WqtkyudwQnzwqIXvbzOaZJZ
wLgzmj0FdIX5VsHY5QMMRsxG3MMON1CypukUOYZ2Cakt+mSTnBbttsXquBekThFMTjnR2NDUz/Jp
Je8s7u83Pe5nck2j+apbIcTSfQECzneqSZBCX3rUWGz5SvZiWMkWc1/HkGuvDUa8oUVJcIeY6w8S
O6/0q32dptSIvJ6Gryf3JqRhmYljyjhx0JdRBtrOgQqnKsgeiXvATucXGoq+3y70Gk3hljosM/w0
5ztmZ5q8TXaJgQVVAQbur4P6NT2cl+bS4qkJEXT5typ0hhnLNllyIq4vXh/zPXUdZNi36cKnv7DP
oSVWQ66pw9ujsZT6V+RW601LwI+F5YwEyMLjja22R8aEAPba2zSWj1Aog0w15VTKcJ5PizFo0JqI
75AKKvqFAOV24uzi/THWAocY9nWbp1B7zhW09xzgWwz/VAR91r1NyBvmzjilTjsOIoOdURcTCPFL
WFtJV9nxKKiwKhNYUtwhSZIb6H7aJTvGKejAcBsPR7uMS5RdQWnDH029J6leRoWsF+xapakY7wtt
x1sW7MvgahTJiFdzOrUkTMdFyvF9JKCEVLBCu8BiZCmUOCDhJoQ1IIPUg8SOpe/Y7NGpyLsjL08Z
tywmgoTy/qK86GuPbT1MpRVtdIs0ghZ263Jtmee9Yu+N8UJN/kkNXCPSepY1lACYFBJVjDaXUarh
R65edDQRF19gM++Y1XJBJIDVYEWzLjiDo2p7Rb+ygvOTNemt/omObh/U+hqxeHP1njFtQBKRTXpE
7QpW7e12utaa9L531XYWrTplbMflMrSRTljZ92WC+iQJncUPZLZ4yvJkIjhqLyUlRSJfgTctOUtI
g/9aB9y21mmI74aRXhInEIU4MCFlkRzejEno1ApzW2OzRInS7RLj+k1xef6Wk8bzV5fPv0W+yPll
V7L5UgDrKHLwcatOmnIyTvNDr3Rcfm3p3Po+Pqc+7WvYp8Kh2tWk8Eu4b34vTMei0T0WMpSyqXQy
YzyEQ8A01hra2bKqGu7D9KWr6psTHNWo8SwaedNHT3xVln7HTelRVwOI8YGcTmJNi+qnKi91f4Q5
9Y34e1zdkSesxatzcfj396/OjyB3uEHggPm3EBsJJmeD5pK2Tg1/dDoGa6i2sithfn//9nUP35S7
o5FveDM64uNEisVrUjOmreobZiatuAN+Fl23eFJlGW+Ld3m2se66PN0KhPlp7faqrrjZpE1N/2EY
zQOOfMauusY0vfQvhtjizRpLrzkV5sCdttEh1YQLswvlBLJcDDVbScuK/dTkuJ91k6tba0hYHuoP
auY+X1UdeY9Mx37jTMCynrWU61C2zZ0hiJ++I9zx4necuowWM+Gl0p2IWGlgsaLfrsGNyNuyj0Hm
JyOkWjQ8JEH2lnzaaCD/3k6yph8GCtlrLPbrsaTPAaCz17MyP2LLyyZPlTB7UENUQmeaLh4TsqC8
ADNUqrMBfhiiNTfPjHxlkqhCcfGjNZR3LfJrbEGlPzuTQoIZi7q6bZfaFWELKZYa2shPwYCbVmcZ
jKxFbO9Rs7Yy0AHn1Xkzoos8LQlPQxP6JHYg0zTR+sxNnx6O+Qx4FlBE5T880V2u/jsVOFsBbbt3
p32cmgi5r0/GKd3KnKt2BAkdqWPqQq27ojcH80CBleeYcOC5tCGXe0Q670SRlDwSUh9TSNGI6Vee
mpSO2qvcRNDDOiMy1/iByNbzpltnRhZn0Q9r94YGg98dNjccRrEadm7p+3vDzCWEeapRmdAtkkle
McZwYZsVFcEw0ZbayUmzRZ3Cj3kvtu+ZBHZfcrGo1cJ0Tk2bVbeTWvMDhh36GD/4kLfnb+kmu2Wc
vY775JZula60JP8UlHZsGPEtATw2GZ1tIP4OnO/4x49aOPeYCoHq90bDkOHQBQWOUaM4ckZHEGrc
skTCVqyXEraiyGPXQp+uT3SPWmWqRm5qkb8rKcjpt31M0hFB7rRAze2SURDtUGsgZ2Gf2bsmA5Cl
rN/3e9yTqqZrLFbzS6SdKEtAaT5pPQUCkiK5Z9qQe7tmUd/Hn2w3MG/GO/Scu9d7Tjh3pV6wJAWi
I4lRNsAVtTH8FJwtdW3Dv71P+16amTuk3PkCUaYPw8hls44PD8j2CFngnlAmWgpKtjnlGYIqt5nH
MCnnIy+q66FDNVlMmEg86EXH4py0C5+qTSZHo9QoL9ddO1aVz2UvJjRq/dV2P+oU9pi0eWu0qO8J
Ls2g9vb1QH/PL0HGVmsK82wARJcGulofp5Hj7RtlOggBnnHUffaADJNqLC06ndY0pqznclxnjCTL
FCKqURDf8JEWvsl1L1lhoGgCHj0XpOhAhoc5E6cCg44LaSln3TprHTSDjjUMkKMein6knAS2nQqW
HnOByoqaQiU0Zh8FTE9QR2B+vBmOwvaPNGFsjSqyiekpUSJjKJOlBqRbcTnbxw8fUPpS2ES2dwie
Kh2JydzzO7XdmefMR2etp9TTnh9opIlh/RGbRIWnd46V2Tk90iKgJafYskftrOdQL1Az/Vg3A3X6
2LNf/A9kReyGa+YtM2OHA5e0C8op9HSYcdgTcaR3o+T0mNMF0imSGU3tCSQUiPd0Xw81yISVlOHQ
OrKmrtHdzaZaKW3L95liUKEl4E1V653n5tdGNLw7RauDjCmOih/2uPthJEI6dtzKj45DjYkxsMPm
SMstb1kbjcpTzYJZxg1jA/Ptg34Lr2IkwuUG1h2L/X2pcrom1dnRaZ3DS/PnRoAQudnH3LShUwxG
DbkLkOznHIvHLjtifQpC3WlyOxpPOhyVKegGKtUagD5gc/HjMAyy1d2PwnoqfsRrfuB111AEwr7L
E1gMkJcbiOMV9eh0RkwTAG5+oAHy4xaWWfej+D/4/uBSmjs/+HFAUqd32JIeiODHbr8rnfyTD6CC
+Cf6UyuoqRRmUcr82P1Dj8IWCgOHx0MCV6YaIYa6Ozyg9mvwzew/MKqD6FaSBNfLiLrzfHFrIw5h
66wtIw1CypIXjTnV2QwGifztBixKj4yIH8OAKJA8fozS+PFjV8uPdhrLrxfgMP6AAI9Hr3/U+lRW
I3SfCL7eNaLHaBbqkAV0j1LtBd+1GKnhmpJ8YYnD5WaNNOtIyKw1XRr6BdqdRrddsxkB2ZaUzdLI
mlFqLIqZTR8aYczZGdJZHB/WNSN8nf5syDQxzdbayxICAPRjz+0RVaZ8pMPLO3PJYcfr6yNoEiVA
pdXI+yA/Uj1BWytg49Wl8FAuj6+i7AYZPsjRZQXle6p9sHIVGhuOmNSL5AMA+lnMulCm7Da9OEm3
p/W+PK6/AiIlqL7t68dhx1Px8vXzKz1IbT5FZ3t/Mjcij6fRHdxRqY69uzSv22Ouk/5keiv6ssf4
2EQLhriN8G9ONWVn8sECCUWyEfr3tV3dV0R9r7gerolwuk8CLmTC13Cank9Wf8UE9qYbaY9ecp7P
W/H8HSDciTIjH0cjFnd0Rq2WSnfbWP6NabMn19SYbLh5irIjzou83WgzGfSE/+RMoWs4nZ5oKhm+
BSSHQomuXe0LlS5KXWxFfMa3pfi60LwEXp04V4mYCsc/9fxTOxQXl1d8q3perqo2ffI3RRfi6R4R
/3yZUr8nTuT6KA9vl3mrLIpRT2wqvEpUqMnQzpLJMlf6jy41Tyq6icQNCbosrHMzWkQtStMQeTIl
IKR8VlbQFQ7qGPWrZJmvQOJ4aFXFGi513Ol+PMHT15CGEZ5OB8p070Q/rW/WvCrNqbsJ5d48QSU8
aOpQkj7pm1IUwJ/oH5sNbSqVDq8pz39y/uLl8/evoeAmseabSk90emqGaoRCjQF9m5BfAdD0yR/5
P1PvUXxm7Ha6TE+m83LURysHYeTrJ/aE/81L3nIyFs9IYjcBBh3PG7DJ1xgiSP2NrSeKStuDX/4/
6VOPlQ==
===END CRASH DUMP===
