PocketMine-MP Crash Dump Thu Dec 12 15:58:25 PST 2024

PocketMine-MP version: 5.22.1+dev [Protocol 766]
Git commit: 41d9f438ed462b8e375b5f8437291b6e91cb851b
PHP version: 8.2.25
OS: Linux, linux

THIS CRASH WAS CAUSED BY A PLUGIN
BAD PLUGIN: Practice

Thread: Main
Error: Typed property juqn\practice\handler\PartyHandler::$plugin must not be accessed before initialization
File: plugins/Practice-main/src/juqn/practice/handler/PartyHandler
Line: 435
Type: Error
Backtrace:
#0 pmsrc/src/event/RegisteredListener(61): juqn\practice\handler\PartyHandler->handleItemUse(object pocketmine\event\player\PlayerItemUseEvent#263564)
#1 pmsrc/src/event/Event(63): pocketmine\event\RegisteredListener->callEvent(object pocketmine\event\player\PlayerItemUseEvent#263564)
#2 pmsrc/src/player/Player(1616): pocketmine\event\Event->call()
#3 pmsrc/src/network/mcpe/handler/InGamePacketHandler(524): pocketmine\player\Player->useHeldItem()
#4 pmsrc/src/network/mcpe/handler/InGamePacketHandler(349): pocketmine\network\mcpe\handler\InGamePacketHandler->handleUseItemTransaction(object pocketmine\network\mcpe\protocol\types\inventory\UseItemTransactionData#187228)
#5 pmsrc/vendor/nethergamesmc/bedrock-protocol/src/InventoryTransactionPacket(94): pocketmine\network\mcpe\handler\InGamePacketHandler->handleInventoryTransaction(object pocketmine\network\mcpe\protocol\InventoryTransactionPacket#241449)
#6 pmsrc/src/network/mcpe/NetworkSession(534): pocketmine\network\mcpe\protocol\InventoryTransactionPacket->handle(object pocketmine\network\mcpe\handler\InGamePacketHandler#291684)
#7 pmsrc/src/network/mcpe/NetworkSession(472): pocketmine\network\mcpe\NetworkSession->handleDataPacket(object pocketmine\network\mcpe\protocol\InventoryTransactionPacket#241449, string[96] .............. ....2.........display...Name....r..l..9Veizer..........3..Cr=.Bv.)
#8 pmsrc/src/network/mcpe/raklib/RakLibInterface(214): pocketmine\network\mcpe\NetworkSession->handleEncoded(string[79] .K.c`b`d....._..@,..........R2..r.+9X...sS...-/:.<..r......".80.iq....T.a......)
#9 pmsrc/vendor/pocketmine/raklib-ipc/src/RakLibToUserThreadMessageReceiver(40): pocketmine\network\mcpe\raklib\RakLibInterface->onPacketReceive(int 13, string[88] .[.H@iF....vt.}H.a.3..8A.xX.E......H:.....>..~.f...$G...dd...F....i.f....|EB.2.\)
#10 pmsrc/src/network/mcpe/raklib/RakLibInterface(107): raklib\server\ipc\RakLibToUserThreadMessageReceiver->handle(object pocketmine\network\mcpe\raklib\RakLibInterface#191912)
#11 pmsrc/src/TimeTrackingSleeperHandler(58): pocketmine\network\mcpe\raklib\RakLibInterface->pocketmine\network\mcpe\raklib\{closure}()
#12 pmsrc/vendor/pocketmine/snooze/src/SleeperHandler(120): pocketmine\TimeTrackingSleeperHandler->pocketmine\{closure}()
#13 pmsrc/src/TimeTrackingSleeperHandler(77): pocketmine\snooze\SleeperHandler->processNotifications()
#14 pmsrc/vendor/pocketmine/snooze/src/SleeperHandler(79): pocketmine\TimeTrackingSleeperHandler->processNotifications()
#15 pmsrc/src/Server(1750): pocketmine\snooze\SleeperHandler->sleepUntil(float 1734047905.348)
#16 pmsrc/src/Server(1113): pocketmine\Server->tickProcessor()
#17 pmsrc/src/PocketMine(355): pocketmine\Server->__construct(object pocketmine\thread\ThreadSafeClassLoader#6, object pocketmine\utils\MainLogger#2, string[16] /home/container/, string[24] /home/container/plugins/)
#18 pmsrc/src/PocketMine(378): pocketmine\server()
#19 /home/container/PocketMine-MP.phar(168): require(string[72] phar:///tmp/PocketMine-MP-phar-cache.0/PMMPkFXt8A.tar/src/PocketMine.php)

Code:
[426]         if ($archerClass->isEnabled($player) || $rogueClass->isEnabled($player) || $bardClass->isEnabled($player)) {
[427]             if ($item->getTypeId() === VanillaItems::SUGAR()->getTypeId()) {
[428]                 if (isset($this->sugarCooldowns[$playerName]) && $currentTime < $this->sugarCooldowns[$playerName]) {
[429]                     $remainingTime = $this->sugarCooldowns[$playerName] - $currentTime;
[430]                     $player->sendMessage(TextFormat::colorize("&cYou must wait $remainingTime seconds before using Sugar again!"));
[431]                     return;
[432]                 }
[433]                 $player->getEffects()->add(new EffectInstance(VanillaEffects::SPEED(), 20 * 7, 3));
[434]                 $player->sendMessage(TextFormat::colorize('&eYou have used your &4Speed IV Buff'));
[435]                 $this->plugin->getScheduler()->scheduleDelayedTask(new SpeedTask($player), 20 * 7);
[436] 
[437]                 $item->pop();
[438]                 $player->getInventory()->setItemInHand($item);
[439]                 $this->sugarCooldowns[$playerName] = $currentTime + 50;
[440] 
[441]             } elseif ($item->getTypeId() === VanillaItems::FEATHER()->getTypeId()) {
[442]                 if (isset($this->featherCooldowns[$playerName]) && $currentTime < $this->featherCooldowns[$playerName]) {
[443]                     $remainingTime = $this->featherCooldowns[$playerName] - $currentTime;
[444]                     $player->sendMessage(TextFormat::colorize("&cYou must wait $remainingTime seconds before using Sugar again!"));
[445]                     return;

Loaded plugins:
AdvancedBans 1.2.2 by iRxDuZ for API(s) 5.0.0
AltsFinder 1.0.0 by  for API(s) 5.0.0
BuilderTools 2.0.0-beta1 by CzechPMDevs, VixikHD, dadodasyra for API(s) 5.0.0
DEVirion 1.3.0 by poggit, SOFe for API(s) 5.0.0
DevTools 1.17.1 by PocketMine Team for API(s) 5.0.0
GlazeCosmetics 1.0.0 by GlazeNet for API(s) 5.0.0
MultiWorld 2.1.1 by CzechPMDevs, VixikCZ, fuyutsuki, kaliiks for API(s) 5.3.0
Practice 2.0.0 by JuqnGOOD for API(s) 5.0.0
RankSystem 1.1.3 by IvanCraft623 for API(s) 5.3.0
StaffMode 2.0.1 by ysnl for API(s) 5.0.0

uname -a: Linux 52bca970-e13a-44bb-a6b2-24200d9cb907 5.15.0-125-generic #135-Ubuntu SMP Fri Sep 27 13:53:58 UTC 2024 x86_64
Zend version: 4.2.25
Composer libraries: 
- adhocore/json-comment 1.2.1@651023f9fe52e9efa2198cbaf6e481d1968e2377
- brick/math 0.12.1@f510c0a40911935b77b86859eb5223d58d660df1
- daverandom/callback-validator unknown@unknown
- nethergamesmc/bedrock-data dev-master@c362136334a90b85a0a429ea1c558feab62e39d0
- nethergamesmc/bedrock-protocol dev-master@42d92d093a91ce70d3dd7aa161990d08cfba9bf7
- nethergamesmc/pocketmine-mp dev-stable@41d9f438ed462b8e375b5f8437291b6e91cb851b
- netresearch/jsonmapper unknown@unknown
- pocketmine/bedrock-block-upgrade-schema 5.0.0@20dd5c11e9915bacea4fe2cf649e1d23697a6e52
- pocketmine/bedrock-item-upgrade-schema 1.14.0@9fc7c9bbb558a017395c1cb7dd819c033ee971bb
- pocketmine/binaryutils 0.2.6@ccfc1899b859d45814ea3592e20ebec4cb731c84
- pocketmine/callback-validator 1.0.3@64787469766bcaa7e5885242e85c23c25e8c55a2
- pocketmine/color 0.3.1@a0421f1e9e0b0c619300fb92d593283378f6a5e1
- pocketmine/errorhandler 0.7.0@cae94884368a74ece5294b9ff7fef18732dcd921
- pocketmine/locale-data 2.19.6@93e473e20e7f4515ecf45c5ef0f9155b9247a86e
- pocketmine/log 0.4.0@e6c912c0f9055c81d23108ec2d179b96f404c043
- pocketmine/math 1.0.0@dc132d93595b32e9f210d78b3c8d43c662a5edbf
- pocketmine/nbt 1.0.0@20540271cb59e04672cb163dca73366f207974f1
- pocketmine/netresearch-jsonmapper v4.4.999@9a6610033d56e358e86a3e4fd5f87063c7318833
- pocketmine/raklib 1.1.1@be2783be516bf6e2872ff5c81fb9048596617b97
- pocketmine/raklib-ipc 1.0.1@ce632ef2c6743e71eddb5dc329c49af6555f90bc
- pocketmine/snooze 0.5.0@a86d9ee60ce44755d166d3c7ba4b8b8be8360915
- ramsey/collection 2.0.0@a4b48764bfbb8f3a6a4d1aeb1a35bb5e9ecac4a5
- ramsey/uuid 4.7.6@91039bc1faa45ba123c4328958e620d382ec7088
- rhumsaa/uuid unknown@unknown
- symfony/filesystem v6.4.12@f810e3cbdf7fdc35983968523d09f349fa9ada12
- symfony/polyfill-ctype v1.31.0@a3cc8b044a6ea513310cbd48ef7333b384945638
- symfony/polyfill-mbstring v1.31.0@85181ba99b2345b0ef10ce42ecac37612d9fd341

----------------------REPORT THE DATA BELOW THIS LINE-----------------------

===BEGIN CRASH DUMP===
eNrtPG1b20a2f2XW8LSwawm9W/Je8pACabibFG4gTe/WfZKRNLJVZMnRC+B0e3/7PefMSJYMJOk2
H/ZDyG6xRjNnzvvbjPltlBTlktdvb0RZpUU+mjrjUZ0uxWhqTmzHcCaB4eq27QYTezxqVvKVZfhG
oLu+7wSuYXpG4I9HGa/q07IsytH0t1G9XsG0kXwej5aiqvgcR67gRcxWZbESZb1mvzbv89lsVfKo
TiMxmy14HmeinM0uOLx+Lp+m091V1szTnC2bqmZ5UbNQMB5FABWAhQJIECzN0zrlWfqB10jHeJQ0
WfYszXDXg0WxFAdRkdc8zUV5IMFVBxdqY20J4wdVGR0gQgctPgcKnYM+NvpqsULoEvKfgQRQMkAH
WG67wHSYCp9/Hu0YbLVECPh/cSPy+uCVmKdVLUoRv8DfQMKeZ+5PP4992hM5fFaL5etK7BXhryKq
2aqIrkW9BARmM9oFAGV8Tavpt5p/iu92LM92PWcfUN4x76FHU/Y8GzB6AOp95LUnEc8yuerPYmP1
sJErDuSCPdMzvYcxIiASiT0CYveA5KK+Lcrrg2W02ojtLP+eL8UFR1CKrXuu5WyBH2KsPWkq8Vxk
MaIu93H+nX1sJ9jaRy2dzXBtT+oPrG6FD6xDNK5KnleoLUX+EOe3AIOZ1kVUZLMZ2nM1m6U5cq4o
17PZfYAnvOY7pj+xLJ+IdRWxsCQuSqR3Ico5IFgto4NQxCVsrLVbEEvOWvA9qJKavcD58zx4CPwf
4sLj+O1YjumAnJBu7zEh/yAfLsFt4c6u/QmaPmfjlrbPoONjLNqxAtPzpUVNPhN/Z2J9HP/h/BZT
VBMl1C/K+zGr6jLN5z8H3i9MH/zQo9U9xmmFlgqffgA+4Eip65muBz+K9AM4+O7H1vXj8lD/7kYn
xviPMabk11kaHrzi1y/S8CwHX5eAL9+zTOffYdBpHhWxiPcUOZMAyPmHHr0L38WE1VtdPxpvkHxl
If5/C36Cz9Ul/Ec7mOr/RTThz2yk+4aevsfPVzqXg0ROMLTPDZ6KHi1dSVolXVcFmHx5tSgFj1/K
eP5KRCKFxGHPMT5OqAQIoWDIIe1JK0MFaS/Na2banSh9H2j/WX9+lD5DtG9q/ffnQAPIxX+q3/2k
n0pynk/p1xNd/z89gQ+736OUkVu0LKVB/V+n34ESzGYyiBl/UJimMQEaW0KAEzdoSsCilqqP8OcP
GOkjnNoxA/hnSdT7AfgK8jGwiOga2HWZCQFpVRef/H9TKJ+x5rcoK6qmFL/LuGZaj+pSlRfFB0G4
buFnWtta8zgxQ6S2d7c/jyGTydZ+ErfZ7N5eEJpAgj8UdZqkEeWTldrK+TcInQR/hM7H93Z7ZF6S
Au6ZE9f4TKIqfH6d12m2l2QFBzvr5feODNmm98AWprmd2Mk32hNIOq8vJL5FqZDsR48LWvMS1uzZ
rvsIkLdvIS8He2+iBwNCTQYFPKPflzwRx1BpVC8KHkPY8sbsgTUNEAnZyktIxV8U8zmGt86lmBAd
tsuB7qXl3H/ZZviSPP8R8ibbxiY9hGJKcA/qZq328gJKCo75KsIoxfsmLUXn/a1fGL6dHhwc1MvV
cJ2Gb7SIRwuhGwcXL19eXD/7qQbXWPNyC0OsWvZHv0CZQXyEygW5M/p9PBL/UTXbF6+qtskdDozV
Vm8hsy2yG7GEHAPexSCBqO7ewkiLCYxhdEZ+OZYHL5j6SRO2t8tLEEVJCqo9SavTnIcZRPJdWRjs
s3/9i+2WxbwRH58S8jJ+dMY++w2QcKxJb/MOgRRScu3JXNQos7N4b58dHh6yH3meZhnHfL2aTi9f
f//01d7+YFoL1N8C2gJOQWr13m69SAGnqpnz8rgosri4zaufFWKYS/2yz775hu1GTVkCI9HNsf9i
n7NK7h48sDv+7JYCFQDsgUAefgZIpg3Q+DvCt43H4K9UwVaBV1exe+9K3NXPqDcynUIGWpSQG+7N
Rt9E/1s0UqlveVpv41YJsPG4ahW8qeAFu0Q8GZ/DvL/MRvv7EhvzEWxKUTdlLudYD8z5nd7YD7zp
6ADJniYJqHCFcuZxvJeLWyaHzsDZ8hwyGqUVaiLoxcXp6cne/phZBvsrm4yZ3WLqfGyvT/Ls228E
smzBb5AfYPzroinZN87lSsDD2Y/suyZJvm33ch/aS4pbGiNRdwl2FjcYXIG+Sj2cCEQpvuLVNdFL
G9BTazstbWovtF/6MHloU2lLq2K1p6b7n2B5V6IQUvAMAM5ydEvSMBWY4HEKP6bQh0O7+htzDYLn
GIoKZ1uhfmciq8Rn+4Vnp0+vnp8+4hkc63M8QyI4Fvl/2Dd8Yp3EwP6D3uGjQB/yD47zn+QfHPcT
/uH3rz3Drz3Drz3Drz3Drz3Drz3Drz3Drz3Drz3Drz3Drz3Drz3DL94zVORg0+tpfIPNg/g7Lp9z
jvdBhsPjUXeZZGSC+7RghDf1oigrrFXSV3cnzT8RLl+lOODqhm7gs5CtrtEUJCvGoxh0EWolmALv
qiKpT/oDWFXBBuVd3HyYzUKeS+Fh+6+gBt/F+eXVm/NXL05g6FaEFdTAWClD2fQ0q6tnaQ7K0Cdh
MzgkAJHrE/CFEMd8olrMZhz2TWjf2WyAwyfJ+K5JM5h6BQVuXxaD4T4pFqKrhaLm5lAixx9EtLh4
eSJucMGP6V16/Ry3i3lcxLxal/xLSSvCnVbLGHYCmUlEa0R0NttC+6PUL+p6VYF6z9N60YR6VCwP
ejQcDEABo05Of0xL4kHHpG5oKGt7S9ajFfiCFDvBl+fPxJfiggQ6m90QCrMZsEN96qGlGHB59fTV
1euLe8IHQrcF3w0NaTIn+pa8NybOrgRffimy2v2BjA0mHyHjASluMDvoYACx32f8gzguqqWA8NEn
eevFxw1XzoYE+s8RPIJsBowif58BdOwAPb04G2240G4ymw2Rm836eH5Cui+brE7fFGUW94jtDQ7N
2tQ/bdDH/6QrceumrprrFD5f8yxNr6sBL+wvZNlLxPQWMQWn3Mf6z1h1DxBwqDuQ2fCnd0az5fSG
3Pnv5n3+/fn5yZfS++2OWg+PT/rwVzy/vlxXtVj2COkNbpmybg9JOYOwe1zypPYs+89JcnQZFaV4
3sQ9Ve5Dx5y/xar/+XOIvKx5krxUx2aKxs3YtrS2dHld5dmXkhTCms1kHvhpxAHzFS8BXahyCBX9
gRQM1mhaXmi36QdexvQUpxWipkEulBKmd7XIkUDyXMfAZgDvY2LkUpCtB8/gXe6WWX+kAEKqajC0
ioZAqvcZYG33hz4AoP4zL0u+jkXYzGHUgFG0ijBa8nrRnxbxDNgGdPXHFk1+TQmyRWttnUbL9aou
1ADmeJE6Qd6sa8oB1nGxRBkbhm2aVgADv1Yk9W4CHv+meVJsjdVigE5Sr/qP83jwtBy8XECONWBU
zZG6wZLLixcDAYgbkcWhIsyQIolFkklBIetQRZehTLf7S5cFZDM5TTKJJcs1SCbH3dQntpmLA+lQ
qHk94Fc6D9Ocl2sYs3FXb4RqHxWx3LZF7+LkfAAmLt4S8O1BqST90YvFUNAVqXc1WLhcrrozcw/I
wh1XRZXe9WeVwFUS7mZEgPRR6eeNZLeh1r4CTgpqxQ12XiyLgeAu0+UqEz+9HIimLq5Fjv22/uCW
tcAjYntvzm2ZbunR3Z3SjtYa1pxAwWvdQQtKV7KCkfH1n2AX7PyCSqcNGHASv6b12yV5t7zJMuDO
YqWUGPURDy941g9TfR+CNsgrsbl+Dw7OkgpG6fFoaoAeVG8hrraeru1vjqYTz4MNUryx4JhxkDi2
L2LHs0Jf2BM3dBPfsSdWYIaeCMwo9F0zBLiNwuNFmjd3zLXCiAcTQxOmzTXHCUONe6GlWQ7YaRxE
YWBMmKub4Hc103I1oieN2I5pu9rrsMnrhl2+vGDPypRdihWzJsy0py78z2evr46ZZVgOu/O9tx6y
FO/O932UINtwOmVbrN4WVYsbuj58yNQDJASgeKJ8C/ZY8jIV5E95vCgwdB2gM9FgjrrDgZWneeS5
pmHZSZAI1xKBSLhlBn4U8sQTjm/GZuD5wrInE+Q3kHV9oPwhaCsuT2B5ZHDHCEwzsN1wMgl9z3cD
EbqWZceuH3ueEScm+XGQIZnBAR4ShTy61m4gxwL/jvdrgO3XeXGbH6nfsOLh0w2Yz/EKirjRlhzP
wI4i27NM27NthwcGSJEDQlYguBm5rp8IHnqWsIPYeBTkRmP6YB0rDqzYCGwOyiEmRmzH8YRz0zOD
wIgNP0pCHoTJ5B7YTctCI2eLMMGvQsg7+gNqCDBLUQm8MkOiW/LVSjzMqF7HrCUpzPC/zWpegqlr
eANgycl4IDs4sow4diPTFEFguiAIwZ1EWFHiOYEwY8v2ggn3QCEeBk1n5fcggw9wAHSQRJMoCMMQ
WM8Nc2IHsFEUTuLYN4PIsG0hgokZhlugyY1TBFXuxjuKoiQy/SAAfgSx4/qmI7jtBpawDBGKyAGg
thn5zhDSg6qFpY595DkTf+IAbZ4HJs0nwvV9F8xY+G5k2ZHlCh8Uhm9RTUfXKpiYR9xwLDMBxgkj
NCLQBNswkhDUxA1sy7ftiZ943BXmEAZdIVNHRQRqApyKuAgcH0Tv+XziiAj4HThhkCSTRCSmP7Gt
OAIF3AIFYoUEpDUCMMEAWBXYwpnYyJhJ4rimKyL4FbkiMRIQsAv4ORPue2IblAySKDbhRYFpRTDf
cN3IRyUwDV9EVmxOgjDwEsdwIsOxhxCUL6BK8iiOTEAZnEDghjb4ksQyjXjih3bkx44deZ4FjInD
ZAgiD+sOgmW4jmFNQF3AgRiON7Gi0PTsOOIT2/a8xDImwcRJtjjSsxNtYCc3DpAWBMFRwD3PhKQK
/JEnbNcXvseBY0kMljcxPDsCRfJBeEO4si2vygrzKBTWxLdD4ZpeCM7R8idWkiCrQPyGAzoKe0zC
YPIQEDz1UVSaR5HwgD2JFXkTxxYTU8Rx6MaRbQWRE4DfdV0XpBBGQ0CyA03yAhs+AmnGgRCeEQnH
mbhubHpeDISE3Al9+Cd82wOfLFOPZSXWqMebtIKKviOY6/gTzwmTMPQTm3vciU0uQhPsDAwYlBxi
ucN7QJomlfFoglpnGnYQRmbCuQNexAQbcsAIAmCwBx7G9i0RTQzfx+WLZllx3q6/78Gq9TIp8vUB
JriVKvdGNx4I0LSOEt80hB2FMZgGMMoNfBvCkgvxxQgS2wkSHvAY9u/BWRXZGmBlWptz30BpaCLN
dhT5oeE44OC4a9qg5gDY8UUCOmaHtu8EjuvZ/kOwehltCw58tW9CGAhCywYmGGC5KBILOWdPPBMM
Ioltx5TFUidOfU2J1A7DjiyLijxJ501JBxMMWcCSomSDPGiW77CrBeg5q0RdAxIV46VgEHZYkYsK
PvCaRTxXF0nTPMqaWMTwgcmuua7up0JWgLAuiyWsTBDANsyKJ2LMCoxoFYJkIeSL1/JWmoSFF5sg
oUuTlHaA7AKvg2ZrBPyDuO3AHUBVwJusrthtkX9bM7RMvMjT1AW4jhR99RoxxPtIku7bhciZjC0A
QJ/ls7wFNp3ljO28WVCoZXXB8LIRAxDqoAF4gKfYWIXE8jWhKh0mA35moiZ+YTcxEkz6YxxZImTg
eCS0jGM+PhdTlvCsEviiWjQ13o/S1IXfKZuN5DkLwyMzEc9GhNnTLCtuWZZWiC1TRwLsJuXsfxpR
rnHOe/ygqVdThukqLZVXWNUaBngxTNjwRjEwBaGFa6ZYifNlZa91r3vI7rwBRQWNAL7yOGbgGCX7
ka14ssSWguMpH+aALMVrVog0MEe8b3iGbJunNzAXomcj2J7aFJLUfYQudxRaKVZQyGnAdjwImsJr
2vuHZhkCV0CrnlbrPMKbhQwPOkGPdJrwGm83omq3lOK0RVnkRQPSg+nVmFFXjMmqAO1hzDCtLeVx
PvHmVoQ4tmxydZYngV+SeIEm0LKyuEtBwwSwAUgizc075JC3CqGzBHUV56BOjllafwvsq0taFosa
D8FQZbYWsz2goQG7sYgtRIamKJ0SqG1d5aQcZZPjRTfUQOD7ioRAVUylsxNxoz6zZTpfgDGXUHyN
+8anFAc5UpbNqpajkmHIGKiuhaKLhAtGSdl+LA2C3xRprG7U3ccAdQR1rgBGg3bpPUXD/FVOanV2
li8F7LaWNvl9VoSgPNhUYnIczGCZ1mjaSzHn4boGhrNLyWmDeCtbQLT8CoV2mxLjSaHAZm81CajV
sYoITFLAEBwSXTlDMEkpRLul1PEF3hkEK2XzAuRUoJWiUuBGc0JTI9SmzEAqYHfywLKA/4+nALt0
H8N/wcv4z+Ff1cWKUFDes0NJgasYeI8Vx+8odAjhri1WUEw6CjHyAW/IKBR+1bdfAEMyC0IJHQZT
d1TB0MWdiBryvYVEWRokxqputriLhIirDUXSb51fnU7Z1fOzS/bi7OXZFXt6cfHi7PSSXZy+Ym/O
X/3j9NWYwSR2dQ6zTtmb5+cvTtnFq/Pj08tLfdsDDPhhuZ5ix4Uo04LiMfrhCgmE0ok8MnGj87Wm
ugNLroWmaOAJhfSyBOq4yIFO8M+gTUjvY8omlex2gYEVeIIeSE4jyBIIeN6NH2+NG/Y4xxCCYZ4W
6Pdnoy6oFrOON8kjzAYkZxFdKVe5tqMB1Eusqg2pttHe991/GCVFua0on/MyBMvQNrksOaCHuUum
huioVUytAte95HlDuUcfE8jLGtDB/XEbEraVsFVDGV3ltwJog+XGBHV2Ll2+VHhIHoomiztcUogh
tznb4F9JwCtCHwj1DEPRCrs9I2dxL0aS6kgIHW1JWSzbWCtXqxlaXzX7EkZqlCTv6QZ7QKUG2nHZ
5ososhJ2QjVUihw3y5VMrmQGx9QLDV+08jrBSWoB4U5othTAE0R5MHb+AIMhZq/br0ukVdUIdAz1
AqQ2b5NNdFq42warcStImSKonFKX2ODUR/m05Hca9ferFvdjvsLRdNksIcTiZQQETt8ZQUEyeWNZ
YrHhK9qLYiVZzH0dg1x7pTCiDTVMghuIuU4nsZNCvtrWaUyN0OtJ+HJya0ISlprYp4wSB3nTpaPt
BFChVAWyR+QeYCfzCwllRRcLmVwjKdxQB8sUP9X5jtoZJ2+SXWRghlWAgvtxUB/Tw1muLtJNVYiA
zGxRZDLDDHkdLSgRJ5QhaQIVUkGGfJssfNRbGVpC0eWaMrzt9KXUvkK3Wq5rBD5mmtkTIAmPNtbq
FhkVAshrb9JYOkKRX/YhyrGUoTwfF+N3CSVaOnsOqSDo0iHlduz44vUY1gIOIdjXbRqD2lOuIL1n
B18j+FPmtVn3JiGviDv9lDpuKIh0doZdTECIXoK15RGYHTwyLKzyCCwpbCBJ4mvQ/biJBsbJ8MBw
Ew97u/RLlKGgpOH3pt6TVCujjJdzcq1cVYz3hTbwlhn5MnA1AmVEqymdWiCm/SJlfB8JUEIsWEG7
gMWQpWDiAAk3IiwBKaQeJLYvfdMgj45F3h16ecy4eaYzFMrri/yirT029TCWVrjRLaQRuLBZ5StN
PW8Vey+VF6rSD6LjGpLWsqzCBEClkFDFSHPppRpOYMlF+zq7+ASbacek5HMkAVgNrKhWGWVwWG0v
AXl0frxEvT3OUpgl2wd4+05UNXt59ZowrYAkJBv1CNsVpNqb7WStpbe+d1k3Gq6aErb9chm0EU9Y
yfclDPskEZ7Fd2TW8JSkkc4oai84JkUsXQJvanSWIA36007gtqVOg/huCOkFcgKiEAUmSFk4hTdl
EjK1grm1slmkRMh2iXL9qrg8Oaek8eTs8ul3kC9SftnkZL4YwBqMHHTcKpOmFI1Tfc027pdfGzo3
vo/OqadtDfuEmVi7qhR+Ae6b3jPVsahkjwUNJa8KmcwoD2EiMIm1hHa8KIqK+jBt6Sra5gRFNWw8
s4rftNETPgpNff0L3/W6GoAYHcjJJFa1qH4t6LteLae+ZT+FxR16wpKdnbC9n16fneyD3MENAg4c
vyNWkWBSMmgqactY8UemY2ANxUZ2OZjfT9+9aOGrcrc38i1thkd8lEiReFVqRrQVbcNMpRV3gJ+G
1y0OiyShbeFdmqy1uyaNNwIhfmrDXtUVNZukqcm/IiZ5QJFP2VVTqaYXutlahh21RpNrpkwduOM2
MqSqcKF2wZyA5/OuZstxWbadmozbWTepuNW6hOWh/qBk7tNl0aD3SGTsV84EWNayFnMdzLapMwTi
x88Q7mjxK0pdeouJ8FzITkQoJDD1Jb9qxW/zNgap73uhauFwlwQZG/Jxo478ezvxEvCGSNBqLOzX
Yom/O4DmVs+KTszQVKo0FkztgQ1RDjpTNWGfkDnmBTBDxDIboIcuWlPzTMkXv9GfCSp+pIbSrll6
DVtg6U/OJOPAjHlZ3NYL6YpgC84WElrPT4EBV7XMMghZDdneoqZtZCADztlJ1aMLPS0KT0Jj8iS2
I1M10drMTZ4e9vkM8DRAESr/7gnvcrWfscDZCGjTvZu2cUpnfFuflFPCb4EiChAkZKQOsQu1arLW
HNQDBlaao8KBbeGGVO4h6bQTRlL0SJD6qEIKR1S/cqpSOmyvUhNBDsuMSH1FABDZeN5448zQ4jT8
CtHWUGfww2F1w6EXq8HONXl/r5u5AGFOJSo63iLR04IwBhe2XmIRDCZaYzs5qjaoY/hR79nmPZFA
7ovP56WYq86parPKdlKtvhwxoI/wAx9yfnKO1+Q15exl3Ee3dCtkpcUZfmMcd6wI8Q0BNKb3zjYg
/nacb1Z4fUsK5x5TQaDyvdIwyHDwggLFqF4cOcYjCNFvWULClq0WHGxFoMcumTxd12WPWiSihNxU
Q3+XY5CTb9uYJCMCH7RA1e2SXhBtoNaAnIV8ZuuaFECSsnzf7nFPqpKuvljrdLmJDCrKIlCcj1qP
gQCliO4ZN6TerlrU9vH1zQbqTX+HlnP3es8R5a7YC+aoQHgk0csGqKJWhh8DZ3NZ27Ca/qpJMcgc
upQ7nUOUacMw5LJJQ4cHaHuILOAeYSaaM0y2KeXpgiq1mfswMedDLyrroT2hz3UiEh7kojE7Qe2C
36KO9P1eapTmq6buq8pj2YsKjVJ/pd33OoUtJnVaKy1qe4ILNSi9fdnR3/KLobGVksI06QDhpYGm
lMdp6HjbRpkMQgBPOeo2e4AME2ssKTqZ1lSqrKdyXGaMKMsYRFRCQXxDR1r43flVK1mmoEgCdp4y
VHRAhoYpE8cCA48LcSll3TJr7TQDjzUUkP0WinzEnARsO2YkPeIClhUlhkrQmG0UYHoEdQT+IZt1
dxS2faQJxlaJLNFVTwkTGUUZzyUg2YpLyT5+/gVKXwybkO3tAU+FjMRo7umd2OxMc2a9s9Yp9rRn
I4m0/GMD8oiNQ4Undw6F2jnelyLAJVPYskXtuOVQK1A1fSybgTJ9bNnP8A8cILvBNdOWibLDjkvS
BaUYehqYsdcSsS93w+R0TOkC6hTKDKe2BCIKyHu8rwc1iE5KSnBwHVpTU8nuZlUshbTl+0xRqOAS
4E1Ryp1n6qtMODycItWBhxhH2c9b3P2lJ0I8dtzID49DlYkRsL1qX8otrUkblcpjzQKzlBuGDdSn
X+Rb8CpKIlRuwLox294XK6drVJ2BTsscHiraBv08IIRudpeaNniKQahB7gJItnPGbNciRyxPQbA7
jW5H4omHozwGugGVYgWAfoHN2btuGMgWd++Y9oS9g9f0QOuuQREQ+yaNwGIAeb4GcZxhj05mxDgB
wM1GEiA9bmCpde/Y3+Dzg0tx7mz0rkNSpnewJT4gwbtWuyue/KMPwIL4V/wzHKX8Ri2mzLvWX1oU
NlAIOHg8SODyWCJEUIfDHWofg69m/4VQ7US35Ci4VkbYnaeLW2u2B7ZO2tLTIEhZ0qxSpzrrziAh
f7sBFsX7SsS7YEAYSHZ3oTTe3bWk/HCnvvxaAXbjDwhw3Hv9TupTXvTQPWR0vatHj9IsqEPmoHuY
as/prkVPDVeY5DON7S3WK0iz9hlPatWlwa+33Ul06xWZESBbo7JpElk1io1FNjHwl0QY5gyGZBZH
h3VVD1+zPRtSTUy1tfSyiAAAetdyu0eVKh/x8PJOXXIYeH15BI2iBFBx0fM++Fd2WoI2VkDGK0vh
rlzuX0UZBhk6yJFlBeZ7on6wcmUSG4qY2IukAwD8WswqE6rsVr04jren5b40Lj8CRExQHcORj92O
U/bsxdMrOYhtPoFne39XNyLHbnAH7igXY/suTst6THXS31VvRV726B+bSMEgtyH8q1NN3qh8MIOE
Iloz+eXdpmwrorZXXHbXRCjdRwFnPKJrOFXLJ629YgL2JhtpO88oz6etaP4ACHWi1Mjb3ohGHZ1e
q6WQ3TaSf6Xa7NE1NiYrap5C2RGmWVqvpZl0epLin9TKZA0n0xNJJcHXAMmuUMJrV9tCxYtSFxsR
H9NtKbouNMt33gDpJyJipsnMYGp6U8tkF5dXdK16li+LOj6Uf4ECLxLRl6Mx9zs0A8uB+vB2kdZC
wyB1aGDllUOJGnX9LB4tUiH/5l11WOBVJOpI4G1hmZzhIuxRqo7IoYtAUPu0JMM7HNgyalfxPF0C
jf2hZRFKuNhyxwvyCE/eQ+pGaDqeKOPFE/m0ulnRqjjF9iZo9/oQSuFOVbua9LDtSmEEP5TfNuv6
VCLuXmOif3hy+uzp6xeg4SqzpqtKhzI/VUMlxEKJAX7S0bEA0Pjwr/SjCj4M0ITdoM106M7yXiMt
74SRrg4Nnf7NctpS74unJ7EbDwZN2+6wSVcwhJDaK1uHAmvb0e//D2xoXas=
===END CRASH DUMP===
