PocketMine-MP Crash Dump Tue Dec 10 10:46:20 PST 2024

PocketMine-MP version: 5.22.1+dev [Protocol 766]
Git commit: 41d9f438ed462b8e375b5f8437291b6e91cb851b
PHP version: 8.2.25
OS: Linux, linux

THIS CRASH WAS CAUSED BY A PLUGIN
BAD PLUGIN: Practice

Thread: Main
Error: Typed property juqn\practice\handler\PartyHandler::$plugin must not be accessed before initialization
File: plugins/Practice-main/src/juqn/practice/handler/PartyHandler
Line: 435
Type: Error
Backtrace:
#0 pmsrc/src/event/RegisteredListener(61): juqn\practice\handler\PartyHandler->handleItemUse(object pocketmine\event\player\PlayerItemUseEvent#228312)
#1 pmsrc/src/event/Event(63): pocketmine\event\RegisteredListener->callEvent(object pocketmine\event\player\PlayerItemUseEvent#228312)
#2 pmsrc/src/player/Player(1616): pocketmine\event\Event->call()
#3 pmsrc/src/network/mcpe/handler/InGamePacketHandler(524): pocketmine\player\Player->useHeldItem()
#4 pmsrc/src/network/mcpe/handler/InGamePacketHandler(349): pocketmine\network\mcpe\handler\InGamePacketHandler->handleUseItemTransaction(object pocketmine\network\mcpe\protocol\types\inventory\UseItemTransactionData#256372)
#5 pmsrc/vendor/nethergamesmc/bedrock-protocol/src/InventoryTransactionPacket(94): pocketmine\network\mcpe\handler\InGamePacketHandler->handleInventoryTransaction(object pocketmine\network\mcpe\protocol\InventoryTransactionPacket#113020)
#6 pmsrc/src/network/mcpe/NetworkSession(534): pocketmine\network\mcpe\protocol\InventoryTransactionPacket->handle(object pocketmine\network\mcpe\handler\InGamePacketHandler#114284)
#7 pmsrc/src/network/mcpe/NetworkSession(472): pocketmine\network\mcpe\NetworkSession->handleDataPacket(object pocketmine\network\mcpe\protocol\InventoryTransactionPacket#113020, string[96] .............. ....2.........display...Name....r..l..9Veizer..........Ct.Cr=.B..)
#8 pmsrc/src/network/mcpe/raklib/RakLibInterface(214): pocketmine\network\mcpe\NetworkSession->handleEncoded(string[79] .K.c`b`d....._..@,..........R2..r.+9X...sS...-/:.<..r......".8p.Y.\d...O^......)
#9 pmsrc/vendor/pocketmine/raklib-ipc/src/RakLibToUserThreadMessageReceiver(40): pocketmine\network\mcpe\raklib\RakLibInterface->onPacketReceive(int 0, string[88] ...f....!V..H.l......`}...Wv....< ..5...H.J.K!.r..m......5..[.......1..l.a.>..$.)
#10 pmsrc/src/network/mcpe/raklib/RakLibInterface(107): raklib\server\ipc\RakLibToUserThreadMessageReceiver->handle(object pocketmine\network\mcpe\raklib\RakLibInterface#191875)
#11 pmsrc/src/TimeTrackingSleeperHandler(58): pocketmine\network\mcpe\raklib\RakLibInterface->pocketmine\network\mcpe\raklib\{closure}()
#12 pmsrc/vendor/pocketmine/snooze/src/SleeperHandler(120): pocketmine\TimeTrackingSleeperHandler->pocketmine\{closure}()
#13 pmsrc/src/TimeTrackingSleeperHandler(77): pocketmine\snooze\SleeperHandler->processNotifications()
#14 pmsrc/vendor/pocketmine/snooze/src/SleeperHandler(79): pocketmine\TimeTrackingSleeperHandler->processNotifications()
#15 pmsrc/src/Server(1750): pocketmine\snooze\SleeperHandler->sleepUntil(float 1733856380.7693)
#16 pmsrc/src/Server(1113): pocketmine\Server->tickProcessor()
#17 pmsrc/src/PocketMine(355): pocketmine\Server->__construct(object pocketmine\thread\ThreadSafeClassLoader#6, object pocketmine\utils\MainLogger#2, string[16] /home/container/, string[24] /home/container/plugins/)
#18 pmsrc/src/PocketMine(378): pocketmine\server()
#19 /home/container/PocketMine-MP.phar(168): require(string[72] phar:///tmp/PocketMine-MP-phar-cache.0/PMMPpFczfG.tar/src/PocketMine.php)

Code:
[426]         if ($archerClass->isEnabled($player) || $rogueClass->isEnabled($player) || $bardClass->isEnabled($player)) {
[427]             if ($item->getTypeId() === VanillaItems::SUGAR()->getTypeId()) {
[428]                 if (isset($this->sugarCooldowns[$playerName]) && $currentTime < $this->sugarCooldowns[$playerName]) {
[429]                     $remainingTime = $this->sugarCooldowns[$playerName] - $currentTime;
[430]                     $player->sendMessage(TextFormat::colorize("&cYou must wait $remainingTime seconds before using Sugar again!"));
[431]                     return;
[432]                 }
[433]                 $player->getEffects()->add(new EffectInstance(VanillaEffects::SPEED(), 20 * 7, 3));
[434]                 $player->sendMessage(TextFormat::colorize('&eYou have used your &4Speed IV Buff'));
[435]                 $this->plugin->getScheduler()->scheduleDelayedTask(new SpeedTask($player), 20 * 7);
[436] 
[437]                 $item->pop();
[438]                 $player->getInventory()->setItemInHand($item);
[439]                 $this->sugarCooldowns[$playerName] = $currentTime + 50;
[440] 
[441]             } elseif ($item->getTypeId() === VanillaItems::FEATHER()->getTypeId()) {
[442]                 if (isset($this->featherCooldowns[$playerName]) && $currentTime < $this->featherCooldowns[$playerName]) {
[443]                     $remainingTime = $this->featherCooldowns[$playerName] - $currentTime;
[444]                     $player->sendMessage(TextFormat::colorize("&cYou must wait $remainingTime seconds before using Sugar again!"));
[445]                     return;

Loaded plugins:
AdvancedBans 1.2.2 by iRxDuZ for API(s) 5.0.0
AltsFinder 1.0.0 by  for API(s) 5.0.0
BuilderTools 2.0.0-beta1 by CzechPMDevs, VixikHD, dadodasyra for API(s) 5.0.0
DEVirion 1.3.0 by poggit, SOFe for API(s) 5.0.0
DevTools 1.17.1 by PocketMine Team for API(s) 5.0.0
GlazeCosmetics 1.0.0 by GlazeNet for API(s) 5.0.0
MultiWorld 2.1.1 by CzechPMDevs, VixikCZ, fuyutsuki, kaliiks for API(s) 5.3.0
Practice 2.0.0 by JuqnGOOD for API(s) 5.0.0
RankSystem 1.1.3 by IvanCraft623 for API(s) 5.3.0
StaffMode 2.0.1 by ysnl for API(s) 5.0.0

uname -a: Linux 52bca970-e13a-44bb-a6b2-24200d9cb907 5.15.0-125-generic #135-Ubuntu SMP Fri Sep 27 13:53:58 UTC 2024 x86_64
Zend version: 4.2.25
Composer libraries: 
- adhocore/json-comment 1.2.1@651023f9fe52e9efa2198cbaf6e481d1968e2377
- brick/math 0.12.1@f510c0a40911935b77b86859eb5223d58d660df1
- daverandom/callback-validator unknown@unknown
- nethergamesmc/bedrock-data dev-master@c362136334a90b85a0a429ea1c558feab62e39d0
- nethergamesmc/bedrock-protocol dev-master@42d92d093a91ce70d3dd7aa161990d08cfba9bf7
- nethergamesmc/pocketmine-mp dev-stable@41d9f438ed462b8e375b5f8437291b6e91cb851b
- netresearch/jsonmapper unknown@unknown
- pocketmine/bedrock-block-upgrade-schema 5.0.0@20dd5c11e9915bacea4fe2cf649e1d23697a6e52
- pocketmine/bedrock-item-upgrade-schema 1.14.0@9fc7c9bbb558a017395c1cb7dd819c033ee971bb
- pocketmine/binaryutils 0.2.6@ccfc1899b859d45814ea3592e20ebec4cb731c84
- pocketmine/callback-validator 1.0.3@64787469766bcaa7e5885242e85c23c25e8c55a2
- pocketmine/color 0.3.1@a0421f1e9e0b0c619300fb92d593283378f6a5e1
- pocketmine/errorhandler 0.7.0@cae94884368a74ece5294b9ff7fef18732dcd921
- pocketmine/locale-data 2.19.6@93e473e20e7f4515ecf45c5ef0f9155b9247a86e
- pocketmine/log 0.4.0@e6c912c0f9055c81d23108ec2d179b96f404c043
- pocketmine/math 1.0.0@dc132d93595b32e9f210d78b3c8d43c662a5edbf
- pocketmine/nbt 1.0.0@20540271cb59e04672cb163dca73366f207974f1
- pocketmine/netresearch-jsonmapper v4.4.999@9a6610033d56e358e86a3e4fd5f87063c7318833
- pocketmine/raklib 1.1.1@be2783be516bf6e2872ff5c81fb9048596617b97
- pocketmine/raklib-ipc 1.0.1@ce632ef2c6743e71eddb5dc329c49af6555f90bc
- pocketmine/snooze 0.5.0@a86d9ee60ce44755d166d3c7ba4b8b8be8360915
- ramsey/collection 2.0.0@a4b48764bfbb8f3a6a4d1aeb1a35bb5e9ecac4a5
- ramsey/uuid 4.7.6@91039bc1faa45ba123c4328958e620d382ec7088
- rhumsaa/uuid unknown@unknown
- symfony/filesystem v6.4.12@f810e3cbdf7fdc35983968523d09f349fa9ada12
- symfony/polyfill-ctype v1.31.0@a3cc8b044a6ea513310cbd48ef7333b384945638
- symfony/polyfill-mbstring v1.31.0@85181ba99b2345b0ef10ce42ecac37612d9fd341

----------------------REPORT THE DATA BELOW THIS LINE-----------------------

===BEGIN CRASH DUMP===
eNrtPFt728aVf2VC+0ukLQHhToKt/NmR5FitHWktOck2zNoDYEAiwi24SKK7+e97zpkBCFCS7TR+
6IOV1iIGM2fO/TZD/WsSF1XGm7fXoqqTIp8snOmkSTIxWZgz2567nj039JljzFxzOmlL+cq2bN23
LNtxfMs2TB/WpLxuTqqqqCaLf02aTQmzJvJ5OslEXfMVjlzCi4iVVVGKqtmwX9vf8uWyrHjYJKFY
Ltc8j1JRLZfnHF6/kE+LxeMybVdJzrK2blheNCwQjIchQAVggQAKBEvypEl4mrznDZIxncRtmj5P
Utz1YF1k4iAs8oYnuagOJLj64FxtrGUwflBX4QEidNDhc6DQORhio5frEqFLyH8GEkBJAR3guO0C
z2EqfP558shgZYYQ8P/iWuTNwWuxSupGVCJ6ib+BhD3P3F98Gvu0J3L4tBHZm1rsFcGvImxYWYRX
oskAgeWSdgFAKd/Qavqt5p/gu0eWNbdNax9QfmTeQY+m7Hk2YHQP1LvIa09CnqZy1Z/FxhpgI1cc
yAV7pmd692NEQCQSewTEHgDJRXNTVFcHWVhuxXaaf8czcc4RlGLrnms5O+DHGGtP2lq8EGmEqMt9
nH9nH9vxd/ZRS5dLXDuQ+j2rO+ED6xCNy4rnNWpLkd/H+R3AYKZNERbpcon2XC+XSY6cK6rNcnkX
4DFv+CML/MVMSsZVxMKSqKiQ3rWoVoBgnYUHgYgq2FjrtiCWnHbgB1AlNXu+8+d5cB/4P8SFh/F7
ZJq2YRlEt/eQkL+XDxfgtnBn1/4ITZ+ycUfbJ9DxIRYB/o41dwj/2Sfi74CcP4j/eH6HKaqJEupn
5f2U1U2V5Kuffe8Xpo9+6NHqH6OkRkuFT98DH3Ck0vVU1/0fRPIeHHz/c9ToR9Wh/q2uE2PmDzGm
4ldpEhy85lcvk+A0B18Xgy/fs0zn32HQSR4WkYj2FDkzH8j5hx6+C95FhNVbXX863SL52kL8/+L/
BJ/rC/hHO1jofyOa8Gc50eel/j/6comrz/5XjhI9/thAt4gqgrSklMRKwi4LsPnqcl0JHr2SAf21
CEUCicOeY3yYUgkQYsGYRdqTTogK0l6SN2wryvmcRBkjyl/9oOsvUEz48+53+OfHa/z4N5jh6vju
7/o/vkKyMzkHBn9WPDJRvlx/ouuPJemm8QdlaRozoLAjA/hwjZYEDOpo+gB3/oCNPsCnR6Zvzmeu
RH0Yfy8hGwODCK+AWxepEJBV9eFp/m+K5BPW/CtMi7qtxO8yrJnWg5pU50XxXhCuO/iZ1q7OPEzM
GKnd3e1PY8hstrOfxG25vLMXRCaQ4PdFk8RJSOlkrbZy/g1CZ/4fofPhvd0BmRekgHvmzDU+kaga
n9/kTZLuxWnBGzbM7j3flnt49+wB7nVnD/lGewJJ59W5RLioFJbD6HFOa17Bmj3bdR8A8vYt5OVg
7214b0BoyKKAafT7gsfiCCqN+mXBIwhb3pTds6YFKiFbeQWp+MtitYJ5Vu9STIgOu+VA/9Jy7r7s
MnxJ3vwB8ma71iZdhGKKfwfqdq326hxKCo75KsKoxG9tUone+1u/MHy7ODg4aLJyvE7DN1rIw7XQ
jYPzV6/Oy+fh+/g7veHVDoZYtexPfoEyg/gIlQtyZ/L7dCL+o2q2z15V7ZI7Hpiqrd5CZluk1yKD
HAPeRSCBsOnfwkiHCYxhdEZ+OZYHL5j6SWK295hXIIqKFFR7ktQnOQ9SiOSPZWGwz/7v/9jjqli1
4sNTAl5FD87YZ/8CJBxrNti8RyCBlFx7shINyuw02ttnh4eH7AeeJ2nKMV+vF4uLN989e723P5rW
AZ3vAO0AJyC1Zu9xs04Ap7pd8eqoKNKouMnrnxVimEv9ss++/po9DtuqAkain2N/Y5+ySu7u37M7
/jyuBCoA2AOBPPwEkEwbofFXhG8bD8EvVcFWg1tXwXvvUtw2z6k1slhABlpUkBvuLSdfh/9TtFKp
b3jS7OJWC7DxqO4UvK3hBbtAPBlfwbyvlpP9fYmN+QA2lWjaKpdzrHvm/E5v7Hve9HSAZE/iGFS4
RjnzKNrLxQ2TQ6fgbHkOKY3SCjUR9OL85OR4b3/KLIP9F5tNmd1h6nxor4/y7JuvBbJsza+RH2D8
m6Kt2NfORSng4fQH9m0bx990e7n37SXFLY2RqLsAO4tajK5AX60ejgWiFF3y+oropQ3oqbOdjja1
F9ovfZjdt6m0pbIo99T0+UdY3pcohBQ8A4DTHN2SNEwFxn+Ywg8p9OHYrv7CXIPgOYaiwtlVqN+Z
SGvxyX7h+cmzyxcnD3gGx/oUzxALjkX+H/YNH1knMbD/oHf4IND7/IPj/Cf5B8f9iH/4/UvP8EvP
8EvP8EvP8EvP8EvP8EvP8EvP8EvP8EvP8EvP8EvP8LP3DBU52PR6Fl1j8yD6lsvnnON1kPHwdNLf
JZmYEEMtGOFtsy6qGmuV5PXtcftPhMvLBAdc3dANfBay1TVZgGTFdBKBMkKtBFPgXV3EzfFwAKsq
2KC6jdr3y2XAcyk8bP8V1OA7P7u4/PHs9ctjGLoRQQ01MFbKUDY9S5v6eZKDMgxJ2A6OCUDkhgR8
JsQxn6jXyyWHfWPad7kc4fBRMr5tkxSmXkKBO5TFaHhIioXoaoFouDmWyNF7Ea7PXx2La1zwQ3Kb
XL3A7SIeFRGvNxX/XNIKcacyi2AnkJlEtEFEl8sdtD9I/bppyhrUe5U06zbQwyI7GNBwMAIFjDo+
+SGpiAc9k/qhsaztHVlPSvAFCXaCL86ei8/FBQl0ubwmFCDLEt2nAVqKAReXz15fvjm/I3wgdFfw
/dCYJnOm78h7a+LsUvDsc5HV7Q9kbDH5ABn3SHGL2UEPA4j9LuXvxVFRZwLCx5DknRcfNlw5GxLo
P0fwBNIZMIr8txSgYwfo2fnpZMuFbpPlcozccjnE8yPSfdWmTfJjUaXRgNjB4NisTf3jBn30T7oS
t2mbur1K4PMVT5Pkqh7xwv5Mlp0hpjeIKTjlIdZ/xqoHgIBD/YHMlj+DM5odpzfmzt/b3/Lvzs6O
P5fe73bUBnh81Ie/5vnVxaZuRDYgZDC4Y8q6PSblFMLuUcXjxrPsPyfJyUVYVOJFGw1UeQgdk/4O
q+HnTyHyouFx/Eodmykat2O70trR5U2dp59LUghruZR54McRB8xLXgG6UOYQKvo9KRis0bS80G6S
97yK6ClKakRNg1woIUxvG5EjgeS5joDNAH6OiZFLQbYZPYN3uc3S4UgBhNT1aKgMx0Dq31LA2h4O
vQdAw2deVXwTiaBdwagBo2gVQZjxZj2cFvIU2AZ0DcfWbX5FCbJFa22dRqtN2RRqAHO8UJ0gb9e1
1QjrqMhQxoZhm6blw8CvNUm9n4DHv0keFztjjRihEzfl8HEVjZ6y0cs15FgjRjUcqRstuTh/ORKA
uBZpFCjCDCmSSMSpFBSyDlU0C2S6PVyaFZDN5DTJJJZkG5BMjrupT2w7FweSsVDzZsSvZBUkOa82
MGbjrt4E1T4sIrlth9758dkITFS8JeC7g1JJhqPn67Gga1LverQwy8r+zNwDsnDHsqiT2+GsCrhK
wt2OCJA+Kv2qlew21NrXwElBrbjRzuusGAnuIsnKVPz0aiSaprgSOfbbhoM71gKPiO2dOTdVsqNH
t7dKOzpr2HACBa91By0oKWUFI+PrP8Eu2Nk5lU5bMOAkfk2atxl5t7xNU+DOulRKjPqIhxc8HYap
oQ9BG+S12N6+BwdnSQWj9HiyMEAP6rcQVztP1/U3J4uZ58EGCd5YcMzIjx17LiLHs4K5sGdu4MZz
x55Zvhl4wjfDYO6aAcBtFR4vk7y9Za4VhNyfGZowba45ThBo3AsszXLATiM/DHxjxlzdBL+rmZar
ET1JyB6Ztqu9Cdq8adnFq3P2vErYhSiZNWOmvXDhf3P25vKIWYblsNu599ZDluLd+aGPEmQbTq9s
6/JtUXe4oevDh1Q9QEIAiieqt2CPFa8SQf6UR+sCQ9cBOhMN5qg7HFh5mk891zQsO/Zj4VrCFzG3
TH8eBjz2hDM3I9P35sKyZzPkN5B1daD8IWgrLo9heWhwx/BN07fdYDYL5t7c9UXgWpYdufPI84wo
NsmPgwzJDA7wkCjg4ZV2DTkW+He8XwNsv8qLm/yp+g0r7j/dgPkcr6CIay3jeAb2NLQ9y7Q923a4
b4AUOSBk+YKboevOY8EDzxK2HxkPgtxqzBCsY0W+FRm+zUE5xMyI7CiacW56pu8bkTEP44D7QTy7
A3bbstDI2SJM8KsQ8p7+ATUEmJWoBV6ZIdFlvCzF/YwatMw6koIU/23LVQWmruENgIyT8UB28NQy
osgNTVP4vumCIAR3YmGFsef4wows2/Nn3AOFuB80nZXfgQw+wAHQfhzOQj8IAmA9N8yZ7cNGYTCL
ornph4ZtC+HPzCDYAU1unCKocjfe0zCMQ3Pu+8APP3LcuekIbru+JSxDBCJ0AKhthnNnDOle1cJS
x37qObP5zAHaPA9Mms+EO5+7YMZi7oaWHVqumIPC8B2q6ehaBRPzKTccy4yBccIIjBA0wTaMOAA1
cX3bmtv2bB573BXmGAZdIVNHRQRqBpwKufCdOYjem/OZI0Lgt+8EfhzPYhGb85ltRSEo4A4oECsk
IJ0RgAn6wCrfFs7MRsbMYsc1XRHCr9AVsRGDgF3Az5nxuSd2QckgiWITXuibVgjzDdcN56gEpjEX
oRWZMz/wvdgxnNBw7DEE5QuoknwahSagDE7AdwMbfElsmUY0mwd2OI8cO/Q8CxgTBfEYRB40PQTL
cB3DmoG6gAMxHG9mhYHp2VHIZ7btebFlzPyZE+9wZGAn2shOrh0gzff9pz73PBOSKvBHnrDduZh7
HDgWR2B5M8OzQ1CkOQhvDFf25VVZYT4NhDWb24FwTS8A52jNZ1YcI6tA/IYDOgp7zAJ/dh8QPPRR
VJpPQ+EBe2Ir9GaOLWamiKLAjULb8kPHB7/rui5IIQjHgGQLmuQFNvwUpBn5QnhGKBxn5rqR6XkR
EBJwJ5jDf2Jue+CTZeqR1WKDerxNK6joewpznfnMc4I4COaxzT3uRCYXgQl2BgYMSg6x3OEDIG2b
yHg0Q60zDdsPQjPm3AEvYoINOWAEPjDYAw9jzy0Rzoz5HJev26zmvFt/14PVmywu8s0BJri1Kvcm
1x4I0LSexnPTEHYYRGAawCjXn9sQllyIL4Yf244fc59HsP8ATlmkG4CVal3OfQ2loYk022E4DwzH
AQfHXdMGNQfAzlzEoGN2YM8d38EG/n2wBhltBw589dyEMOAHlg1MMMByUSQWcs6eeSYYRBzZjimL
pV6c+oYSqUcMO7IsLPI4WbUVnUwwZAGLi4qN8qBl/ohdrkHPWS2aBpCoGa8Eg7DDilzU8IE3LOS5
ukia5GHaRiKCD0x2zXV1PxWyAoR1UWSwMkYAuzBrHospKzCi1QiSBZAvXslbaRIWXmyChC6JE9oB
sgu8DppuEPD34qYHdwBVAW/TpmY3Rf5Nw9Ay8SJP2xTgOhL01RvEEO8jSbpv1iJnMrYAAH2ZL/MO
2GKZM/boxzWFWtYUDC8bMQChDhqAB3iKjVVIJF8TqtJhMuBnKhriF3YTQ8GkP8aRDCEDx0OhpRzz
8ZVYsJintcAX9bpt8H6Upi78LthyIs9ZGJ6ZiWg5IcyepWlxw9KkRmyZOhJg1wln/92KaoNzfsMP
mnq1YJiu0lJ5hVWtYYAXw4QNbxQDUxBasGGKlThfVvZa/3qA7KMfQVFBI4CvPIoYOEbJfmQrniyx
THA85sMckCV4zQqRBuaI31qeIttWyTXMhejZCranNoUkdR+hyx2FVokSCjkN2I4HQQt4TXt/32YB
cAW06lm9yUO8WcjwpBP0SKcJb/B2I6p2RylOW1dFXrQgPZheTxl1xZisCtAepgzT2koe5xNvbkSA
Y1mbq8M8CfyCxAs0gZZVxW0CGiaADUASaW7eI4e8VQidxqirOAd1csqS5htgX1PRskg0eAiGKrOz
mO0BDS3YjUVsITI0RemCQO3qKiflqNocL7qhBgLfSxICVTG1zo7FtfrMsmS1BmOuoPiaDo1PKQ5y
pKraspGjkmHIGKiuhaKLhAtGSdl+JA2CXxdJpG7U3cUAdQR1rgBGg3bpA0XD/FVO6nR2mWcCdttI
m/wuLQJQHmwqMTkOZpAlDZp2JlY82DTAcHYhOW0Qb2ULiJZfotBuEmI8KRTY7I0mAXU6VhOBcQIY
gkOiK2cIJq6E6LaUOr7GO4NgpWxVgJwKtFJUCtxoRWhqhNqCGUgF7E4eWBbw//EUYJfuQ/iveRX9
OfzrpigJBeU9e5QUuJqB9yg5fkehRwh37bCCYtJRiJEP+JGMQuFXf/MZMCSzIJTQYTB1RxUMXdyK
sCXfW0iUpUFirOpni9tQiKjeUiT91tnlyYJdvji9YC9PX51esmfn5y9PTy7Y+clr9uPZ63+cvJ4y
mMQuz2DWCfvxxdnLE3b++uzo5OJC3/UAI35YrqfYcS6qpKB4jH64RgKhdCKPTNzofa2p7sCSa6Ep
GnhCIb0sgToqcqAT/DNoE9L7kLJJJbtZY2AFnqAHktMIsgQCnnfrxzvjhj3OMIRgmKcF+t3ZqAuq
xazjTfIQswHJWURXylWu7WkA9RJlvSXVNrr7vvv3o6QotxXlK14FYBnaNpclB3Q/d8nUEB21iqlV
4LoznreUewwxgbysBR3cn3YhYVcJOzWU0VV+K4A2yLYmqLMz6fKlwkPyULRp1OOSQAy5ydkW/1oC
Lgl9INQzDEUr7PacnMWdGEmqIyH0tMVVkXWxVq5WM7Shag4ljNQoSd7RDXaPSo2046LLF1FkFeyE
aqgUOWqzUiZXMoNj6oWGLzp5HeMktYBwJzQ7CuAJojwYO7+HwRCzN93XJZK6bgU6hmYNUlt1ySY6
Ldxti9W0E6RMEVROqUtscOqDfMr4rUb9/brD/YiXOJpkbQYhFi8jIHD6zggKkskbyxKLLV/RXhQr
yWLu6hjk2qXCiDbUMAluIeY6vcSOC/lqV6cxNUKvJ+HLyZ0JSVhq4pAyShzkTZeetmNAhVIVyB6R
e4CdzC8klJLuFTK5RlK4pQ6WKX6q8x21M07eJrvIwBSrAAX3w6A+pIfLXN2kW6gQAZnZukhlhhnw
JlxTIk4oQ9IEKqSCDPk2WfiotzK0BKLPNWV4ezSUUvcK3Wq1aRD4lGnmQIAkPNpYazpkVAggr71N
Y+kIRX7ZhyjHUobyfFyM3yWUaOnsBaSCoEuHlNuxo/M3U1gLOARgXzdJBGpPuYL0nj18jeAvmNdl
3duEvCbuDFPqqKUg0tsZdjEBIXoJ1paHYHbwyLCwykOwpKCFJIlvQPejNhwZJ8MDw208HOwyLFHG
gpKGP5h6R1KdjFJerci1clUx3hXayFum5MvA1QiUEa2mdGqNmA6LlOldJEAJsWAF7QIWQ5aCiQMk
3IiwBKSQupfYofRNgzw6Fnm36OUx4+apzlAob87z86722NbDWFrhRjeQRuDCtsxLTT3vFHuvlBeq
k/ei5xqS1rGsxgRApZBQxUhzGaQajm/JRfs6O/8Im2nHuOIrJAFYDayoy5QyOKy2M0AenR+vUG+P
0gRmyfYB3r4TdcNeXb4hTGsgCclGPcJ2Ban2djtZa+md782aVsNVC8J2WC6DNuIJK/m+mGGfJMSz
+J7MBp7iJNQZRe01x6SIJRnwpkFnCdKgv+wEblvqNIjvmpBeIycgClFggpSFU3hTJiFTK5jbKJtF
SoRslyjXr4rL4zNKGo9PL559C/ki5ZdtTuaLAazFyEHHrTJpStA41ddso2H5taVz6/vonHrR1bBP
mIm1q0rh1+C+6T1THYta9ljQUPK6kMmM8hAmApNYS2hH66KoqQ/Tla6ia05QVMPGM6v5dRc94aPQ
1Ne/8N2gqwGI0YGcTGJVi+rXgr7r1XHqG/ZTUNyiJ6zY6THb++nN6fE+yB3cIODA8TtiNQkmIYOm
kraKFH9kOgbWUGxll4P5/fTtyw6+KncHI9/QZnjER4kUiVelZkRb0TXMVFpxC/hpeN3isIhj2hbe
JfFGu22TaCsQ4qc27lVdUrNJmpr8I2KSBxT5lF21tWp6oZttZNhRazS5ZsHUgTtuI0OqChdqF8wJ
eL7qa7Ycl6W7qcm0m3WdiButT1ju6w9K5j7Liha9Ryxjv3ImwLKOtZjrYLZNnSEQP36GcEeLX1Pq
MlhMhOdCdiICIYGpL/nVJb/Juxikvu+FqoXDfRJkbMnHjXry7+zEK8AbIkGnsbBfhyX+7gGaOz0r
OjFDU6mTSDC1BzZEOehM3QZDQlaYF8AMEclsgB76aE3NMyVf/EZ/Kqj4kRpKu6bJFWyBpT85k5QD
M1ZVcdOspSuCLThbS2gDPwUGXDcyyyBkNWR7h5q2lYEMOKfH9YAu9LQoPAmNyZPYnkzVROsyN3l6
OOQzwNMARaj8+ye8y9V9xgJnK6Bt927RxSmd8V19Uk4JvwWKKECQkJE6wC5U2aadOagHDKw0R4UD
28INqdxD0mknjKTokSD1UYUUjqh+5UKldNhepSaCHJYZkfqOACCy9bzR1pmhxWn4FaKdod7gx8Pq
hsMgVoOda/L+Xj9zDcJcSFR0vEWiJwVhDC5sk2ERDCbaYDs5rLeoY/hR79n2PZFA7ouvVpVYqc6p
arPKdlKjvh0xoo/wAx9ydnyG1+Q15exl3Ee3dCNkpcUZfmMcd6wJ8S0BNKYPzjYg/vacb0u8viWF
c4epIFD5XmkYZDh4QYFi1CCOHOERhBi2LCFhS8s1B1sR6LErJk/XddmjFrGoIDfV0N/lGOTk2y4m
yYjARy1QdbtkEERbqDUgZyGf2bkmBZCkLN93e9yRqqRrKNYmybaRQUVZBIrzUesxEKAU0T3jhtTb
VYu6Pr6+3UC9Ge7Qce5O7zmk3BV7wRwVCI8kBtkAVdTK8CPgbC5rG9bQXzUpRplDn3InK4gyXRiG
XDZu6fAAbQ+RBdxDzERzhsk2pTx9UKU28xAm5nzoRWU9tCf0lU5EwoNcNGXHqF3wWzShvj9IjZK8
bJuhqjyUvajQKPVX2v2gU9hh0iSN0qKuJ7hWg9LbVz39Hb8YGlslKUziHhBeGmgreZyGjrdrlMkg
BPCUo+6yB8gwscaSopNpTa3KeirHZcaIsoxARBUUxNd0pIXfnS87yTIFRRLw6BlDRQdkaJgycSww
8LgQl1LWLbPWXjPwWEMB2e+gyEfMScC2I0bSIy5gWVFhqASN2UUBpodQR+Afstn0R2G7R5pgbLVI
Y131lDCRUZTxXAKSrbiE7OPnX6D0xbAJ2d4e8FTISIzmntyK7c40Zzk4a11gT3s5kUjLPzYgj9g4
VHhy50ConaN9KQJcsoAtO9SOOg51AlXTp7IZKNPHjv0M/8ABshtcM20ZKzvsuSRdUIKhp4UZex0R
+3I3TE6nlC6gTqHMcGpHIKKAvMf7elCD6KSkBAfXoTW1texu1kUmpC3fZYpCBZcAb4pK7rxUX2XC
4fEUqQ48wDjKft7h7i8DEeKx41Z+eByqTIyA7dX7Um5JQ9qoVB5rFpil3DBsoD79It+CV1ESoXID
1k3Z7r5YOV2h6ox0WubwUNG26OcBIXSzj6lpg6cYhBrkLoBkN2fKHlvkiOUpCHan0e1IPPFwlEdA
N6BSlADoF9icveuHgWxx+45pT9g7eE0PtO4KFAGxb5MQLAaQ5xsQxyn26GRGjBMA3HIiAdLjFpZa
9479BT7fuxTnLifveiRlegdb4gMS/NjqdsWTf/QBWBD/in+Go5JfqcWU+bH1VYfCFgoBB48HCVwe
SYQI6ni4R+1D8NXsrwjVXnQZR8F1MsLuPF3c2rA9sHXSloEGQcqSpLU61dn0Bgn52zWwKNpXIn4M
BoSB5PFjKI0fP7ak/HCnofw6Afbj9whwOnj9TupTXgzQPWR0vWtAj9IsqENWoHuYaq/orsVADUtM
8pnG9tabEtKsfcbjRnVp8OtttxLdpiQzAmQbVDZNIqtGsbHIZgb+kgjDnNGQzOLosK4e4Gt2Z0Oq
iam2ll4WEQBA7zpuD6hS5SMeXt6qSw4jry+PoFGUACoqBt4H/8pOR9DWCsh4ZSncl8vDqyjjIEMH
ObKswHxPNPdWrkxiQxETe5F0AIBfiylTocpu1YvjeHta7kvj8iNAxATVMRz52O+4YM9fPruUg9jm
E3i291d1I3Lq+rfgjnIxtW+jpGqmVCf9VfVW5GWP4bGJFAxyG8K/OtXkrcoHU0gowg2TX95tq64i
6nrFVX9NhNJ9FHDKQ7qGU3d80rorJmBvspH26Dnl+bQVzR8BoU6UGnk7GNGoozNotRSy20byr1Wb
PbzCxmRNzVMoO4IkTZqNNJNeTxL8k1qprOFkeiKpJPgaINkXSnjtaleoeFHqfCviI7otRdeFljng
1bJjETKXmc7CdhbGnJ1fXNKt6mWeFU10KP8ABd4jou9GY+p3aPqWA+XhzTpphIYx6tDAwiuHCjXs
21k8XCdC/sm7+rDAm0jUkMDLwjI3w0XYolQNkUMXgaDyaXGKVziwY9St4nmSAYnDoawIJFzsuOP9
eIQnryH1IzQdD5Tx3ol8Kq9LWhUl2N0E5d4cQiXca2pfkh52TSkM4Ifyy2Z9m0pE/WvM8w+PT54/
e/MSFFwl1nRT6VCmp2qoglAoMcBPOvoVABod/hf9qHoP4zNhN+oyHbrLfNBHy3thJOWhodN/y5y2
1IfiGUjs2oNB07Z7bJIShhBSd2PrUGBpO/n9/wFTH1qB
===END CRASH DUMP===
