PocketMine-MP Crash Dump Wed Dec 11 10:46:59 PST 2024

PocketMine-MP version: 5.22.1+dev [Protocol 766]
Git commit: 41d9f438ed462b8e375b5f8437291b6e91cb851b
PHP version: 8.2.25
OS: Linux, linux

THIS CRASH WAS CAUSED BY A PLUGIN
BAD PLUGIN: Oomph

Thread: Main
Error: Call to undefined method pocketmine\network\mcpe\protocol\PlayerAuthInputPacket::hasFlag()
File: plugins/Oomph-PM-master/src/Oomph
Line: 339
Type: Error
Backtrace:
#0 pmsrc/src/event/RegisteredListener(61): ethaniccc\Oomph\Oomph->onClientPacket(object pocketmine\event\server\DataPacketReceiveEvent#122590)
#1 pmsrc/src/event/Event(63): pocketmine\event\RegisteredListener->callEvent(object pocketmine\event\server\DataPacketReceiveEvent#122590)
#2 pmsrc/src/network/mcpe/NetworkSession(526): pocketmine\event\Event->call()
#3 plugins/Oomph-PM-master/src/session/OomphNetworkSession(138): pocketmine\network\mcpe\NetworkSession->handleDataPacket(object pocketmine\network\mcpe\protocol\PlayerAuthInputPacket#201088, string[93] .............D..<C...D..................@...........6...........................)
#4 pmsrc/src/network/mcpe/raklib/RakLibInterface(214): ethaniccc\Oomph\session\OomphNetworkSession->handleEncoded(string[45] ..Wda@.l.........a"..9\~..q............"f.D..)
#5 pmsrc/vendor/pocketmine/raklib-ipc/src/RakLibToUserThreadMessageReceiver(40): pocketmine\network\mcpe\raklib\RakLibInterface->onPacketReceive(int 0, string[54] .p..g..z........Wf..Dy.b.dC!;'.6}..p...M.%W.c.[!.....8)
#6 pmsrc/src/network/mcpe/raklib/RakLibInterface(107): raklib\server\ipc\RakLibToUserThreadMessageReceiver->handle(object ethaniccc\Oomph\session\OomphRakLibInterface#67184)
#7 pmsrc/src/TimeTrackingSleeperHandler(58): pocketmine\network\mcpe\raklib\RakLibInterface->pocketmine\network\mcpe\raklib\{closure}()
#8 pmsrc/vendor/pocketmine/snooze/src/SleeperHandler(120): pocketmine\TimeTrackingSleeperHandler->pocketmine\{closure}()
#9 pmsrc/src/TimeTrackingSleeperHandler(77): pocketmine\snooze\SleeperHandler->processNotifications()
#10 pmsrc/vendor/pocketmine/snooze/src/SleeperHandler(79): pocketmine\TimeTrackingSleeperHandler->processNotifications()
#11 pmsrc/src/Server(1750): pocketmine\snooze\SleeperHandler->sleepUntil(float 1733942819.5799)
#12 pmsrc/src/Server(1113): pocketmine\Server->tickProcessor()
#13 pmsrc/src/PocketMine(355): pocketmine\Server->__construct(object pocketmine\thread\ThreadSafeClassLoader#6, object pocketmine\utils\MainLogger#2, string[16] /home/container/, string[24] /home/container/plugins/)
#14 pmsrc/src/PocketMine(378): pocketmine\server()
#15 /home/container/PocketMine-MP.phar(168): require(string[72] phar:///tmp/PocketMine-MP-phar-cache.0/PMMPkmSd5g.tar/src/PocketMine.php)

Code:
[330] 	 * @return void
[331] 	 * @throws ReflectionException'
[332] 	 */
[333] 	public function onClientPacket(DataPacketReceiveEvent $event): void {
[334] 		$player = $event->getOrigin()->getPlayer();
[335] 		$packet = $event->getPacket();
[336] 
[337] 		// The fact we even have to do this is stupid LMAO.
[338] 		// Remember to notify dylanthecat!!!
[339] 		if ($packet instanceof PlayerAuthInputPacket && $packet->hasFlag(PlayerAuthInputFlags::START_FLYING) && !$player->getAllowFlight()) {
[340] 			$player?->getNetworkSession()->syncAbilities($player);
[341] 			return;
[342] 		}
[343] 
[344] 		if (!$packet instanceof ScriptMessagePacket) {
[345] 			return;
[346] 		}
[347] 
[348] 		$eventType = $packet->getMessageId();
[349] 		if (!in_array($eventType, self::VALID_EVENTS)) {

Loaded plugins:
AdvancedBans 1.2.2 by iRxDuZ for API(s) 5.0.0
AltsFinder 1.0.0 by  for API(s) 5.0.0
BuilderTools 2.0.0-beta1 by CzechPMDevs, VixikHD, dadodasyra for API(s) 5.0.0
DEVirion 1.3.0 by poggit, SOFe for API(s) 5.0.0
DevTools 1.17.1 by PocketMine Team for API(s) 5.0.0
GlazeCosmetics 1.0.0 by GlazeNet for API(s) 5.0.0
MultiWorld 2.1.1 by CzechPMDevs, VixikCZ, fuyutsuki, kaliiks for API(s) 5.3.0
Oomph 1.0.0 by  for API(s) 5.0.0
Practice 2.0.0 by JuqnGOOD for API(s) 5.0.0
RankSystem 1.1.3 by IvanCraft623 for API(s) 5.3.0
StaffMode 2.0.1 by ysnl for API(s) 5.0.0

uname -a: Linux 52bca970-e13a-44bb-a6b2-24200d9cb907 5.15.0-125-generic #135-Ubuntu SMP Fri Sep 27 13:53:58 UTC 2024 x86_64
Zend version: 4.2.25
Composer libraries: 
- adhocore/json-comment 1.2.1@651023f9fe52e9efa2198cbaf6e481d1968e2377
- brick/math 0.12.1@f510c0a40911935b77b86859eb5223d58d660df1
- daverandom/callback-validator unknown@unknown
- nethergamesmc/bedrock-data dev-master@c362136334a90b85a0a429ea1c558feab62e39d0
- nethergamesmc/bedrock-protocol dev-master@42d92d093a91ce70d3dd7aa161990d08cfba9bf7
- nethergamesmc/pocketmine-mp dev-stable@41d9f438ed462b8e375b5f8437291b6e91cb851b
- netresearch/jsonmapper unknown@unknown
- pocketmine/bedrock-block-upgrade-schema 5.0.0@20dd5c11e9915bacea4fe2cf649e1d23697a6e52
- pocketmine/bedrock-item-upgrade-schema 1.14.0@9fc7c9bbb558a017395c1cb7dd819c033ee971bb
- pocketmine/binaryutils 0.2.6@ccfc1899b859d45814ea3592e20ebec4cb731c84
- pocketmine/callback-validator 1.0.3@64787469766bcaa7e5885242e85c23c25e8c55a2
- pocketmine/color 0.3.1@a0421f1e9e0b0c619300fb92d593283378f6a5e1
- pocketmine/errorhandler 0.7.0@cae94884368a74ece5294b9ff7fef18732dcd921
- pocketmine/locale-data 2.19.6@93e473e20e7f4515ecf45c5ef0f9155b9247a86e
- pocketmine/log 0.4.0@e6c912c0f9055c81d23108ec2d179b96f404c043
- pocketmine/math 1.0.0@dc132d93595b32e9f210d78b3c8d43c662a5edbf
- pocketmine/nbt 1.0.0@20540271cb59e04672cb163dca73366f207974f1
- pocketmine/netresearch-jsonmapper v4.4.999@9a6610033d56e358e86a3e4fd5f87063c7318833
- pocketmine/raklib 1.1.1@be2783be516bf6e2872ff5c81fb9048596617b97
- pocketmine/raklib-ipc 1.0.1@ce632ef2c6743e71eddb5dc329c49af6555f90bc
- pocketmine/snooze 0.5.0@a86d9ee60ce44755d166d3c7ba4b8b8be8360915
- ramsey/collection 2.0.0@a4b48764bfbb8f3a6a4d1aeb1a35bb5e9ecac4a5
- ramsey/uuid 4.7.6@91039bc1faa45ba123c4328958e620d382ec7088
- rhumsaa/uuid unknown@unknown
- symfony/filesystem v6.4.12@f810e3cbdf7fdc35983968523d09f349fa9ada12
- symfony/polyfill-ctype v1.31.0@a3cc8b044a6ea513310cbd48ef7333b384945638
- symfony/polyfill-mbstring v1.31.0@85181ba99b2345b0ef10ce42ecac37612d9fd341

----------------------REPORT THE DATA BELOW THIS LINE-----------------------

===BEGIN CRASH DUMP===
eNrtPGt328aVf2VMexupK0B4E2BXWbmS3WjXirSWHLcNc5wBMCAR4RU8JNE52d++994ZgAAl22nj
s6cfnKQVMZi5c9+vGfKXWVLWOW/f3Yq6SctitnAOZm2ai9nCnNt24Fi+Geju3LVs+2DWVfKVDUO+
bXuOYQS+Ozf9g1nGm/ZFXZf1bPHLrN1UMGsmnw9muWgavsKRE55lrC1ZV8QiSQsRs1y06zJmVRnd
iDaHoeWyEO1dWd8sl3lUwWNVl20ZldlyeZnxjaifd+36rKi69pLjmsVizZuXGV/t7cNWSZdlL9MM
9zpcl7k4jMqi5QC2PqyybpUWzeFFmVdr7fJcywFlGG/qSI7p1bpCEHL5J6fD1AwAAzfsAHhW8wg+
fz97arAqx0n4P3ErivbwtViluFbEr/AvILPnmfsLBqTzIo2iaLkkiOqP9nVZnGQprJQU7pXhTyJq
JzwiwMtlI2oQ3HJ5ylsuJ78WkUhvxQt8/9S0LDcwkC9PzQdY0ZQ9zwZEHoH8EGft6wikJ1d9Doys
EUZK5Ico8cNv5cMVaA1o5J5reY+jSBAlViT7pzb7mNAaCU++29nDtP2dPXaUcDpf+xoEF2diS+Rj
HPnH9PipZZiG7x+wpq3TYvV9YP/A9PE/p7r+Hyfy7+4/x6PPnv7hf4hLzof4XvObLA0PX/ObV2l4
VgDfEtDpPct0HtVVxU/1/DiDXhRRGYt4T9HkuEjT25gf69mAFF/OdD1YLv9X138eI7ucJUgr4ewq
nEHicQmmPHBZIa2llSRIIn9dvgE9vF7Xgsfn0vkoLaz3HOPjkpYAwQCmbECjnOjzXlq0zBjE5TpA
WqXrK11/31PwNgFpbfRQj0+e/Okr3ftVxxn6uf5vb/VI//4JTfKJQO8fFIppzIGMHtfe6IALPeIf
YUEvnF5nPyXanb2feuDwHcJ6PsL6GiLDNTjBG+DGVSZEJepvaJt6z/X/SZb/hjW/RFnZdLX4VboA
/4OK0hRl+V4QqjvomdauSnyYlilOO5sHv40d8/nOdhK15fLBVnUZgSS+Lds0SSPegkgauZNp/BN0
zoN/hMwP7z0OJVekeXvm3DV+I1ENPr8p2jTbS7KSt2ySZwSB3MN6ZA/T3I1V8o32dZtGN5cS4bJW
WNojCJe05hzW7Nmu+wEg795BrgDW3EWPevOWTAmYRn+veCJOIOdpXpU8FvVT74A9sqYDKpvl8hwS
kFflagXzrMFhmN4PbDdFGV5azsOXfWyT5DkfIG++a2vSNyimuA+gbtdq55eQAXFgtIcwavFzl9ai
d91z6weGbxeHh4dtXk3XafhGi3i0FrpxeHl+fnmTX8XuSm95vYMhJln7sx8gYSI+QqKF3Jn9ejAT
/wLZ4z+X+u1SMh04UPDepcVtmd2KHLIWeBcDc6N2eAsjPWgMmcgH2zZgdNmyP7LjWrRdXbDbMo1h
hm2bwxvYrLxr2GuRZAAPzPTFfSQq/PAVzbTUzEN6sump6sIsjVjSFbSC7eSbj+du7BnlXaAaiAX7
heA5BG/ZPquIu+xIzdK+Xon2ok6Bsr19epDs39v/E61zh3W0z3SdQkNN9WAqfZirNYeH7HotGISI
lt0JhuvYmt8KVI24ZO06bRj817RdBXi+On9+odN6f7v+NUghDwFfWFKgi9uweJPxol0L8HVPnjyh
BYFakCZsr0cU9KLlRSTKhD2qUOwPf2BqLsZZqVs7M3GsWSyurp+/vn738tXfzr79yz6ue6K4SEx4
nmXl3cssXa2BE/uS3Y6hMBoY/p80dyebBYY3myJ6HqZZ2qai2VOTJUMdcwAitUqOWmr0V3qyFdMd
Z8SDJ48w4Sqq06pVGYZkQY+s++g+3mSfeb9PLxypBtfgAlAnekYCjWqLs1jphTOWzhMwL17XfLO3
XQ/OVGTJYvHd81dnp+9efPfi2+srYuSvX6q1L9Xal2rtS7X2pVr7Uq19qda+VGtfqrVPVmuKHCxL
nse3mPvFf+byueB4JDAdPpgN5wkzU7d0C0Y4RNCybjDrSl/fn3Z/R7i8SnHA1Q3dwGdR8DATUDuB
ZMXBLAZlLGJcA++aMmlPxwM5p7qpvo+798tlyAspPKzOSqq/Li+urt9evH51CkN3ImzSFjHFBPB5
1jYvU6gj6zEJ28EpAYjcmIDPhHgDaXkDDpzDvgntu1xOcPgkGX/u0gymXpdlNpbFZHhMioXoaqFo
uTmVyMl7Ea0vz0/FLS74Lr1Pb77B7WIelzFvNjX/XNKKcKcqj2EnkJlEtEVEl8sdtD9K/bptqwbU
e5W26y7UozI/HNFwOAEFjDp98V1aEw8GJg1DU1nbO7KeVeALUizUry5eis/FBQl0ubwlFJZLYIf6
NEJLMYDqxDeXD4QPhO4Kfhia0mTO9R15b02cXQuefy6y+v2BjC0mHyHjESluMTscYACxf8n4e3FS
NrmA8DEmeefFxw1Xzobs9/cRPINkBoyi+DkD6C/LOn9+eTbbcqHfZLmcIrdcjvH8hHTPu6xN35Z1
Fo+IHQ1OzdrUP23QJ3+nA9JN1zbdTQqfb3iWpjfNhBf2Z7LsHDG9Q0zBKY+x/j1WPQIEHJL9si1z
+v7Z/4Pn/kAv4Le47EtI4UADxAjxYeiBq57K9L+6n4u/XFycfi5r/QngYaUrd4dKd4vHJ8l4zYub
qw2U6/mIkNHgjgPS7SkpZ5AsnNQ8aT3L/n36N7uKylp808UjAxxDx0Klx2r8+bcQedXyJDlX7VhF
43ZsV1o7FrhpiuxzSQphLZcye/004oB5xWtAF0ozQkV/JHGENZpWlNpd+p7XMT3FaYOoaZDBpYTp
fSsKJJD87QmwGcD7mM65lBq0k2fwifd5Nh4pgZCmmQxV0RRI83MGWNvjofcAaPxMfb1YhN0KRg0Y
RasIo5y36/G0iGfANqBrPLbuihtK6y1aa+s0Wm+qtlQDmJlG6sRhu66rJ1jHZY4yNgzbNK0ABn5q
SOrDBDw4SIuk3BlrxQSdpK3Gj6t48pRPXq4hM5wwquVI3WTJ1eWriQDErcjiUBFmSJHEIsmkoJB1
qKJ5KIuE8dK8hBysoEkmsSTfgGQK3E19Ytu5OJBOhVq0E36lqzAteL2BMRt39Wao9lEZy2179C5P
LyZg4vIdAd8dlEoyHr1cTwXdkHo3k4V5Xg0HMR6QhTtWZZPej2fVwFUS7nZEgPRR6VedZLeh1m5P
WCY7r/NyIrirNK8y8dfziWja8kYU6fupOuxYCzwitg/m3NXpjh7d3yvt6K1hwwkUvNYdtKC0knWX
zAr+DnbBLi6p4NuCASfxU9q+y8m7FV2WAXfWlVJi1EfsIvNsHKbGPgRtkDdie28MHJwlFYyS+tnC
AD1o3kE20Hu6vqU6W8w9DzZI8RjMMeMgcWxfxI5nhb6w527oJr5jz63ADD0RmFHou2YIcDuFx6u0
6O6Za4URD+aGJkyba44Thhr3QkuzHLDTOIjCwJgzVzfB72qm5WpETxqxp6btam/Crmg7dnV+yV7W
KbsSFbPmzLQXLvznszfXJ8wyLIfd+947D1mKV8PGPkqQbTiDsq2rd2XT44auDx8y9QBpDCieqN+B
Pda8TgX5Ux6vSwxdh+hMNJijDgaxXjaPPdc0LDsJEuFaIhAJt8zAj0KeeMLxzdgMPF9Y9nyO/Aay
bg6VPwRtxeUJLI8M7hiBaQa2G87noe/5biBC17Ls2PVjzzPixCQ/DjIkMzjE5nzIoxvtFjJD8O94
HgtsvynKu+JY/YUVBaQ/ol6BNJo8OgxFXINmaDCf47mmuFV9/OPI9izT9mzb4YEBUuSAkBUIbkau
6yeCh54l7CA2PghyqzFjsI4VB1ZsBDYH5RBzI7bjeM656ZlBYMSGHyUhD8Jk/gDsttGikbNFmOBX
IeQd/wNqCDBr0QheR2sSXc6rSjzOqFGjrycpzPD/u2pVg6lrDZhkzsl4IDs4tow4diPTFEFguiAI
wZ1EWFHiOYEwY8v2gjn3QCEeBw1uIn8IGXyAA6CDJJpHQRiGwHpumHM7gI2icB7HvhlEhm0LEczN
MNwBTW6cIqhyN95xFCWR6QcB8COIHdc3HcFtN7CEZYhQRA4Atc3Id6aQHlUtzM/tY8+Z+3MHaPM8
MGk+F67vu2DGwncjy44sV/igMHyHalALgoHBxDzmhmOZCTBOGKERgSbYhpGEoCZuYFu+bc/9xOOu
MKcw6MqBbK9LUHPgVMRF4Pgges/nc0dEwO/ACYMkmSciMf25bcURKOAOKBArJCC9EYAJBsCqwBbO
3EbGzBPHNV0RwZ/IFYmRgIBdwM+Zc98Tu6BkkESxCS8KTCuC+YbrRj4qgWn4IrJicx6EgZc4hhMZ
jj2FoHwBlT/HcWQCyuAEAje0wZcklmnEcz+0Iz927MjzLGBMHCZTEEXYDhAsw3UMaw7qAg7EcLy5
FYWmZ8cRn9u25yWWMQ/mTrLDkZGdaBM7uXWAtCAIjgPueSYkVeCPPGG7vvA9DhxLYrC8ueHZESiS
D8KbwpVnCaqsMI9DYc19OxSu6YXgHC1/biUJsgrEbzigo7DHPAzmjwHBgyhFpXkcCQ/Yk1iRN3ds
MTdFHIduHNlWEDkB+F3XdUEKYTQFJBvnJC+w4WOQZhwI4RmRcJy568am58VASMid0Id/hW974JNl
6pE3YoN6vE0rqOg7hrmOP/ecMAlDP7G5x53Y5CI0wc7AgEHJIZY7fASk61IZj+aodaZhB2FkJpw7
4EVMsCEHjCAABnvgYWzfEtHc8H1cvu7yhvN+/UMP1mzypCw2h5jgNqrcm916IEDTOk580xB2FMZg
GsAoN/BtCEsuxBcjSGwnSHjAY9h/BKcqsw3AyrQ+576F0tBEmu0o8kPDccDBcde0Qc0BsOOLBHTM
Dm3fCRzXs/3HYI0y2h4c+GrfhDAQhJYNTDDAclEkFnLOnnsmGEQS41UIKpYGceobSqSeMuwjs6gs
knTV1XSewpAFLClrNsmDlsVTvI3SCNaItgUkGsZrwSDssLIQDXzgLYt4UZQtCwVLiyjrYhHDByZ7
/ToEObALvKeBsK7KHFYmCGAXZsMTccBKjGgNgmQh5Is3bFN2tYLF0oRBQpcmKe0A2QXeMco2CPhb
cTeAO4SqgHdZ27C7sviqZWiZvGZQvJbgOlL01RvEkK7SEN13a1EwGVsAgL4slkUPbLEsGHv6dk2h
Fi/UNJhv4lUtKRXgAaQXDVYhsXxNqEqHyYCfmWiJX9gDjQST/hhHcoQMHI+ElnHMx1diwRKeNQJf
NOuujUFLNXVBbMGWM3k6xPCgT8TLGWFGF2lYljaIbX/ngN2mnP1PJ+oNzvkZP2jq1YJhukpLX1Cp
rtYwwIthwsZAYsAUhBZumGIlzpeVvTa8HiH79C0oKmgE8JXHMQPHKNmPbMXzMJYLjmeTmAPi5aVQ
INLAHPFzx+nS2yrFe04QPTvB9tSmkKTuI3S5o9BqUUEhpwHb8fhqAa9p7287uusEWvUc7wVd8+aG
4eks6JFOE94At0i1e0px2roui7ID6cH05oBRL4/JqgDt4YBhWlvLs2fizZ0IcSzvCnUEKYFfkXiB
JtCyurxPQcMEsAFIIs0tBuSQtwqhswR1FeegTh6wtP0Kr/7VtCwWLR7docrsLGZ7QEMHdmMRW4gM
TVG6IFC7uspJOequKFCcMVbQZUVCoCqm0dmpuFWfWY6XsVhUQ/F1MDY+pTjIkbruqlaOSoYhY6C6
FoouEi4YJWX7sTQITvfpuuZxDFBHUOdKYDRolz5SNMxf5aReZ5dFLmC3jbTJv2RlCMqDTSUmx8EM
8hTvb8HzioebFhjOriSnDeKtbAHR8msU2l1KjCeFApu90ySgXscaIjBJAUNwSHTVB8EktRD9llLH
QVgdWilblSCnEq0UlQI3WhGaGqG2YAZSAbuTB5YF/L88Bdil+xj+a17Hvw//pi0rQkF5zwElBa5h
4D0q3qDb6xHCXXusoJh0FGLkA96SUSj8mq8+A4ZkFoQSOgwWdRB7Cog9TNyLqCPfW0qUpUFirBpm
i/tIiLjZUiT91sX1iwW7/ubsir06Oz+7Zs8vL1+dvbhily9es7cXr//7xesDBpPY9QXMesHefnPx
6gW7fH1x8uLqSt/1ABN+WK6n2HEp6rSkeIx+uEECoXQij0zcGHytCbyHjCAm10JTNPCEQnpZAnVS
FkAn+GfQJqT3Q8omlexujYEVeIIeSE4jyBIIeN6tH++NG/a4wBCCYZ4W6A9noy6oFjOIrRIRZgOS
s4iulKtcO9AA6iWqZkuqbSham/3HUVKU24ryFa9DsAxtm8uSA3qcu2RqiI5axdQqcN05LzrKPcaY
QF7WgQ7uH/QhYVcJezWU0TVJAJakN9+aoM4upMuXCg/JQ9ll8YBLCjHkrmBb/BsJuCL0gVDPMBSt
sNtLchYPYiSpjoQw0JbUZd7HWrlazdDGqjmWMFKjJPlAN9gjKjXRjqs+X0SR1bATqqFS5LjLK5lc
yQyOqRcavujldYqT1ALCndDsKYAniPJg7PwRBkPMhrgnb2KnTdMJdAztGqS26pNNdFq42xarg16Q
MkVQOaUuscGpH+RTzu816u83Pe4nvMLRNO9yCLF4hQKB00VlFCRTV9QJiy1f0V4UK8liHuoY5NqV
wog21DAJ7iDmOoPETkv5alen5eX6Hr6c3JuQhKUmjimjxEHezxloOwVUKFWB7BG5B9jJ/EJCUfey
5RpJ4ZY6WKb4qc531M44eZvsIgMzrAIU3I+D+pgeLgt1+2+hQgRkZusykxlmyNtoTYk4oQxJE6iQ
CjLk22Tho97K0BKKIdeU4e3pWEr9K3Sr9aZF4AdMM0cCJOHRxlrbI6NCAHntbRpLRyiYQcaScixl
KM/HxTCo0NLZN5AK0tcdMLdjJ5dvDmAt4BCCfd2lMag95QrSew7wNYK/YF6fdW8T8oa4M06p446C
yGBn2MVk6q4nWFsRgdnBI8PCqojAksIOkiS+Ad2Pu2hinAwPDLfxcLTLuESZCkoa/mjqA0n1Msp4
vSLXylXF+FBoE2+ZkS8DV0Pf2KDVlE6tEdNxkXLwEAlQQixYQbuAxZClCPqyCyEsASmkHiV2LH3T
II+ORd49ennMuHmmMxTKm8visq89tvUwlla40R2kEbiwq4pKU887xd658kJN+l4MXEPSepY1mACo
FBKqGGkuo1TDCSy5aF9nl59gM+2Y1HyFJACrgRVNlVEGh9V2Dsij8+M16q38poJsH+CdQdG07Pz6
DWHaAElINuoRtitItbfbyVpL731v3nYarloQtuNyGbQRT1jJ9yUM+yQRnsUPZLbwlKSRzihqrzkm
RSzNK/w+D6wBadBvEoDbljoN4rslpNfICYhCFJggZeEU3pRJyNQK5rbKZpESIdslyvWr4vL0gpLG
07Or53+GfJHyy64g88UAht8uq+m4VSZNKRqn+u5WPC6/tnRufR+dUy/6GvZrZmLtqlL4Nbhves9U
x6KRPRY0lKIpZTKjPISJwCTWEtrJuiwb6sP0pavomxMU1bDxzBp+20dP+Cg09XUifDfqagBidCAn
k1jVovqpTAvZHyFOfcX+Gpb36AlrdnbK9v765ux0H+QObhBwgPl3IDYUTEoGTSVtHSv+yHQMrKHc
yq4A8/vrn1/18FW5Oxr5ijbDIz5KpEi8KjUj2sq+YabSinvAT8PrFkdlktC28C5NNtp9l8ZbgRA/
tWmv6pqaTdLU5M9fSB5Q5FN21TWq6YVutpVhR63R5JoFUwfuuI0MqSpcqF0wJ+DFaqjZClyW7aYm
B/2s21TcaUPC8lh/UDL3eV526D0SGfuVMwGW9azFXAezbeoMgfjxM4Q7WvyaUpfRYiK8ELITEQoJ
LBQJ2n5T8buij0ESOqkWDg9JkLElHzcayH+wE68Bb4gEvcbCfj2W+HcAaO70rOjEDE2lSWPB1B7Y
EOWgM00XjglZYV4AM0QsswF6GKI1Nc+UfHkUiUxQ8SM1lHbN0hvYAkt/cib4jUC2qsu7di1dEWzB
2VpCG/kpMOCmlVkGIash23vUtK0MZMA5O21GdKGnReFJaEyexA5kqiZan7nJ08MxnwGeBihC5T88
4V2u/jMWOFsBbbt3iz5O6Yzv6pNySnc8paodgoSM1CF2oaou681BPWBgpTkqHNgWbkjlHpJOO2Ek
RY8EqY8qpHBE9SsXKqXD9io1EeSwzIjUNxsAka3njbfODC1Ow28t7QwNBj8dVjccRrEa7FyTtw6H
mWsQ5kKiouMtEj0tCWNwYZsci2Aw0RbbyVGzRR3Dj3rPtu+JBHJffLWqxUp1TlWbVbaTWvWdjgl9
hB/4kIvTC7zcrylnL+M+uqU7ISstDsZ7Rzs2hPiWABrTR2cbEH8HzncVXt+SwnnAVBCofK80DDIc
vKBAMWoUR07wCEKMW5aQsGXVmoOtCPTYNZOn67rsUYtE1JCbaujvCgxy8m0fk2RE4JMWqLpdMgqi
HdQakLOQz+xdkwJIUpbv+z0eSFXSNRZrm+bbyKCiLALF+fRl80ae+qB7xg2pt6sW9X18fbuBejPe
oefcg95zRLkr9oI5KhAeSYyyAaqoleHHwNlC1jYMD87ivpem5g4pd7qCKNOHYchlk44OD9D2EFnA
PcJMtGCYbFPKMwRVajOPYWLOh15U1kN7Ql/pRCQ8yEUH7BS1C/6KNtL3R6lRit+UHKvKh7IXFRql
/kq7H3UKe0zatFVa1PcE12pQevt6oL/nF0NjqyWFaTIAwksDXS2P09Dx9o0yGYQAnnLUffYAGSbW
WFJ0Mq1pVFlP5bjMGFGWMYiohoL4lo604BOveskyBUUS8PQ5Q0UHZGiYMnEsMPC4EJdS1i2z1kEz
8FhDAdnvochH1v8SAkmPuIBlRY2hEjRmFwWYHkEdAfPDzXAUtnukCcaG35zWVU8JExlFGS8kINmK
S8k+vv8BSl8Mm5Dt7QFPhYzEaO7pvdjuTHOWo7PWBfa0lzOJNDKsP2LjUOHJnUOhdo73pQhwyQK2
7FE76TnUC1RNP5DNQJk+9uxnfwNZIbvBNdOWibLDgUvSBaUYejqYsdcTsS93w+T0QP7eAOgUygyn
9gQiCsh7vK8HNYguf6QA4eA6tKaukd3NpsTfraAO8QOmKFRwCfCmrOXOS/UFLByeTpHqwEOMo+z7
He7+MBIhHjtu5YfHocrECNhesy/llrakjUrlsWaBWcoNwwbq0w/yLXgVJREqN2DdAdvdFyunG1Sd
iU7LHB4q2g79PCCEbvYZNW3wFINQg9wFkOznHLBnFjlieQqC3Wl0OxJPPBzlMdANqJQVAPoBNmc/
DsNAtrj/kWlfsx/hNT3QuhtQBMS+SyOwGECeb0AcZ9ijkxkxTgBwy5kESI9bWGrdj+zf4fOjS3Hu
cvbjgKRM72BLfECCn1n9rnjyjz4AC+KfugZ1mb4BjCnzM+tJj8IWCgEHjwcJXBFLhAjqdHhA7WPw
1ewnhOogupyj4HoZYXeeLm5t2F5TSm0ZaRCkLGnWqFOdzWCQkL/dAovifSXiZ2BAGEiePYPS+Nkz
S8oPdxrLrxfgMP6IAA9Gr3+U+lSUI3SPGF3vGtGjNAvqkBXoHqbaK7prMVLDCpN8prG99aaCNGuf
8aRVXRr8Ut69RLetyIwA2RaVTZPIqlFsLLK5gX8kwjBnMiSzODqsa0b4mv3ZkGpiqq2ll0UEANCP
PbdHVKnyEQ8v79Ulh4nXl0fQKEoAFZcj7wP5kegJ2loBGa8shYdyeXwVZRpk6CBHlhWY79GPgzys
XJnEhiIm9iLpAAC/zFNlQpXdqhfH8fa03JfG5UeAiAmqYzjycdhxwV6+en4tB7HNJ/Bs70/qRuSB
G9yDOyrEgX0fp3V7QHXSn1RvRV72GB+bSMEgtyH8q1NN3ql8MIOEItow+ZXjru4ror5XXA/XRCjd
RwFnPKJrOE3PJ62/YgL2JhtpT19Snk9b0fwJEOpEqZF3oxGNOjqjVkspu20k/0a12aMbbEw21DyF
soN+C2YjzWTQE/odl0zWcDI9kVQSfA2QHAolvHa1K1S8KHW5FfEJ3Zai60LLAvDq2KmImMtMZ2E7
C8Nnl1fXdKt6WeRlGx99J/BCPN4jom90Y+p3ZAaWA+Xh3TpthYYx6sjAwquACjUa2lk8WqdC/o5S
c1TiTSRqSOBlYZmb4SJsUaqGyJGLQFD5tIR+Twc7Rv0qXqQ5kDgeystQwsWOO96PR3jyGtIwQtPx
QBnvncin6raiVXGK3U1Q7s0RVMKDpg4l6VHflMIAfiS/Ije0qUQ8vMY8/+j0xcvnb16BgqvEmm4q
Hcn0VA3VEAolBvhJR78CQOOjP9I/qt7D+EzYTbpMR+6yGPXRikEYaXVk6PTvsqAt9bF4RhK79WDQ
tO0Bm7SCIYTU39g6Eljazn79PwpoOnQ=
===END CRASH DUMP===
