PocketMine-MP Crash Dump Wed Dec 11 18:28:23 PST 2024

PocketMine-MP version: 5.22.1+dev [Protocol 766]
Git commit: 41d9f438ed462b8e375b5f8437291b6e91cb851b
PHP version: 8.2.25
OS: Linux, linux

A PLUGIN WAS INVOLVED IN THIS CRASH
BAD PLUGIN: StaffMode

Thread: Main
Error: Position world is null or has been unloaded
File: pmsrc/src/world/Position
Line: 63
Type: pocketmine\utils\AssumptionFailedError
Backtrace:
#0 pmsrc/src/entity/Entity(1456): pocketmine\world\Position->getWorld()
#1 pmsrc/src/player/Player(2535): pocketmine\entity\Entity->teleport(object pocketmine\world\Position#79797, null, null)
#2 plugins/StaffMode-main/src/ysnl/session/RestoreSession(28): pocketmine\player\Player->teleport(object pocketmine\world\Position#79797)
#3 plugins/StaffMode-main/src/ysnl/commands/StaffModeCommand(53): ysnl\session\RestoreSession->restore(object pocketmine\player\Player#157193)
#4 pmsrc/src/command/SimpleCommandMap(216): ysnl\commands\StaffModeCommand->execute(object pocketmine\player\Player#157193, string[5] staff, array[0])
#5 pmsrc/src/Server(1482): pocketmine\command\SimpleCommandMap->dispatch(object pocketmine\player\Player#157193, string[5] staff)
#6 pmsrc/src/player/Player(1521): pocketmine\Server->dispatchCommand(object pocketmine\player\Player#157193, string[5] staff)
#7 pmsrc/src/network/mcpe/handler/InGamePacketHandler(832): pocketmine\player\Player->chat(string[6] /staff)
#8 pmsrc/vendor/nethergamesmc/bedrock-protocol/src/CommandRequestPacket(55): pocketmine\network\mcpe\handler\InGamePacketHandler->handleCommandRequest(object pocketmine\network\mcpe\protocol\CommandRequestPacket#90767)
#9 pmsrc/src/network/mcpe/NetworkSession(534): pocketmine\network\mcpe\protocol\CommandRequestPacket->handle(object pocketmine\network\mcpe\handler\InGamePacketHandler#159000)
#10 pmsrc/src/network/mcpe/NetworkSession(472): pocketmine\network\mcpe\NetworkSession->handleDataPacket(object pocketmine\network\mcpe\protocol\CommandRequestPacket#90767, string[28] M./staff..J..e.....71.D....T)
#11 pmsrc/src/network/mcpe/raklib/RakLibInterface(214): pocketmine\network\mcpe\NetworkSession->handleEncoded(string[30] ..M./staff..J..e.....71.D....T)
#12 pmsrc/vendor/pocketmine/raklib-ipc/src/RakLibToUserThreadMessageReceiver(40): pocketmine\network\mcpe\raklib\RakLibInterface->onPacketReceive(int 20, string[39] ./.w...klA..^...&..&.Jl3[+......[.2....)
#13 pmsrc/src/network/mcpe/raklib/RakLibInterface(107): raklib\server\ipc\RakLibToUserThreadMessageReceiver->handle(object pocketmine\network\mcpe\raklib\RakLibInterface#191904)
#14 pmsrc/src/TimeTrackingSleeperHandler(58): pocketmine\network\mcpe\raklib\RakLibInterface->pocketmine\network\mcpe\raklib\{closure}()
#15 pmsrc/vendor/pocketmine/snooze/src/SleeperHandler(120): pocketmine\TimeTrackingSleeperHandler->pocketmine\{closure}()
#16 pmsrc/src/TimeTrackingSleeperHandler(77): pocketmine\snooze\SleeperHandler->processNotifications()
#17 pmsrc/vendor/pocketmine/snooze/src/SleeperHandler(79): pocketmine\TimeTrackingSleeperHandler->processNotifications()
#18 pmsrc/src/Server(1750): pocketmine\snooze\SleeperHandler->sleepUntil(float 1733970503.0524)
#19 pmsrc/src/Server(1113): pocketmine\Server->tickProcessor()
#20 pmsrc/src/PocketMine(355): pocketmine\Server->__construct(object pocketmine\thread\ThreadSafeClassLoader#6, object pocketmine\utils\MainLogger#2, string[16] /home/container/, string[24] /home/container/plugins/)
#21 pmsrc/src/PocketMine(378): pocketmine\server()
#22 /home/container/PocketMine-MP.phar(168): require(string[72] phar:///tmp/PocketMine-MP-phar-cache.0/PMMPvdVrGc.tar/src/PocketMine.php)

Code:
[54] 	}
[55] 
[56] 	/**
[57] 	 * Returns the position's world if valid. Throws an error if the world is unexpectedly invalid.
[58] 	 *
[59] 	 * @throws AssumptionFailedError
[60] 	 */
[61] 	public function getWorld() : World{
[62] 		if($this->world === null || !$this->world->isLoaded()){
[63] 			throw new AssumptionFailedError("Position world is null or has been unloaded");
[64] 		}
[65] 
[66] 		return $this->world;
[67] 	}
[68] 
[69] 	/**
[70] 	 * Checks if this object has a valid reference to a loaded world
[71] 	 */
[72] 	public function isValid() : bool{
[73] 		if($this->world !== null && !$this->world->isLoaded()){

Loaded plugins:
AdvancedBans 1.2.2 by iRxDuZ for API(s) 5.0.0
AltsFinder 1.0.0 by  for API(s) 5.0.0
BuilderTools 2.0.0-beta1 by CzechPMDevs, VixikHD, dadodasyra for API(s) 5.0.0
DEVirion 1.3.0 by poggit, SOFe for API(s) 5.0.0
DevTools 1.17.1 by PocketMine Team for API(s) 5.0.0
GlazeCosmetics 1.0.0 by GlazeNet for API(s) 5.0.0
MultiWorld 2.1.1 by CzechPMDevs, VixikCZ, fuyutsuki, kaliiks for API(s) 5.3.0
Practice 2.0.0 by JuqnGOOD for API(s) 5.0.0
RankSystem 1.1.3 by IvanCraft623 for API(s) 5.3.0
StaffMode 2.0.1 by ysnl for API(s) 5.0.0

uname -a: Linux 52bca970-e13a-44bb-a6b2-24200d9cb907 5.15.0-125-generic #135-Ubuntu SMP Fri Sep 27 13:53:58 UTC 2024 x86_64
Zend version: 4.2.25
Composer libraries: 
- adhocore/json-comment 1.2.1@651023f9fe52e9efa2198cbaf6e481d1968e2377
- brick/math 0.12.1@f510c0a40911935b77b86859eb5223d58d660df1
- daverandom/callback-validator unknown@unknown
- nethergamesmc/bedrock-data dev-master@c362136334a90b85a0a429ea1c558feab62e39d0
- nethergamesmc/bedrock-protocol dev-master@42d92d093a91ce70d3dd7aa161990d08cfba9bf7
- nethergamesmc/pocketmine-mp dev-stable@41d9f438ed462b8e375b5f8437291b6e91cb851b
- netresearch/jsonmapper unknown@unknown
- pocketmine/bedrock-block-upgrade-schema 5.0.0@20dd5c11e9915bacea4fe2cf649e1d23697a6e52
- pocketmine/bedrock-item-upgrade-schema 1.14.0@9fc7c9bbb558a017395c1cb7dd819c033ee971bb
- pocketmine/binaryutils 0.2.6@ccfc1899b859d45814ea3592e20ebec4cb731c84
- pocketmine/callback-validator 1.0.3@64787469766bcaa7e5885242e85c23c25e8c55a2
- pocketmine/color 0.3.1@a0421f1e9e0b0c619300fb92d593283378f6a5e1
- pocketmine/errorhandler 0.7.0@cae94884368a74ece5294b9ff7fef18732dcd921
- pocketmine/locale-data 2.19.6@93e473e20e7f4515ecf45c5ef0f9155b9247a86e
- pocketmine/log 0.4.0@e6c912c0f9055c81d23108ec2d179b96f404c043
- pocketmine/math 1.0.0@dc132d93595b32e9f210d78b3c8d43c662a5edbf
- pocketmine/nbt 1.0.0@20540271cb59e04672cb163dca73366f207974f1
- pocketmine/netresearch-jsonmapper v4.4.999@9a6610033d56e358e86a3e4fd5f87063c7318833
- pocketmine/raklib 1.1.1@be2783be516bf6e2872ff5c81fb9048596617b97
- pocketmine/raklib-ipc 1.0.1@ce632ef2c6743e71eddb5dc329c49af6555f90bc
- pocketmine/snooze 0.5.0@a86d9ee60ce44755d166d3c7ba4b8b8be8360915
- ramsey/collection 2.0.0@a4b48764bfbb8f3a6a4d1aeb1a35bb5e9ecac4a5
- ramsey/uuid 4.7.6@91039bc1faa45ba123c4328958e620d382ec7088
- rhumsaa/uuid unknown@unknown
- symfony/filesystem v6.4.12@f810e3cbdf7fdc35983968523d09f349fa9ada12
- symfony/polyfill-ctype v1.31.0@a3cc8b044a6ea513310cbd48ef7333b384945638
- symfony/polyfill-mbstring v1.31.0@85181ba99b2345b0ef10ce42ecac37612d9fd341

----------------------REPORT THE DATA BELOW THIS LINE-----------------------

===BEGIN CRASH DUMP===
eNrtPIly20aWv9KhXRMpQ1C4D03JJUeyE89akdaSk+yEXqcBNEhEuIJDEpPJv+97rxsgQMl2Dlft
Vq2TVEg0ul+/++qmfp0lZZ3z9u2NqJu0LGaH9nzWprmYHRqeZQWe7ujWQrcN3TXms67qX7mut3Bt
2/At37MNaz7LeNM+q+uynh3+Oms3FcyaVWV0Ldo8LcRy2bVp1iyXT5umywFKWTznaSZiuWQ+y0XT
8BUuuiibFN+z27LOYpY2rOiyjJU1W/OGhUIUrCuykscihnUJvHsOgHC3Na8PDw4O2rw6uKCdz2Bn
7exCwzdaxKO1WOgHF2dnFzfxt/VX0aLl9UFTRwe000G/8aJaVwhZQc1xxv1ZMCMD8LNDF4hvax7B
1x9mj3S2XSCKNm03B8/oY8+wHXf/kI15QhCXyx6k9mQl2u9wbG8fwD8yRrCqjG9EfXBBH3umYzk7
sORmy6XcTXvSikxUZd3uleFPImrft+8jL4B/58Rn+X/a3mRV1q3Sojm4bHmSnJWx0HKeFoTPpimy
gwaEBusPXommLWtxKR/3TH8HN4k8bEiffwI3wsf6ID5Rmee8iEcTTuTInmMBSjhnuVRIL5dTrLUn
tXx+CKkpAY8MxzMCi5CyRzJS2x9cpnmV9Vuf8WrPNNxh+x7H5XIXSe2JuBNR1/5+DOasaeu0WP3g
vIFvAG3OeF3zzQ/6G0LOGSF3KWowcdBC39yRjsIIENrBW3sSp03F22j95zEiPNx3KrLhmMYOOhLR
7d69CP8aCt4IhUK0oGXXB3lUiYM1wM4AoRfFVzwXFxyhfy3H9nzL/IAmR2ve7qn93DfsYLuhrza8
EUVc1rjnWtQr2KLJo4NQxDVA1aq6bMuozAgtRegr8XMHmigx2XN27Vwhv1wi9sulQn+5fAB/7Yl8
OwX8ECN3gPZoLZcP4fQo0D1XmmTwLq5+Ix96j+BY9vvJeP+OPSG/A/X38QMUJNB1XfpW/Xeibnvm
+1Gfzu9RPeUtVyL8OPwe1Nr037CzhdS0xeKfi4VY4D+esTjFzytJnvEu8mp+naXhwSt+/TINXxSt
qBOIXeCi7D9D5rMiAgcW9yZg6W/YYvFh7MypcWy3VehpaSVRl2hela8bUV+ta8HjM5kovBKRSNGh
2fr78ZYAwdtPCdaelIVkr4K0lxYtM/WBzVYApBwsbgHp6+zpYvHf8OVv+N8/M+uHvxNRix8WJn5I
mqw/yHFD9wDzHr2GvN5yCYT3uL6H6j9gEO+g/5ERGIFuS9THQewKErwrSGeugQmXmRCVqHt36Ph/
ktW/Y82vUVY2XS1+U6mP804NaYqy/EXImDbFzzB3deHdxEyR2t3d/X0M8byd/SRuEMN29wJvDxL8
pmzTJI04JjaN2sr7E4R6wR+h8917+w/kB56j/06iGnx+DelmtpdAPt6yccHgmEq3ggf2MAzrHUG/
TaPrC4lwWUsszbGn3ub1e9a90NgDefs2AhrbuosedL4tWRQwjT4veSJOoHhpXmJJUT9y5+yBNap6
OYN082W5WsE8c/AUBgb+dZkLSACLFmZANrH11vb9l30aK8kz3kGet2tt0kUoppj3oE5KngWWPHuG
izBqCCYp5LUKI898w/58qbSdjWXS/uwNFD/ERyiVkDuz3+Yz8b9QBv6RYm0X3+nAfCbl8zYtbsrs
RuRQWcG7tIiBiVE7vIexIYOHQYyDSLNjw4tl+xsMOQ58xU+Xhg6++AIfPHpgX7BXou3qomGQGIKc
JaKfNz29CbvhWRovGKhpedswXjDiK77BFQNbukLcVYCYiLMNA5xpFW7kq43we9BvetxKcO8SgKur
mQf4YNBD1YVZGrGkKyKSyLZKZYeMvv2Kk02avAQ3s/e4XaeN9kTieHR0JGX373+zz8ZvtCeptDqA
tE8gLAVi2RKarBC3D2O6t/wjCrKc7f8DwdsKPArHVcJxXTVYkzjYGEFa5A3ydH21JBjJ0+sZxk7W
IrpupHwAG+VFEBkuZQmWmIhaFJFgbQmDEjmJP0IyRqz3zAdZnzbfIiTifFiWGXLNs97B+M96xv/t
b+9l/G+fGhifGhifGhifGhifGhifGhifGhifGhifGhifGhifGhifGhj/TxoYihys3p/GNxzqs/hL
Lp8Ljsfd0+H5bDgrnxngQE0Y4V27LusGK6j01d1p9y+Ey6sUB5yFvtDxWRQ8hAJ2dgiSFfNZDMoI
eTRMgXdNmbSn4wEsDGCD+i7uflkuQ15I4WEno6RmxcX55dV3569ensLQrQih2kBMsZh7mrXN87QA
ZRiTsB2cEoDIjQn4SIg3kGk26+WSw74J7btcTnD4IBlfdmkGU6+gzB3LYjI8JsVEdLVQtNyYSuTk
FxGtL85OxQ0u+Da9S6+/xu1iHpcxbzY1/1jSinCnKo9hJ5CZRLRFRJfLHbTfS/26basG1HuVtusu
XEB9czCi4WACChh1+uzbtCYeDEwahqaytnZkPavAF6TY07o8fy4+Fhck0OXyhlBYLoEd6tsILcWA
y6unr65eX9wTPhC6K/hhaEqT4S125L01cXYleP6xyOr3BzK2mLyHjAekuMXsYIABxH6V8V+gyGly
AeFjTPLOi/cbrpwNae5fI3gG6QwYRfFzBtCfl3X+9OLFbMuFfpPlcoocpv5bPD8g3bMua1NqFI2I
HQ1OzdpYfNigT/5Fl4E2Xdt01yl8v+ZZml43E15YH8myc8RU9XkmWP8Vqx4BAg5dQDIEvBQj/gxD
95zelDv/7H4uvjo/P/1Yev8TwMMST+6+XI7w+KAPf8WL68tN04p8RMhocMeUF9aUlBcQdk9qnrSu
af01Sc4uo7IWX3fxSJXH0DHp77Eaf/89RG6PAbY0jo8GptLa0WVsqn0sSckGncwDP4w4YF7xGtCF
ModQWTyQgsEaTStK7Tb9hdcxPcVpg6hpkAulhOldKwokkDzXCbAZwPuYGDkUZNvJM3iXuzwbj5RA
SNNMhqpoCqT5OQOsrfHQLwBo/Ex9w1iE3QpGdRhFqwijnLfr8bSIZ8A2oGs8tu6Ka0qQTVprLWi0
3lRtqQYwx4vUcdZ2XVdPsI7LHGWs65ZhmAEM/NSQ1IcJeEqVFkm5M9aKCTpJW40fV/HkKZ+8XEOO
NWFUy5G6yZLLi5cTAYgbkcWhIkyXIolFkklBIetQRfNQptvjpXkJ2UxBkwxiSb4ByRS4m/rGtnNx
IJ0KtWgn/EpXYVrwegNjFu7qzlDtozKW2/boXZyeT8DE5VsCvjsolWQ8erGeCroh9W4mC/O8Gs7/
XCALd8TTuLvxrBq4SsLdjgiQPir9qpPs1tXaV8BJQYc1k53XeTkRnGxVf382EU1bXosi/WWqDjvW
Ao+I7b05t3W6o0d3d0o7emvYcAIFrxc2WlBayQpGxtd/gV2w8wsqnbZgwEn8lLZvc/JudL4yg7JJ
KTHqo4DSjWfjMDX2IWiDvBHb28Xg4EypYJQezw510IPmLcTV3tP1vcTZoee6sEGKp6+2EQeJbfki
tl0z9IXlOaGT+LblmYERuiIwotB3jBDgdgqPl2nR3THHDCMONb0mDItrth2GGndDUzNtsNM4iMJA
95izMMDvaobpaERPGrFHhuVor8OuaDt2eXbBntcpuxQVMz1mWIcO/Oez11cnzNRNm9357lsXWYo3
h8c+SpBt2IOyrau3ZdPjhq4PHzL1AAkBKJ6o34I91rxOBflTHq9LDF0H6Ew0POqQ59FYeRrHrmPo
ppUEiXBMEYiEm0bgRyFPXGH7RmwEri9My/OQ30DW9YHyh6CtuDyB5ZHObT0wjMByQs8Lfdd3AhE6
pmnFjh+7rh4nBvlxkCGZwQH40Czk0bVGp5q8xcN+YPt1Ud4Wx+oTVjx8YgDzOUwHgWs5hwhbH0eW
axqWa1k2D3SQIgeEzEBwI3IcPxE8dE1hBbH+TpBbjRmDtc04MGM9sDgoh/D02Ipjj3PDNYJAj3U/
SkIehIl3D+y2ZaGRs0WY4Fch5B3/ATUEmLVoBK+jNYku51UlHmbUqGXWkxRm+P+uWtVg6loDJplz
Mh7IDo5NPY6dyDBEEBgOCEJwOxFmlLh2IIzYtNzA4y4oxMOgwU3k9yGDD7ABdJBEXhSEYQis57rh
WQFsFIVeHPtGEOmWJUTgGWG4A5rcOEVQ5W7c4yhKIsMPAuBHENuOb9iCW05gClMXoYhsAGoZkW9P
IT2oWljqWMeu7fmeDbS5Lpg094Tj+w6YsfCdyLQi0xE+KAzfoRrUgmBgMDGOuW6bRgKME3qoR6AJ
lq4nIaiJE1imb1men7jcEcYUBt27UOcyBMoDTkVcBLYPond97tkiAn4HdhgkiZeIxPA9y4wjUMAd
UCBWSEB6IwATDIBVgSVsz0LGeIntGI6I4CNyRKInIGAH8LM97rtiF5QMkig24UaBYUYwX3ecyEcl
MHRfRGZseEEYuImt25FuW1MIyhdQJXkcRwagDE4gcEILfEliGnrs+aEV+bFtRa5rAmPiMJmCKMJ2
gGDqjq2bHqgLOBDddj0zCg3XiiPuWZbrJqbuBZ6d7HBkZCfaxE5ubCAtCILjgLuuAUkV+CNXWI4v
fJcDx5IYLM/TXSsCRfJBeFO4si+vygrjOBSm51uhcAw3BOdo+p6ZJMgqEL9ug47CHl4YeA8BwcMc
RaVxHAkX2JOYkevZlvAMEcehE0eWGUR2AH7XcRyQQhhNAckWNMkLbPgYpBkHQrh6JGzbc5zYcN0Y
CAm5Hfrwr/AtF3yyTD3yRmxQj7dpBRV9xzDX9j3XDpMw9BOLu9yODS5CA+wMDBiUHGK5zUdAui6V
8chDrTN0KwgjI+HcBi9igA3ZYAQBMNgFD2P5pog83fdx+brLG8779fc9WLPJk7LYHGCC26hyb3bj
ggAN8zjxDV1YURiDaQCjnMC3ICw5EF/0ILHsIOEBj2H/EZyqzDYAK9P6nPsGSkMDabaiyA912wYH
xx3DAjUHwLYvEtAxK7R8O7Ad1/IfgjXKaHtw4Kt9A8JAEJoWMEEHy0WRmMg5y3MNMIgktmxDFkuD
OBcbSqQeMezIsqgsknTV1XQywZAFLClrNsmDlsUjdrUGPWeNaFtAomG8FnSRqywE3gHjLYt4UZQt
CwVLiyjr8G4QgJdd8wUEObCLFrIChHVZ5rCSboLtwmx4IuasxIjWIEgWQr54zTZlVytYeEUJEro0
SWkHyC7wYlu2QcDfiNsB3AFUBbzLWryTVnzeMrRMXjMoXktwHSn6arxxJq87Ed23a7x1RbEFACyW
xbLogR0uC8YefbemUIv3nxrMNwGEOmgAHkB60WAVEsvXhKp0mHirKxMt8Qu7iZFg0h/jSI6QgeOR
0DKO+fhKHLKEZ43AF826a2PQUk1dLTxky5k8Z2F4ZoaXwwizp1lW3rIsbRDb/qIOu0k5+89O1Buc
8zN+0dSrQ4bpKi19RqW6WsMAL4YJGwOJAVMQWrhhipU4X1b22vB6hOyj71K8wlYAX3mM98UayX5k
K54ssVxwPObDHBBvvIUCkQbmiJ87niHbVukNzIXo2Qm2pzaFJHUfocsdhVbT3SUN2I4HQYfwmvb+
pstD4Apo1dNmU0RXvLnGu2nXoEcLmvAauEWq3VOK09Z1WZQdSA+mN3N1GU9WBWgPc4ZpbS0P3Yk3
tyLEsbwr1GGeBH5J4gWaQMvq8i4FDRPABiCJNLcYkEPeKoReJKirdJkOdHLO0vZzYF9b07JYtHgI
hiqzs5jtAQ0d2I1JbCEyNEXpIYHa1VVOylF3RYHijLGCLisSAlUxzYKdihv1neXpag3GXEPxNR8b
n1Ic5Ehdd1UrRyXDkDFQXQtFFwkXjJKy/VgaBL8p0xjQfhgD1JGa7pE2KWjXYqRomL/KSb3OLotc
wG4baZNfZWUIyoNNJSbHwQzytEXTzsWKh5sWGM4uJad14q1sAdHyKxTabUqMJ4UCm73VJKBexxoi
MEkBQ7zHeoN4A5ikFqLfUuo4CKtDK2WrEuRUopWiUuBGK0JTI9QOmY5UwO7kgWUB/3+eAuzSvQ//
Na/jv4Z/05YVoaC854CSAtcw8B4Vb9Dt9Qjhrj1WUEzaCjHyAd+RUSj8ms8/AoZkFoQSOgwWdRB7
Cog9TF4dROUui/6C87UYrjvTbHEXCRE3W4qk3zq/enbIrr5+cclevjh7ccWeXly8fPHskl08e8W+
O3/1H89ezRlMYlfnMOsZ++7r85fP2MWr85Nnl5eLXQ8w4YfpuIodF6JOS4rH6IcbJDDC+749NwZf
awDvISOIybXQFA08oZBelkCdlAXQCf4ZtAnpfZeySSW7XWNgBZ6gB5LTCLIEAp5368d744Y9zjGE
YJinBYv7s1EXVIsZxFaJCLMByVlEV8pVrh1oAPUSVbMl1dIVrc3+wygpyi1F+YrXIViGts1lyQE9
zF0yNURHrWJqFbjunBcd5R5jTCAv60AH9+d9SNhVwl4NZXRNEoAl6c23Jrhg59LlS4WH5KHssnjA
JYUYcluwLf6NBFwR+kCoq+uKVtjtOTmLezGSVEdCGGhL6jLvY61crWZoY9UcSxipUZK8pxvsAZWa
aMdlny+iyGrYCdVQKXLc5ZVMrmQGx9QLDV/08jrFSWoB4U5o9hTAE0R5MHb+AIMhZkPcgx1uQMma
phPoGNo1SG3VJ5votHC3LVbzXpAyRVA55UJig1Pfyaec32nU32963E94haNp3uUQYvEyAgJv8X4H
CpLJG7ISiy1f0V4UK8li7usY5NqVwog21DAJ7iDm2oPETkv5alenMTVCryfhy8m9CUlYauKYMnmT
n9q1A22ngAqlKpA9IvcAO5lfSCgV3Rdkco2kcEsdLFP8VOc7amecvE12kYEZVgEK7vtBvU8Pl4W6
SXeoQgRkZusykxlmiBenKREnlCFpAhVSQYZ8myx81FsZWkIx5JoyvD0aS6l/hW613rQIfM40YyRA
Eh5trLU9MioEkNfeprF0hIIZZCwpx1KG8nxcDIMKrQX7GlJB0KUjyu3YycXrOawFHEKwr9s0BrWn
XEF6zwG+RvAPmdtn3duEvCHujFPquKMgMtgZdjGZ+okAWFsRgdnBI8PCqojAksIOkiS+Ad2Pu2hi
nPSDlG08HO0yLlGmgpKGP5p6T1K9jDJer8i1clUx3hfaxFtm5MvA1dCvZWg1pVNrxHRcpMzvIwFK
iAUraBewGLIUTBwg4UaEJSCF1IPEjqVv6OTRsci7Qy+PGTfPFgyF8vqiuOhrj209jKUVbnQLaQQu
7Kqi0tTzTrF3prxQk/4iBq4haT3LGkwAVAoJVYw0l1GqYQemXLS/YBcfYDPtmNR8hSQAq4EVTZVR
BofVdg7Io/PjNertSZbCLNk+qOVVbnZ29ZowbYAkJBv1CNsVpNrb7WStteh9b952Gq46JGzH5TJo
I56wku9LGPZJIjyLH8hs4SlJI/wBHICln1GBXHPgTYvOEqRBf7kG3LbUaRDfDSG9Rk5AFKLABCkL
p/CmTEKmVjC3VTaLlAjZLlGuXxWXp+eUNJ6+uHz6JeSLlF92BZkvBrAOIwcdt8qkKUXjVD8ZjMfl
15bOre+jc+rDvoZ9wgysXVUKvwb3Te+Z6lg0sseChlI0pUxmlIcwEJjEWkI7WZdlQ32YvnQVfXOC
oho2nlnDb/roCV+FJt9RU3rU1QDE6EBOJrGqRfVTmRayP0Kc+px9H5Z36Alr9uKU7X3/+sXpPsgd
3CDgAPNvQWwomJQMmkraOlb8kekYWEO5lV0B5vf9ly97+KrcHY18TpvhER8lUiRelZoRbWXfMFNp
xR3gp+F1i6MySWhbeJcmG+2uS+OtQIif2rRXdUXNJmlq8o8kSR5Q5FN21TWq6YVutpVhR63R5JpD
pg7ccRsZUlW4ULtgTsCL1VCzFbgs201N5v2sm1TcakPC8lB/UDL3aV526D0SGfuVMwGW9azFXAez
beoMgfjxO4Q7WvyKUpfRYiK8ELITEQoJLBQJ2n5T8duij0Hq90WoWjg8JEH6lnzcaCD/3k68Brwh
EvQaC/v1WOLnANDY6VnRiRmaSpPGgqk9sCHKQWeaLhwTssK8AGaIWGYD9DBEa2qeKfnyKBKZoOJH
aijtmqXXsAWW/uRMMg7MWNXlbbuWrgi24GwtoY38FBhw08osg5DVkO09atpWBjLgvDhtRnShp0Xh
SWhMnsQOZKomWp+5ydPDMZ8BngYoQuU/POFdrv47FjhbAW27d4d9nFowvqtPyind8pSqdggSMlKH
2IWquqw3B/WAgZXmqHBgmbghlXtIOu2EkRQ9EqQ+qpDCEdWvPFQpHbZXqYkgh2VGpH4jAIhsPW+8
dWZocRr+0GdnaDD46bC64TCK1WDnmry/N8xcgzAPJSoLvEWySEvCGFzYJsciGEy0xXZy1GxRx/Cj
3rPteyKB3BdfrWqxUp1T1WaV7aRW/TpiQh/hBz7k/PQcr8lrytnLuI9u6VbISovTT6lxx4YQ3xJA
Y4vR2QbE34HzXYXXt6Rw7jEVBCrfKw2DDAcvKFCMGsWREzyCEOOWJSRsWbXmYCsCPXbN5On6Qvao
8TfSkJtq6O8KDHLybR+TZETgkxaoul0yCqId1BqQs5DP7F2TAkhSlu/7Pe5JVdI1Fmub5tvIoKIs
AsX5qPUYCFCK6J5xQ+rtqkV9H3+x3UC9Ge/Qc+5e7zmi3LX/2S0dSYyyAaqoleHHwNlC1jYMD87i
vpem5g4pd7qCKNOHYchlk44OD9D2EFnAPcJMtGCYbFPKMwRVajOPYWLOh15U1kN7YrFaEJHwIBfN
2SlqF3yKNlrsj1KjtKi6dqwq78peVGiU+ivtftQp7DFp01ZpUd8TXKtB6e3rgf6eXwyNrZYUpskA
CC8NdLU8TkPH2zfKZBACeMpR99kDZJhYY0nRybSmUWU9leMyY0RZxiCiGgriGzrSgm+86iXLFBRJ
wKOnDBUdkKFhysSxwMDjQlxKWbfMWgfNwGMNBWS/hyIfMScB244ZSY+4gGVFjaESNGYXBZgeQR0B
88PNcBS2e6QJxtaILFmonhImMooyXkhAshWXkn388AZKXwybkO3tAU+FjMRo7umd2O5Mc5ajs9ZD
7GkvZxJpZFh/xMahwpM7h0LtHO9LEeCSQ9iyR+2k51AvUDV9LpuBMn3s2c/+C2SF7AbXTFsmyg4H
LkkXlGLowb+usNcTsS93w+R0TukC6hTKDKf2BCIKyHu8rwc1yIKUlODgOvqDHo3sbjZlLqQt32eK
QgWXAG/KWu68VD9lwuHpFKkOPMQ4yn7Y4e6bkQjx2HErPzwOVSYmf8Pe7Eu5pS1po1J5rFlglnLD
sIH69ka+Ba+iJELlBsc/0rC7L1ZO16g6E52WOTxUtB36eUAI3exjatrgKQahBrkLINnPmbPHJjli
eQqC3Wl0OxJPPBzlMdANqJQVAHoDm7Mfh2EgW9z9yLQn7Ed4TQ+07hoUAbHv0ggsBpDnGxDHC+zR
yYwYJwC45UwCpMctLLXuR/Z3+P7gUpy7nP04ICnTO9gSH5Dgx2a/K578ow/AgvinrkFdpp/UYsr8
2PysR2ELhYCDx4MEroglQgR1Ojyg9j74avZnhOogupyj4HoZYXeeLm5t2B7YOmnLSIMgZUkz9UdS
xGYwSMjfboBF8b4S8WMwIAwkjx9Dafz4sSnlhzuN5dcLcBh/QIDz0esfpT4V5QjdI/lndUb0KM2C
OmQFuoep9oruWozUsMIkn2lsb72pIM3aZzxpVZcGf952J9FtKzIjQLZFZdMksmoUG4vM0/FDIgxz
JkMyi6PDumaEr9GfDakmptpaellEAAD92HN7RJUqH/Hw8k5dcph4fXkEjaIEUHE58j6QH4meoK0V
kPHKUngol8dXUaZBhg5yZFmB+Z5oH6xcmcSGIib2IukAAH8WU2XqDx41qhfH8fa03JfG5VeAiAmq
rdvycdjxkD1/+fRKDmKbT+DZ3j/Ujci5E9yBOyrE3LqL07qdU530D9VbkZc9xscmUjDIbQj/6lST
dyofzCChiDZM/ni3q/uKqO8V18M1EUr3UcAZj+gaTtPzSeuvmIC9yUbao+eU59NWNH8ChDpRauTt
aESjjs6o1VLKbhvJv1Ft9ugaG5MNNU+h7AjTLG030kwGPQFUWpCK/OX1QrafkEqCrwGSQ6GE1652
hYoXpS62Ij6h21J0XWhZAF4dOxURc5hhH1r2oe6zi8srulW9LPKyjY++FXghHu8R0W+jMfU7MgLT
hvLwdp22QsMYdaRj4VVAhRoN7SwerVMh/3xXc1TiTSRqSOBlYZmb4SJsUaqGyJGDQFD5tCTDKxzY
MepX8SLNgcTxUF6GEi523PF+PMKT15CGEZqOB8p470Q+VTcVrYpT7G6Ccm+OoBIeNHUoSY/6phQG
8CP5Y7OhTSXi4TXm+Uenz54/ff0SFFwl1nRT6Uimp2qohlAoMcBvC/QrADQ++oL+UfUexmfCbtJl
OnKWxaiPVgzCSKsjfUH/LgvacjEWz0hiNy4MGpY1YJNWMISQ+htbRwJL29lv/wN3sJxM
===END CRASH DUMP===
